   1              		.cpu cortex-m0
   2              		.eabi_attribute 20, 1
   3              		.eabi_attribute 21, 1
   4              		.eabi_attribute 23, 3
   5              		.eabi_attribute 24, 1
   6              		.eabi_attribute 25, 1
   7              		.eabi_attribute 26, 1
   8              		.eabi_attribute 30, 4
   9              		.eabi_attribute 34, 0
  10              		.eabi_attribute 18, 2
  11              		.file	"chfactory.c"
  12              		.text
  13              	.Ltext0:
  14              		.cfi_sections	.debug_frame
  15              	.Letext0:
  16              		.file 1 "c:\\msys64\\home\\kyleo\\qmk_utils\\gcc-arm-none-eabi\\lib\\gcc\\arm-none-eabi\\8.3.1\\in
  17              		.file 2 "c:\\msys64\\home\\kyleo\\qmk_utils\\gcc-arm-none-eabi\\arm-none-eabi\\include\\machine\\_
  18              		.file 3 "c:\\msys64\\home\\kyleo\\qmk_utils\\gcc-arm-none-eabi\\arm-none-eabi\\include\\sys\\_type
  19              		.file 4 "c:\\msys64\\home\\kyleo\\qmk_utils\\gcc-arm-none-eabi\\arm-none-eabi\\include\\sys\\reent
  20              		.file 5 "c:\\msys64\\home\\kyleo\\qmk_utils\\gcc-arm-none-eabi\\arm-none-eabi\\include\\sys\\lock.
  21              		.file 6 "c:\\msys64\\home\\kyleo\\qmk_utils\\gcc-arm-none-eabi\\arm-none-eabi\\include\\sys\\_stdi
  22              		.file 7 "./lib/chibios/os/common/ports/ARMCMx/compilers/GCC/chtypes.h"
  23              		.file 8 "./lib/chibios/os/rt/include/chsystypes.h"
  24              		.file 9 "./lib/chibios/os/rt/include/chschd.h"
  25              		.file 10 "./lib/chibios/os/rt/include/chtime.h"
  26              		.file 11 "./lib/chibios/os/common/ext/ST/STM32F0xx/system_stm32f0xx.h"
  27              		.file 12 "./lib/chibios/os/common/ports/ARMCMx/chcore.h"
  28              		.file 13 "./lib/chibios/os/common/ports/ARMCMx/chcore_v6m.h"
  29              		.file 14 "./lib/chibios/os/rt/include/chsem.h"
  30              		.file 15 "./lib/chibios/os/rt/include/chmtx.h"
  31              		.file 16 "./lib/chibios/os/rt/include/chsys.h"
  32              		.file 17 "./lib/chibios/os/rt/include/chregistry.h"
  33              		.file 18 "./lib/chibios/os/oslib/include/chmemcore.h"
DEFINED SYMBOLS
                            *ABS*:00000000 chfactory.c

NO UNDEFINED SYMBOLS
