   1              		.cpu cortex-m0
   2              		.eabi_attribute 20, 1
   3              		.eabi_attribute 21, 1
   4              		.eabi_attribute 23, 3
   5              		.eabi_attribute 24, 1
   6              		.eabi_attribute 25, 1
   7              		.eabi_attribute 26, 1
   8              		.eabi_attribute 30, 4
   9              		.eabi_attribute 34, 0
  10              		.eabi_attribute 18, 2
  11              		.file	"board.c"
  12              		.text
  13              	.Ltext0:
  14              		.cfi_sections	.debug_frame
  15              		.section	.text.gpio_init,"ax",%progbits
  16              		.align	1
  17              		.arch armv6s-m
  18              		.syntax unified
  19              		.code	16
  20              		.thumb_func
  21              		.fpu softvfp
  23              	gpio_init:
  24              	.LVL0:
  25              	.LFB186:
  26              		.file 1 "drivers/boards/GENERIC_STM32_F072XB/board.c"
   1:drivers/boards/GENERIC_STM32_F072XB/board.c **** /*
   2:drivers/boards/GENERIC_STM32_F072XB/board.c ****     ChibiOS - Copyright (C) 2006..2018 Giovanni Di Sirio
   3:drivers/boards/GENERIC_STM32_F072XB/board.c **** 
   4:drivers/boards/GENERIC_STM32_F072XB/board.c ****     Licensed under the Apache License, Version 2.0 (the "License");
   5:drivers/boards/GENERIC_STM32_F072XB/board.c ****     you may not use this file except in compliance with the License.
   6:drivers/boards/GENERIC_STM32_F072XB/board.c ****     You may obtain a copy of the License at
   7:drivers/boards/GENERIC_STM32_F072XB/board.c **** 
   8:drivers/boards/GENERIC_STM32_F072XB/board.c ****         http://www.apache.org/licenses/LICENSE-2.0
   9:drivers/boards/GENERIC_STM32_F072XB/board.c **** 
  10:drivers/boards/GENERIC_STM32_F072XB/board.c ****     Unless required by applicable law or agreed to in writing, software
  11:drivers/boards/GENERIC_STM32_F072XB/board.c ****     distributed under the License is distributed on an "AS IS" BASIS,
  12:drivers/boards/GENERIC_STM32_F072XB/board.c ****     WITHOUT WARRANTIES OR CONDITIONS OF ANY KIND, either express or implied.
  13:drivers/boards/GENERIC_STM32_F072XB/board.c ****     See the License for the specific language governing permissions and
  14:drivers/boards/GENERIC_STM32_F072XB/board.c ****     limitations under the License.
  15:drivers/boards/GENERIC_STM32_F072XB/board.c **** */
  16:drivers/boards/GENERIC_STM32_F072XB/board.c **** 
  17:drivers/boards/GENERIC_STM32_F072XB/board.c **** /*
  18:drivers/boards/GENERIC_STM32_F072XB/board.c ****  * This file has been automatically generated using ChibiStudio board
  19:drivers/boards/GENERIC_STM32_F072XB/board.c ****  * generator plugin. Do not edit manually.
  20:drivers/boards/GENERIC_STM32_F072XB/board.c ****  */
  21:drivers/boards/GENERIC_STM32_F072XB/board.c **** 
  22:drivers/boards/GENERIC_STM32_F072XB/board.c **** #include "hal.h"
  23:drivers/boards/GENERIC_STM32_F072XB/board.c **** #include "stm32_gpio.h"
  24:drivers/boards/GENERIC_STM32_F072XB/board.c **** 
  25:drivers/boards/GENERIC_STM32_F072XB/board.c **** /*===========================================================================*/
  26:drivers/boards/GENERIC_STM32_F072XB/board.c **** /* Driver local definitions.                                                 */
  27:drivers/boards/GENERIC_STM32_F072XB/board.c **** /*===========================================================================*/
  28:drivers/boards/GENERIC_STM32_F072XB/board.c **** 
  29:drivers/boards/GENERIC_STM32_F072XB/board.c **** /*===========================================================================*/
  30:drivers/boards/GENERIC_STM32_F072XB/board.c **** /* Driver exported variables.                                                */
  31:drivers/boards/GENERIC_STM32_F072XB/board.c **** /*===========================================================================*/
  32:drivers/boards/GENERIC_STM32_F072XB/board.c **** 
  33:drivers/boards/GENERIC_STM32_F072XB/board.c **** /*===========================================================================*/
  34:drivers/boards/GENERIC_STM32_F072XB/board.c **** /* Driver local variables and types.                                         */
  35:drivers/boards/GENERIC_STM32_F072XB/board.c **** /*===========================================================================*/
  36:drivers/boards/GENERIC_STM32_F072XB/board.c **** 
  37:drivers/boards/GENERIC_STM32_F072XB/board.c **** /**
  38:drivers/boards/GENERIC_STM32_F072XB/board.c ****  * @brief   Type of STM32 GPIO port setup.
  39:drivers/boards/GENERIC_STM32_F072XB/board.c ****  */
  40:drivers/boards/GENERIC_STM32_F072XB/board.c **** typedef struct {
  41:drivers/boards/GENERIC_STM32_F072XB/board.c ****     uint32_t moder;
  42:drivers/boards/GENERIC_STM32_F072XB/board.c ****     uint32_t otyper;
  43:drivers/boards/GENERIC_STM32_F072XB/board.c ****     uint32_t ospeedr;
  44:drivers/boards/GENERIC_STM32_F072XB/board.c ****     uint32_t pupdr;
  45:drivers/boards/GENERIC_STM32_F072XB/board.c ****     uint32_t odr;
  46:drivers/boards/GENERIC_STM32_F072XB/board.c ****     uint32_t afrl;
  47:drivers/boards/GENERIC_STM32_F072XB/board.c ****     uint32_t afrh;
  48:drivers/boards/GENERIC_STM32_F072XB/board.c **** } gpio_setup_t;
  49:drivers/boards/GENERIC_STM32_F072XB/board.c **** 
  50:drivers/boards/GENERIC_STM32_F072XB/board.c **** /**
  51:drivers/boards/GENERIC_STM32_F072XB/board.c ****  * @brief   Type of STM32 GPIO initialization data.
  52:drivers/boards/GENERIC_STM32_F072XB/board.c ****  */
  53:drivers/boards/GENERIC_STM32_F072XB/board.c **** typedef struct {
  54:drivers/boards/GENERIC_STM32_F072XB/board.c **** #if STM32_HAS_GPIOA || defined(__DOXYGEN__)
  55:drivers/boards/GENERIC_STM32_F072XB/board.c ****     gpio_setup_t PAData;
  56:drivers/boards/GENERIC_STM32_F072XB/board.c **** #endif
  57:drivers/boards/GENERIC_STM32_F072XB/board.c **** #if STM32_HAS_GPIOB || defined(__DOXYGEN__)
  58:drivers/boards/GENERIC_STM32_F072XB/board.c ****     gpio_setup_t PBData;
  59:drivers/boards/GENERIC_STM32_F072XB/board.c **** #endif
  60:drivers/boards/GENERIC_STM32_F072XB/board.c **** #if STM32_HAS_GPIOC || defined(__DOXYGEN__)
  61:drivers/boards/GENERIC_STM32_F072XB/board.c ****     gpio_setup_t PCData;
  62:drivers/boards/GENERIC_STM32_F072XB/board.c **** #endif
  63:drivers/boards/GENERIC_STM32_F072XB/board.c **** #if STM32_HAS_GPIOD || defined(__DOXYGEN__)
  64:drivers/boards/GENERIC_STM32_F072XB/board.c ****     gpio_setup_t PDData;
  65:drivers/boards/GENERIC_STM32_F072XB/board.c **** #endif
  66:drivers/boards/GENERIC_STM32_F072XB/board.c **** #if STM32_HAS_GPIOE || defined(__DOXYGEN__)
  67:drivers/boards/GENERIC_STM32_F072XB/board.c ****     gpio_setup_t PEData;
  68:drivers/boards/GENERIC_STM32_F072XB/board.c **** #endif
  69:drivers/boards/GENERIC_STM32_F072XB/board.c **** #if STM32_HAS_GPIOF || defined(__DOXYGEN__)
  70:drivers/boards/GENERIC_STM32_F072XB/board.c ****     gpio_setup_t PFData;
  71:drivers/boards/GENERIC_STM32_F072XB/board.c **** #endif
  72:drivers/boards/GENERIC_STM32_F072XB/board.c **** #if STM32_HAS_GPIOG || defined(__DOXYGEN__)
  73:drivers/boards/GENERIC_STM32_F072XB/board.c ****     gpio_setup_t PGData;
  74:drivers/boards/GENERIC_STM32_F072XB/board.c **** #endif
  75:drivers/boards/GENERIC_STM32_F072XB/board.c **** #if STM32_HAS_GPIOH || defined(__DOXYGEN__)
  76:drivers/boards/GENERIC_STM32_F072XB/board.c ****     gpio_setup_t PHData;
  77:drivers/boards/GENERIC_STM32_F072XB/board.c **** #endif
  78:drivers/boards/GENERIC_STM32_F072XB/board.c **** #if STM32_HAS_GPIOI || defined(__DOXYGEN__)
  79:drivers/boards/GENERIC_STM32_F072XB/board.c ****     gpio_setup_t PIData;
  80:drivers/boards/GENERIC_STM32_F072XB/board.c **** #endif
  81:drivers/boards/GENERIC_STM32_F072XB/board.c **** #if STM32_HAS_GPIOJ || defined(__DOXYGEN__)
  82:drivers/boards/GENERIC_STM32_F072XB/board.c ****     gpio_setup_t PJData;
  83:drivers/boards/GENERIC_STM32_F072XB/board.c **** #endif
  84:drivers/boards/GENERIC_STM32_F072XB/board.c **** #if STM32_HAS_GPIOK || defined(__DOXYGEN__)
  85:drivers/boards/GENERIC_STM32_F072XB/board.c ****     gpio_setup_t PKData;
  86:drivers/boards/GENERIC_STM32_F072XB/board.c **** #endif
  87:drivers/boards/GENERIC_STM32_F072XB/board.c **** } gpio_config_t;
  88:drivers/boards/GENERIC_STM32_F072XB/board.c **** 
  89:drivers/boards/GENERIC_STM32_F072XB/board.c **** /**
  90:drivers/boards/GENERIC_STM32_F072XB/board.c ****  * @brief   STM32 GPIO static initialization data.
  91:drivers/boards/GENERIC_STM32_F072XB/board.c ****  */
  92:drivers/boards/GENERIC_STM32_F072XB/board.c **** static const gpio_config_t gpio_default_config = {
  93:drivers/boards/GENERIC_STM32_F072XB/board.c **** #if STM32_HAS_GPIOA
  94:drivers/boards/GENERIC_STM32_F072XB/board.c ****     {VAL_GPIOA_MODER, VAL_GPIOA_OTYPER, VAL_GPIOA_OSPEEDR, VAL_GPIOA_PUPDR, VAL_GPIOA_ODR, VAL_GPIO
  95:drivers/boards/GENERIC_STM32_F072XB/board.c **** #endif
  96:drivers/boards/GENERIC_STM32_F072XB/board.c **** #if STM32_HAS_GPIOB
  97:drivers/boards/GENERIC_STM32_F072XB/board.c ****     {VAL_GPIOB_MODER, VAL_GPIOB_OTYPER, VAL_GPIOB_OSPEEDR, VAL_GPIOB_PUPDR, VAL_GPIOB_ODR, VAL_GPIO
  98:drivers/boards/GENERIC_STM32_F072XB/board.c **** #endif
  99:drivers/boards/GENERIC_STM32_F072XB/board.c **** #if STM32_HAS_GPIOC
 100:drivers/boards/GENERIC_STM32_F072XB/board.c ****     {VAL_GPIOC_MODER, VAL_GPIOC_OTYPER, VAL_GPIOC_OSPEEDR, VAL_GPIOC_PUPDR, VAL_GPIOC_ODR, VAL_GPIO
 101:drivers/boards/GENERIC_STM32_F072XB/board.c **** #endif
 102:drivers/boards/GENERIC_STM32_F072XB/board.c **** #if STM32_HAS_GPIOD
 103:drivers/boards/GENERIC_STM32_F072XB/board.c ****     {VAL_GPIOD_MODER, VAL_GPIOD_OTYPER, VAL_GPIOD_OSPEEDR, VAL_GPIOD_PUPDR, VAL_GPIOD_ODR, VAL_GPIO
 104:drivers/boards/GENERIC_STM32_F072XB/board.c **** #endif
 105:drivers/boards/GENERIC_STM32_F072XB/board.c **** #if STM32_HAS_GPIOE
 106:drivers/boards/GENERIC_STM32_F072XB/board.c ****     {VAL_GPIOE_MODER, VAL_GPIOE_OTYPER, VAL_GPIOE_OSPEEDR, VAL_GPIOE_PUPDR, VAL_GPIOE_ODR, VAL_GPIO
 107:drivers/boards/GENERIC_STM32_F072XB/board.c **** #endif
 108:drivers/boards/GENERIC_STM32_F072XB/board.c **** #if STM32_HAS_GPIOF
 109:drivers/boards/GENERIC_STM32_F072XB/board.c ****     {VAL_GPIOF_MODER, VAL_GPIOF_OTYPER, VAL_GPIOF_OSPEEDR, VAL_GPIOF_PUPDR, VAL_GPIOF_ODR, VAL_GPIO
 110:drivers/boards/GENERIC_STM32_F072XB/board.c **** #endif
 111:drivers/boards/GENERIC_STM32_F072XB/board.c **** #if STM32_HAS_GPIOG
 112:drivers/boards/GENERIC_STM32_F072XB/board.c ****     {VAL_GPIOG_MODER, VAL_GPIOG_OTYPER, VAL_GPIOG_OSPEEDR, VAL_GPIOG_PUPDR, VAL_GPIOG_ODR, VAL_GPIO
 113:drivers/boards/GENERIC_STM32_F072XB/board.c **** #endif
 114:drivers/boards/GENERIC_STM32_F072XB/board.c **** #if STM32_HAS_GPIOH
 115:drivers/boards/GENERIC_STM32_F072XB/board.c ****     {VAL_GPIOH_MODER, VAL_GPIOH_OTYPER, VAL_GPIOH_OSPEEDR, VAL_GPIOH_PUPDR, VAL_GPIOH_ODR, VAL_GPIO
 116:drivers/boards/GENERIC_STM32_F072XB/board.c **** #endif
 117:drivers/boards/GENERIC_STM32_F072XB/board.c **** #if STM32_HAS_GPIOI
 118:drivers/boards/GENERIC_STM32_F072XB/board.c ****     {VAL_GPIOI_MODER, VAL_GPIOI_OTYPER, VAL_GPIOI_OSPEEDR, VAL_GPIOI_PUPDR, VAL_GPIOI_ODR, VAL_GPIO
 119:drivers/boards/GENERIC_STM32_F072XB/board.c **** #endif
 120:drivers/boards/GENERIC_STM32_F072XB/board.c **** #if STM32_HAS_GPIOJ
 121:drivers/boards/GENERIC_STM32_F072XB/board.c ****     {VAL_GPIOJ_MODER, VAL_GPIOJ_OTYPER, VAL_GPIOJ_OSPEEDR, VAL_GPIOJ_PUPDR, VAL_GPIOJ_ODR, VAL_GPIO
 122:drivers/boards/GENERIC_STM32_F072XB/board.c **** #endif
 123:drivers/boards/GENERIC_STM32_F072XB/board.c **** #if STM32_HAS_GPIOK
 124:drivers/boards/GENERIC_STM32_F072XB/board.c ****     {VAL_GPIOK_MODER, VAL_GPIOK_OTYPER, VAL_GPIOK_OSPEEDR, VAL_GPIOK_PUPDR, VAL_GPIOK_ODR, VAL_GPIO
 125:drivers/boards/GENERIC_STM32_F072XB/board.c **** #endif
 126:drivers/boards/GENERIC_STM32_F072XB/board.c **** };
 127:drivers/boards/GENERIC_STM32_F072XB/board.c **** 
 128:drivers/boards/GENERIC_STM32_F072XB/board.c **** /*===========================================================================*/
 129:drivers/boards/GENERIC_STM32_F072XB/board.c **** /* Driver local functions.                                                   */
 130:drivers/boards/GENERIC_STM32_F072XB/board.c **** /*===========================================================================*/
 131:drivers/boards/GENERIC_STM32_F072XB/board.c **** 
 132:drivers/boards/GENERIC_STM32_F072XB/board.c **** static void gpio_init(stm32_gpio_t *gpiop, const gpio_setup_t *config) {
  27              		.loc 1 132 72 view -0
  28              		.cfi_startproc
  29              		@ args = 0, pretend = 0, frame = 0
  30              		@ frame_needed = 0, uses_anonymous_args = 0
  31              		@ link register save eliminated.
 133:drivers/boards/GENERIC_STM32_F072XB/board.c ****     gpiop->OTYPER  = config->otyper;
  32              		.loc 1 133 5 view .LVU1
  33              		.loc 1 133 20 is_stmt 0 view .LVU2
  34 0000 4B68     		ldr	r3, [r1, #4]
 134:drivers/boards/GENERIC_STM32_F072XB/board.c ****     gpiop->OSPEEDR = config->ospeedr;
 135:drivers/boards/GENERIC_STM32_F072XB/board.c ****     gpiop->PUPDR   = config->pupdr;
 136:drivers/boards/GENERIC_STM32_F072XB/board.c ****     gpiop->ODR     = config->odr;
 137:drivers/boards/GENERIC_STM32_F072XB/board.c ****     gpiop->AFRL    = config->afrl;
 138:drivers/boards/GENERIC_STM32_F072XB/board.c ****     gpiop->AFRH    = config->afrh;
 139:drivers/boards/GENERIC_STM32_F072XB/board.c ****     gpiop->MODER   = config->moder;
 140:drivers/boards/GENERIC_STM32_F072XB/board.c **** }
  35              		.loc 1 140 1 view .LVU3
  36              		@ sp needed
 133:drivers/boards/GENERIC_STM32_F072XB/board.c ****     gpiop->OTYPER  = config->otyper;
  37              		.loc 1 133 20 view .LVU4
  38 0002 4360     		str	r3, [r0, #4]
 134:drivers/boards/GENERIC_STM32_F072XB/board.c ****     gpiop->OSPEEDR = config->ospeedr;
  39              		.loc 1 134 5 is_stmt 1 view .LVU5
 134:drivers/boards/GENERIC_STM32_F072XB/board.c ****     gpiop->OSPEEDR = config->ospeedr;
  40              		.loc 1 134 20 is_stmt 0 view .LVU6
  41 0004 8B68     		ldr	r3, [r1, #8]
  42 0006 8360     		str	r3, [r0, #8]
 135:drivers/boards/GENERIC_STM32_F072XB/board.c ****     gpiop->ODR     = config->odr;
  43              		.loc 1 135 5 is_stmt 1 view .LVU7
 135:drivers/boards/GENERIC_STM32_F072XB/board.c ****     gpiop->ODR     = config->odr;
  44              		.loc 1 135 20 is_stmt 0 view .LVU8
  45 0008 CB68     		ldr	r3, [r1, #12]
  46 000a C360     		str	r3, [r0, #12]
 136:drivers/boards/GENERIC_STM32_F072XB/board.c ****     gpiop->AFRL    = config->afrl;
  47              		.loc 1 136 5 is_stmt 1 view .LVU9
 136:drivers/boards/GENERIC_STM32_F072XB/board.c ****     gpiop->AFRL    = config->afrl;
  48              		.loc 1 136 20 is_stmt 0 view .LVU10
  49 000c 0B69     		ldr	r3, [r1, #16]
  50 000e 4361     		str	r3, [r0, #20]
 137:drivers/boards/GENERIC_STM32_F072XB/board.c ****     gpiop->AFRH    = config->afrh;
  51              		.loc 1 137 5 is_stmt 1 view .LVU11
 137:drivers/boards/GENERIC_STM32_F072XB/board.c ****     gpiop->AFRH    = config->afrh;
  52              		.loc 1 137 20 is_stmt 0 view .LVU12
  53 0010 4B69     		ldr	r3, [r1, #20]
  54 0012 0362     		str	r3, [r0, #32]
 138:drivers/boards/GENERIC_STM32_F072XB/board.c ****     gpiop->MODER   = config->moder;
  55              		.loc 1 138 5 is_stmt 1 view .LVU13
 138:drivers/boards/GENERIC_STM32_F072XB/board.c ****     gpiop->MODER   = config->moder;
  56              		.loc 1 138 20 is_stmt 0 view .LVU14
  57 0014 8B69     		ldr	r3, [r1, #24]
  58 0016 4362     		str	r3, [r0, #36]
 139:drivers/boards/GENERIC_STM32_F072XB/board.c **** }
  59              		.loc 1 139 5 is_stmt 1 view .LVU15
 139:drivers/boards/GENERIC_STM32_F072XB/board.c **** }
  60              		.loc 1 139 28 is_stmt 0 view .LVU16
  61 0018 0B68     		ldr	r3, [r1]
 139:drivers/boards/GENERIC_STM32_F072XB/board.c **** }
  62              		.loc 1 139 20 view .LVU17
  63 001a 0360     		str	r3, [r0]
  64              		.loc 1 140 1 view .LVU18
  65 001c 7047     		bx	lr
  66              		.cfi_endproc
  67              	.LFE186:
  69              		.section	.text.enter_bootloader_mode_if_requested,"ax",%progbits
  70              		.align	1
  71              		.weak	enter_bootloader_mode_if_requested
  72              		.syntax unified
  73              		.code	16
  74              		.thumb_func
  75              		.fpu softvfp
  77              	enter_bootloader_mode_if_requested:
  78              	.LFB188:
 141:drivers/boards/GENERIC_STM32_F072XB/board.c **** 
 142:drivers/boards/GENERIC_STM32_F072XB/board.c **** static void stm32_gpio_init(void) {
 143:drivers/boards/GENERIC_STM32_F072XB/board.c ****     /* Enabling GPIO-related clocks, the mask comes from the
 144:drivers/boards/GENERIC_STM32_F072XB/board.c ****        registry header file.*/
 145:drivers/boards/GENERIC_STM32_F072XB/board.c ****     rccResetAHB(STM32_GPIO_EN_MASK);
 146:drivers/boards/GENERIC_STM32_F072XB/board.c ****     rccEnableAHB(STM32_GPIO_EN_MASK, true);
 147:drivers/boards/GENERIC_STM32_F072XB/board.c **** 
 148:drivers/boards/GENERIC_STM32_F072XB/board.c ****     /* Initializing all the defined GPIO ports.*/
 149:drivers/boards/GENERIC_STM32_F072XB/board.c **** #if STM32_HAS_GPIOA
 150:drivers/boards/GENERIC_STM32_F072XB/board.c ****     gpio_init(GPIOA, &gpio_default_config.PAData);
 151:drivers/boards/GENERIC_STM32_F072XB/board.c **** #endif
 152:drivers/boards/GENERIC_STM32_F072XB/board.c **** #if STM32_HAS_GPIOB
 153:drivers/boards/GENERIC_STM32_F072XB/board.c ****     gpio_init(GPIOB, &gpio_default_config.PBData);
 154:drivers/boards/GENERIC_STM32_F072XB/board.c **** #endif
 155:drivers/boards/GENERIC_STM32_F072XB/board.c **** #if STM32_HAS_GPIOC
 156:drivers/boards/GENERIC_STM32_F072XB/board.c ****     gpio_init(GPIOC, &gpio_default_config.PCData);
 157:drivers/boards/GENERIC_STM32_F072XB/board.c **** #endif
 158:drivers/boards/GENERIC_STM32_F072XB/board.c **** #if STM32_HAS_GPIOD
 159:drivers/boards/GENERIC_STM32_F072XB/board.c ****     gpio_init(GPIOD, &gpio_default_config.PDData);
 160:drivers/boards/GENERIC_STM32_F072XB/board.c **** #endif
 161:drivers/boards/GENERIC_STM32_F072XB/board.c **** #if STM32_HAS_GPIOE
 162:drivers/boards/GENERIC_STM32_F072XB/board.c ****     gpio_init(GPIOE, &gpio_default_config.PEData);
 163:drivers/boards/GENERIC_STM32_F072XB/board.c **** #endif
 164:drivers/boards/GENERIC_STM32_F072XB/board.c **** #if STM32_HAS_GPIOF
 165:drivers/boards/GENERIC_STM32_F072XB/board.c ****     gpio_init(GPIOF, &gpio_default_config.PFData);
 166:drivers/boards/GENERIC_STM32_F072XB/board.c **** #endif
 167:drivers/boards/GENERIC_STM32_F072XB/board.c **** #if STM32_HAS_GPIOG
 168:drivers/boards/GENERIC_STM32_F072XB/board.c ****     gpio_init(GPIOG, &gpio_default_config.PGData);
 169:drivers/boards/GENERIC_STM32_F072XB/board.c **** #endif
 170:drivers/boards/GENERIC_STM32_F072XB/board.c **** #if STM32_HAS_GPIOH
 171:drivers/boards/GENERIC_STM32_F072XB/board.c ****     gpio_init(GPIOH, &gpio_default_config.PHData);
 172:drivers/boards/GENERIC_STM32_F072XB/board.c **** #endif
 173:drivers/boards/GENERIC_STM32_F072XB/board.c **** #if STM32_HAS_GPIOI
 174:drivers/boards/GENERIC_STM32_F072XB/board.c ****     gpio_init(GPIOI, &gpio_default_config.PIData);
 175:drivers/boards/GENERIC_STM32_F072XB/board.c **** #endif
 176:drivers/boards/GENERIC_STM32_F072XB/board.c **** #if STM32_HAS_GPIOJ
 177:drivers/boards/GENERIC_STM32_F072XB/board.c ****     gpio_init(GPIOJ, &gpio_default_config.PJData);
 178:drivers/boards/GENERIC_STM32_F072XB/board.c **** #endif
 179:drivers/boards/GENERIC_STM32_F072XB/board.c **** #if STM32_HAS_GPIOK
 180:drivers/boards/GENERIC_STM32_F072XB/board.c ****     gpio_init(GPIOK, &gpio_default_config.PKData);
 181:drivers/boards/GENERIC_STM32_F072XB/board.c **** #endif
 182:drivers/boards/GENERIC_STM32_F072XB/board.c **** }
 183:drivers/boards/GENERIC_STM32_F072XB/board.c **** 
 184:drivers/boards/GENERIC_STM32_F072XB/board.c **** /*===========================================================================*/
 185:drivers/boards/GENERIC_STM32_F072XB/board.c **** /* Driver interrupt handlers.                                                */
 186:drivers/boards/GENERIC_STM32_F072XB/board.c **** /*===========================================================================*/
 187:drivers/boards/GENERIC_STM32_F072XB/board.c **** 
 188:drivers/boards/GENERIC_STM32_F072XB/board.c **** /*===========================================================================*/
 189:drivers/boards/GENERIC_STM32_F072XB/board.c **** /* Driver exported functions.                                                */
 190:drivers/boards/GENERIC_STM32_F072XB/board.c **** /*===========================================================================*/
 191:drivers/boards/GENERIC_STM32_F072XB/board.c **** 
 192:drivers/boards/GENERIC_STM32_F072XB/board.c **** __attribute__((weak)) void enter_bootloader_mode_if_requested(void) {}
  79              		.loc 1 192 69 is_stmt 1 view -0
  80              		.cfi_startproc
  81              		@ args = 0, pretend = 0, frame = 0
  82              		@ frame_needed = 0, uses_anonymous_args = 0
  83              		@ link register save eliminated.
  84              		.loc 1 192 70 view .LVU20
  85              		.loc 1 192 1 is_stmt 0 view .LVU21
  86              		@ sp needed
  87 0000 7047     		bx	lr
  88              		.cfi_endproc
  89              	.LFE188:
  91              		.section	.text.__early_init,"ax",%progbits
  92              		.align	1
  93              		.global	__early_init
  94              		.syntax unified
  95              		.code	16
  96              		.thumb_func
  97              		.fpu softvfp
  99              	__early_init:
 100              	.LFB189:
 193:drivers/boards/GENERIC_STM32_F072XB/board.c **** 
 194:drivers/boards/GENERIC_STM32_F072XB/board.c **** /**
 195:drivers/boards/GENERIC_STM32_F072XB/board.c ****  * @brief   Early initialization code.
 196:drivers/boards/GENERIC_STM32_F072XB/board.c ****  * @details GPIO ports and system clocks are initialized before everything
 197:drivers/boards/GENERIC_STM32_F072XB/board.c ****  *          else.
 198:drivers/boards/GENERIC_STM32_F072XB/board.c ****  */
 199:drivers/boards/GENERIC_STM32_F072XB/board.c **** void __early_init(void) {
 101              		.loc 1 199 25 is_stmt 1 view -0
 102              		.cfi_startproc
 103              		@ args = 0, pretend = 0, frame = 0
 104              		@ frame_needed = 0, uses_anonymous_args = 0
 200:drivers/boards/GENERIC_STM32_F072XB/board.c ****     enter_bootloader_mode_if_requested();
 105              		.loc 1 200 5 view .LVU23
 199:drivers/boards/GENERIC_STM32_F072XB/board.c ****     enter_bootloader_mode_if_requested();
 106              		.loc 1 199 25 is_stmt 0 view .LVU24
 107 0000 10B5     		push	{r4, lr}
 108              		.cfi_def_cfa_offset 8
 109              		.cfi_offset 4, -8
 110              		.cfi_offset 14, -4
 111              		.loc 1 200 5 view .LVU25
 112 0002 FFF7FEFF 		bl	enter_bootloader_mode_if_requested
 113              	.LVL1:
 201:drivers/boards/GENERIC_STM32_F072XB/board.c **** 
 202:drivers/boards/GENERIC_STM32_F072XB/board.c ****     stm32_gpio_init();
 114              		.loc 1 202 5 is_stmt 1 view .LVU26
 115              	.LBB4:
 116              	.LBI4:
 142:drivers/boards/GENERIC_STM32_F072XB/board.c ****     /* Enabling GPIO-related clocks, the mask comes from the
 117              		.loc 1 142 13 view .LVU27
 118              	.LBB5:
 145:drivers/boards/GENERIC_STM32_F072XB/board.c ****     rccEnableAHB(STM32_GPIO_EN_MASK, true);
 119              		.loc 1 145 5 view .LVU28
 120 0006 FC22     		movs	r2, #252
 121 0008 144B     		ldr	r3, .L4
 122 000a D203     		lsls	r2, r2, #15
 123 000c 996A     		ldr	r1, [r3, #40]
 124 000e 1448     		ldr	r0, .L4+4
 125 0010 1143     		orrs	r1, r2
 126 0012 9962     		str	r1, [r3, #40]
 145:drivers/boards/GENERIC_STM32_F072XB/board.c ****     rccEnableAHB(STM32_GPIO_EN_MASK, true);
 127              		.loc 1 145 5 view .LVU29
 128 0014 996A     		ldr	r1, [r3, #40]
 129              	.LBE5:
 130              	.LBE4:
 203:drivers/boards/GENERIC_STM32_F072XB/board.c ****     stm32_clock_init();
 204:drivers/boards/GENERIC_STM32_F072XB/board.c **** }
 131              		.loc 1 204 1 is_stmt 0 view .LVU30
 132              		@ sp needed
 133              	.LBB7:
 134              	.LBB6:
 145:drivers/boards/GENERIC_STM32_F072XB/board.c ****     rccEnableAHB(STM32_GPIO_EN_MASK, true);
 135              		.loc 1 145 5 view .LVU31
 136 0016 0140     		ands	r1, r0
 150:drivers/boards/GENERIC_STM32_F072XB/board.c **** #endif
 137              		.loc 1 150 5 view .LVU32
 138 0018 9020     		movs	r0, #144
 145:drivers/boards/GENERIC_STM32_F072XB/board.c ****     rccEnableAHB(STM32_GPIO_EN_MASK, true);
 139              		.loc 1 145 5 view .LVU33
 140 001a 9962     		str	r1, [r3, #40]
 145:drivers/boards/GENERIC_STM32_F072XB/board.c ****     rccEnableAHB(STM32_GPIO_EN_MASK, true);
 141              		.loc 1 145 5 is_stmt 1 view .LVU34
 142 001c 996A     		ldr	r1, [r3, #40]
 145:drivers/boards/GENERIC_STM32_F072XB/board.c ****     rccEnableAHB(STM32_GPIO_EN_MASK, true);
 143              		.loc 1 145 36 view .LVU35
 146:drivers/boards/GENERIC_STM32_F072XB/board.c **** 
 144              		.loc 1 146 5 view .LVU36
 145 001e 5969     		ldr	r1, [r3, #20]
 150:drivers/boards/GENERIC_STM32_F072XB/board.c **** #endif
 146              		.loc 1 150 5 is_stmt 0 view .LVU37
 147 0020 C005     		lsls	r0, r0, #23
 146:drivers/boards/GENERIC_STM32_F072XB/board.c **** 
 148              		.loc 1 146 5 view .LVU38
 149 0022 0A43     		orrs	r2, r1
 150 0024 5A61     		str	r2, [r3, #20]
 146:drivers/boards/GENERIC_STM32_F072XB/board.c **** 
 151              		.loc 1 146 5 is_stmt 1 view .LVU39
 150:drivers/boards/GENERIC_STM32_F072XB/board.c **** #endif
 152              		.loc 1 150 5 is_stmt 0 view .LVU40
 153 0026 0F49     		ldr	r1, .L4+8
 146:drivers/boards/GENERIC_STM32_F072XB/board.c **** 
 154              		.loc 1 146 5 view .LVU41
 155 0028 5B69     		ldr	r3, [r3, #20]
 146:drivers/boards/GENERIC_STM32_F072XB/board.c **** 
 156              		.loc 1 146 43 is_stmt 1 view .LVU42
 150:drivers/boards/GENERIC_STM32_F072XB/board.c **** #endif
 157              		.loc 1 150 5 view .LVU43
 158 002a FFF7FEFF 		bl	gpio_init
 159              	.LVL2:
 153:drivers/boards/GENERIC_STM32_F072XB/board.c **** #endif
 160              		.loc 1 153 5 view .LVU44
 161 002e 0E49     		ldr	r1, .L4+12
 162 0030 0E48     		ldr	r0, .L4+16
 163 0032 FFF7FEFF 		bl	gpio_init
 164              	.LVL3:
 156:drivers/boards/GENERIC_STM32_F072XB/board.c **** #endif
 165              		.loc 1 156 5 view .LVU45
 166 0036 0E49     		ldr	r1, .L4+20
 167 0038 0E48     		ldr	r0, .L4+24
 168 003a FFF7FEFF 		bl	gpio_init
 169              	.LVL4:
 159:drivers/boards/GENERIC_STM32_F072XB/board.c **** #endif
 170              		.loc 1 159 5 view .LVU46
 171 003e 0E49     		ldr	r1, .L4+28
 172 0040 0E48     		ldr	r0, .L4+32
 173 0042 FFF7FEFF 		bl	gpio_init
 174              	.LVL5:
 162:drivers/boards/GENERIC_STM32_F072XB/board.c **** #endif
 175              		.loc 1 162 5 view .LVU47
 176 0046 0E49     		ldr	r1, .L4+36
 177 0048 0E48     		ldr	r0, .L4+40
 178 004a FFF7FEFF 		bl	gpio_init
 179              	.LVL6:
 165:drivers/boards/GENERIC_STM32_F072XB/board.c **** #endif
 180              		.loc 1 165 5 view .LVU48
 181 004e 0E49     		ldr	r1, .L4+44
 182 0050 0E48     		ldr	r0, .L4+48
 183 0052 FFF7FEFF 		bl	gpio_init
 184              	.LVL7:
 185              	.LBE6:
 186              	.LBE7:
 203:drivers/boards/GENERIC_STM32_F072XB/board.c **** }
 187              		.loc 1 203 5 view .LVU49
 188 0056 FFF7FEFF 		bl	stm32_clock_init
 189              	.LVL8:
 190              		.loc 1 204 1 is_stmt 0 view .LVU50
 191 005a 10BD     		pop	{r4, pc}
 192              	.L5:
 193              		.align	2
 194              	.L4:
 195 005c 00100240 		.word	1073876992
 196 0060 FFFF81FF 		.word	-8257537
 197 0064 00000000 		.word	gpio_default_config
 198 0068 1C000000 		.word	gpio_default_config+28
 199 006c 00040048 		.word	1207960576
 200 0070 38000000 		.word	gpio_default_config+56
 201 0074 00080048 		.word	1207961600
 202 0078 54000000 		.word	gpio_default_config+84
 203 007c 000C0048 		.word	1207962624
 204 0080 70000000 		.word	gpio_default_config+112
 205 0084 00100048 		.word	1207963648
 206 0088 8C000000 		.word	gpio_default_config+140
 207 008c 00140048 		.word	1207964672
 208              		.cfi_endproc
 209              	.LFE189:
 211              		.section	.text.boardInit,"ax",%progbits
 212              		.align	1
 213              		.global	boardInit
 214              		.syntax unified
 215              		.code	16
 216              		.thumb_func
 217              		.fpu softvfp
 219              	boardInit:
 220              	.LFB190:
 205:drivers/boards/GENERIC_STM32_F072XB/board.c **** 
 206:drivers/boards/GENERIC_STM32_F072XB/board.c **** #if HAL_USE_SDC || defined(__DOXYGEN__)
 207:drivers/boards/GENERIC_STM32_F072XB/board.c **** /**
 208:drivers/boards/GENERIC_STM32_F072XB/board.c ****  * @brief   SDC card detection.
 209:drivers/boards/GENERIC_STM32_F072XB/board.c ****  */
 210:drivers/boards/GENERIC_STM32_F072XB/board.c **** bool sdc_lld_is_card_inserted(SDCDriver *sdcp) {
 211:drivers/boards/GENERIC_STM32_F072XB/board.c ****     (void)sdcp;
 212:drivers/boards/GENERIC_STM32_F072XB/board.c ****     /* TODO: Fill the implementation.*/
 213:drivers/boards/GENERIC_STM32_F072XB/board.c ****     return true;
 214:drivers/boards/GENERIC_STM32_F072XB/board.c **** }
 215:drivers/boards/GENERIC_STM32_F072XB/board.c **** 
 216:drivers/boards/GENERIC_STM32_F072XB/board.c **** /**
 217:drivers/boards/GENERIC_STM32_F072XB/board.c ****  * @brief   SDC card write protection detection.
 218:drivers/boards/GENERIC_STM32_F072XB/board.c ****  */
 219:drivers/boards/GENERIC_STM32_F072XB/board.c **** bool sdc_lld_is_write_protected(SDCDriver *sdcp) {
 220:drivers/boards/GENERIC_STM32_F072XB/board.c ****     (void)sdcp;
 221:drivers/boards/GENERIC_STM32_F072XB/board.c ****     /* TODO: Fill the implementation.*/
 222:drivers/boards/GENERIC_STM32_F072XB/board.c ****     return false;
 223:drivers/boards/GENERIC_STM32_F072XB/board.c **** }
 224:drivers/boards/GENERIC_STM32_F072XB/board.c **** #endif /* HAL_USE_SDC */
 225:drivers/boards/GENERIC_STM32_F072XB/board.c **** 
 226:drivers/boards/GENERIC_STM32_F072XB/board.c **** #if HAL_USE_MMC_SPI || defined(__DOXYGEN__)
 227:drivers/boards/GENERIC_STM32_F072XB/board.c **** /**
 228:drivers/boards/GENERIC_STM32_F072XB/board.c ****  * @brief   MMC_SPI card detection.
 229:drivers/boards/GENERIC_STM32_F072XB/board.c ****  */
 230:drivers/boards/GENERIC_STM32_F072XB/board.c **** bool mmc_lld_is_card_inserted(MMCDriver *mmcp) {
 231:drivers/boards/GENERIC_STM32_F072XB/board.c ****     (void)mmcp;
 232:drivers/boards/GENERIC_STM32_F072XB/board.c ****     /* TODO: Fill the implementation.*/
 233:drivers/boards/GENERIC_STM32_F072XB/board.c ****     return true;
 234:drivers/boards/GENERIC_STM32_F072XB/board.c **** }
 235:drivers/boards/GENERIC_STM32_F072XB/board.c **** 
 236:drivers/boards/GENERIC_STM32_F072XB/board.c **** /**
 237:drivers/boards/GENERIC_STM32_F072XB/board.c ****  * @brief   MMC_SPI card write protection detection.
 238:drivers/boards/GENERIC_STM32_F072XB/board.c ****  */
 239:drivers/boards/GENERIC_STM32_F072XB/board.c **** bool mmc_lld_is_write_protected(MMCDriver *mmcp) {
 240:drivers/boards/GENERIC_STM32_F072XB/board.c ****     (void)mmcp;
 241:drivers/boards/GENERIC_STM32_F072XB/board.c ****     /* TODO: Fill the implementation.*/
 242:drivers/boards/GENERIC_STM32_F072XB/board.c ****     return false;
 243:drivers/boards/GENERIC_STM32_F072XB/board.c **** }
 244:drivers/boards/GENERIC_STM32_F072XB/board.c **** #endif
 245:drivers/boards/GENERIC_STM32_F072XB/board.c **** 
 246:drivers/boards/GENERIC_STM32_F072XB/board.c **** /**
 247:drivers/boards/GENERIC_STM32_F072XB/board.c ****  * @brief   Board-specific initialization code.
 248:drivers/boards/GENERIC_STM32_F072XB/board.c ****  * @todo    Add your board-specific code, if any.
 249:drivers/boards/GENERIC_STM32_F072XB/board.c ****  */
 250:drivers/boards/GENERIC_STM32_F072XB/board.c **** void boardInit(void) {}
 221              		.loc 1 250 22 is_stmt 1 view -0
 222              		.cfi_startproc
 223              		@ args = 0, pretend = 0, frame = 0
 224              		@ frame_needed = 0, uses_anonymous_args = 0
 225              		@ link register save eliminated.
 226              		.loc 1 250 23 view .LVU52
 227              		.loc 1 250 1 is_stmt 0 view .LVU53
 228              		@ sp needed
 229 0000 7047     		bx	lr
 230              		.cfi_endproc
 231              	.LFE190:
 233              		.section	.rodata.gpio_default_config,"a"
 234              		.align	2
 237              	gpio_default_config:
 238 0000 00000028 		.word	671088640
 239 0004 00000000 		.word	0
 240 0008 000000FC 		.word	-67108864
 241 000c 54551564 		.word	1679119700
 242 0010 FFFF0000 		.word	65535
 243 0014 00000000 		.word	0
 244 0018 00000000 		.word	0
 245 001c 000000A8 		.word	-1476395008
 246 0020 00000000 		.word	0
 247 0024 F0030000 		.word	1008
 248 0028 55555501 		.word	22369621
 249 002c FFFF0000 		.word	65535
 250 0030 00000000 		.word	0
 251 0034 00000000 		.word	0
 252 0038 01500500 		.word	348161
 253 003c 00000000 		.word	0
 254 0040 03F00FF0 		.word	-267390973
 255 0044 54055005 		.word	89130324
 256 0048 3FFC0000 		.word	64575
 257 004c 00000000 		.word	0
 258 0050 00000000 		.word	0
 259 0054 00000000 		.word	0
 260 0058 00000000 		.word	0
 261 005c 00000000 		.word	0
 262 0060 55555555 		.word	1431655765
 263 0064 FFFF0000 		.word	65535
 264 0068 00000000 		.word	0
 265 006c 00000000 		.word	0
 266 0070 00000000 		.word	0
 267 0074 00000000 		.word	0
 268 0078 00000000 		.word	0
 269 007c 55555555 		.word	1431655765
 270 0080 FFFF0000 		.word	65535
 271 0084 00000000 		.word	0
 272 0088 00000000 		.word	0
 273 008c 00000000 		.word	0
 274 0090 00000000 		.word	0
 275 0094 00000000 		.word	0
 276 0098 50555555 		.word	1431655760
 277 009c FFFF0000 		.word	65535
 278 00a0 00000000 		.word	0
 279 00a4 00000000 		.word	0
 280              		.text
 281              	.Letext0:
 282              		.file 2 "c:\\msys64\\home\\kyleo\\qmk_utils\\gcc-arm-none-eabi\\lib\\gcc\\arm-none-eabi\\8.3.1\\in
 283              		.file 3 "c:\\msys64\\home\\kyleo\\qmk_utils\\gcc-arm-none-eabi\\arm-none-eabi\\include\\machine\\_
 284              		.file 4 "c:\\msys64\\home\\kyleo\\qmk_utils\\gcc-arm-none-eabi\\arm-none-eabi\\include\\sys\\_stdi
 285              		.file 5 "c:\\msys64\\home\\kyleo\\qmk_utils\\gcc-arm-none-eabi\\arm-none-eabi\\include\\stdint.h"
 286              		.file 6 "./lib/chibios/os/common/ports/ARMCMx/compilers/GCC/chtypes.h"
 287              		.file 7 "./lib/chibios/os/rt/include/chsystypes.h"
 288              		.file 8 "./lib/chibios/os/rt/include/chschd.h"
 289              		.file 9 "./lib/chibios/os/rt/include/chtime.h"
 290              		.file 10 "./lib/chibios/os/common/ext/ST/STM32F0xx/system_stm32f0xx.h"
 291              		.file 11 "./lib/chibios/os/common/ext/ST/STM32F0xx/stm32f072xb.h"
 292              		.file 12 "./lib/chibios/os/common/ports/ARMCMx/chcore.h"
 293              		.file 13 "./lib/chibios/os/common/ports/ARMCMx/chcore_v6m.h"
 294              		.file 14 "./lib/chibios/os/hal/ports/STM32/LLD/TIMv1/stm32_tim.h"
 295              		.file 15 "./lib/chibios/os/rt/include/chsem.h"
 296              		.file 16 "./lib/chibios/os/rt/include/chmtx.h"
 297              		.file 17 "./lib/chibios/os/rt/include/chsys.h"
 298              		.file 18 "./lib/chibios/os/rt/include/chregistry.h"
 299              		.file 19 "./lib/chibios/os/oslib/include/chmemcore.h"
 300              		.file 20 "./lib/chibios/os/hal/ports/STM32/LLD/DMAv1/stm32_dma.h"
 301              		.file 21 "./lib/chibios/os/hal/ports/STM32/LLD/GPIOv2/stm32_gpio.h"
 302              		.file 22 "./lib/chibios/os/hal/ports/STM32/LLD/GPIOv2/hal_pal_lld.h"
 303              		.file 23 "./lib/chibios/os/hal/include/hal_i2c.h"
 304              		.file 24 "./lib/chibios/os/hal/ports/STM32/LLD/I2Cv2/hal_i2c_lld.h"
 305              		.file 25 "./lib/chibios/os/hal/include/hal_pwm.h"
 306              		.file 26 "./lib/chibios/os/hal/ports/STM32/LLD/TIMv1/hal_pwm_lld.h"
 307              		.file 27 "./lib/chibios/os/hal/include/hal_spi.h"
 308              		.file 28 "./lib/chibios/os/hal/ports/STM32/LLD/SPIv2/hal_spi_lld.h"
 309              		.file 29 "./lib/chibios/os/hal/include/hal_usb.h"
 310              		.file 30 "./lib/chibios/os/hal/ports/STM32/LLD/USBv1/hal_usb_lld.h"
 311              		.file 31 "./lib/chibios/os/hal/ports/STM32/STM32F0xx/hal_lld.h"
DEFINED SYMBOLS
                            *ABS*:00000000 board.c
C:\Users\kyleo\AppData\Local\Temp\ccgilDDt.s:16     .text.gpio_init:00000000 $t
C:\Users\kyleo\AppData\Local\Temp\ccgilDDt.s:23     .text.gpio_init:00000000 gpio_init
C:\Users\kyleo\AppData\Local\Temp\ccgilDDt.s:70     .text.enter_bootloader_mode_if_requested:00000000 $t
C:\Users\kyleo\AppData\Local\Temp\ccgilDDt.s:77     .text.enter_bootloader_mode_if_requested:00000000 enter_bootloader_mode_if_requested
C:\Users\kyleo\AppData\Local\Temp\ccgilDDt.s:92     .text.__early_init:00000000 $t
C:\Users\kyleo\AppData\Local\Temp\ccgilDDt.s:99     .text.__early_init:00000000 __early_init
C:\Users\kyleo\AppData\Local\Temp\ccgilDDt.s:195    .text.__early_init:0000005c $d
C:\Users\kyleo\AppData\Local\Temp\ccgilDDt.s:237    .rodata.gpio_default_config:00000000 gpio_default_config
C:\Users\kyleo\AppData\Local\Temp\ccgilDDt.s:212    .text.boardInit:00000000 $t
C:\Users\kyleo\AppData\Local\Temp\ccgilDDt.s:219    .text.boardInit:00000000 boardInit
C:\Users\kyleo\AppData\Local\Temp\ccgilDDt.s:234    .rodata.gpio_default_config:00000000 $d

UNDEFINED SYMBOLS
stm32_clock_init
