   1              		.cpu cortex-m0
   2              		.eabi_attribute 20, 1
   3              		.eabi_attribute 21, 1
   4              		.eabi_attribute 23, 3
   5              		.eabi_attribute 24, 1
   6              		.eabi_attribute 25, 1
   7              		.eabi_attribute 26, 1
   8              		.eabi_attribute 30, 4
   9              		.eabi_attribute 34, 0
  10              		.eabi_attribute 18, 2
  11              		.file	"process_space_cadet.c"
  12              		.text
  13              	.Ltext0:
  14              		.cfi_sections	.debug_frame
  15              		.section	.text.perform_space_cadet,"ax",%progbits
  16              		.align	1
  17              		.global	perform_space_cadet
  18              		.arch armv6s-m
  19              		.syntax unified
  20              		.code	16
  21              		.thumb_func
  22              		.fpu softvfp
  24              	perform_space_cadet:
  25              	.LVL0:
  26              	.LFB194:
  27              		.file 1 "quantum/process_keycode/process_space_cadet.c"
   1:quantum/process_keycode/process_space_cadet.c **** /* Copyright 2019 Jack Humbert
   2:quantum/process_keycode/process_space_cadet.c ****  *
   3:quantum/process_keycode/process_space_cadet.c ****  * This program is free software: you can redistribute it and/or modify
   4:quantum/process_keycode/process_space_cadet.c ****  * it under the terms of the GNU General Public License as published by
   5:quantum/process_keycode/process_space_cadet.c ****  * the Free Software Foundation, either version 2 of the License, or
   6:quantum/process_keycode/process_space_cadet.c ****  * (at your option) any later version.
   7:quantum/process_keycode/process_space_cadet.c ****  *
   8:quantum/process_keycode/process_space_cadet.c ****  * This program is distributed in the hope that it will be useful,
   9:quantum/process_keycode/process_space_cadet.c ****  * but WITHOUT ANY WARRANTY; without even the implied warranty of
  10:quantum/process_keycode/process_space_cadet.c ****  * MERCHANTABILITY or FITNESS FOR A PARTICULAR PURPOSE.  See the
  11:quantum/process_keycode/process_space_cadet.c ****  * GNU General Public License for more details.
  12:quantum/process_keycode/process_space_cadet.c ****  *
  13:quantum/process_keycode/process_space_cadet.c ****  * You should have received a copy of the GNU General Public License
  14:quantum/process_keycode/process_space_cadet.c ****  * along with this program.  If not, see <http://www.gnu.org/licenses/>.
  15:quantum/process_keycode/process_space_cadet.c ****  */
  16:quantum/process_keycode/process_space_cadet.c **** #include "process_space_cadet.h"
  17:quantum/process_keycode/process_space_cadet.c **** 
  18:quantum/process_keycode/process_space_cadet.c **** #ifndef TAPPING_TERM
  19:quantum/process_keycode/process_space_cadet.c **** #    define TAPPING_TERM 200
  20:quantum/process_keycode/process_space_cadet.c **** #endif
  21:quantum/process_keycode/process_space_cadet.c **** 
  22:quantum/process_keycode/process_space_cadet.c **** // ********** OBSOLETE DEFINES, STOP USING! (pls?) **********
  23:quantum/process_keycode/process_space_cadet.c **** // Shift / paren setup
  24:quantum/process_keycode/process_space_cadet.c **** #ifndef LSPO_KEY
  25:quantum/process_keycode/process_space_cadet.c **** #    define LSPO_KEY KC_9
  26:quantum/process_keycode/process_space_cadet.c **** #endif
  27:quantum/process_keycode/process_space_cadet.c **** #ifndef RSPC_KEY
  28:quantum/process_keycode/process_space_cadet.c **** #    define RSPC_KEY KC_0
  29:quantum/process_keycode/process_space_cadet.c **** #endif
  30:quantum/process_keycode/process_space_cadet.c **** 
  31:quantum/process_keycode/process_space_cadet.c **** // Shift / Enter setup
  32:quantum/process_keycode/process_space_cadet.c **** #ifndef SFTENT_KEY
  33:quantum/process_keycode/process_space_cadet.c **** #    define SFTENT_KEY KC_ENT
  34:quantum/process_keycode/process_space_cadet.c **** #endif
  35:quantum/process_keycode/process_space_cadet.c **** 
  36:quantum/process_keycode/process_space_cadet.c **** #ifdef DISABLE_SPACE_CADET_MODIFIER
  37:quantum/process_keycode/process_space_cadet.c **** #    ifndef LSPO_MOD
  38:quantum/process_keycode/process_space_cadet.c **** #        define LSPO_MOD KC_TRNS
  39:quantum/process_keycode/process_space_cadet.c **** #    endif
  40:quantum/process_keycode/process_space_cadet.c **** #    ifndef RSPC_MOD
  41:quantum/process_keycode/process_space_cadet.c **** #        define RSPC_MOD KC_TRNS
  42:quantum/process_keycode/process_space_cadet.c **** #    endif
  43:quantum/process_keycode/process_space_cadet.c **** #else
  44:quantum/process_keycode/process_space_cadet.c **** #    ifndef LSPO_MOD
  45:quantum/process_keycode/process_space_cadet.c **** #        define LSPO_MOD KC_LSFT
  46:quantum/process_keycode/process_space_cadet.c **** #    endif
  47:quantum/process_keycode/process_space_cadet.c **** #    ifndef RSPC_MOD
  48:quantum/process_keycode/process_space_cadet.c **** #        define RSPC_MOD KC_RSFT
  49:quantum/process_keycode/process_space_cadet.c **** #    endif
  50:quantum/process_keycode/process_space_cadet.c **** #endif
  51:quantum/process_keycode/process_space_cadet.c **** // **********************************************************
  52:quantum/process_keycode/process_space_cadet.c **** 
  53:quantum/process_keycode/process_space_cadet.c **** // Shift / paren setup
  54:quantum/process_keycode/process_space_cadet.c **** #ifndef LSPO_KEYS
  55:quantum/process_keycode/process_space_cadet.c **** #    define LSPO_KEYS KC_LSFT, LSPO_MOD, LSPO_KEY
  56:quantum/process_keycode/process_space_cadet.c **** #endif
  57:quantum/process_keycode/process_space_cadet.c **** #ifndef RSPC_KEYS
  58:quantum/process_keycode/process_space_cadet.c **** #    define RSPC_KEYS KC_RSFT, RSPC_MOD, RSPC_KEY
  59:quantum/process_keycode/process_space_cadet.c **** #endif
  60:quantum/process_keycode/process_space_cadet.c **** 
  61:quantum/process_keycode/process_space_cadet.c **** // Control / paren setup
  62:quantum/process_keycode/process_space_cadet.c **** #ifndef LCPO_KEYS
  63:quantum/process_keycode/process_space_cadet.c **** #    define LCPO_KEYS KC_LCTL, KC_LSFT, KC_9
  64:quantum/process_keycode/process_space_cadet.c **** #endif
  65:quantum/process_keycode/process_space_cadet.c **** #ifndef RCPC_KEYS
  66:quantum/process_keycode/process_space_cadet.c **** #    define RCPC_KEYS KC_RCTL, KC_RSFT, KC_0
  67:quantum/process_keycode/process_space_cadet.c **** #endif
  68:quantum/process_keycode/process_space_cadet.c **** 
  69:quantum/process_keycode/process_space_cadet.c **** // Alt / paren setup
  70:quantum/process_keycode/process_space_cadet.c **** #ifndef LAPO_KEYS
  71:quantum/process_keycode/process_space_cadet.c **** #    define LAPO_KEYS KC_LALT, KC_LSFT, KC_9
  72:quantum/process_keycode/process_space_cadet.c **** #endif
  73:quantum/process_keycode/process_space_cadet.c **** #ifndef RAPC_KEYS
  74:quantum/process_keycode/process_space_cadet.c **** #    define RAPC_KEYS KC_RALT, KC_RSFT, KC_0
  75:quantum/process_keycode/process_space_cadet.c **** #endif
  76:quantum/process_keycode/process_space_cadet.c **** 
  77:quantum/process_keycode/process_space_cadet.c **** // Shift / Enter setup
  78:quantum/process_keycode/process_space_cadet.c **** #ifndef SFTENT_KEYS
  79:quantum/process_keycode/process_space_cadet.c **** #    define SFTENT_KEYS KC_RSFT, KC_TRNS, SFTENT_KEY
  80:quantum/process_keycode/process_space_cadet.c **** #endif
  81:quantum/process_keycode/process_space_cadet.c **** 
  82:quantum/process_keycode/process_space_cadet.c **** static uint8_t  sc_last  = 0;
  83:quantum/process_keycode/process_space_cadet.c **** static uint16_t sc_timer = 0;
  84:quantum/process_keycode/process_space_cadet.c **** #ifdef SPACE_CADET_MODIFIER_CARRYOVER
  85:quantum/process_keycode/process_space_cadet.c **** static uint8_t sc_mods = 0;
  86:quantum/process_keycode/process_space_cadet.c **** #endif
  87:quantum/process_keycode/process_space_cadet.c **** 
  88:quantum/process_keycode/process_space_cadet.c **** void perform_space_cadet(keyrecord_t *record, uint8_t holdMod, uint8_t tapMod, uint8_t keycode) {
  28              		.loc 1 88 97 view -0
  29              		.cfi_startproc
  30              		@ args = 0, pretend = 0, frame = 0
  31              		@ frame_needed = 0, uses_anonymous_args = 0
  89:quantum/process_keycode/process_space_cadet.c ****     if (record->event.pressed) {
  32              		.loc 1 89 5 view .LVU1
  88:quantum/process_keycode/process_space_cadet.c ****     if (record->event.pressed) {
  33              		.loc 1 88 97 is_stmt 0 view .LVU2
  34 0000 F8B5     		push	{r3, r4, r5, r6, r7, lr}
  35              		.cfi_def_cfa_offset 24
  36              		.cfi_offset 3, -24
  37              		.cfi_offset 4, -20
  38              		.cfi_offset 5, -16
  39              		.cfi_offset 6, -12
  40              		.cfi_offset 7, -8
  41              		.cfi_offset 14, -4
  88:quantum/process_keycode/process_space_cadet.c ****     if (record->event.pressed) {
  42              		.loc 1 88 97 view .LVU3
  43 0002 1500     		movs	r5, r2
  44              		.loc 1 89 8 view .LVU4
  45 0004 8278     		ldrb	r2, [r0, #2]
  46              	.LVL1:
  88:quantum/process_keycode/process_space_cadet.c ****     if (record->event.pressed) {
  47              		.loc 1 88 97 view .LVU5
  48 0006 1F00     		movs	r7, r3
  49 0008 0C00     		movs	r4, r1
  50 000a 284B     		ldr	r3, .L12
  51              	.LVL2:
  52              		.loc 1 89 8 view .LVU6
  53 000c 002A     		cmp	r2, #0
  54 000e 11D0     		beq	.L2
  90:quantum/process_keycode/process_space_cadet.c ****         sc_last  = holdMod;
  55              		.loc 1 90 9 is_stmt 1 view .LVU7
  56              		.loc 1 90 18 is_stmt 0 view .LVU8
  57 0010 1970     		strb	r1, [r3]
  91:quantum/process_keycode/process_space_cadet.c ****         sc_timer = timer_read();
  58              		.loc 1 91 9 is_stmt 1 view .LVU9
  59              		.loc 1 91 20 is_stmt 0 view .LVU10
  60 0012 FFF7FEFF 		bl	timer_read
  61              	.LVL3:
  62              		.loc 1 91 18 view .LVU11
  63 0016 264B     		ldr	r3, .L12+4
  64 0018 1880     		strh	r0, [r3]
  92:quantum/process_keycode/process_space_cadet.c **** #ifdef SPACE_CADET_MODIFIER_CARRYOVER
  93:quantum/process_keycode/process_space_cadet.c ****         sc_mods = get_mods();
  94:quantum/process_keycode/process_space_cadet.c **** #endif
  95:quantum/process_keycode/process_space_cadet.c ****         if (IS_MOD(holdMod)) {
  65              		.loc 1 95 9 is_stmt 1 view .LVU12
  66              		.loc 1 95 13 is_stmt 0 view .LVU13
  67 001a 2300     		movs	r3, r4
  68 001c 2033     		adds	r3, r3, #32
  69              		.loc 1 95 12 view .LVU14
  70 001e DBB2     		uxtb	r3, r3
  71 0020 072B     		cmp	r3, #7
  72 0022 06D8     		bhi	.L1
  96:quantum/process_keycode/process_space_cadet.c ****             register_mods(MOD_BIT(holdMod));
  73              		.loc 1 96 13 is_stmt 1 view .LVU15
  74              		.loc 1 96 27 is_stmt 0 view .LVU16
  75 0024 0723     		movs	r3, #7
  76 0026 0120     		movs	r0, #1
  77 0028 1C40     		ands	r4, r3
  78 002a A040     		lsls	r0, r0, r4
  79              		.loc 1 96 13 view .LVU17
  80 002c C0B2     		uxtb	r0, r0
  81 002e FFF7FEFF 		bl	register_mods
  82              	.LVL4:
  83              	.L1:
  97:quantum/process_keycode/process_space_cadet.c ****         }
  98:quantum/process_keycode/process_space_cadet.c ****     } else {
  99:quantum/process_keycode/process_space_cadet.c ****         if (sc_last == holdMod && timer_elapsed(sc_timer) < TAPPING_TERM) {
 100:quantum/process_keycode/process_space_cadet.c ****             if (holdMod != tapMod) {
 101:quantum/process_keycode/process_space_cadet.c ****                 if (IS_MOD(holdMod)) {
 102:quantum/process_keycode/process_space_cadet.c ****                     unregister_mods(MOD_BIT(holdMod));
 103:quantum/process_keycode/process_space_cadet.c ****                 }
 104:quantum/process_keycode/process_space_cadet.c ****                 if (IS_MOD(tapMod)) {
 105:quantum/process_keycode/process_space_cadet.c ****                     register_mods(MOD_BIT(tapMod));
 106:quantum/process_keycode/process_space_cadet.c ****                 }
 107:quantum/process_keycode/process_space_cadet.c ****             }
 108:quantum/process_keycode/process_space_cadet.c **** #ifdef SPACE_CADET_MODIFIER_CARRYOVER
 109:quantum/process_keycode/process_space_cadet.c ****             set_weak_mods(sc_mods);
 110:quantum/process_keycode/process_space_cadet.c **** #endif
 111:quantum/process_keycode/process_space_cadet.c ****             tap_code(keycode);
 112:quantum/process_keycode/process_space_cadet.c **** #ifdef SPACE_CADET_MODIFIER_CARRYOVER
 113:quantum/process_keycode/process_space_cadet.c ****             clear_weak_mods();
 114:quantum/process_keycode/process_space_cadet.c **** #endif
 115:quantum/process_keycode/process_space_cadet.c ****             if (IS_MOD(tapMod)) {
 116:quantum/process_keycode/process_space_cadet.c ****                 unregister_mods(MOD_BIT(tapMod));
 117:quantum/process_keycode/process_space_cadet.c ****             }
 118:quantum/process_keycode/process_space_cadet.c ****         } else {
 119:quantum/process_keycode/process_space_cadet.c ****             if (IS_MOD(holdMod)) {
 120:quantum/process_keycode/process_space_cadet.c ****                 unregister_mods(MOD_BIT(holdMod));
 121:quantum/process_keycode/process_space_cadet.c ****             }
 122:quantum/process_keycode/process_space_cadet.c ****         }
 123:quantum/process_keycode/process_space_cadet.c ****     }
 124:quantum/process_keycode/process_space_cadet.c **** }
  84              		.loc 1 124 1 view .LVU18
  85              		@ sp needed
  86 0032 F8BD     		pop	{r3, r4, r5, r6, r7, pc}
  87              	.LVL5:
  88              	.L2:
  99:quantum/process_keycode/process_space_cadet.c ****             if (holdMod != tapMod) {
  89              		.loc 1 99 9 is_stmt 1 view .LVU19
  99:quantum/process_keycode/process_space_cadet.c ****             if (holdMod != tapMod) {
  90              		.loc 1 99 12 is_stmt 0 view .LVU20
  91 0034 1E78     		ldrb	r6, [r3]
  92 0036 8E42     		cmp	r6, r1
  93 0038 2DD1     		bne	.L5
  99:quantum/process_keycode/process_space_cadet.c ****             if (holdMod != tapMod) {
  94              		.loc 1 99 35 discriminator 1 view .LVU21
  95 003a 1D4B     		ldr	r3, .L12+4
  96 003c 1888     		ldrh	r0, [r3]
  97              	.LVL6:
  99:quantum/process_keycode/process_space_cadet.c ****             if (holdMod != tapMod) {
  98              		.loc 1 99 35 discriminator 1 view .LVU22
  99 003e FFF7FEFF 		bl	timer_elapsed
 100              	.LVL7:
  99:quantum/process_keycode/process_space_cadet.c ****             if (holdMod != tapMod) {
 101              		.loc 1 99 32 discriminator 1 view .LVU23
 102 0042 C728     		cmp	r0, #199
 103 0044 27D8     		bhi	.L5
 104              	.LVL8:
 105              	.LBB4:
 106              	.LBI4:
  88:quantum/process_keycode/process_space_cadet.c ****     if (record->event.pressed) {
 107              		.loc 1 88 6 is_stmt 1 view .LVU24
 108              	.LBB5:
 100:quantum/process_keycode/process_space_cadet.c ****                 if (IS_MOD(holdMod)) {
 109              		.loc 1 100 13 view .LVU25
 110 0046 2C00     		movs	r4, r5
 111 0048 2034     		adds	r4, r4, #32
 100:quantum/process_keycode/process_space_cadet.c ****                 if (IS_MOD(holdMod)) {
 112              		.loc 1 100 16 is_stmt 0 view .LVU26
 113 004a AE42     		cmp	r6, r5
 114 004c 15D0     		beq	.L7
 101:quantum/process_keycode/process_space_cadet.c ****                     unregister_mods(MOD_BIT(holdMod));
 115              		.loc 1 101 17 is_stmt 1 view .LVU27
 101:quantum/process_keycode/process_space_cadet.c ****                     unregister_mods(MOD_BIT(holdMod));
 116              		.loc 1 101 21 is_stmt 0 view .LVU28
 117 004e 3300     		movs	r3, r6
 118 0050 2033     		adds	r3, r3, #32
 101:quantum/process_keycode/process_space_cadet.c ****                     unregister_mods(MOD_BIT(holdMod));
 119              		.loc 1 101 20 view .LVU29
 120 0052 DBB2     		uxtb	r3, r3
 121 0054 072B     		cmp	r3, #7
 122 0056 06D8     		bhi	.L8
 102:quantum/process_keycode/process_space_cadet.c ****                 }
 123              		.loc 1 102 21 is_stmt 1 view .LVU30
 102:quantum/process_keycode/process_space_cadet.c ****                 }
 124              		.loc 1 102 37 is_stmt 0 view .LVU31
 125 0058 0723     		movs	r3, #7
 126 005a 0120     		movs	r0, #1
 127 005c 1E40     		ands	r6, r3
 128              	.LVL9:
 102:quantum/process_keycode/process_space_cadet.c ****                 }
 129              		.loc 1 102 37 view .LVU32
 130 005e B040     		lsls	r0, r0, r6
 102:quantum/process_keycode/process_space_cadet.c ****                 }
 131              		.loc 1 102 21 view .LVU33
 132 0060 C0B2     		uxtb	r0, r0
 133 0062 FFF7FEFF 		bl	unregister_mods
 134              	.LVL10:
 135              	.L8:
 104:quantum/process_keycode/process_space_cadet.c ****                     register_mods(MOD_BIT(tapMod));
 136              		.loc 1 104 17 is_stmt 1 view .LVU34
 104:quantum/process_keycode/process_space_cadet.c ****                     register_mods(MOD_BIT(tapMod));
 137              		.loc 1 104 20 is_stmt 0 view .LVU35
 138 0066 E3B2     		uxtb	r3, r4
 139 0068 072B     		cmp	r3, #7
 140 006a 06D8     		bhi	.L7
 105:quantum/process_keycode/process_space_cadet.c ****                 }
 141              		.loc 1 105 21 is_stmt 1 view .LVU36
 105:quantum/process_keycode/process_space_cadet.c ****                 }
 142              		.loc 1 105 35 is_stmt 0 view .LVU37
 143 006c 0723     		movs	r3, #7
 144 006e 0120     		movs	r0, #1
 145 0070 2B40     		ands	r3, r5
 146 0072 9840     		lsls	r0, r0, r3
 105:quantum/process_keycode/process_space_cadet.c ****                 }
 147              		.loc 1 105 21 view .LVU38
 148 0074 C0B2     		uxtb	r0, r0
 149 0076 FFF7FEFF 		bl	register_mods
 150              	.LVL11:
 151              	.L7:
 111:quantum/process_keycode/process_space_cadet.c **** #ifdef SPACE_CADET_MODIFIER_CARRYOVER
 152              		.loc 1 111 13 is_stmt 1 view .LVU39
 153 007a 3800     		movs	r0, r7
 115:quantum/process_keycode/process_space_cadet.c ****                 unregister_mods(MOD_BIT(tapMod));
 154              		.loc 1 115 16 is_stmt 0 view .LVU40
 155 007c E4B2     		uxtb	r4, r4
 111:quantum/process_keycode/process_space_cadet.c **** #ifdef SPACE_CADET_MODIFIER_CARRYOVER
 156              		.loc 1 111 13 view .LVU41
 157 007e FFF7FEFF 		bl	tap_code
 158              	.LVL12:
 115:quantum/process_keycode/process_space_cadet.c ****                 unregister_mods(MOD_BIT(tapMod));
 159              		.loc 1 115 13 is_stmt 1 view .LVU42
 115:quantum/process_keycode/process_space_cadet.c ****                 unregister_mods(MOD_BIT(tapMod));
 160              		.loc 1 115 16 is_stmt 0 view .LVU43
 161 0082 072C     		cmp	r4, #7
 162 0084 D5D8     		bhi	.L1
 116:quantum/process_keycode/process_space_cadet.c ****             }
 163              		.loc 1 116 17 is_stmt 1 view .LVU44
 116:quantum/process_keycode/process_space_cadet.c ****             }
 164              		.loc 1 116 33 is_stmt 0 view .LVU45
 165 0086 0723     		movs	r3, #7
 166 0088 0120     		movs	r0, #1
 167 008a 1D40     		ands	r5, r3
 168              	.LVL13:
 116:quantum/process_keycode/process_space_cadet.c ****             }
 169              		.loc 1 116 33 view .LVU46
 170 008c A840     		lsls	r0, r0, r5
 171              	.LVL14:
 172              	.L11:
 116:quantum/process_keycode/process_space_cadet.c ****             }
 173              		.loc 1 116 33 view .LVU47
 174              	.LBE5:
 175              	.LBE4:
 120:quantum/process_keycode/process_space_cadet.c ****             }
 176              		.loc 1 120 17 view .LVU48
 177 008e C0B2     		uxtb	r0, r0
 178 0090 FFF7FEFF 		bl	unregister_mods
 179              	.LVL15:
 180              		.loc 1 124 1 view .LVU49
 181 0094 CDE7     		b	.L1
 182              	.L5:
 119:quantum/process_keycode/process_space_cadet.c ****                 unregister_mods(MOD_BIT(holdMod));
 183              		.loc 1 119 13 is_stmt 1 view .LVU50
 119:quantum/process_keycode/process_space_cadet.c ****                 unregister_mods(MOD_BIT(holdMod));
 184              		.loc 1 119 17 is_stmt 0 view .LVU51
 185 0096 2300     		movs	r3, r4
 186 0098 2033     		adds	r3, r3, #32
 119:quantum/process_keycode/process_space_cadet.c ****                 unregister_mods(MOD_BIT(holdMod));
 187              		.loc 1 119 16 view .LVU52
 188 009a DBB2     		uxtb	r3, r3
 189 009c 072B     		cmp	r3, #7
 190 009e C8D8     		bhi	.L1
 120:quantum/process_keycode/process_space_cadet.c ****             }
 191              		.loc 1 120 17 is_stmt 1 view .LVU53
 120:quantum/process_keycode/process_space_cadet.c ****             }
 192              		.loc 1 120 33 is_stmt 0 view .LVU54
 193 00a0 0723     		movs	r3, #7
 194 00a2 0120     		movs	r0, #1
 195 00a4 1C40     		ands	r4, r3
 196 00a6 A040     		lsls	r0, r0, r4
 197 00a8 F1E7     		b	.L11
 198              	.L13:
 199 00aa C046     		.align	2
 200              	.L12:
 201 00ac 00000000 		.word	.LANCHOR0
 202 00b0 00000000 		.word	.LANCHOR1
 203              		.cfi_endproc
 204              	.LFE194:
 206              		.section	.text.process_space_cadet,"ax",%progbits
 207              		.align	1
 208              		.global	process_space_cadet
 209              		.syntax unified
 210              		.code	16
 211              		.thumb_func
 212              		.fpu softvfp
 214              	process_space_cadet:
 215              	.LVL16:
 216              	.LFB195:
 125:quantum/process_keycode/process_space_cadet.c **** 
 126:quantum/process_keycode/process_space_cadet.c **** bool process_space_cadet(uint16_t keycode, keyrecord_t *record) {
 217              		.loc 1 126 65 is_stmt 1 view -0
 218              		.cfi_startproc
 219              		@ args = 0, pretend = 0, frame = 0
 220              		@ frame_needed = 0, uses_anonymous_args = 0
 127:quantum/process_keycode/process_space_cadet.c ****     switch (keycode) {
 221              		.loc 1 127 5 view .LVU56
 222 0000 1E4A     		ldr	r2, .L28
 126:quantum/process_keycode/process_space_cadet.c ****     switch (keycode) {
 223              		.loc 1 126 65 is_stmt 0 view .LVU57
 224 0002 0300     		movs	r3, r0
 225 0004 10B5     		push	{r4, lr}
 226              		.cfi_def_cfa_offset 8
 227              		.cfi_offset 4, -8
 228              		.cfi_offset 14, -4
 126:quantum/process_keycode/process_space_cadet.c ****     switch (keycode) {
 229              		.loc 1 126 65 view .LVU58
 230 0006 0800     		movs	r0, r1
 231              	.LVL17:
 232              		.loc 1 127 5 view .LVU59
 233 0008 9342     		cmp	r3, r2
 234 000a 21D0     		beq	.L15
 235 000c 0FD8     		bhi	.L16
 236 000e 1C4A     		ldr	r2, .L28+4
 237 0010 9342     		cmp	r3, r2
 238 0012 1AD0     		beq	.L17
 239 0014 1B4A     		ldr	r2, .L28+8
 240 0016 9342     		cmp	r3, r2
 241 0018 2AD0     		beq	.L18
 242 001a 1B4A     		ldr	r2, .L28+12
 243 001c 9342     		cmp	r3, r2
 244 001e 0DD1     		bne	.L20
 128:quantum/process_keycode/process_space_cadet.c ****         case KC_LSPO: {
 129:quantum/process_keycode/process_space_cadet.c ****             perform_space_cadet(record, LSPO_KEYS);
 245              		.loc 1 129 13 is_stmt 1 view .LVU60
 246 0020 2623     		movs	r3, #38
 247 0022 E122     		movs	r2, #225
 248              	.L27:
 130:quantum/process_keycode/process_space_cadet.c ****             return false;
 131:quantum/process_keycode/process_space_cadet.c ****         }
 132:quantum/process_keycode/process_space_cadet.c ****         case KC_RSPC: {
 133:quantum/process_keycode/process_space_cadet.c ****             perform_space_cadet(record, RSPC_KEYS);
 249              		.loc 1 133 13 is_stmt 0 view .LVU61
 250 0024 1100     		movs	r1, r2
 251              	.LVL18:
 252              	.L26:
 134:quantum/process_keycode/process_space_cadet.c ****             return false;
 135:quantum/process_keycode/process_space_cadet.c ****         }
 136:quantum/process_keycode/process_space_cadet.c ****         case KC_LCPO: {
 137:quantum/process_keycode/process_space_cadet.c ****             perform_space_cadet(record, LCPO_KEYS);
 138:quantum/process_keycode/process_space_cadet.c ****             return false;
 139:quantum/process_keycode/process_space_cadet.c ****         }
 140:quantum/process_keycode/process_space_cadet.c ****         case KC_RCPC: {
 141:quantum/process_keycode/process_space_cadet.c ****             perform_space_cadet(record, RCPC_KEYS);
 142:quantum/process_keycode/process_space_cadet.c ****             return false;
 143:quantum/process_keycode/process_space_cadet.c ****         }
 144:quantum/process_keycode/process_space_cadet.c ****         case KC_LAPO: {
 145:quantum/process_keycode/process_space_cadet.c ****             perform_space_cadet(record, LAPO_KEYS);
 146:quantum/process_keycode/process_space_cadet.c ****             return false;
 147:quantum/process_keycode/process_space_cadet.c ****         }
 148:quantum/process_keycode/process_space_cadet.c ****         case KC_RAPC: {
 149:quantum/process_keycode/process_space_cadet.c ****             perform_space_cadet(record, RAPC_KEYS);
 150:quantum/process_keycode/process_space_cadet.c ****             return false;
 151:quantum/process_keycode/process_space_cadet.c ****         }
 152:quantum/process_keycode/process_space_cadet.c ****         case KC_SFTENT: {
 153:quantum/process_keycode/process_space_cadet.c ****             perform_space_cadet(record, SFTENT_KEYS);
 253              		.loc 1 153 13 view .LVU62
 254 0026 FFF7FEFF 		bl	perform_space_cadet
 255              	.LVL19:
 154:quantum/process_keycode/process_space_cadet.c ****             return false;
 256              		.loc 1 154 13 is_stmt 1 view .LVU63
 257              		.loc 1 154 20 is_stmt 0 view .LVU64
 258 002a 0020     		movs	r0, #0
 259              	.L24:
 155:quantum/process_keycode/process_space_cadet.c ****         }
 156:quantum/process_keycode/process_space_cadet.c ****         default: {
 157:quantum/process_keycode/process_space_cadet.c ****             if (record->event.pressed) {
 158:quantum/process_keycode/process_space_cadet.c ****                 sc_last = 0;
 159:quantum/process_keycode/process_space_cadet.c ****             }
 160:quantum/process_keycode/process_space_cadet.c ****             break;
 161:quantum/process_keycode/process_space_cadet.c ****         }
 162:quantum/process_keycode/process_space_cadet.c ****     }
 163:quantum/process_keycode/process_space_cadet.c ****     return true;
 164:quantum/process_keycode/process_space_cadet.c **** }
 260              		.loc 1 164 1 view .LVU65
 261              		@ sp needed
 262 002c 10BD     		pop	{r4, pc}
 263              	.LVL20:
 264              	.L16:
 127:quantum/process_keycode/process_space_cadet.c ****         case KC_LSPO: {
 265              		.loc 1 127 5 view .LVU66
 266 002e 174A     		ldr	r2, .L28+16
 267 0030 9342     		cmp	r3, r2
 268 0032 15D0     		beq	.L21
 269 0034 10D3     		bcc	.L22
 270 0036 164A     		ldr	r2, .L28+20
 271 0038 9342     		cmp	r3, r2
 272 003a 15D0     		beq	.L23
 273              	.L20:
 157:quantum/process_keycode/process_space_cadet.c ****                 sc_last = 0;
 274              		.loc 1 157 13 is_stmt 1 view .LVU67
 157:quantum/process_keycode/process_space_cadet.c ****                 sc_last = 0;
 275              		.loc 1 157 30 is_stmt 0 view .LVU68
 276 003c 8078     		ldrb	r0, [r0, #2]
 277              	.LVL21:
 157:quantum/process_keycode/process_space_cadet.c ****                 sc_last = 0;
 278              		.loc 1 157 16 view .LVU69
 279 003e 0028     		cmp	r0, #0
 280 0040 1AD0     		beq	.L25
 158:quantum/process_keycode/process_space_cadet.c ****             }
 281              		.loc 1 158 17 is_stmt 1 view .LVU70
 158:quantum/process_keycode/process_space_cadet.c ****             }
 282              		.loc 1 158 25 is_stmt 0 view .LVU71
 283 0042 0022     		movs	r2, #0
 284 0044 134B     		ldr	r3, .L28+24
 285 0046 1A70     		strb	r2, [r3]
 286 0048 F0E7     		b	.L24
 287              	.LVL22:
 288              	.L17:
 133:quantum/process_keycode/process_space_cadet.c ****             return false;
 289              		.loc 1 133 13 is_stmt 1 view .LVU72
 290 004a 2723     		movs	r3, #39
 291 004c E522     		movs	r2, #229
 292 004e E9E7     		b	.L27
 293              	.L15:
 137:quantum/process_keycode/process_space_cadet.c ****             return false;
 294              		.loc 1 137 13 view .LVU73
 295 0050 2623     		movs	r3, #38
 296 0052 E122     		movs	r2, #225
 297 0054 E021     		movs	r1, #224
 298 0056 E6E7     		b	.L26
 299              	.L22:
 141:quantum/process_keycode/process_space_cadet.c ****             return false;
 300              		.loc 1 141 13 view .LVU74
 301 0058 2723     		movs	r3, #39
 302 005a E522     		movs	r2, #229
 303 005c E421     		movs	r1, #228
 304 005e E2E7     		b	.L26
 305              	.L21:
 145:quantum/process_keycode/process_space_cadet.c ****             return false;
 306              		.loc 1 145 13 view .LVU75
 307 0060 2623     		movs	r3, #38
 308 0062 E122     		movs	r2, #225
 309 0064 E221     		movs	r1, #226
 310 0066 DEE7     		b	.L26
 311              	.L23:
 149:quantum/process_keycode/process_space_cadet.c ****             return false;
 312              		.loc 1 149 13 view .LVU76
 313 0068 2723     		movs	r3, #39
 314 006a E522     		movs	r2, #229
 315 006c E621     		movs	r1, #230
 316 006e DAE7     		b	.L26
 317              	.L18:
 153:quantum/process_keycode/process_space_cadet.c ****             return false;
 318              		.loc 1 153 13 view .LVU77
 319 0070 2823     		movs	r3, #40
 320 0072 0122     		movs	r2, #1
 321 0074 E521     		movs	r1, #229
 322 0076 D6E7     		b	.L26
 323              	.LVL23:
 324              	.L25:
 163:quantum/process_keycode/process_space_cadet.c **** }
 325              		.loc 1 163 12 is_stmt 0 view .LVU78
 326 0078 0120     		movs	r0, #1
 327 007a D7E7     		b	.L24
 328              	.L29:
 329              		.align	2
 330              	.L28:
 331 007c F35C0000 		.word	23795
 332 0080 D85C0000 		.word	23768
 333 0084 D95C0000 		.word	23769
 334 0088 D75C0000 		.word	23767
 335 008c F55C0000 		.word	23797
 336 0090 F65C0000 		.word	23798
 337 0094 00000000 		.word	.LANCHOR0
 338              		.cfi_endproc
 339              	.LFE195:
 341              		.section	.bss.sc_last,"aw",%nobits
 342              		.set	.LANCHOR0,. + 0
 345              	sc_last:
 346 0000 00       		.space	1
 347              		.section	.bss.sc_timer,"aw",%nobits
 348              		.align	1
 349              		.set	.LANCHOR1,. + 0
 352              	sc_timer:
 353 0000 0000     		.space	2
 354              		.text
 355              	.Letext0:
 356              		.file 2 "c:\\msys64\\home\\kyleo\\qmk_utils\\gcc-arm-none-eabi\\lib\\gcc\\arm-none-eabi\\8.3.1\\in
 357              		.file 3 "c:\\msys64\\home\\kyleo\\qmk_utils\\gcc-arm-none-eabi\\arm-none-eabi\\include\\machine\\_
 358              		.file 4 "c:\\msys64\\home\\kyleo\\qmk_utils\\gcc-arm-none-eabi\\arm-none-eabi\\include\\sys\\_stdi
 359              		.file 5 "c:\\msys64\\home\\kyleo\\qmk_utils\\gcc-arm-none-eabi\\arm-none-eabi\\include\\stdint.h"
 360              		.file 6 "./lib/chibios/os/common/ports/ARMCMx/compilers/GCC/chtypes.h"
 361              		.file 7 "./lib/chibios/os/rt/include/chsystypes.h"
 362              		.file 8 "./lib/chibios/os/rt/include/chschd.h"
 363              		.file 9 "./lib/chibios/os/rt/include/chtime.h"
 364              		.file 10 "./lib/chibios/os/common/ext/ST/STM32F0xx/system_stm32f0xx.h"
 365              		.file 11 "./lib/chibios/os/common/ext/ST/STM32F0xx/stm32f072xb.h"
 366              		.file 12 "./lib/chibios/os/common/ports/ARMCMx/chcore.h"
 367              		.file 13 "./lib/chibios/os/common/ports/ARMCMx/chcore_v6m.h"
 368              		.file 14 "./lib/chibios/os/hal/ports/STM32/LLD/TIMv1/stm32_tim.h"
 369              		.file 15 "./lib/chibios/os/rt/include/chsem.h"
 370              		.file 16 "./lib/chibios/os/rt/include/chmtx.h"
 371              		.file 17 "./lib/chibios/os/rt/include/chsys.h"
 372              		.file 18 "./lib/chibios/os/rt/include/chregistry.h"
 373              		.file 19 "./lib/chibios/os/oslib/include/chmemcore.h"
 374              		.file 20 "./lib/chibios/os/hal/ports/STM32/LLD/DMAv1/stm32_dma.h"
 375              		.file 21 "./lib/chibios/os/hal/ports/STM32/LLD/GPIOv2/stm32_gpio.h"
 376              		.file 22 "./lib/chibios/os/hal/ports/STM32/LLD/GPIOv2/hal_pal_lld.h"
 377              		.file 23 "./lib/chibios/os/hal/include/hal_i2c.h"
 378              		.file 24 "./lib/chibios/os/hal/ports/STM32/LLD/I2Cv2/hal_i2c_lld.h"
 379              		.file 25 "./lib/chibios/os/hal/include/hal_pwm.h"
 380              		.file 26 "./lib/chibios/os/hal/ports/STM32/LLD/TIMv1/hal_pwm_lld.h"
 381              		.file 27 "./lib/chibios/os/hal/include/hal_spi.h"
 382              		.file 28 "./lib/chibios/os/hal/ports/STM32/LLD/SPIv2/hal_spi_lld.h"
 383              		.file 29 "./lib/chibios/os/hal/include/hal_usb.h"
 384              		.file 30 "./lib/chibios/os/hal/ports/STM32/LLD/USBv1/hal_usb_lld.h"
 385              		.file 31 "tmk_core/common/keyboard.h"
 386              		.file 32 "tmk_core/common/action.h"
 387              		.file 33 "tmk_core/common/report.h"
 388              		.file 34 "tmk_core/common/host.h"
 389              		.file 35 "tmk_core/common/debug.h"
 390              		.file 36 "quantum/keycode_config.h"
 391              		.file 37 "tmk_core/common/keycode.h"
 392              		.file 38 "quantum/quantum_keycodes.h"
 393              		.file 39 "quantum/keymap.h"
 394              		.file 40 "./quantum/color.h"
 395              		.file 41 "quantum/rgblight.h"
 396              		.file 42 "tmk_core/common/action_layer.h"
 397              		.file 43 "tmk_core/common/timer.h"
 398              		.file 44 "tmk_core/common/action_util.h"
 399              		.file 45 "c:\\msys64\\home\\kyleo\\qmk_utils\\gcc-arm-none-eabi\\arm-none-eabi\\include\\sys\\_typ
 400              		.file 46 "c:\\msys64\\home\\kyleo\\qmk_utils\\gcc-arm-none-eabi\\arm-none-eabi\\include\\sys\\reen
 401              		.file 47 "c:\\msys64\\home\\kyleo\\qmk_utils\\gcc-arm-none-eabi\\arm-none-eabi\\include\\sys\\lock
 402              		.file 48 "c:\\msys64\\home\\kyleo\\qmk_utils\\gcc-arm-none-eabi\\arm-none-eabi\\include\\stdlib.h"
 403              		.file 49 "quantum/quantum.h"
DEFINED SYMBOLS
                            *ABS*:00000000 process_space_cadet.c
C:\Users\kyleo\AppData\Local\Temp\ccZfQebg.s:16     .text.perform_space_cadet:00000000 $t
C:\Users\kyleo\AppData\Local\Temp\ccZfQebg.s:24     .text.perform_space_cadet:00000000 perform_space_cadet
C:\Users\kyleo\AppData\Local\Temp\ccZfQebg.s:201    .text.perform_space_cadet:000000ac $d
C:\Users\kyleo\AppData\Local\Temp\ccZfQebg.s:207    .text.process_space_cadet:00000000 $t
C:\Users\kyleo\AppData\Local\Temp\ccZfQebg.s:214    .text.process_space_cadet:00000000 process_space_cadet
C:\Users\kyleo\AppData\Local\Temp\ccZfQebg.s:331    .text.process_space_cadet:0000007c $d
C:\Users\kyleo\AppData\Local\Temp\ccZfQebg.s:345    .bss.sc_last:00000000 sc_last
C:\Users\kyleo\AppData\Local\Temp\ccZfQebg.s:346    .bss.sc_last:00000000 $d
C:\Users\kyleo\AppData\Local\Temp\ccZfQebg.s:348    .bss.sc_timer:00000000 $d
C:\Users\kyleo\AppData\Local\Temp\ccZfQebg.s:352    .bss.sc_timer:00000000 sc_timer

UNDEFINED SYMBOLS
timer_read
register_mods
timer_elapsed
unregister_mods
tap_code
