   1              		.cpu cortex-m0
   2              		.eabi_attribute 20, 1
   3              		.eabi_attribute 21, 1
   4              		.eabi_attribute 23, 3
   5              		.eabi_attribute 24, 1
   6              		.eabi_attribute 25, 1
   7              		.eabi_attribute 26, 1
   8              		.eabi_attribute 30, 4
   9              		.eabi_attribute 34, 0
  10              		.eabi_attribute 18, 2
  11              		.file	"process_backlight.c"
  12              		.text
  13              	.Ltext0:
  14              		.cfi_sections	.debug_frame
  15              		.section	.text.process_backlight,"ax",%progbits
  16              		.align	1
  17              		.global	process_backlight
  18              		.arch armv6s-m
  19              		.syntax unified
  20              		.code	16
  21              		.thumb_func
  22              		.fpu softvfp
  24              	process_backlight:
  25              	.LVL0:
  26              	.LFB194:
  27              		.file 1 "quantum/process_keycode/process_backlight.c"
   1:quantum/process_keycode/process_backlight.c **** /* Copyright 2019
   2:quantum/process_keycode/process_backlight.c ****  *
   3:quantum/process_keycode/process_backlight.c ****  * This program is free software: you can redistribute it and/or modify
   4:quantum/process_keycode/process_backlight.c ****  * it under the terms of the GNU General Public License as published by
   5:quantum/process_keycode/process_backlight.c ****  * the Free Software Foundation, either version 2 of the License, or
   6:quantum/process_keycode/process_backlight.c ****  * (at your option) any later version.
   7:quantum/process_keycode/process_backlight.c ****  *
   8:quantum/process_keycode/process_backlight.c ****  * This program is distributed in the hope that it will be useful,
   9:quantum/process_keycode/process_backlight.c ****  * but WITHOUT ANY WARRANTY; without even the implied warranty of
  10:quantum/process_keycode/process_backlight.c ****  * MERCHANTABILITY or FITNESS FOR A PARTICULAR PURPOSE.  See the
  11:quantum/process_keycode/process_backlight.c ****  * GNU General Public License for more details.
  12:quantum/process_keycode/process_backlight.c ****  *
  13:quantum/process_keycode/process_backlight.c ****  * You should have received a copy of the GNU General Public License
  14:quantum/process_keycode/process_backlight.c ****  * along with this program.  If not, see <http://www.gnu.org/licenses/>.
  15:quantum/process_keycode/process_backlight.c ****  */
  16:quantum/process_keycode/process_backlight.c **** 
  17:quantum/process_keycode/process_backlight.c **** #include "process_backlight.h"
  18:quantum/process_keycode/process_backlight.c **** 
  19:quantum/process_keycode/process_backlight.c **** #include "backlight.h"
  20:quantum/process_keycode/process_backlight.c **** 
  21:quantum/process_keycode/process_backlight.c **** bool process_backlight(uint16_t keycode, keyrecord_t *record) {
  28              		.loc 1 21 63 view -0
  29              		.cfi_startproc
  30              		@ args = 0, pretend = 0, frame = 0
  31              		@ frame_needed = 0, uses_anonymous_args = 0
  22:quantum/process_keycode/process_backlight.c ****     if (record->event.pressed) {
  32              		.loc 1 22 5 view .LVU1
  33              		.loc 1 22 22 is_stmt 0 view .LVU2
  34 0000 8B78     		ldrb	r3, [r1, #2]
  21:quantum/process_keycode/process_backlight.c ****     if (record->event.pressed) {
  35              		.loc 1 21 63 view .LVU3
  36 0002 10B5     		push	{r4, lr}
  37              		.cfi_def_cfa_offset 8
  38              		.cfi_offset 4, -8
  39              		.cfi_offset 14, -4
  40              		.loc 1 22 8 view .LVU4
  41 0004 002B     		cmp	r3, #0
  42 0006 20D0     		beq	.L11
  23:quantum/process_keycode/process_backlight.c ****         switch (keycode) {
  43              		.loc 1 23 9 is_stmt 1 view .LVU5
  44 0008 114A     		ldr	r2, .L14
  45 000a 8018     		adds	r0, r0, r2
  46              	.LVL1:
  47              		.loc 1 23 9 is_stmt 0 view .LVU6
  48 000c 0628     		cmp	r0, #6
  49 000e 09D8     		bhi	.L2
  50 0010 FFF7FEFF 		bl	__gnu_thumb1_case_uqi
  51              	.L4:
  52 0014 04       		.byte	(.L10-.L4)/2
  53 0015 0A       		.byte	(.L9-.L4)/2
  54 0016 0C       		.byte	(.L8-.L4)/2
  55 0017 0F       		.byte	(.L7-.L4)/2
  56 0018 12       		.byte	(.L6-.L4)/2
  57 0019 15       		.byte	(.L5-.L4)/2
  58 001a 18       		.byte	(.L3-.L4)/2
  59 001b 00       		.p2align 1
  60              	.L10:
  24:quantum/process_keycode/process_backlight.c ****             case BL_ON:
  25:quantum/process_keycode/process_backlight.c ****                 backlight_level(BACKLIGHT_LEVELS);
  61              		.loc 1 25 17 is_stmt 1 view .LVU7
  62 001c 0620     		movs	r0, #6
  63              	.L12:
  26:quantum/process_keycode/process_backlight.c ****                 return false;
  27:quantum/process_keycode/process_backlight.c ****             case BL_OFF:
  28:quantum/process_keycode/process_backlight.c ****                 backlight_level(0);
  64              		.loc 1 28 17 is_stmt 0 view .LVU8
  65 001e FFF7FEFF 		bl	backlight_level
  66              	.LVL2:
  67              	.L13:
  29:quantum/process_keycode/process_backlight.c ****                 return false;
  68              		.loc 1 29 17 is_stmt 1 view .LVU9
  69              		.loc 1 29 24 is_stmt 0 view .LVU10
  70 0022 0023     		movs	r3, #0
  71              	.L2:
  30:quantum/process_keycode/process_backlight.c ****             case BL_DEC:
  31:quantum/process_keycode/process_backlight.c ****                 backlight_decrease();
  32:quantum/process_keycode/process_backlight.c ****                 return false;
  33:quantum/process_keycode/process_backlight.c ****             case BL_INC:
  34:quantum/process_keycode/process_backlight.c ****                 backlight_increase();
  35:quantum/process_keycode/process_backlight.c ****                 return false;
  36:quantum/process_keycode/process_backlight.c ****             case BL_TOGG:
  37:quantum/process_keycode/process_backlight.c ****                 backlight_toggle();
  38:quantum/process_keycode/process_backlight.c ****                 return false;
  39:quantum/process_keycode/process_backlight.c ****             case BL_STEP:
  40:quantum/process_keycode/process_backlight.c ****                 backlight_step();
  41:quantum/process_keycode/process_backlight.c ****                 return false;
  42:quantum/process_keycode/process_backlight.c **** #ifdef BACKLIGHT_BREATHING
  43:quantum/process_keycode/process_backlight.c ****             case BL_BRTG:
  44:quantum/process_keycode/process_backlight.c ****                 backlight_toggle_breathing();
  45:quantum/process_keycode/process_backlight.c ****                 return false;
  46:quantum/process_keycode/process_backlight.c **** #endif
  47:quantum/process_keycode/process_backlight.c ****         }
  48:quantum/process_keycode/process_backlight.c ****     }
  49:quantum/process_keycode/process_backlight.c **** 
  50:quantum/process_keycode/process_backlight.c ****     return true;
  51:quantum/process_keycode/process_backlight.c **** }
  72              		.loc 1 51 1 view .LVU11
  73 0024 1800     		movs	r0, r3
  74              		@ sp needed
  75 0026 10BD     		pop	{r4, pc}
  76              	.LVL3:
  77              	.L9:
  28:quantum/process_keycode/process_backlight.c ****                 return false;
  78              		.loc 1 28 17 is_stmt 1 view .LVU12
  79 0028 0020     		movs	r0, #0
  80 002a F8E7     		b	.L12
  81              	.L8:
  31:quantum/process_keycode/process_backlight.c ****                 return false;
  82              		.loc 1 31 17 view .LVU13
  83 002c FFF7FEFF 		bl	backlight_decrease
  84              	.LVL4:
  32:quantum/process_keycode/process_backlight.c ****             case BL_INC:
  85              		.loc 1 32 17 view .LVU14
  86 0030 F7E7     		b	.L13
  87              	.LVL5:
  88              	.L7:
  34:quantum/process_keycode/process_backlight.c ****                 return false;
  89              		.loc 1 34 17 view .LVU15
  90 0032 FFF7FEFF 		bl	backlight_increase
  91              	.LVL6:
  35:quantum/process_keycode/process_backlight.c ****             case BL_TOGG:
  92              		.loc 1 35 17 view .LVU16
  93 0036 F4E7     		b	.L13
  94              	.LVL7:
  95              	.L6:
  37:quantum/process_keycode/process_backlight.c ****                 return false;
  96              		.loc 1 37 17 view .LVU17
  97 0038 FFF7FEFF 		bl	backlight_toggle
  98              	.LVL8:
  38:quantum/process_keycode/process_backlight.c ****             case BL_STEP:
  99              		.loc 1 38 17 view .LVU18
 100 003c F1E7     		b	.L13
 101              	.LVL9:
 102              	.L5:
  40:quantum/process_keycode/process_backlight.c ****                 return false;
 103              		.loc 1 40 17 view .LVU19
 104 003e FFF7FEFF 		bl	backlight_step
 105              	.LVL10:
  41:quantum/process_keycode/process_backlight.c **** #ifdef BACKLIGHT_BREATHING
 106              		.loc 1 41 17 view .LVU20
 107 0042 EEE7     		b	.L13
 108              	.LVL11:
 109              	.L3:
  44:quantum/process_keycode/process_backlight.c ****                 return false;
 110              		.loc 1 44 17 view .LVU21
 111 0044 FFF7FEFF 		bl	backlight_toggle_breathing
 112              	.LVL12:
  45:quantum/process_keycode/process_backlight.c **** #endif
 113              		.loc 1 45 17 view .LVU22
 114 0048 EBE7     		b	.L13
 115              	.LVL13:
 116              	.L11:
  50:quantum/process_keycode/process_backlight.c **** }
 117              		.loc 1 50 12 is_stmt 0 view .LVU23
 118 004a 0123     		movs	r3, #1
 119 004c EAE7     		b	.L2
 120              	.L15:
 121 004e C046     		.align	2
 122              	.L14:
 123 0050 45A3FFFF 		.word	-23739
 124              		.cfi_endproc
 125              	.LFE194:
 127              		.text
 128              	.Letext0:
 129              		.file 2 "c:\\msys64\\home\\kyleo\\qmk_utils\\gcc-arm-none-eabi\\lib\\gcc\\arm-none-eabi\\8.3.1\\in
 130              		.file 3 "c:\\msys64\\home\\kyleo\\qmk_utils\\gcc-arm-none-eabi\\arm-none-eabi\\include\\machine\\_
 131              		.file 4 "c:\\msys64\\home\\kyleo\\qmk_utils\\gcc-arm-none-eabi\\arm-none-eabi\\include\\sys\\_stdi
 132              		.file 5 "c:\\msys64\\home\\kyleo\\qmk_utils\\gcc-arm-none-eabi\\arm-none-eabi\\include\\stdint.h"
 133              		.file 6 "./lib/chibios/os/common/ports/ARMCMx/compilers/GCC/chtypes.h"
 134              		.file 7 "./lib/chibios/os/rt/include/chsystypes.h"
 135              		.file 8 "./lib/chibios/os/rt/include/chschd.h"
 136              		.file 9 "./lib/chibios/os/rt/include/chtime.h"
 137              		.file 10 "./lib/chibios/os/common/ext/ST/STM32F0xx/system_stm32f0xx.h"
 138              		.file 11 "./lib/chibios/os/common/ext/ST/STM32F0xx/stm32f072xb.h"
 139              		.file 12 "./lib/chibios/os/common/ports/ARMCMx/chcore.h"
 140              		.file 13 "./lib/chibios/os/common/ports/ARMCMx/chcore_v6m.h"
 141              		.file 14 "./lib/chibios/os/hal/ports/STM32/LLD/TIMv1/stm32_tim.h"
 142              		.file 15 "./lib/chibios/os/rt/include/chsem.h"
 143              		.file 16 "./lib/chibios/os/rt/include/chmtx.h"
 144              		.file 17 "./lib/chibios/os/rt/include/chsys.h"
 145              		.file 18 "./lib/chibios/os/rt/include/chregistry.h"
 146              		.file 19 "./lib/chibios/os/oslib/include/chmemcore.h"
 147              		.file 20 "./lib/chibios/os/hal/ports/STM32/LLD/DMAv1/stm32_dma.h"
 148              		.file 21 "./lib/chibios/os/hal/ports/STM32/LLD/GPIOv2/stm32_gpio.h"
 149              		.file 22 "./lib/chibios/os/hal/ports/STM32/LLD/GPIOv2/hal_pal_lld.h"
 150              		.file 23 "./lib/chibios/os/hal/include/hal_i2c.h"
 151              		.file 24 "./lib/chibios/os/hal/ports/STM32/LLD/I2Cv2/hal_i2c_lld.h"
 152              		.file 25 "./lib/chibios/os/hal/include/hal_pwm.h"
 153              		.file 26 "./lib/chibios/os/hal/ports/STM32/LLD/TIMv1/hal_pwm_lld.h"
 154              		.file 27 "./lib/chibios/os/hal/include/hal_spi.h"
 155              		.file 28 "./lib/chibios/os/hal/ports/STM32/LLD/SPIv2/hal_spi_lld.h"
 156              		.file 29 "./lib/chibios/os/hal/include/hal_usb.h"
 157              		.file 30 "./lib/chibios/os/hal/ports/STM32/LLD/USBv1/hal_usb_lld.h"
 158              		.file 31 "tmk_core/common/keyboard.h"
 159              		.file 32 "tmk_core/common/action.h"
 160              		.file 33 "tmk_core/common/report.h"
 161              		.file 34 "tmk_core/common/host.h"
 162              		.file 35 "tmk_core/common/debug.h"
 163              		.file 36 "quantum/keycode_config.h"
 164              		.file 37 "quantum/keymap.h"
 165              		.file 38 "./quantum/color.h"
 166              		.file 39 "quantum/rgblight.h"
 167              		.file 40 "tmk_core/common/action_layer.h"
 168              		.file 41 "tmk_core/common/timer.h"
 169              		.file 42 "tmk_core/common/action_util.h"
 170              		.file 43 "c:\\msys64\\home\\kyleo\\qmk_utils\\gcc-arm-none-eabi\\arm-none-eabi\\include\\sys\\_typ
 171              		.file 44 "c:\\msys64\\home\\kyleo\\qmk_utils\\gcc-arm-none-eabi\\arm-none-eabi\\include\\sys\\reen
 172              		.file 45 "c:\\msys64\\home\\kyleo\\qmk_utils\\gcc-arm-none-eabi\\arm-none-eabi\\include\\sys\\lock
 173              		.file 46 "c:\\msys64\\home\\kyleo\\qmk_utils\\gcc-arm-none-eabi\\arm-none-eabi\\include\\stdlib.h"
 174              		.file 47 "quantum/quantum.h"
 175              		.file 48 "quantum/backlight/backlight.h"
 176              		.file 49 "quantum/quantum_keycodes.h"
DEFINED SYMBOLS
                            *ABS*:00000000 process_backlight.c
C:\Users\kyleo\AppData\Local\Temp\cchEYfnW.s:16     .text.process_backlight:00000000 $t
C:\Users\kyleo\AppData\Local\Temp\cchEYfnW.s:24     .text.process_backlight:00000000 process_backlight
C:\Users\kyleo\AppData\Local\Temp\cchEYfnW.s:52     .text.process_backlight:00000014 $d
C:\Users\kyleo\AppData\Local\Temp\cchEYfnW.s:123    .text.process_backlight:00000050 $d
C:\Users\kyleo\AppData\Local\Temp\cchEYfnW.s:59     .text.process_backlight:0000001b $d
C:\Users\kyleo\AppData\Local\Temp\cchEYfnW.s:59     .text.process_backlight:0000001c $t

UNDEFINED SYMBOLS
__gnu_thumb1_case_uqi
backlight_level
backlight_decrease
backlight_increase
backlight_toggle
backlight_step
backlight_toggle_breathing
