   1              		.cpu cortex-m0
   2              		.eabi_attribute 20, 1
   3              		.eabi_attribute 21, 1
   4              		.eabi_attribute 23, 3
   5              		.eabi_attribute 24, 1
   6              		.eabi_attribute 25, 1
   7              		.eabi_attribute 26, 1
   8              		.eabi_attribute 30, 4
   9              		.eabi_attribute 34, 0
  10              		.eabi_attribute 18, 2
  11              		.file	"process_grave_esc.c"
  12              		.text
  13              	.Ltext0:
  14              		.cfi_sections	.debug_frame
  15              		.section	.text.process_grave_esc,"ax",%progbits
  16              		.align	1
  17              		.global	process_grave_esc
  18              		.arch armv6s-m
  19              		.syntax unified
  20              		.code	16
  21              		.thumb_func
  22              		.fpu softvfp
  24              	process_grave_esc:
  25              	.LVL0:
  26              	.LFB194:
  27              		.file 1 "quantum/process_keycode/process_grave_esc.c"
   1:quantum/process_keycode/process_grave_esc.c **** /* Copyright 2020
   2:quantum/process_keycode/process_grave_esc.c ****  *
   3:quantum/process_keycode/process_grave_esc.c ****  * This program is free software: you can redistribute it and/or modify
   4:quantum/process_keycode/process_grave_esc.c ****  * it under the terms of the GNU General Public License as published by
   5:quantum/process_keycode/process_grave_esc.c ****  * the Free Software Foundation, either version 2 of the License, or
   6:quantum/process_keycode/process_grave_esc.c ****  * (at your option) any later version.
   7:quantum/process_keycode/process_grave_esc.c ****  *
   8:quantum/process_keycode/process_grave_esc.c ****  * This program is distributed in the hope that it will be useful,
   9:quantum/process_keycode/process_grave_esc.c ****  * but WITHOUT ANY WARRANTY; without even the implied warranty of
  10:quantum/process_keycode/process_grave_esc.c ****  * MERCHANTABILITY or FITNESS FOR A PARTICULAR PURPOSE.  See the
  11:quantum/process_keycode/process_grave_esc.c ****  * GNU General Public License for more details.
  12:quantum/process_keycode/process_grave_esc.c ****  *
  13:quantum/process_keycode/process_grave_esc.c ****  * You should have received a copy of the GNU General Public License
  14:quantum/process_keycode/process_grave_esc.c ****  * along with this program.  If not, see <http://www.gnu.org/licenses/>.
  15:quantum/process_keycode/process_grave_esc.c ****  */
  16:quantum/process_keycode/process_grave_esc.c **** #include "process_grave_esc.h"
  17:quantum/process_keycode/process_grave_esc.c **** 
  18:quantum/process_keycode/process_grave_esc.c **** /* true if the last press of GRAVE_ESC was shifted (i.e. GUI or SHIFT were pressed), false otherwis
  19:quantum/process_keycode/process_grave_esc.c ****  * Used to ensure that the correct keycode is released if the key is released.
  20:quantum/process_keycode/process_grave_esc.c ****  */
  21:quantum/process_keycode/process_grave_esc.c **** static bool grave_esc_was_shifted = false;
  22:quantum/process_keycode/process_grave_esc.c **** 
  23:quantum/process_keycode/process_grave_esc.c **** bool process_grave_esc(uint16_t keycode, keyrecord_t *record) {
  28              		.loc 1 23 63 view -0
  29              		.cfi_startproc
  30              		@ args = 0, pretend = 0, frame = 0
  31              		@ frame_needed = 0, uses_anonymous_args = 0
  24:quantum/process_keycode/process_grave_esc.c ****     if (keycode == GRAVE_ESC) {
  32              		.loc 1 24 5 view .LVU1
  33              		.loc 1 24 8 is_stmt 0 view .LVU2
  34 0000 124A     		ldr	r2, .L10
  23:quantum/process_keycode/process_grave_esc.c ****     if (keycode == GRAVE_ESC) {
  35              		.loc 1 23 63 view .LVU3
  36 0002 10B5     		push	{r4, lr}
  37              		.cfi_def_cfa_offset 8
  38              		.cfi_offset 4, -8
  39              		.cfi_offset 14, -4
  25:quantum/process_keycode/process_grave_esc.c ****         const uint8_t mods    = get_mods();
  26:quantum/process_keycode/process_grave_esc.c ****         uint8_t       shifted = mods & MOD_MASK_SG;
  27:quantum/process_keycode/process_grave_esc.c **** 
  28:quantum/process_keycode/process_grave_esc.c **** #ifdef GRAVE_ESC_ALT_OVERRIDE
  29:quantum/process_keycode/process_grave_esc.c ****         // if ALT is pressed, ESC is always sent
  30:quantum/process_keycode/process_grave_esc.c ****         // this is handy for the cmd+opt+esc shortcut on macOS, among other things.
  31:quantum/process_keycode/process_grave_esc.c ****         if (mods & MOD_MASK_ALT) {
  32:quantum/process_keycode/process_grave_esc.c ****             shifted = 0;
  33:quantum/process_keycode/process_grave_esc.c ****         }
  34:quantum/process_keycode/process_grave_esc.c **** #endif
  35:quantum/process_keycode/process_grave_esc.c **** 
  36:quantum/process_keycode/process_grave_esc.c **** #ifdef GRAVE_ESC_CTRL_OVERRIDE
  37:quantum/process_keycode/process_grave_esc.c ****         // if CTRL is pressed, ESC is always sent
  38:quantum/process_keycode/process_grave_esc.c ****         // this is handy for the ctrl+shift+esc shortcut on windows, among other things.
  39:quantum/process_keycode/process_grave_esc.c ****         if (mods & MOD_MASK_CTRL) {
  40:quantum/process_keycode/process_grave_esc.c ****             shifted = 0;
  41:quantum/process_keycode/process_grave_esc.c ****         }
  42:quantum/process_keycode/process_grave_esc.c **** #endif
  43:quantum/process_keycode/process_grave_esc.c **** 
  44:quantum/process_keycode/process_grave_esc.c **** #ifdef GRAVE_ESC_GUI_OVERRIDE
  45:quantum/process_keycode/process_grave_esc.c ****         // if GUI is pressed, ESC is always sent
  46:quantum/process_keycode/process_grave_esc.c ****         if (mods & MOD_MASK_GUI) {
  47:quantum/process_keycode/process_grave_esc.c ****             shifted = 0;
  48:quantum/process_keycode/process_grave_esc.c ****         }
  49:quantum/process_keycode/process_grave_esc.c **** #endif
  50:quantum/process_keycode/process_grave_esc.c **** 
  51:quantum/process_keycode/process_grave_esc.c **** #ifdef GRAVE_ESC_SHIFT_OVERRIDE
  52:quantum/process_keycode/process_grave_esc.c ****         // if SHIFT is pressed, ESC is always sent
  53:quantum/process_keycode/process_grave_esc.c ****         if (mods & MOD_MASK_SHIFT) {
  54:quantum/process_keycode/process_grave_esc.c ****             shifted = 0;
  55:quantum/process_keycode/process_grave_esc.c ****         }
  56:quantum/process_keycode/process_grave_esc.c **** #endif
  57:quantum/process_keycode/process_grave_esc.c **** 
  58:quantum/process_keycode/process_grave_esc.c ****         if (record->event.pressed) {
  59:quantum/process_keycode/process_grave_esc.c ****             grave_esc_was_shifted = shifted;
  60:quantum/process_keycode/process_grave_esc.c ****             add_key(shifted ? KC_GRAVE : KC_ESCAPE);
  61:quantum/process_keycode/process_grave_esc.c ****         } else {
  62:quantum/process_keycode/process_grave_esc.c ****             del_key(grave_esc_was_shifted ? KC_GRAVE : KC_ESCAPE);
  63:quantum/process_keycode/process_grave_esc.c ****         }
  64:quantum/process_keycode/process_grave_esc.c **** 
  65:quantum/process_keycode/process_grave_esc.c ****         send_keyboard_report();
  66:quantum/process_keycode/process_grave_esc.c ****         return false;
  67:quantum/process_keycode/process_grave_esc.c ****     }
  68:quantum/process_keycode/process_grave_esc.c **** 
  69:quantum/process_keycode/process_grave_esc.c ****     // Not a grave keycode so continue processing
  70:quantum/process_keycode/process_grave_esc.c ****     return true;
  40              		.loc 1 70 12 view .LVU4
  41 0004 0123     		movs	r3, #1
  23:quantum/process_keycode/process_grave_esc.c ****     if (keycode == GRAVE_ESC) {
  42              		.loc 1 23 63 view .LVU5
  43 0006 0C00     		movs	r4, r1
  24:quantum/process_keycode/process_grave_esc.c ****         const uint8_t mods    = get_mods();
  44              		.loc 1 24 8 view .LVU6
  45 0008 9042     		cmp	r0, r2
  46 000a 14D1     		bne	.L2
  47              	.LBB2:
  25:quantum/process_keycode/process_grave_esc.c ****         const uint8_t mods    = get_mods();
  48              		.loc 1 25 9 is_stmt 1 view .LVU7
  25:quantum/process_keycode/process_grave_esc.c ****         const uint8_t mods    = get_mods();
  49              		.loc 1 25 33 is_stmt 0 view .LVU8
  50 000c FFF7FEFF 		bl	get_mods
  51              	.LVL1:
  26:quantum/process_keycode/process_grave_esc.c **** 
  52              		.loc 1 26 9 is_stmt 1 view .LVU9
  58:quantum/process_keycode/process_grave_esc.c ****             grave_esc_was_shifted = shifted;
  53              		.loc 1 58 9 view .LVU10
  58:quantum/process_keycode/process_grave_esc.c ****             grave_esc_was_shifted = shifted;
  54              		.loc 1 58 12 is_stmt 0 view .LVU11
  55 0010 A378     		ldrb	r3, [r4, #2]
  56 0012 0F4A     		ldr	r2, .L10+4
  57 0014 002B     		cmp	r3, #0
  58 0016 10D0     		beq	.L3
  26:quantum/process_keycode/process_grave_esc.c **** 
  59              		.loc 1 26 23 view .LVU12
  60 0018 AA23     		movs	r3, #170
  61 001a 0340     		ands	r3, r0
  59:quantum/process_keycode/process_grave_esc.c ****             add_key(shifted ? KC_GRAVE : KC_ESCAPE);
  62              		.loc 1 59 13 is_stmt 1 view .LVU13
  59:quantum/process_keycode/process_grave_esc.c ****             add_key(shifted ? KC_GRAVE : KC_ESCAPE);
  63              		.loc 1 59 35 is_stmt 0 view .LVU14
  64 001c 1900     		movs	r1, r3
  65 001e 481E     		subs	r0, r1, #1
  66 0020 8141     		sbcs	r1, r1, r0
  67              	.LVL2:
  60:quantum/process_keycode/process_grave_esc.c ****         } else {
  68              		.loc 1 60 13 view .LVU15
  69 0022 3520     		movs	r0, #53
  59:quantum/process_keycode/process_grave_esc.c ****             add_key(shifted ? KC_GRAVE : KC_ESCAPE);
  70              		.loc 1 59 35 view .LVU16
  71 0024 1170     		strb	r1, [r2]
  60:quantum/process_keycode/process_grave_esc.c ****         } else {
  72              		.loc 1 60 13 is_stmt 1 view .LVU17
  73 0026 002B     		cmp	r3, #0
  74 0028 00D1     		bne	.L4
  75 002a 0C38     		subs	r0, r0, #12
  76              	.L4:
  60:quantum/process_keycode/process_grave_esc.c ****         } else {
  77              		.loc 1 60 13 is_stmt 0 discriminator 4 view .LVU18
  78 002c FFF7FEFF 		bl	add_key
  79              	.LVL3:
  80              	.L5:
  65:quantum/process_keycode/process_grave_esc.c ****         return false;
  81              		.loc 1 65 9 is_stmt 1 view .LVU19
  82 0030 FFF7FEFF 		bl	send_keyboard_report
  83              	.LVL4:
  66:quantum/process_keycode/process_grave_esc.c ****     }
  84              		.loc 1 66 9 view .LVU20
  66:quantum/process_keycode/process_grave_esc.c ****     }
  85              		.loc 1 66 16 is_stmt 0 view .LVU21
  86 0034 0023     		movs	r3, #0
  87              	.L2:
  66:quantum/process_keycode/process_grave_esc.c ****     }
  88              		.loc 1 66 16 view .LVU22
  89              	.LBE2:
  71:quantum/process_keycode/process_grave_esc.c **** }
  90              		.loc 1 71 1 view .LVU23
  91 0036 1800     		movs	r0, r3
  92              		@ sp needed
  93              	.LVL5:
  94              		.loc 1 71 1 view .LVU24
  95 0038 10BD     		pop	{r4, pc}
  96              	.LVL6:
  97              	.L3:
  98              	.LBB3:
  62:quantum/process_keycode/process_grave_esc.c ****         }
  99              		.loc 1 62 13 is_stmt 1 view .LVU25
 100 003a 1378     		ldrb	r3, [r2]
 101 003c 3520     		movs	r0, #53
 102              	.LVL7:
  62:quantum/process_keycode/process_grave_esc.c ****         }
 103              		.loc 1 62 13 is_stmt 0 view .LVU26
 104 003e 002B     		cmp	r3, #0
 105 0040 00D1     		bne	.L6
 106 0042 0C38     		subs	r0, r0, #12
 107              	.L6:
  62:quantum/process_keycode/process_grave_esc.c ****         }
 108              		.loc 1 62 13 discriminator 4 view .LVU27
 109 0044 FFF7FEFF 		bl	del_key
 110              	.LVL8:
 111 0048 F2E7     		b	.L5
 112              	.L11:
 113 004a C046     		.align	2
 114              	.L10:
 115 004c 165C0000 		.word	23574
 116 0050 00000000 		.word	.LANCHOR0
 117              	.LBE3:
 118              		.cfi_endproc
 119              	.LFE194:
 121              		.section	.bss.grave_esc_was_shifted,"aw",%nobits
 122              		.set	.LANCHOR0,. + 0
 125              	grave_esc_was_shifted:
 126 0000 00       		.space	1
 127              		.text
 128              	.Letext0:
 129              		.file 2 "c:\\msys64\\home\\kyleo\\qmk_utils\\gcc-arm-none-eabi\\lib\\gcc\\arm-none-eabi\\8.3.1\\in
 130              		.file 3 "c:\\msys64\\home\\kyleo\\qmk_utils\\gcc-arm-none-eabi\\arm-none-eabi\\include\\machine\\_
 131              		.file 4 "c:\\msys64\\home\\kyleo\\qmk_utils\\gcc-arm-none-eabi\\arm-none-eabi\\include\\sys\\_stdi
 132              		.file 5 "c:\\msys64\\home\\kyleo\\qmk_utils\\gcc-arm-none-eabi\\arm-none-eabi\\include\\stdint.h"
 133              		.file 6 "./lib/chibios/os/common/ports/ARMCMx/compilers/GCC/chtypes.h"
 134              		.file 7 "./lib/chibios/os/rt/include/chsystypes.h"
 135              		.file 8 "./lib/chibios/os/rt/include/chschd.h"
 136              		.file 9 "./lib/chibios/os/rt/include/chtime.h"
 137              		.file 10 "./lib/chibios/os/common/ext/ST/STM32F0xx/system_stm32f0xx.h"
 138              		.file 11 "./lib/chibios/os/common/ext/ST/STM32F0xx/stm32f072xb.h"
 139              		.file 12 "./lib/chibios/os/common/ports/ARMCMx/chcore.h"
 140              		.file 13 "./lib/chibios/os/common/ports/ARMCMx/chcore_v6m.h"
 141              		.file 14 "./lib/chibios/os/hal/ports/STM32/LLD/TIMv1/stm32_tim.h"
 142              		.file 15 "./lib/chibios/os/rt/include/chsem.h"
 143              		.file 16 "./lib/chibios/os/rt/include/chmtx.h"
 144              		.file 17 "./lib/chibios/os/rt/include/chsys.h"
 145              		.file 18 "./lib/chibios/os/rt/include/chregistry.h"
 146              		.file 19 "./lib/chibios/os/oslib/include/chmemcore.h"
 147              		.file 20 "./lib/chibios/os/hal/ports/STM32/LLD/DMAv1/stm32_dma.h"
 148              		.file 21 "./lib/chibios/os/hal/ports/STM32/LLD/GPIOv2/stm32_gpio.h"
 149              		.file 22 "./lib/chibios/os/hal/ports/STM32/LLD/GPIOv2/hal_pal_lld.h"
 150              		.file 23 "./lib/chibios/os/hal/include/hal_i2c.h"
 151              		.file 24 "./lib/chibios/os/hal/ports/STM32/LLD/I2Cv2/hal_i2c_lld.h"
 152              		.file 25 "./lib/chibios/os/hal/include/hal_pwm.h"
 153              		.file 26 "./lib/chibios/os/hal/ports/STM32/LLD/TIMv1/hal_pwm_lld.h"
 154              		.file 27 "./lib/chibios/os/hal/include/hal_spi.h"
 155              		.file 28 "./lib/chibios/os/hal/ports/STM32/LLD/SPIv2/hal_spi_lld.h"
 156              		.file 29 "./lib/chibios/os/hal/include/hal_usb.h"
 157              		.file 30 "./lib/chibios/os/hal/ports/STM32/LLD/USBv1/hal_usb_lld.h"
 158              		.file 31 "tmk_core/common/keyboard.h"
 159              		.file 32 "tmk_core/common/action.h"
 160              		.file 33 "tmk_core/common/report.h"
 161              		.file 34 "tmk_core/common/host.h"
 162              		.file 35 "tmk_core/common/debug.h"
 163              		.file 36 "quantum/keycode_config.h"
 164              		.file 37 "tmk_core/common/keycode.h"
 165              		.file 38 "quantum/quantum_keycodes.h"
 166              		.file 39 "quantum/keymap.h"
 167              		.file 40 "./quantum/color.h"
 168              		.file 41 "quantum/rgblight.h"
 169              		.file 42 "tmk_core/common/action_layer.h"
 170              		.file 43 "tmk_core/common/timer.h"
 171              		.file 44 "tmk_core/common/action_util.h"
 172              		.file 45 "c:\\msys64\\home\\kyleo\\qmk_utils\\gcc-arm-none-eabi\\arm-none-eabi\\include\\sys\\_typ
 173              		.file 46 "c:\\msys64\\home\\kyleo\\qmk_utils\\gcc-arm-none-eabi\\arm-none-eabi\\include\\sys\\reen
 174              		.file 47 "c:\\msys64\\home\\kyleo\\qmk_utils\\gcc-arm-none-eabi\\arm-none-eabi\\include\\sys\\lock
 175              		.file 48 "c:\\msys64\\home\\kyleo\\qmk_utils\\gcc-arm-none-eabi\\arm-none-eabi\\include\\stdlib.h"
 176              		.file 49 "quantum/quantum.h"
DEFINED SYMBOLS
                            *ABS*:00000000 process_grave_esc.c
C:\Users\kyleo\AppData\Local\Temp\ccsk78Bk.s:16     .text.process_grave_esc:00000000 $t
C:\Users\kyleo\AppData\Local\Temp\ccsk78Bk.s:24     .text.process_grave_esc:00000000 process_grave_esc
C:\Users\kyleo\AppData\Local\Temp\ccsk78Bk.s:115    .text.process_grave_esc:0000004c $d
C:\Users\kyleo\AppData\Local\Temp\ccsk78Bk.s:125    .bss.grave_esc_was_shifted:00000000 grave_esc_was_shifted
C:\Users\kyleo\AppData\Local\Temp\ccsk78Bk.s:126    .bss.grave_esc_was_shifted:00000000 $d

UNDEFINED SYMBOLS
get_mods
add_key
send_keyboard_report
del_key
