   1              		.cpu cortex-m0
   2              		.eabi_attribute 20, 1
   3              		.eabi_attribute 21, 1
   4              		.eabi_attribute 23, 3
   5              		.eabi_attribute 24, 1
   6              		.eabi_attribute 25, 1
   7              		.eabi_attribute 26, 1
   8              		.eabi_attribute 30, 4
   9              		.eabi_attribute 34, 0
  10              		.eabi_attribute 18, 2
  11              		.file	"debug.c"
  12              		.text
  13              	.Ltext0:
  14              		.cfi_sections	.debug_frame
  15              		.global	debug_config
  16              		.section	.bss.debug_config,"aw",%nobits
  19              	debug_config:
  20 0000 00       		.space	1
  21              		.text
  22              	.Letext0:
  23              		.file 1 "c:\\msys64\\home\\kyleo\\qmk_utils\\gcc-arm-none-eabi\\arm-none-eabi\\include\\machine\\_
  24              		.file 2 "c:\\msys64\\home\\kyleo\\qmk_utils\\gcc-arm-none-eabi\\arm-none-eabi\\include\\sys\\_stdi
  25              		.file 3 "tmk_core/common/debug.h"
  26              		.file 4 "tmk_core/common/debug.c"
DEFINED SYMBOLS
                            *ABS*:00000000 debug.c
C:\Users\kyleo\AppData\Local\Temp\ccbvmfmK.s:19     .bss.debug_config:00000000 debug_config
C:\Users\kyleo\AppData\Local\Temp\ccbvmfmK.s:20     .bss.debug_config:00000000 $d

NO UNDEFINED SYMBOLS
