   1              		.cpu cortex-m0
   2              		.eabi_attribute 20, 1
   3              		.eabi_attribute 21, 1
   4              		.eabi_attribute 23, 3
   5              		.eabi_attribute 24, 1
   6              		.eabi_attribute 25, 1
   7              		.eabi_attribute 26, 1
   8              		.eabi_attribute 30, 4
   9              		.eabi_attribute 34, 0
  10              		.eabi_attribute 18, 2
  11              		.file	"host.c"
  12              		.text
  13              	.Ltext0:
  14              		.cfi_sections	.debug_frame
  15              		.section	.text.host_set_driver,"ax",%progbits
  16              		.align	1
  17              		.global	host_set_driver
  18              		.arch armv6s-m
  19              		.syntax unified
  20              		.code	16
  21              		.thumb_func
  22              		.fpu softvfp
  24              	host_set_driver:
  25              	.LVL0:
  26              	.LFB188:
  27              		.file 1 "tmk_core/common/host.c"
   1:tmk_core/common/host.c **** /*
   2:tmk_core/common/host.c **** Copyright 2011,2012 Jun Wako <wakojun@gmail.com>
   3:tmk_core/common/host.c **** 
   4:tmk_core/common/host.c **** This program is free software: you can redistribute it and/or modify
   5:tmk_core/common/host.c **** it under the terms of the GNU General Public License as published by
   6:tmk_core/common/host.c **** the Free Software Foundation, either version 2 of the License, or
   7:tmk_core/common/host.c **** (at your option) any later version.
   8:tmk_core/common/host.c **** 
   9:tmk_core/common/host.c **** This program is distributed in the hope that it will be useful,
  10:tmk_core/common/host.c **** but WITHOUT ANY WARRANTY; without even the implied warranty of
  11:tmk_core/common/host.c **** MERCHANTABILITY or FITNESS FOR A PARTICULAR PURPOSE.  See the
  12:tmk_core/common/host.c **** GNU General Public License for more details.
  13:tmk_core/common/host.c **** 
  14:tmk_core/common/host.c **** You should have received a copy of the GNU General Public License
  15:tmk_core/common/host.c **** along with this program.  If not, see <http://www.gnu.org/licenses/>.
  16:tmk_core/common/host.c **** */
  17:tmk_core/common/host.c **** 
  18:tmk_core/common/host.c **** #include <stdint.h>
  19:tmk_core/common/host.c **** //#include <avr/interrupt.h>
  20:tmk_core/common/host.c **** #include "keycode.h"
  21:tmk_core/common/host.c **** #include "host.h"
  22:tmk_core/common/host.c **** #include "util.h"
  23:tmk_core/common/host.c **** #include "debug.h"
  24:tmk_core/common/host.c **** 
  25:tmk_core/common/host.c **** #ifdef NKRO_ENABLE
  26:tmk_core/common/host.c **** #    include "keycode_config.h"
  27:tmk_core/common/host.c **** extern keymap_config_t keymap_config;
  28:tmk_core/common/host.c **** #endif
  29:tmk_core/common/host.c **** 
  30:tmk_core/common/host.c **** static host_driver_t *driver;
  31:tmk_core/common/host.c **** static uint16_t       last_system_report   = 0;
  32:tmk_core/common/host.c **** static uint16_t       last_consumer_report = 0;
  33:tmk_core/common/host.c **** 
  34:tmk_core/common/host.c **** void host_set_driver(host_driver_t *d) { driver = d; }
  28              		.loc 1 34 40 view -0
  29              		.cfi_startproc
  30              		@ args = 0, pretend = 0, frame = 0
  31              		@ frame_needed = 0, uses_anonymous_args = 0
  32              		@ link register save eliminated.
  33              		.loc 1 34 42 view .LVU1
  34              		.loc 1 34 49 is_stmt 0 view .LVU2
  35 0000 014B     		ldr	r3, .L2
  36              		.loc 1 34 1 view .LVU3
  37              		@ sp needed
  38              		.loc 1 34 49 view .LVU4
  39 0002 1860     		str	r0, [r3]
  40              		.loc 1 34 1 view .LVU5
  41 0004 7047     		bx	lr
  42              	.L3:
  43 0006 C046     		.align	2
  44              	.L2:
  45 0008 00000000 		.word	.LANCHOR0
  46              		.cfi_endproc
  47              	.LFE188:
  49              		.section	.text.host_get_driver,"ax",%progbits
  50              		.align	1
  51              		.global	host_get_driver
  52              		.syntax unified
  53              		.code	16
  54              		.thumb_func
  55              		.fpu softvfp
  57              	host_get_driver:
  58              	.LFB189:
  35:tmk_core/common/host.c **** 
  36:tmk_core/common/host.c **** host_driver_t *host_get_driver(void) { return driver; }
  59              		.loc 1 36 38 is_stmt 1 view -0
  60              		.cfi_startproc
  61              		@ args = 0, pretend = 0, frame = 0
  62              		@ frame_needed = 0, uses_anonymous_args = 0
  63              		@ link register save eliminated.
  64              		.loc 1 36 40 view .LVU7
  65              		.loc 1 36 47 is_stmt 0 view .LVU8
  66 0000 014B     		ldr	r3, .L5
  67              		.loc 1 36 1 view .LVU9
  68              		@ sp needed
  69              		.loc 1 36 47 view .LVU10
  70 0002 1868     		ldr	r0, [r3]
  71              		.loc 1 36 1 view .LVU11
  72 0004 7047     		bx	lr
  73              	.L6:
  74 0006 C046     		.align	2
  75              	.L5:
  76 0008 00000000 		.word	.LANCHOR0
  77              		.cfi_endproc
  78              	.LFE189:
  80              		.section	.text.host_keyboard_leds,"ax",%progbits
  81              		.align	1
  82              		.global	host_keyboard_leds
  83              		.syntax unified
  84              		.code	16
  85              		.thumb_func
  86              		.fpu softvfp
  88              	host_keyboard_leds:
  89              	.LFB190:
  37:tmk_core/common/host.c **** 
  38:tmk_core/common/host.c **** uint8_t host_keyboard_leds(void) {
  90              		.loc 1 38 34 is_stmt 1 view -0
  91              		.cfi_startproc
  92              		@ args = 0, pretend = 0, frame = 0
  93              		@ frame_needed = 0, uses_anonymous_args = 0
  39:tmk_core/common/host.c ****     if (!driver) return 0;
  94              		.loc 1 39 5 view .LVU13
  95              		.loc 1 39 9 is_stmt 0 view .LVU14
  96 0000 034B     		ldr	r3, .L10
  38:tmk_core/common/host.c ****     if (!driver) return 0;
  97              		.loc 1 38 34 view .LVU15
  98 0002 10B5     		push	{r4, lr}
  99              		.cfi_def_cfa_offset 8
 100              		.cfi_offset 4, -8
 101              		.cfi_offset 14, -4
 102              		.loc 1 39 9 view .LVU16
 103 0004 1B68     		ldr	r3, [r3]
 104              		.loc 1 39 25 view .LVU17
 105 0006 181E     		subs	r0, r3, #0
 106              		.loc 1 39 8 view .LVU18
 107 0008 01D0     		beq	.L8
  40:tmk_core/common/host.c ****     return (*driver->keyboard_leds)();
 108              		.loc 1 40 5 is_stmt 1 view .LVU19
 109              		.loc 1 40 13 is_stmt 0 view .LVU20
 110 000a 1B68     		ldr	r3, [r3]
 111 000c 9847     		blx	r3
 112              	.LVL1:
 113              	.L8:
  41:tmk_core/common/host.c **** }
 114              		.loc 1 41 1 view .LVU21
 115              		@ sp needed
 116 000e 10BD     		pop	{r4, pc}
 117              	.L11:
 118              		.align	2
 119              	.L10:
 120 0010 00000000 		.word	.LANCHOR0
 121              		.cfi_endproc
 122              	.LFE190:
 124              		.section	.text.host_keyboard_led_state,"ax",%progbits
 125              		.align	1
 126              		.global	host_keyboard_led_state
 127              		.syntax unified
 128              		.code	16
 129              		.thumb_func
 130              		.fpu softvfp
 132              	host_keyboard_led_state:
 133              	.LFB191:
  42:tmk_core/common/host.c **** 
  43:tmk_core/common/host.c **** led_t host_keyboard_led_state(void) {
 134              		.loc 1 43 37 is_stmt 1 view -0
 135              		.cfi_startproc
 136              		@ args = 0, pretend = 0, frame = 0
 137              		@ frame_needed = 0, uses_anonymous_args = 0
  44:tmk_core/common/host.c ****     if (!driver) return (led_t){0};
 138              		.loc 1 44 5 view .LVU23
 139              		.loc 1 44 9 is_stmt 0 view .LVU24
 140 0000 034B     		ldr	r3, .L15
  43:tmk_core/common/host.c ****     if (!driver) return (led_t){0};
 141              		.loc 1 43 37 view .LVU25
 142 0002 10B5     		push	{r4, lr}
 143              		.cfi_def_cfa_offset 8
 144              		.cfi_offset 4, -8
 145              		.cfi_offset 14, -4
 146              		.loc 1 44 9 view .LVU26
 147 0004 1868     		ldr	r0, [r3]
 148              		.loc 1 44 8 view .LVU27
 149 0006 0028     		cmp	r0, #0
 150 0008 01D0     		beq	.L14
  45:tmk_core/common/host.c ****     return (led_t)((*driver->keyboard_leds)());
 151              		.loc 1 45 5 is_stmt 1 view .LVU28
 152              		.loc 1 45 21 is_stmt 0 view .LVU29
 153 000a 0368     		ldr	r3, [r0]
 154 000c 9847     		blx	r3
 155              	.LVL2:
 156              	.L14:
  46:tmk_core/common/host.c **** }
 157              		.loc 1 46 1 view .LVU30
 158              		@ sp needed
 159 000e 10BD     		pop	{r4, pc}
 160              	.L16:
 161              		.align	2
 162              	.L15:
 163 0010 00000000 		.word	.LANCHOR0
 164              		.cfi_endproc
 165              	.LFE191:
 167              		.section	.text.host_keyboard_send,"ax",%progbits
 168              		.align	1
 169              		.global	host_keyboard_send
 170              		.syntax unified
 171              		.code	16
 172              		.thumb_func
 173              		.fpu softvfp
 175              	host_keyboard_send:
 176              	.LVL3:
 177              	.LFB192:
  47:tmk_core/common/host.c **** 
  48:tmk_core/common/host.c **** /* send report */
  49:tmk_core/common/host.c **** void host_keyboard_send(report_keyboard_t *report) {
 178              		.loc 1 49 52 is_stmt 1 view -0
 179              		.cfi_startproc
 180              		@ args = 0, pretend = 0, frame = 0
 181              		@ frame_needed = 0, uses_anonymous_args = 0
  50:tmk_core/common/host.c ****     if (!driver) return;
 182              		.loc 1 50 5 view .LVU32
  49:tmk_core/common/host.c ****     if (!driver) return;
 183              		.loc 1 49 52 is_stmt 0 view .LVU33
 184 0000 F8B5     		push	{r3, r4, r5, r6, r7, lr}
 185              		.cfi_def_cfa_offset 24
 186              		.cfi_offset 3, -24
 187              		.cfi_offset 4, -20
 188              		.cfi_offset 5, -16
 189              		.cfi_offset 6, -12
 190              		.cfi_offset 7, -8
 191              		.cfi_offset 14, -4
 192              		.loc 1 50 9 view .LVU34
 193 0002 184B     		ldr	r3, .L41
  49:tmk_core/common/host.c ****     if (!driver) return;
 194              		.loc 1 49 52 view .LVU35
 195 0004 0400     		movs	r4, r0
 196              		.loc 1 50 9 view .LVU36
 197 0006 1B68     		ldr	r3, [r3]
 198              		.loc 1 50 8 view .LVU37
 199 0008 002B     		cmp	r3, #0
 200 000a 2AD0     		beq	.L17
  51:tmk_core/common/host.c **** #if defined(NKRO_ENABLE) && defined(NKRO_SHARED_EP)
  52:tmk_core/common/host.c ****     if (keyboard_protocol && keymap_config.nkro) {
 201              		.loc 1 52 5 is_stmt 1 view .LVU38
 202              		.loc 1 52 9 is_stmt 0 view .LVU39
 203 000c 164A     		ldr	r2, .L41+4
 204              		.loc 1 52 8 view .LVU40
 205 000e 1278     		ldrb	r2, [r2]
 206 0010 002A     		cmp	r2, #0
 207 0012 07D0     		beq	.L20
 208              		.loc 1 52 27 discriminator 1 view .LVU41
 209 0014 154A     		ldr	r2, .L41+8
 210 0016 1278     		ldrb	r2, [r2]
 211 0018 7F2A     		cmp	r2, #127
 212 001a 03D9     		bls	.L20
  53:tmk_core/common/host.c ****         /* The callers of this function assume that report->mods is where mods go in.
  54:tmk_core/common/host.c ****          * But report->nkro.mods can be at a different offset if core keyboard does not have a repo
  55:tmk_core/common/host.c ****          */
  56:tmk_core/common/host.c ****         report->nkro.mods      = report->mods;
 213              		.loc 1 56 9 is_stmt 1 view .LVU42
 214              		.loc 1 56 32 is_stmt 0 view .LVU43
 215 001c 0278     		ldrb	r2, [r0]
 216 001e 4270     		strb	r2, [r0, #1]
  57:tmk_core/common/host.c ****         report->nkro.report_id = REPORT_ID_NKRO;
 217              		.loc 1 57 9 is_stmt 1 view .LVU44
 218              		.loc 1 57 32 is_stmt 0 view .LVU45
 219 0020 0522     		movs	r2, #5
 220 0022 0270     		strb	r2, [r0]
 221              	.L20:
  58:tmk_core/common/host.c ****     } else
  59:tmk_core/common/host.c **** #endif
  60:tmk_core/common/host.c ****     {
  61:tmk_core/common/host.c **** #ifdef KEYBOARD_SHARED_EP
  62:tmk_core/common/host.c ****         report->report_id = REPORT_ID_KEYBOARD;
  63:tmk_core/common/host.c **** #endif
  64:tmk_core/common/host.c ****     }
 222              		.loc 1 64 5 is_stmt 1 view .LVU46
  65:tmk_core/common/host.c ****     (*driver->send_keyboard)(report);
 223              		.loc 1 65 5 view .LVU47
 224              		.loc 1 65 6 is_stmt 0 view .LVU48
 225 0024 5B68     		ldr	r3, [r3, #4]
 226 0026 2000     		movs	r0, r4
 227              	.LVL4:
 228              		.loc 1 65 6 view .LVU49
 229 0028 9847     		blx	r3
 230              	.LVL5:
  66:tmk_core/common/host.c **** 
  67:tmk_core/common/host.c ****     if (debug_keyboard) {
 231              		.loc 1 67 5 is_stmt 1 view .LVU50
 232              		.loc 1 67 9 is_stmt 0 view .LVU51
 233 002a 114D     		ldr	r5, .L41+12
 234 002c 2B78     		ldrb	r3, [r5]
 235              		.loc 1 67 8 view .LVU52
 236 002e 5A07     		lsls	r2, r3, #29
 237 0030 17D5     		bpl	.L17
  68:tmk_core/common/host.c ****         dprint("keyboard_report: ");
 238              		.loc 1 68 9 is_stmt 1 view .LVU53
 239              		.loc 1 68 9 view .LVU54
 240 0032 DB07     		lsls	r3, r3, #31
 241 0034 02D5     		bpl	.L22
 242              		.loc 1 68 9 discriminator 1 view .LVU55
 243 0036 0F48     		ldr	r0, .L41+16
 244 0038 FFF7FEFF 		bl	tfp_printf
 245              	.LVL6:
 246              	.L22:
 247 003c 2600     		movs	r6, r4
 248              	.LBB2:
  69:tmk_core/common/host.c ****         for (uint8_t i = 0; i < KEYBOARD_REPORT_SIZE; i++) {
  70:tmk_core/common/host.c ****             dprintf("%02X ", report->raw[i]);
 249              		.loc 1 70 13 is_stmt 0 view .LVU56
 250 003e 0127     		movs	r7, #1
 251 0040 0836     		adds	r6, r6, #8
 252              	.LVL7:
 253              	.L24:
 254              		.loc 1 70 13 is_stmt 1 view .LVU57
 255              		.loc 1 70 13 view .LVU58
 256 0042 2B78     		ldrb	r3, [r5]
 257 0044 3B42     		tst	r3, r7
 258 0046 03D0     		beq	.L23
 259              		.loc 1 70 13 discriminator 1 view .LVU59
 260 0048 2178     		ldrb	r1, [r4]
 261 004a 0B48     		ldr	r0, .L41+20
 262 004c FFF7FEFF 		bl	tfp_printf
 263              	.LVL8:
 264              	.L23:
 265              		.loc 1 70 13 is_stmt 0 discriminator 1 view .LVU60
 266 0050 0134     		adds	r4, r4, #1
 267              	.LVL9:
  69:tmk_core/common/host.c ****         for (uint8_t i = 0; i < KEYBOARD_REPORT_SIZE; i++) {
 268              		.loc 1 69 9 discriminator 2 view .LVU61
 269 0052 B442     		cmp	r4, r6
 270 0054 F5D1     		bne	.L24
 271              	.LBE2:
  71:tmk_core/common/host.c ****         }
  72:tmk_core/common/host.c ****         dprint("\n");
 272              		.loc 1 72 9 is_stmt 1 view .LVU62
 273              		.loc 1 72 9 view .LVU63
 274 0056 2B78     		ldrb	r3, [r5]
 275 0058 DB07     		lsls	r3, r3, #31
 276 005a 02D5     		bpl	.L17
 277              		.loc 1 72 9 discriminator 1 view .LVU64
 278 005c 0748     		ldr	r0, .L41+24
 279 005e FFF7FEFF 		bl	tfp_printf
 280              	.LVL10:
 281              	.L17:
  73:tmk_core/common/host.c ****     }
  74:tmk_core/common/host.c **** }
 282              		.loc 1 74 1 is_stmt 0 view .LVU65
 283              		@ sp needed
 284 0062 F8BD     		pop	{r3, r4, r5, r6, r7, pc}
 285              	.L42:
 286              		.align	2
 287              	.L41:
 288 0064 00000000 		.word	.LANCHOR0
 289 0068 00000000 		.word	keyboard_protocol
 290 006c 00000000 		.word	keymap_config
 291 0070 00000000 		.word	debug_config
 292 0074 00000000 		.word	.LC8
 293 0078 12000000 		.word	.LC10
 294 007c 18000000 		.word	.LC12
 295              		.cfi_endproc
 296              	.LFE192:
 298              		.section	.text.host_mouse_send,"ax",%progbits
 299              		.align	1
 300              		.global	host_mouse_send
 301              		.syntax unified
 302              		.code	16
 303              		.thumb_func
 304              		.fpu softvfp
 306              	host_mouse_send:
 307              	.LVL11:
 308              	.LFB193:
  75:tmk_core/common/host.c **** 
  76:tmk_core/common/host.c **** void host_mouse_send(report_mouse_t *report) {
 309              		.loc 1 76 46 is_stmt 1 view -0
 310              		.cfi_startproc
 311              		@ args = 0, pretend = 0, frame = 0
 312              		@ frame_needed = 0, uses_anonymous_args = 0
  77:tmk_core/common/host.c ****     if (!driver) return;
 313              		.loc 1 77 5 view .LVU67
 314              		.loc 1 77 9 is_stmt 0 view .LVU68
 315 0000 044B     		ldr	r3, .L48
  76:tmk_core/common/host.c ****     if (!driver) return;
 316              		.loc 1 76 46 view .LVU69
 317 0002 10B5     		push	{r4, lr}
 318              		.cfi_def_cfa_offset 8
 319              		.cfi_offset 4, -8
 320              		.cfi_offset 14, -4
 321              		.loc 1 77 9 view .LVU70
 322 0004 1B68     		ldr	r3, [r3]
 323              		.loc 1 77 8 view .LVU71
 324 0006 002B     		cmp	r3, #0
 325 0008 03D0     		beq	.L43
  78:tmk_core/common/host.c **** #ifdef MOUSE_SHARED_EP
  79:tmk_core/common/host.c ****     report->report_id = REPORT_ID_MOUSE;
 326              		.loc 1 79 5 is_stmt 1 view .LVU72
 327              		.loc 1 79 23 is_stmt 0 view .LVU73
 328 000a 0222     		movs	r2, #2
 329 000c 0270     		strb	r2, [r0]
  80:tmk_core/common/host.c **** #endif
  81:tmk_core/common/host.c ****     (*driver->send_mouse)(report);
 330              		.loc 1 81 5 is_stmt 1 view .LVU74
 331              		.loc 1 81 6 is_stmt 0 view .LVU75
 332 000e 9B68     		ldr	r3, [r3, #8]
 333 0010 9847     		blx	r3
 334              	.LVL12:
 335              	.L43:
  82:tmk_core/common/host.c **** }
 336              		.loc 1 82 1 view .LVU76
 337              		@ sp needed
 338 0012 10BD     		pop	{r4, pc}
 339              	.L49:
 340              		.align	2
 341              	.L48:
 342 0014 00000000 		.word	.LANCHOR0
 343              		.cfi_endproc
 344              	.LFE193:
 346              		.section	.text.host_system_send,"ax",%progbits
 347              		.align	1
 348              		.global	host_system_send
 349              		.syntax unified
 350              		.code	16
 351              		.thumb_func
 352              		.fpu softvfp
 354              	host_system_send:
 355              	.LVL13:
 356              	.LFB194:
  83:tmk_core/common/host.c **** 
  84:tmk_core/common/host.c **** void host_system_send(uint16_t report) {
 357              		.loc 1 84 40 is_stmt 1 view -0
 358              		.cfi_startproc
 359              		@ args = 0, pretend = 0, frame = 0
 360              		@ frame_needed = 0, uses_anonymous_args = 0
  85:tmk_core/common/host.c ****     if (report == last_system_report) return;
 361              		.loc 1 85 5 view .LVU78
 362              		.loc 1 85 16 is_stmt 0 view .LVU79
 363 0000 064B     		ldr	r3, .L57
  84:tmk_core/common/host.c ****     if (report == last_system_report) return;
 364              		.loc 1 84 40 view .LVU80
 365 0002 10B5     		push	{r4, lr}
 366              		.cfi_def_cfa_offset 8
 367              		.cfi_offset 4, -8
 368              		.cfi_offset 14, -4
 369              		.loc 1 85 8 view .LVU81
 370 0004 1A88     		ldrh	r2, [r3]
 371 0006 8242     		cmp	r2, r0
 372 0008 06D0     		beq	.L50
  86:tmk_core/common/host.c ****     last_system_report = report;
 373              		.loc 1 86 5 is_stmt 1 view .LVU82
 374              		.loc 1 86 24 is_stmt 0 view .LVU83
 375 000a 1880     		strh	r0, [r3]
  87:tmk_core/common/host.c **** 
  88:tmk_core/common/host.c ****     if (!driver) return;
 376              		.loc 1 88 5 is_stmt 1 view .LVU84
 377              		.loc 1 88 9 is_stmt 0 view .LVU85
 378 000c 044B     		ldr	r3, .L57+4
 379 000e 1B68     		ldr	r3, [r3]
 380              		.loc 1 88 8 view .LVU86
 381 0010 002B     		cmp	r3, #0
 382 0012 01D0     		beq	.L50
  89:tmk_core/common/host.c ****     (*driver->send_system)(report);
 383              		.loc 1 89 5 is_stmt 1 view .LVU87
 384              		.loc 1 89 6 is_stmt 0 view .LVU88
 385 0014 DB68     		ldr	r3, [r3, #12]
 386 0016 9847     		blx	r3
 387              	.LVL14:
 388              	.L50:
  90:tmk_core/common/host.c **** }
 389              		.loc 1 90 1 view .LVU89
 390              		@ sp needed
 391 0018 10BD     		pop	{r4, pc}
 392              	.L58:
 393 001a C046     		.align	2
 394              	.L57:
 395 001c 00000000 		.word	.LANCHOR1
 396 0020 00000000 		.word	.LANCHOR0
 397              		.cfi_endproc
 398              	.LFE194:
 400              		.section	.text.host_consumer_send,"ax",%progbits
 401              		.align	1
 402              		.global	host_consumer_send
 403              		.syntax unified
 404              		.code	16
 405              		.thumb_func
 406              		.fpu softvfp
 408              	host_consumer_send:
 409              	.LVL15:
 410              	.LFB195:
  91:tmk_core/common/host.c **** 
  92:tmk_core/common/host.c **** void host_consumer_send(uint16_t report) {
 411              		.loc 1 92 42 is_stmt 1 view -0
 412              		.cfi_startproc
 413              		@ args = 0, pretend = 0, frame = 0
 414              		@ frame_needed = 0, uses_anonymous_args = 0
  93:tmk_core/common/host.c ****     if (report == last_consumer_report) return;
 415              		.loc 1 93 5 view .LVU91
 416              		.loc 1 93 16 is_stmt 0 view .LVU92
 417 0000 064B     		ldr	r3, .L66
  92:tmk_core/common/host.c ****     if (report == last_consumer_report) return;
 418              		.loc 1 92 42 view .LVU93
 419 0002 10B5     		push	{r4, lr}
 420              		.cfi_def_cfa_offset 8
 421              		.cfi_offset 4, -8
 422              		.cfi_offset 14, -4
 423              		.loc 1 93 8 view .LVU94
 424 0004 1A88     		ldrh	r2, [r3]
 425 0006 8242     		cmp	r2, r0
 426 0008 06D0     		beq	.L59
  94:tmk_core/common/host.c ****     last_consumer_report = report;
 427              		.loc 1 94 5 is_stmt 1 view .LVU95
 428              		.loc 1 94 26 is_stmt 0 view .LVU96
 429 000a 1880     		strh	r0, [r3]
  95:tmk_core/common/host.c **** 
  96:tmk_core/common/host.c ****     if (!driver) return;
 430              		.loc 1 96 5 is_stmt 1 view .LVU97
 431              		.loc 1 96 9 is_stmt 0 view .LVU98
 432 000c 044B     		ldr	r3, .L66+4
 433 000e 1B68     		ldr	r3, [r3]
 434              		.loc 1 96 8 view .LVU99
 435 0010 002B     		cmp	r3, #0
 436 0012 01D0     		beq	.L59
  97:tmk_core/common/host.c ****     (*driver->send_consumer)(report);
 437              		.loc 1 97 5 is_stmt 1 view .LVU100
 438              		.loc 1 97 6 is_stmt 0 view .LVU101
 439 0014 1B69     		ldr	r3, [r3, #16]
 440 0016 9847     		blx	r3
 441              	.LVL16:
 442              	.L59:
  98:tmk_core/common/host.c **** }
 443              		.loc 1 98 1 view .LVU102
 444              		@ sp needed
 445 0018 10BD     		pop	{r4, pc}
 446              	.L67:
 447 001a C046     		.align	2
 448              	.L66:
 449 001c 00000000 		.word	.LANCHOR2
 450 0020 00000000 		.word	.LANCHOR0
 451              		.cfi_endproc
 452              	.LFE195:
 454              		.section	.text.host_last_system_report,"ax",%progbits
 455              		.align	1
 456              		.global	host_last_system_report
 457              		.syntax unified
 458              		.code	16
 459              		.thumb_func
 460              		.fpu softvfp
 462              	host_last_system_report:
 463              	.LFB196:
  99:tmk_core/common/host.c **** 
 100:tmk_core/common/host.c **** uint16_t host_last_system_report(void) { return last_system_report; }
 464              		.loc 1 100 40 is_stmt 1 view -0
 465              		.cfi_startproc
 466              		@ args = 0, pretend = 0, frame = 0
 467              		@ frame_needed = 0, uses_anonymous_args = 0
 468              		@ link register save eliminated.
 469              		.loc 1 100 42 view .LVU104
 470              		.loc 1 100 49 is_stmt 0 view .LVU105
 471 0000 014B     		ldr	r3, .L69
 472              		.loc 1 100 1 view .LVU106
 473              		@ sp needed
 474              		.loc 1 100 49 view .LVU107
 475 0002 1888     		ldrh	r0, [r3]
 476              		.loc 1 100 1 view .LVU108
 477 0004 7047     		bx	lr
 478              	.L70:
 479 0006 C046     		.align	2
 480              	.L69:
 481 0008 00000000 		.word	.LANCHOR1
 482              		.cfi_endproc
 483              	.LFE196:
 485              		.section	.text.host_last_consumer_report,"ax",%progbits
 486              		.align	1
 487              		.global	host_last_consumer_report
 488              		.syntax unified
 489              		.code	16
 490              		.thumb_func
 491              		.fpu softvfp
 493              	host_last_consumer_report:
 494              	.LFB197:
 101:tmk_core/common/host.c **** 
 102:tmk_core/common/host.c **** uint16_t host_last_consumer_report(void) { return last_consumer_report; }
 495              		.loc 1 102 42 is_stmt 1 view -0
 496              		.cfi_startproc
 497              		@ args = 0, pretend = 0, frame = 0
 498              		@ frame_needed = 0, uses_anonymous_args = 0
 499              		@ link register save eliminated.
 500              		.loc 1 102 44 view .LVU110
 501              		.loc 1 102 51 is_stmt 0 view .LVU111
 502 0000 014B     		ldr	r3, .L72
 503              		.loc 1 102 1 view .LVU112
 504              		@ sp needed
 505              		.loc 1 102 51 view .LVU113
 506 0002 1888     		ldrh	r0, [r3]
 507              		.loc 1 102 1 view .LVU114
 508 0004 7047     		bx	lr
 509              	.L73:
 510 0006 C046     		.align	2
 511              	.L72:
 512 0008 00000000 		.word	.LANCHOR2
 513              		.cfi_endproc
 514              	.LFE197:
 516              		.section	.bss.driver,"aw",%nobits
 517              		.align	2
 518              		.set	.LANCHOR0,. + 0
 521              	driver:
 522 0000 00000000 		.space	4
 523              		.section	.bss.last_consumer_report,"aw",%nobits
 524              		.align	1
 525              		.set	.LANCHOR2,. + 0
 528              	last_consumer_report:
 529 0000 0000     		.space	2
 530              		.section	.bss.last_system_report,"aw",%nobits
 531              		.align	1
 532              		.set	.LANCHOR1,. + 0
 535              	last_system_report:
 536 0000 0000     		.space	2
 537              		.section	.rodata.host_keyboard_send.str1.1,"aMS",%progbits,1
 538              	.LC8:
 539 0000 6B657962 		.ascii	"keyboard_report: \000"
 539      6F617264 
 539      5F726570 
 539      6F72743A 
 539      2000
 540              	.LC10:
 541 0012 25303258 		.ascii	"%02X \000"
 541      2000
 542              	.LC12:
 543 0018 0A00     		.ascii	"\012\000"
 544              		.text
 545              	.Letext0:
 546              		.file 2 "c:\\msys64\\home\\kyleo\\qmk_utils\\gcc-arm-none-eabi\\arm-none-eabi\\include\\machine\\_
 547              		.file 3 "c:\\msys64\\home\\kyleo\\qmk_utils\\gcc-arm-none-eabi\\arm-none-eabi\\include\\sys\\_stdi
 548              		.file 4 "c:\\msys64\\home\\kyleo\\qmk_utils\\gcc-arm-none-eabi\\arm-none-eabi\\include\\stdint.h"
 549              		.file 5 "c:\\msys64\\home\\kyleo\\qmk_utils\\gcc-arm-none-eabi\\lib\\gcc\\arm-none-eabi\\8.3.1\\in
 550              		.file 6 "./lib/chibios/os/common/ports/ARMCMx/compilers/GCC/chtypes.h"
 551              		.file 7 "./lib/chibios/os/rt/include/chsystypes.h"
 552              		.file 8 "./lib/chibios/os/rt/include/chschd.h"
 553              		.file 9 "./lib/chibios/os/rt/include/chtime.h"
 554              		.file 10 "./lib/chibios/os/common/ext/ST/STM32F0xx/system_stm32f0xx.h"
 555              		.file 11 "./lib/chibios/os/common/ext/ST/STM32F0xx/stm32f072xb.h"
 556              		.file 12 "./lib/chibios/os/common/ports/ARMCMx/chcore.h"
 557              		.file 13 "./lib/chibios/os/common/ports/ARMCMx/chcore_v6m.h"
 558              		.file 14 "./lib/chibios/os/hal/ports/STM32/LLD/TIMv1/stm32_tim.h"
 559              		.file 15 "./lib/chibios/os/rt/include/chsem.h"
 560              		.file 16 "./lib/chibios/os/rt/include/chmtx.h"
 561              		.file 17 "./lib/chibios/os/rt/include/chsys.h"
 562              		.file 18 "./lib/chibios/os/rt/include/chregistry.h"
 563              		.file 19 "./lib/chibios/os/oslib/include/chmemcore.h"
 564              		.file 20 "./lib/chibios/os/hal/ports/STM32/LLD/DMAv1/stm32_dma.h"
 565              		.file 21 "./lib/chibios/os/hal/ports/STM32/LLD/GPIOv2/stm32_gpio.h"
 566              		.file 22 "./lib/chibios/os/hal/ports/STM32/LLD/GPIOv2/hal_pal_lld.h"
 567              		.file 23 "./lib/chibios/os/hal/include/hal_i2c.h"
 568              		.file 24 "./lib/chibios/os/hal/ports/STM32/LLD/I2Cv2/hal_i2c_lld.h"
 569              		.file 25 "./lib/chibios/os/hal/include/hal_pwm.h"
 570              		.file 26 "./lib/chibios/os/hal/ports/STM32/LLD/TIMv1/hal_pwm_lld.h"
 571              		.file 27 "./lib/chibios/os/hal/include/hal_spi.h"
 572              		.file 28 "./lib/chibios/os/hal/ports/STM32/LLD/SPIv2/hal_spi_lld.h"
 573              		.file 29 "./lib/chibios/os/hal/include/hal_usb.h"
 574              		.file 30 "./lib/chibios/os/hal/ports/STM32/LLD/USBv1/hal_usb_lld.h"
 575              		.file 31 "tmk_core/common/report.h"
 576              		.file 32 "tmk_core/common/host_driver.h"
 577              		.file 33 "tmk_core/common/led.h"
 578              		.file 34 "tmk_core/common/host.h"
 579              		.file 35 "tmk_core/common/debug.h"
 580              		.file 36 "quantum/keycode_config.h"
 581              		.file 37 "tmk_core/common/chibios/printf.h"
DEFINED SYMBOLS
                            *ABS*:00000000 host.c
C:\Users\kyleo\AppData\Local\Temp\ccZMP53U.s:16     .text.host_set_driver:00000000 $t
C:\Users\kyleo\AppData\Local\Temp\ccZMP53U.s:24     .text.host_set_driver:00000000 host_set_driver
C:\Users\kyleo\AppData\Local\Temp\ccZMP53U.s:45     .text.host_set_driver:00000008 $d
C:\Users\kyleo\AppData\Local\Temp\ccZMP53U.s:50     .text.host_get_driver:00000000 $t
C:\Users\kyleo\AppData\Local\Temp\ccZMP53U.s:57     .text.host_get_driver:00000000 host_get_driver
C:\Users\kyleo\AppData\Local\Temp\ccZMP53U.s:76     .text.host_get_driver:00000008 $d
C:\Users\kyleo\AppData\Local\Temp\ccZMP53U.s:81     .text.host_keyboard_leds:00000000 $t
C:\Users\kyleo\AppData\Local\Temp\ccZMP53U.s:88     .text.host_keyboard_leds:00000000 host_keyboard_leds
C:\Users\kyleo\AppData\Local\Temp\ccZMP53U.s:120    .text.host_keyboard_leds:00000010 $d
C:\Users\kyleo\AppData\Local\Temp\ccZMP53U.s:125    .text.host_keyboard_led_state:00000000 $t
C:\Users\kyleo\AppData\Local\Temp\ccZMP53U.s:132    .text.host_keyboard_led_state:00000000 host_keyboard_led_state
C:\Users\kyleo\AppData\Local\Temp\ccZMP53U.s:163    .text.host_keyboard_led_state:00000010 $d
C:\Users\kyleo\AppData\Local\Temp\ccZMP53U.s:168    .text.host_keyboard_send:00000000 $t
C:\Users\kyleo\AppData\Local\Temp\ccZMP53U.s:175    .text.host_keyboard_send:00000000 host_keyboard_send
C:\Users\kyleo\AppData\Local\Temp\ccZMP53U.s:288    .text.host_keyboard_send:00000064 $d
C:\Users\kyleo\AppData\Local\Temp\ccZMP53U.s:299    .text.host_mouse_send:00000000 $t
C:\Users\kyleo\AppData\Local\Temp\ccZMP53U.s:306    .text.host_mouse_send:00000000 host_mouse_send
C:\Users\kyleo\AppData\Local\Temp\ccZMP53U.s:342    .text.host_mouse_send:00000014 $d
C:\Users\kyleo\AppData\Local\Temp\ccZMP53U.s:347    .text.host_system_send:00000000 $t
C:\Users\kyleo\AppData\Local\Temp\ccZMP53U.s:354    .text.host_system_send:00000000 host_system_send
C:\Users\kyleo\AppData\Local\Temp\ccZMP53U.s:395    .text.host_system_send:0000001c $d
C:\Users\kyleo\AppData\Local\Temp\ccZMP53U.s:401    .text.host_consumer_send:00000000 $t
C:\Users\kyleo\AppData\Local\Temp\ccZMP53U.s:408    .text.host_consumer_send:00000000 host_consumer_send
C:\Users\kyleo\AppData\Local\Temp\ccZMP53U.s:449    .text.host_consumer_send:0000001c $d
C:\Users\kyleo\AppData\Local\Temp\ccZMP53U.s:455    .text.host_last_system_report:00000000 $t
C:\Users\kyleo\AppData\Local\Temp\ccZMP53U.s:462    .text.host_last_system_report:00000000 host_last_system_report
C:\Users\kyleo\AppData\Local\Temp\ccZMP53U.s:481    .text.host_last_system_report:00000008 $d
C:\Users\kyleo\AppData\Local\Temp\ccZMP53U.s:486    .text.host_last_consumer_report:00000000 $t
C:\Users\kyleo\AppData\Local\Temp\ccZMP53U.s:493    .text.host_last_consumer_report:00000000 host_last_consumer_report
C:\Users\kyleo\AppData\Local\Temp\ccZMP53U.s:512    .text.host_last_consumer_report:00000008 $d
C:\Users\kyleo\AppData\Local\Temp\ccZMP53U.s:517    .bss.driver:00000000 $d
C:\Users\kyleo\AppData\Local\Temp\ccZMP53U.s:521    .bss.driver:00000000 driver
C:\Users\kyleo\AppData\Local\Temp\ccZMP53U.s:524    .bss.last_consumer_report:00000000 $d
C:\Users\kyleo\AppData\Local\Temp\ccZMP53U.s:528    .bss.last_consumer_report:00000000 last_consumer_report
C:\Users\kyleo\AppData\Local\Temp\ccZMP53U.s:531    .bss.last_system_report:00000000 $d
C:\Users\kyleo\AppData\Local\Temp\ccZMP53U.s:535    .bss.last_system_report:00000000 last_system_report

UNDEFINED SYMBOLS
tfp_printf
keyboard_protocol
keymap_config
debug_config
