   1              		.cpu cortex-m0
   2              		.eabi_attribute 20, 1
   3              		.eabi_attribute 21, 1
   4              		.eabi_attribute 23, 3
   5              		.eabi_attribute 24, 1
   6              		.eabi_attribute 25, 1
   7              		.eabi_attribute 26, 1
   8              		.eabi_attribute 30, 4
   9              		.eabi_attribute 34, 0
  10              		.eabi_attribute 18, 2
  11              		.file	"main.c"
  12              		.text
  13              	.Ltext0:
  14              		.cfi_sections	.debug_frame
  15              		.section	.text.startup.main,"ax",%progbits
  16              		.align	1
  17              		.global	main
  18              		.arch armv6s-m
  19              		.syntax unified
  20              		.code	16
  21              		.thumb_func
  22              		.fpu softvfp
  24              	main:
  25              	.LFB194:
  26              		.file 1 "tmk_core/protocol/chibios/main.c"
   1:tmk_core/protocol/chibios/main.c **** /*
   2:tmk_core/protocol/chibios/main.c ****  * (c) 2015 flabberast <s3+flabbergast@sdfeu.org>
   3:tmk_core/protocol/chibios/main.c ****  *
   4:tmk_core/protocol/chibios/main.c ****  * Based on the following work:
   5:tmk_core/protocol/chibios/main.c ****  *  - Guillaume Duc's raw hid example (MIT License)
   6:tmk_core/protocol/chibios/main.c ****  *    https://github.com/guiduc/usb-hid-chibios-example
   7:tmk_core/protocol/chibios/main.c ****  *  - PJRC Teensy examples (MIT License)
   8:tmk_core/protocol/chibios/main.c ****  *    https://www.pjrc.com/teensy/usb_keyboard.html
   9:tmk_core/protocol/chibios/main.c ****  *  - hasu's TMK keyboard code (GPL v2 and some code Modified BSD)
  10:tmk_core/protocol/chibios/main.c ****  *    https://github.com/tmk/tmk_keyboard/
  11:tmk_core/protocol/chibios/main.c ****  *  - ChibiOS demo code (Apache 2.0 License)
  12:tmk_core/protocol/chibios/main.c ****  *    http://www.chibios.org
  13:tmk_core/protocol/chibios/main.c ****  *
  14:tmk_core/protocol/chibios/main.c ****  * Since some GPL'd code is used, this work is licensed under
  15:tmk_core/protocol/chibios/main.c ****  * GPL v2 or later.
  16:tmk_core/protocol/chibios/main.c ****  */
  17:tmk_core/protocol/chibios/main.c **** 
  18:tmk_core/protocol/chibios/main.c **** #include "ch.h"
  19:tmk_core/protocol/chibios/main.c **** #include "hal.h"
  20:tmk_core/protocol/chibios/main.c **** 
  21:tmk_core/protocol/chibios/main.c **** #include "usb_main.h"
  22:tmk_core/protocol/chibios/main.c **** 
  23:tmk_core/protocol/chibios/main.c **** /* TMK includes */
  24:tmk_core/protocol/chibios/main.c **** #include "report.h"
  25:tmk_core/protocol/chibios/main.c **** #include "host.h"
  26:tmk_core/protocol/chibios/main.c **** #include "host_driver.h"
  27:tmk_core/protocol/chibios/main.c **** #include "keyboard.h"
  28:tmk_core/protocol/chibios/main.c **** #include "action.h"
  29:tmk_core/protocol/chibios/main.c **** #include "action_util.h"
  30:tmk_core/protocol/chibios/main.c **** #include "mousekey.h"
  31:tmk_core/protocol/chibios/main.c **** #include "led.h"
  32:tmk_core/protocol/chibios/main.c **** #include "sendchar.h"
  33:tmk_core/protocol/chibios/main.c **** #include "debug.h"
  34:tmk_core/protocol/chibios/main.c **** #include "printf.h"
  35:tmk_core/protocol/chibios/main.c **** 
  36:tmk_core/protocol/chibios/main.c **** #ifdef SLEEP_LED_ENABLE
  37:tmk_core/protocol/chibios/main.c **** #    include "sleep_led.h"
  38:tmk_core/protocol/chibios/main.c **** #endif
  39:tmk_core/protocol/chibios/main.c **** #ifdef SERIAL_LINK_ENABLE
  40:tmk_core/protocol/chibios/main.c **** #    include "serial_link/system/serial_link.h"
  41:tmk_core/protocol/chibios/main.c **** #endif
  42:tmk_core/protocol/chibios/main.c **** #ifdef VISUALIZER_ENABLE
  43:tmk_core/protocol/chibios/main.c **** #    include "visualizer/visualizer.h"
  44:tmk_core/protocol/chibios/main.c **** #endif
  45:tmk_core/protocol/chibios/main.c **** #ifdef MIDI_ENABLE
  46:tmk_core/protocol/chibios/main.c **** #    include "qmk_midi.h"
  47:tmk_core/protocol/chibios/main.c **** #endif
  48:tmk_core/protocol/chibios/main.c **** #ifdef STM32_EEPROM_ENABLE
  49:tmk_core/protocol/chibios/main.c **** #    include "eeprom_stm32.h"
  50:tmk_core/protocol/chibios/main.c **** #endif
  51:tmk_core/protocol/chibios/main.c **** #include "suspend.h"
  52:tmk_core/protocol/chibios/main.c **** #include "wait.h"
  53:tmk_core/protocol/chibios/main.c **** 
  54:tmk_core/protocol/chibios/main.c **** /* -------------------------
  55:tmk_core/protocol/chibios/main.c ****  *   TMK host driver defs
  56:tmk_core/protocol/chibios/main.c ****  * -------------------------
  57:tmk_core/protocol/chibios/main.c ****  */
  58:tmk_core/protocol/chibios/main.c **** 
  59:tmk_core/protocol/chibios/main.c **** /* declarations */
  60:tmk_core/protocol/chibios/main.c **** uint8_t keyboard_leds(void);
  61:tmk_core/protocol/chibios/main.c **** void    send_keyboard(report_keyboard_t *report);
  62:tmk_core/protocol/chibios/main.c **** void    send_mouse(report_mouse_t *report);
  63:tmk_core/protocol/chibios/main.c **** void    send_system(uint16_t data);
  64:tmk_core/protocol/chibios/main.c **** void    send_consumer(uint16_t data);
  65:tmk_core/protocol/chibios/main.c **** 
  66:tmk_core/protocol/chibios/main.c **** /* host struct */
  67:tmk_core/protocol/chibios/main.c **** host_driver_t chibios_driver = {keyboard_leds, send_keyboard, send_mouse, send_system, send_consume
  68:tmk_core/protocol/chibios/main.c **** 
  69:tmk_core/protocol/chibios/main.c **** #ifdef VIRTSER_ENABLE
  70:tmk_core/protocol/chibios/main.c **** void virtser_task(void);
  71:tmk_core/protocol/chibios/main.c **** #endif
  72:tmk_core/protocol/chibios/main.c **** 
  73:tmk_core/protocol/chibios/main.c **** #ifdef RAW_ENABLE
  74:tmk_core/protocol/chibios/main.c **** void raw_hid_task(void);
  75:tmk_core/protocol/chibios/main.c **** #endif
  76:tmk_core/protocol/chibios/main.c **** 
  77:tmk_core/protocol/chibios/main.c **** #ifdef CONSOLE_ENABLE
  78:tmk_core/protocol/chibios/main.c **** void console_task(void);
  79:tmk_core/protocol/chibios/main.c **** #endif
  80:tmk_core/protocol/chibios/main.c **** #ifdef MIDI_ENABLE
  81:tmk_core/protocol/chibios/main.c **** void midi_ep_task(void);
  82:tmk_core/protocol/chibios/main.c **** #endif
  83:tmk_core/protocol/chibios/main.c **** 
  84:tmk_core/protocol/chibios/main.c **** /* TESTING
  85:tmk_core/protocol/chibios/main.c ****  * Amber LED blinker thread, times are in milliseconds.
  86:tmk_core/protocol/chibios/main.c ****  */
  87:tmk_core/protocol/chibios/main.c **** /* set this variable to non-zero anywhere to blink once */
  88:tmk_core/protocol/chibios/main.c **** // static THD_WORKING_AREA(waThread1, 128);
  89:tmk_core/protocol/chibios/main.c **** // static THD_FUNCTION(Thread1, arg) {
  90:tmk_core/protocol/chibios/main.c **** 
  91:tmk_core/protocol/chibios/main.c **** //   (void)arg;
  92:tmk_core/protocol/chibios/main.c **** //   chRegSetThreadName("blinker");
  93:tmk_core/protocol/chibios/main.c **** //   while (true) {
  94:tmk_core/protocol/chibios/main.c **** //     systime_t time;
  95:tmk_core/protocol/chibios/main.c **** 
  96:tmk_core/protocol/chibios/main.c **** //     time = USB_DRIVER.state == USB_ACTIVE ? 250 : 500;
  97:tmk_core/protocol/chibios/main.c **** //     palClearLine(LINE_CAPS_LOCK);
  98:tmk_core/protocol/chibios/main.c **** //     chSysPolledDelayX(MS2RTC(STM32_HCLK, time));
  99:tmk_core/protocol/chibios/main.c **** //     palSetLine(LINE_CAPS_LOCK);
 100:tmk_core/protocol/chibios/main.c **** //     chSysPolledDelayX(MS2RTC(STM32_HCLK, time));
 101:tmk_core/protocol/chibios/main.c **** //   }
 102:tmk_core/protocol/chibios/main.c **** // }
 103:tmk_core/protocol/chibios/main.c **** 
 104:tmk_core/protocol/chibios/main.c **** /* Main thread
 105:tmk_core/protocol/chibios/main.c ****  */
 106:tmk_core/protocol/chibios/main.c **** int main(void) {
  27              		.loc 1 106 16 view -0
  28              		.cfi_startproc
  29              		@ args = 0, pretend = 0, frame = 0
  30              		@ frame_needed = 0, uses_anonymous_args = 0
 107:tmk_core/protocol/chibios/main.c ****     /* ChibiOS/RT init */
 108:tmk_core/protocol/chibios/main.c ****     halInit();
  31              		.loc 1 108 5 view .LVU1
 106:tmk_core/protocol/chibios/main.c ****     /* ChibiOS/RT init */
  32              		.loc 1 106 16 is_stmt 0 view .LVU2
  33 0000 10B5     		push	{r4, lr}
  34              		.cfi_def_cfa_offset 8
  35              		.cfi_offset 4, -8
  36              		.cfi_offset 14, -4
  37              		.loc 1 108 5 view .LVU3
  38 0002 FFF7FEFF 		bl	halInit
  39              	.LVL0:
 109:tmk_core/protocol/chibios/main.c ****     chSysInit();
  40              		.loc 1 109 5 is_stmt 1 view .LVU4
  41 0006 FFF7FEFF 		bl	chSysInit
  42              	.LVL1:
 110:tmk_core/protocol/chibios/main.c **** 
 111:tmk_core/protocol/chibios/main.c **** #ifdef STM32_EEPROM_ENABLE
 112:tmk_core/protocol/chibios/main.c ****     EEPROM_Init();
  43              		.loc 1 112 5 view .LVU5
  44 000a FFF7FEFF 		bl	EEPROM_Init
  45              	.LVL2:
 113:tmk_core/protocol/chibios/main.c **** #endif
 114:tmk_core/protocol/chibios/main.c **** 
 115:tmk_core/protocol/chibios/main.c ****     // TESTING
 116:tmk_core/protocol/chibios/main.c ****     // chThdCreateStatic(waThread1, sizeof(waThread1), NORMALPRIO, Thread1, NULL);
 117:tmk_core/protocol/chibios/main.c **** 
 118:tmk_core/protocol/chibios/main.c ****     keyboard_setup();
  46              		.loc 1 118 5 view .LVU6
  47 000e FFF7FEFF 		bl	keyboard_setup
  48              	.LVL3:
 119:tmk_core/protocol/chibios/main.c **** 
 120:tmk_core/protocol/chibios/main.c ****     /* Init USB */
 121:tmk_core/protocol/chibios/main.c ****     init_usb_driver(&USB_DRIVER);
  49              		.loc 1 121 5 view .LVU7
  50 0012 1A4C     		ldr	r4, .L9
  51 0014 2000     		movs	r0, r4
  52 0016 FFF7FEFF 		bl	init_usb_driver
  53              	.LVL4:
 122:tmk_core/protocol/chibios/main.c **** 
 123:tmk_core/protocol/chibios/main.c ****     /* init printf */
 124:tmk_core/protocol/chibios/main.c ****     init_printf(NULL, sendchar_pf);
  54              		.loc 1 124 5 view .LVU8
  55 001a 1949     		ldr	r1, .L9+4
  56 001c 0020     		movs	r0, #0
  57 001e FFF7FEFF 		bl	init_printf
  58              	.LVL5:
 125:tmk_core/protocol/chibios/main.c **** 
 126:tmk_core/protocol/chibios/main.c **** #ifdef MIDI_ENABLE
 127:tmk_core/protocol/chibios/main.c ****     setup_midi();
 128:tmk_core/protocol/chibios/main.c **** #endif
 129:tmk_core/protocol/chibios/main.c **** 
 130:tmk_core/protocol/chibios/main.c **** #ifdef SERIAL_LINK_ENABLE
 131:tmk_core/protocol/chibios/main.c ****     init_serial_link();
 132:tmk_core/protocol/chibios/main.c **** #endif
 133:tmk_core/protocol/chibios/main.c **** 
 134:tmk_core/protocol/chibios/main.c **** #ifdef VISUALIZER_ENABLE
 135:tmk_core/protocol/chibios/main.c ****     visualizer_init();
 136:tmk_core/protocol/chibios/main.c **** #endif
 137:tmk_core/protocol/chibios/main.c **** 
 138:tmk_core/protocol/chibios/main.c ****     host_driver_t *driver = NULL;
  59              		.loc 1 138 5 view .LVU9
 139:tmk_core/protocol/chibios/main.c **** 
 140:tmk_core/protocol/chibios/main.c ****     /* Wait until the USB or serial link is active */
 141:tmk_core/protocol/chibios/main.c ****     while (true) {
  60              		.loc 1 141 5 view .LVU10
 142:tmk_core/protocol/chibios/main.c **** #if defined(WAIT_FOR_USB) || defined(SERIAL_LINK_ENABLE)
 143:tmk_core/protocol/chibios/main.c ****         if (USB_DRIVER.state == USB_ACTIVE) {
 144:tmk_core/protocol/chibios/main.c ****             driver = &chibios_driver;
 145:tmk_core/protocol/chibios/main.c ****             break;
 146:tmk_core/protocol/chibios/main.c ****         }
 147:tmk_core/protocol/chibios/main.c **** #else
 148:tmk_core/protocol/chibios/main.c ****         driver = &chibios_driver;
  61              		.loc 1 148 9 view .LVU11
 149:tmk_core/protocol/chibios/main.c ****         break;
  62              		.loc 1 149 9 view .LVU12
 150:tmk_core/protocol/chibios/main.c **** #endif
 151:tmk_core/protocol/chibios/main.c **** #ifdef SERIAL_LINK_ENABLE
 152:tmk_core/protocol/chibios/main.c ****         if (is_serial_link_connected()) {
 153:tmk_core/protocol/chibios/main.c ****             driver = get_serial_link_driver();
 154:tmk_core/protocol/chibios/main.c ****             break;
 155:tmk_core/protocol/chibios/main.c ****         }
 156:tmk_core/protocol/chibios/main.c ****         serial_link_update();
 157:tmk_core/protocol/chibios/main.c **** #endif
 158:tmk_core/protocol/chibios/main.c ****         wait_ms(50);
 159:tmk_core/protocol/chibios/main.c ****     }
 160:tmk_core/protocol/chibios/main.c **** 
 161:tmk_core/protocol/chibios/main.c ****     /* Do need to wait here!
 162:tmk_core/protocol/chibios/main.c ****      * Otherwise the next print might start a transfer on console EP
 163:tmk_core/protocol/chibios/main.c ****      * before the USB is completely ready, which sometimes causes
 164:tmk_core/protocol/chibios/main.c ****      * HardFaults.
 165:tmk_core/protocol/chibios/main.c ****      */
 166:tmk_core/protocol/chibios/main.c ****     wait_ms(50);
  63              		.loc 1 166 5 view .LVU13
  64              		.loc 1 166 5 view .LVU14
  65              		.loc 1 166 5 view .LVU15
  66 0022 FA20     		movs	r0, #250
  67 0024 4000     		lsls	r0, r0, #1
  68 0026 FFF7FEFF 		bl	chThdSleep
  69              	.LVL6:
 167:tmk_core/protocol/chibios/main.c **** 
 168:tmk_core/protocol/chibios/main.c ****     print("USB configured.\n");
  70              		.loc 1 168 5 view .LVU16
  71 002a 1648     		ldr	r0, .L9+8
  72 002c FFF7FEFF 		bl	tfp_printf
  73              	.LVL7:
 169:tmk_core/protocol/chibios/main.c **** 
 170:tmk_core/protocol/chibios/main.c ****     /* init TMK modules */
 171:tmk_core/protocol/chibios/main.c ****     keyboard_init();
  74              		.loc 1 171 5 view .LVU17
  75 0030 FFF7FEFF 		bl	keyboard_init
  76              	.LVL8:
 172:tmk_core/protocol/chibios/main.c ****     host_set_driver(driver);
  77              		.loc 1 172 5 view .LVU18
  78 0034 1448     		ldr	r0, .L9+12
  79 0036 FFF7FEFF 		bl	host_set_driver
  80              	.LVL9:
 173:tmk_core/protocol/chibios/main.c **** 
 174:tmk_core/protocol/chibios/main.c **** #ifdef SLEEP_LED_ENABLE
 175:tmk_core/protocol/chibios/main.c ****     sleep_led_init();
  81              		.loc 1 175 5 view .LVU19
  82 003a FFF7FEFF 		bl	sleep_led_init
  83              	.LVL10:
 176:tmk_core/protocol/chibios/main.c **** #endif
 177:tmk_core/protocol/chibios/main.c **** 
 178:tmk_core/protocol/chibios/main.c ****     print("Keyboard start.\n");
  84              		.loc 1 178 5 view .LVU20
  85 003e 1348     		ldr	r0, .L9+16
  86 0040 FFF7FEFF 		bl	tfp_printf
  87              	.LVL11:
  88              	.L6:
 179:tmk_core/protocol/chibios/main.c **** 
 180:tmk_core/protocol/chibios/main.c ****     /* Main loop */
 181:tmk_core/protocol/chibios/main.c ****     while (true) {
  89              		.loc 1 181 5 view .LVU21
 182:tmk_core/protocol/chibios/main.c **** #if !defined(NO_USB_STARTUP_CHECK)
 183:tmk_core/protocol/chibios/main.c ****         if (USB_DRIVER.state == USB_SUSPENDED) {
  90              		.loc 1 183 9 view .LVU22
  91              		.loc 1 183 12 is_stmt 0 view .LVU23
  92 0044 2378     		ldrb	r3, [r4]
  93 0046 052B     		cmp	r3, #5
  94 0048 09D1     		bne	.L2
 184:tmk_core/protocol/chibios/main.c ****             print("[s]");
  95              		.loc 1 184 13 is_stmt 1 view .LVU24
  96 004a 1148     		ldr	r0, .L9+20
  97 004c FFF7FEFF 		bl	tfp_printf
  98              	.LVL12:
 185:tmk_core/protocol/chibios/main.c **** #    ifdef VISUALIZER_ENABLE
 186:tmk_core/protocol/chibios/main.c ****             visualizer_suspend();
 187:tmk_core/protocol/chibios/main.c **** #    endif
 188:tmk_core/protocol/chibios/main.c ****             while (USB_DRIVER.state == USB_SUSPENDED) {
  99              		.loc 1 188 13 view .LVU25
 100              	.L4:
 101              		.loc 1 188 19 is_stmt 0 view .LVU26
 102 0050 2378     		ldrb	r3, [r4]
 103 0052 052B     		cmp	r3, #5
 104 0054 08D0     		beq	.L5
 189:tmk_core/protocol/chibios/main.c ****                 /* Do this in the suspended state */
 190:tmk_core/protocol/chibios/main.c **** #    ifdef SERIAL_LINK_ENABLE
 191:tmk_core/protocol/chibios/main.c ****                 serial_link_update();
 192:tmk_core/protocol/chibios/main.c **** #    endif
 193:tmk_core/protocol/chibios/main.c ****                 suspend_power_down();  // on AVR this deep sleeps for 15ms
 194:tmk_core/protocol/chibios/main.c ****                 /* Remote wakeup */
 195:tmk_core/protocol/chibios/main.c ****                 if (suspend_wakeup_condition()) {
 196:tmk_core/protocol/chibios/main.c ****                     usbWakeupHost(&USB_DRIVER);
 197:tmk_core/protocol/chibios/main.c ****                 }
 198:tmk_core/protocol/chibios/main.c ****             }
 199:tmk_core/protocol/chibios/main.c ****             /* Woken up */
 200:tmk_core/protocol/chibios/main.c ****             // variables has been already cleared by the wakeup hook
 201:tmk_core/protocol/chibios/main.c ****             send_keyboard_report();
 105              		.loc 1 201 13 is_stmt 1 view .LVU27
 106 0056 FFF7FEFF 		bl	send_keyboard_report
 107              	.LVL13:
 202:tmk_core/protocol/chibios/main.c **** #    ifdef MOUSEKEY_ENABLE
 203:tmk_core/protocol/chibios/main.c ****             mousekey_send();
 108              		.loc 1 203 13 view .LVU28
 109 005a FFF7FEFF 		bl	mousekey_send
 110              	.LVL14:
 111              	.L2:
 204:tmk_core/protocol/chibios/main.c **** #    endif /* MOUSEKEY_ENABLE */
 205:tmk_core/protocol/chibios/main.c **** 
 206:tmk_core/protocol/chibios/main.c **** #    ifdef VISUALIZER_ENABLE
 207:tmk_core/protocol/chibios/main.c ****             visualizer_resume();
 208:tmk_core/protocol/chibios/main.c **** #    endif
 209:tmk_core/protocol/chibios/main.c ****         }
 210:tmk_core/protocol/chibios/main.c **** #endif
 211:tmk_core/protocol/chibios/main.c **** 
 212:tmk_core/protocol/chibios/main.c ****         keyboard_task();
 112              		.loc 1 212 9 view .LVU29
 113 005e FFF7FEFF 		bl	keyboard_task
 114              	.LVL15:
 213:tmk_core/protocol/chibios/main.c **** #ifdef CONSOLE_ENABLE
 214:tmk_core/protocol/chibios/main.c ****         console_task();
 115              		.loc 1 214 9 view .LVU30
 116 0062 FFF7FEFF 		bl	console_task
 117              	.LVL16:
 183:tmk_core/protocol/chibios/main.c ****             print("[s]");
 118              		.loc 1 183 12 is_stmt 0 view .LVU31
 119 0066 EDE7     		b	.L6
 120              	.L5:
 193:tmk_core/protocol/chibios/main.c ****                 /* Remote wakeup */
 121              		.loc 1 193 17 is_stmt 1 view .LVU32
 122 0068 FFF7FEFF 		bl	suspend_power_down
 123              	.LVL17:
 195:tmk_core/protocol/chibios/main.c ****                     usbWakeupHost(&USB_DRIVER);
 124              		.loc 1 195 17 view .LVU33
 195:tmk_core/protocol/chibios/main.c ****                     usbWakeupHost(&USB_DRIVER);
 125              		.loc 1 195 21 is_stmt 0 view .LVU34
 126 006c FFF7FEFF 		bl	suspend_wakeup_condition
 127              	.LVL18:
 195:tmk_core/protocol/chibios/main.c ****                     usbWakeupHost(&USB_DRIVER);
 128              		.loc 1 195 20 view .LVU35
 129 0070 0028     		cmp	r0, #0
 130 0072 EDD0     		beq	.L4
 196:tmk_core/protocol/chibios/main.c ****                 }
 131              		.loc 1 196 21 is_stmt 1 view .LVU36
 132 0074 2000     		movs	r0, r4
 133 0076 FFF7FEFF 		bl	usbWakeupHost
 134              	.LVL19:
 135 007a E9E7     		b	.L4
 136              	.L10:
 137              		.align	2
 138              	.L9:
 139 007c 00000000 		.word	USBD1
 140 0080 00000000 		.word	sendchar_pf
 141 0084 00000000 		.word	.LC2
 142 0088 00000000 		.word	.LANCHOR0
 143 008c 11000000 		.word	.LC5
 144 0090 22000000 		.word	.LC7
 145              		.cfi_endproc
 146              	.LFE194:
 148              		.global	chibios_driver
 149              		.section	.data.chibios_driver,"aw"
 150              		.align	2
 151              		.set	.LANCHOR0,. + 0
 154              	chibios_driver:
 155 0000 00000000 		.word	keyboard_leds
 156 0004 00000000 		.word	send_keyboard
 157 0008 00000000 		.word	send_mouse
 158 000c 00000000 		.word	send_system
 159 0010 00000000 		.word	send_consumer
 160              		.section	.rodata.main.str1.1,"aMS",%progbits,1
 161              	.LC2:
 162 0000 55534220 		.ascii	"USB configured.\012\000"
 162      636F6E66 
 162      69677572 
 162      65642E0A 
 162      00
 163              	.LC5:
 164 0011 4B657962 		.ascii	"Keyboard start.\012\000"
 164      6F617264 
 164      20737461 
 164      72742E0A 
 164      00
 165              	.LC7:
 166 0022 5B735D00 		.ascii	"[s]\000"
 167              		.text
 168              	.Letext0:
 169              		.file 2 "c:\\msys64\\home\\kyleo\\qmk_utils\\gcc-arm-none-eabi\\lib\\gcc\\arm-none-eabi\\8.3.1\\in
 170              		.file 3 "c:\\msys64\\home\\kyleo\\qmk_utils\\gcc-arm-none-eabi\\arm-none-eabi\\include\\machine\\_
 171              		.file 4 "c:\\msys64\\home\\kyleo\\qmk_utils\\gcc-arm-none-eabi\\arm-none-eabi\\include\\sys\\_stdi
 172              		.file 5 "c:\\msys64\\home\\kyleo\\qmk_utils\\gcc-arm-none-eabi\\arm-none-eabi\\include\\stdint.h"
 173              		.file 6 "./lib/chibios/os/common/ports/ARMCMx/compilers/GCC/chtypes.h"
 174              		.file 7 "./lib/chibios/os/rt/include/chsystypes.h"
 175              		.file 8 "./lib/chibios/os/rt/include/chschd.h"
 176              		.file 9 "./lib/chibios/os/rt/include/chtime.h"
 177              		.file 10 "./lib/chibios/os/common/ext/ST/STM32F0xx/system_stm32f0xx.h"
 178              		.file 11 "./lib/chibios/os/common/ext/ST/STM32F0xx/stm32f072xb.h"
 179              		.file 12 "./lib/chibios/os/common/ports/ARMCMx/chcore.h"
 180              		.file 13 "./lib/chibios/os/common/ports/ARMCMx/chcore_v6m.h"
 181              		.file 14 "./lib/chibios/os/hal/ports/STM32/LLD/TIMv1/stm32_tim.h"
 182              		.file 15 "./lib/chibios/os/rt/include/chsem.h"
 183              		.file 16 "./lib/chibios/os/rt/include/chmtx.h"
 184              		.file 17 "./lib/chibios/os/rt/include/chsys.h"
 185              		.file 18 "./lib/chibios/os/rt/include/chregistry.h"
 186              		.file 19 "./lib/chibios/os/oslib/include/chmemcore.h"
 187              		.file 20 "./lib/chibios/os/hal/ports/STM32/LLD/DMAv1/stm32_dma.h"
 188              		.file 21 "./lib/chibios/os/hal/ports/STM32/LLD/GPIOv2/stm32_gpio.h"
 189              		.file 22 "./lib/chibios/os/hal/ports/STM32/LLD/GPIOv2/hal_pal_lld.h"
 190              		.file 23 "./lib/chibios/os/hal/include/hal_i2c.h"
 191              		.file 24 "./lib/chibios/os/hal/ports/STM32/LLD/I2Cv2/hal_i2c_lld.h"
 192              		.file 25 "./lib/chibios/os/hal/include/hal_pwm.h"
 193              		.file 26 "./lib/chibios/os/hal/ports/STM32/LLD/TIMv1/hal_pwm_lld.h"
 194              		.file 27 "./lib/chibios/os/hal/include/hal_spi.h"
 195              		.file 28 "./lib/chibios/os/hal/ports/STM32/LLD/SPIv2/hal_spi_lld.h"
 196              		.file 29 "./lib/chibios/os/hal/include/hal_usb.h"
 197              		.file 30 "./lib/chibios/os/hal/ports/STM32/LLD/USBv1/hal_usb_lld.h"
 198              		.file 31 "tmk_core/common/report.h"
 199              		.file 32 "tmk_core/common/host_driver.h"
 200              		.file 33 "tmk_core/common/host.h"
 201              		.file 34 "tmk_core/common/action.h"
 202              		.file 35 "tmk_core/common/action_util.h"
 203              		.file 36 "tmk_core/common/mousekey.h"
 204              		.file 37 "tmk_core/common/debug.h"
 205              		.file 38 "./lib/chibios/os/hal/include/hal.h"
 206              		.file 39 "tmk_core/common/chibios/eeprom_stm32.h"
 207              		.file 40 "tmk_core/common/keyboard.h"
 208              		.file 41 "tmk_core/protocol/chibios/usb_main.h"
 209              		.file 42 "tmk_core/common/chibios/printf.h"
 210              		.file 43 "./lib/chibios/os/rt/include/chthreads.h"
 211              		.file 44 "tmk_core/common/sleep_led.h"
 212              		.file 45 "tmk_core/common/suspend.h"
DEFINED SYMBOLS
                            *ABS*:00000000 main.c
C:\Users\kyleo\AppData\Local\Temp\ccqLUfPz.s:16     .text.startup.main:00000000 $t
C:\Users\kyleo\AppData\Local\Temp\ccqLUfPz.s:24     .text.startup.main:00000000 main
C:\Users\kyleo\AppData\Local\Temp\ccqLUfPz.s:139    .text.startup.main:0000007c $d
C:\Users\kyleo\AppData\Local\Temp\ccqLUfPz.s:154    .data.chibios_driver:00000000 chibios_driver
C:\Users\kyleo\AppData\Local\Temp\ccqLUfPz.s:150    .data.chibios_driver:00000000 $d

UNDEFINED SYMBOLS
halInit
chSysInit
EEPROM_Init
keyboard_setup
init_usb_driver
init_printf
chThdSleep
tfp_printf
keyboard_init
host_set_driver
sleep_led_init
send_keyboard_report
mousekey_send
keyboard_task
console_task
suspend_power_down
suspend_wakeup_condition
usbWakeupHost
USBD1
sendchar_pf
keyboard_leds
send_keyboard
send_mouse
send_system
send_consumer
