   1              		.cpu cortex-m0
   2              		.eabi_attribute 20, 1
   3              		.eabi_attribute 21, 1
   4              		.eabi_attribute 23, 3
   5              		.eabi_attribute 24, 1
   6              		.eabi_attribute 25, 1
   7              		.eabi_attribute 26, 1
   8              		.eabi_attribute 30, 4
   9              		.eabi_attribute 34, 0
  10              		.eabi_attribute 18, 2
  11              		.file	"stm32_isr.c"
  12              		.text
  13              	.Ltext0:
  14              		.cfi_sections	.debug_frame
  15              		.section	.text.irqInit,"ax",%progbits
  16              		.align	1
  17              		.global	irqInit
  18              		.arch armv6s-m
  19              		.syntax unified
  20              		.code	16
  21              		.thumb_func
  22              		.fpu softvfp
  24              	irqInit:
  25              	.LFB186:
  26              		.file 1 "lib/chibios/os/hal/ports/STM32/STM32F0xx/stm32_isr.c"
   1:lib/chibios/os/hal/ports/STM32/STM32F0xx/stm32_isr.c **** /*
   2:lib/chibios/os/hal/ports/STM32/STM32F0xx/stm32_isr.c ****     ChibiOS - Copyright (C) 2006..2018 Giovanni Di Sirio
   3:lib/chibios/os/hal/ports/STM32/STM32F0xx/stm32_isr.c **** 
   4:lib/chibios/os/hal/ports/STM32/STM32F0xx/stm32_isr.c ****     Licensed under the Apache License, Version 2.0 (the "License");
   5:lib/chibios/os/hal/ports/STM32/STM32F0xx/stm32_isr.c ****     you may not use this file except in compliance with the License.
   6:lib/chibios/os/hal/ports/STM32/STM32F0xx/stm32_isr.c ****     You may obtain a copy of the License at
   7:lib/chibios/os/hal/ports/STM32/STM32F0xx/stm32_isr.c **** 
   8:lib/chibios/os/hal/ports/STM32/STM32F0xx/stm32_isr.c ****         http://www.apache.org/licenses/LICENSE-2.0
   9:lib/chibios/os/hal/ports/STM32/STM32F0xx/stm32_isr.c **** 
  10:lib/chibios/os/hal/ports/STM32/STM32F0xx/stm32_isr.c ****     Unless required by applicable law or agreed to in writing, software
  11:lib/chibios/os/hal/ports/STM32/STM32F0xx/stm32_isr.c ****     distributed under the License is distributed on an "AS IS" BASIS,
  12:lib/chibios/os/hal/ports/STM32/STM32F0xx/stm32_isr.c ****     WITHOUT WARRANTIES OR CONDITIONS OF ANY KIND, either express or implied.
  13:lib/chibios/os/hal/ports/STM32/STM32F0xx/stm32_isr.c ****     See the License for the specific language governing permissions and
  14:lib/chibios/os/hal/ports/STM32/STM32F0xx/stm32_isr.c ****     limitations under the License.
  15:lib/chibios/os/hal/ports/STM32/STM32F0xx/stm32_isr.c **** */
  16:lib/chibios/os/hal/ports/STM32/STM32F0xx/stm32_isr.c **** 
  17:lib/chibios/os/hal/ports/STM32/STM32F0xx/stm32_isr.c **** /**
  18:lib/chibios/os/hal/ports/STM32/STM32F0xx/stm32_isr.c ****  * @file    STM32F0xx/stm32_isr.h
  19:lib/chibios/os/hal/ports/STM32/STM32F0xx/stm32_isr.c ****  * @brief   STM32F0xx ISR handler code.
  20:lib/chibios/os/hal/ports/STM32/STM32F0xx/stm32_isr.c ****  *
  21:lib/chibios/os/hal/ports/STM32/STM32F0xx/stm32_isr.c ****  * @addtogroup STM32F0xx_ISR
  22:lib/chibios/os/hal/ports/STM32/STM32F0xx/stm32_isr.c ****  * @{
  23:lib/chibios/os/hal/ports/STM32/STM32F0xx/stm32_isr.c ****  */
  24:lib/chibios/os/hal/ports/STM32/STM32F0xx/stm32_isr.c **** 
  25:lib/chibios/os/hal/ports/STM32/STM32F0xx/stm32_isr.c **** #include "hal.h"
  26:lib/chibios/os/hal/ports/STM32/STM32F0xx/stm32_isr.c **** 
  27:lib/chibios/os/hal/ports/STM32/STM32F0xx/stm32_isr.c **** /*===========================================================================*/
  28:lib/chibios/os/hal/ports/STM32/STM32F0xx/stm32_isr.c **** /* Driver local definitions.                                                 */
  29:lib/chibios/os/hal/ports/STM32/STM32F0xx/stm32_isr.c **** /*===========================================================================*/
  30:lib/chibios/os/hal/ports/STM32/STM32F0xx/stm32_isr.c **** 
  31:lib/chibios/os/hal/ports/STM32/STM32F0xx/stm32_isr.c **** /*===========================================================================*/
  32:lib/chibios/os/hal/ports/STM32/STM32F0xx/stm32_isr.c **** /* Driver exported variables.                                                */
  33:lib/chibios/os/hal/ports/STM32/STM32F0xx/stm32_isr.c **** /*===========================================================================*/
  34:lib/chibios/os/hal/ports/STM32/STM32F0xx/stm32_isr.c **** 
  35:lib/chibios/os/hal/ports/STM32/STM32F0xx/stm32_isr.c **** /*===========================================================================*/
  36:lib/chibios/os/hal/ports/STM32/STM32F0xx/stm32_isr.c **** /* Driver local variables.                                                   */
  37:lib/chibios/os/hal/ports/STM32/STM32F0xx/stm32_isr.c **** /*===========================================================================*/
  38:lib/chibios/os/hal/ports/STM32/STM32F0xx/stm32_isr.c **** 
  39:lib/chibios/os/hal/ports/STM32/STM32F0xx/stm32_isr.c **** /*===========================================================================*/
  40:lib/chibios/os/hal/ports/STM32/STM32F0xx/stm32_isr.c **** /* Driver local functions.                                                   */
  41:lib/chibios/os/hal/ports/STM32/STM32F0xx/stm32_isr.c **** /*===========================================================================*/
  42:lib/chibios/os/hal/ports/STM32/STM32F0xx/stm32_isr.c **** 
  43:lib/chibios/os/hal/ports/STM32/STM32F0xx/stm32_isr.c **** #define exti_serve_irq(pr, channel) {                                       \
  44:lib/chibios/os/hal/ports/STM32/STM32F0xx/stm32_isr.c ****                                                                             \
  45:lib/chibios/os/hal/ports/STM32/STM32F0xx/stm32_isr.c ****   if ((pr) & (1U << (channel))) {                                           \
  46:lib/chibios/os/hal/ports/STM32/STM32F0xx/stm32_isr.c ****     _pal_isr_code(channel);                                                 \
  47:lib/chibios/os/hal/ports/STM32/STM32F0xx/stm32_isr.c ****   }                                                                         \
  48:lib/chibios/os/hal/ports/STM32/STM32F0xx/stm32_isr.c **** }
  49:lib/chibios/os/hal/ports/STM32/STM32F0xx/stm32_isr.c **** 
  50:lib/chibios/os/hal/ports/STM32/STM32F0xx/stm32_isr.c **** /*===========================================================================*/
  51:lib/chibios/os/hal/ports/STM32/STM32F0xx/stm32_isr.c **** /* Driver interrupt handlers.                                                */
  52:lib/chibios/os/hal/ports/STM32/STM32F0xx/stm32_isr.c **** /*===========================================================================*/
  53:lib/chibios/os/hal/ports/STM32/STM32F0xx/stm32_isr.c **** 
  54:lib/chibios/os/hal/ports/STM32/STM32F0xx/stm32_isr.c **** #if (HAL_USE_PAL && (PAL_USE_WAIT || PAL_USE_CALLBACKS)) || defined(__DOXYGEN__)
  55:lib/chibios/os/hal/ports/STM32/STM32F0xx/stm32_isr.c **** #if !defined(STM32_DISABLE_EXTI0_1_HANDLER)
  56:lib/chibios/os/hal/ports/STM32/STM32F0xx/stm32_isr.c **** /**
  57:lib/chibios/os/hal/ports/STM32/STM32F0xx/stm32_isr.c ****  * @brief   EXTI[0]...EXTI[1] interrupt handler.
  58:lib/chibios/os/hal/ports/STM32/STM32F0xx/stm32_isr.c ****  *
  59:lib/chibios/os/hal/ports/STM32/STM32F0xx/stm32_isr.c ****  * @isr
  60:lib/chibios/os/hal/ports/STM32/STM32F0xx/stm32_isr.c ****  */
  61:lib/chibios/os/hal/ports/STM32/STM32F0xx/stm32_isr.c **** OSAL_IRQ_HANDLER(Vector54) {
  62:lib/chibios/os/hal/ports/STM32/STM32F0xx/stm32_isr.c ****   uint32_t pr;
  63:lib/chibios/os/hal/ports/STM32/STM32F0xx/stm32_isr.c **** 
  64:lib/chibios/os/hal/ports/STM32/STM32F0xx/stm32_isr.c ****   OSAL_IRQ_PROLOGUE();
  65:lib/chibios/os/hal/ports/STM32/STM32F0xx/stm32_isr.c **** 
  66:lib/chibios/os/hal/ports/STM32/STM32F0xx/stm32_isr.c ****   pr = EXTI->PR;
  67:lib/chibios/os/hal/ports/STM32/STM32F0xx/stm32_isr.c ****   pr &= ((1U << 0) | (1U << 1));
  68:lib/chibios/os/hal/ports/STM32/STM32F0xx/stm32_isr.c ****   EXTI->PR = pr;
  69:lib/chibios/os/hal/ports/STM32/STM32F0xx/stm32_isr.c **** 
  70:lib/chibios/os/hal/ports/STM32/STM32F0xx/stm32_isr.c ****   exti_serve_irq(pr, 0);
  71:lib/chibios/os/hal/ports/STM32/STM32F0xx/stm32_isr.c ****   exti_serve_irq(pr, 1);
  72:lib/chibios/os/hal/ports/STM32/STM32F0xx/stm32_isr.c **** 
  73:lib/chibios/os/hal/ports/STM32/STM32F0xx/stm32_isr.c ****   OSAL_IRQ_EPILOGUE();
  74:lib/chibios/os/hal/ports/STM32/STM32F0xx/stm32_isr.c **** }
  75:lib/chibios/os/hal/ports/STM32/STM32F0xx/stm32_isr.c **** #endif
  76:lib/chibios/os/hal/ports/STM32/STM32F0xx/stm32_isr.c **** 
  77:lib/chibios/os/hal/ports/STM32/STM32F0xx/stm32_isr.c **** #if !defined(STM32_DISABLE_EXTI2_3_HANDLER)
  78:lib/chibios/os/hal/ports/STM32/STM32F0xx/stm32_isr.c **** /**
  79:lib/chibios/os/hal/ports/STM32/STM32F0xx/stm32_isr.c ****  * @brief   EXTI[2]...EXTI[3] interrupt handler.
  80:lib/chibios/os/hal/ports/STM32/STM32F0xx/stm32_isr.c ****  *
  81:lib/chibios/os/hal/ports/STM32/STM32F0xx/stm32_isr.c ****  * @isr
  82:lib/chibios/os/hal/ports/STM32/STM32F0xx/stm32_isr.c ****  */
  83:lib/chibios/os/hal/ports/STM32/STM32F0xx/stm32_isr.c **** OSAL_IRQ_HANDLER(Vector58) {
  84:lib/chibios/os/hal/ports/STM32/STM32F0xx/stm32_isr.c ****   uint32_t pr;
  85:lib/chibios/os/hal/ports/STM32/STM32F0xx/stm32_isr.c **** 
  86:lib/chibios/os/hal/ports/STM32/STM32F0xx/stm32_isr.c ****   OSAL_IRQ_PROLOGUE();
  87:lib/chibios/os/hal/ports/STM32/STM32F0xx/stm32_isr.c **** 
  88:lib/chibios/os/hal/ports/STM32/STM32F0xx/stm32_isr.c ****   pr = EXTI->PR;
  89:lib/chibios/os/hal/ports/STM32/STM32F0xx/stm32_isr.c ****   pr &= ((1U << 2) | (1U << 3));
  90:lib/chibios/os/hal/ports/STM32/STM32F0xx/stm32_isr.c ****   EXTI->PR = pr;
  91:lib/chibios/os/hal/ports/STM32/STM32F0xx/stm32_isr.c **** 
  92:lib/chibios/os/hal/ports/STM32/STM32F0xx/stm32_isr.c ****   exti_serve_irq(pr, 2);
  93:lib/chibios/os/hal/ports/STM32/STM32F0xx/stm32_isr.c ****   exti_serve_irq(pr, 3);
  94:lib/chibios/os/hal/ports/STM32/STM32F0xx/stm32_isr.c **** 
  95:lib/chibios/os/hal/ports/STM32/STM32F0xx/stm32_isr.c ****   OSAL_IRQ_EPILOGUE();
  96:lib/chibios/os/hal/ports/STM32/STM32F0xx/stm32_isr.c **** }
  97:lib/chibios/os/hal/ports/STM32/STM32F0xx/stm32_isr.c **** #endif
  98:lib/chibios/os/hal/ports/STM32/STM32F0xx/stm32_isr.c **** 
  99:lib/chibios/os/hal/ports/STM32/STM32F0xx/stm32_isr.c **** #if !defined(STM32_DISABLE_EXTI4_15_HANDLER)
 100:lib/chibios/os/hal/ports/STM32/STM32F0xx/stm32_isr.c **** /**
 101:lib/chibios/os/hal/ports/STM32/STM32F0xx/stm32_isr.c ****  * @brief   EXTI[4]...EXTI[15] interrupt handler.
 102:lib/chibios/os/hal/ports/STM32/STM32F0xx/stm32_isr.c ****  *
 103:lib/chibios/os/hal/ports/STM32/STM32F0xx/stm32_isr.c ****  * @isr
 104:lib/chibios/os/hal/ports/STM32/STM32F0xx/stm32_isr.c ****  */
 105:lib/chibios/os/hal/ports/STM32/STM32F0xx/stm32_isr.c **** OSAL_IRQ_HANDLER(Vector5C) {
 106:lib/chibios/os/hal/ports/STM32/STM32F0xx/stm32_isr.c ****   uint32_t pr;
 107:lib/chibios/os/hal/ports/STM32/STM32F0xx/stm32_isr.c **** 
 108:lib/chibios/os/hal/ports/STM32/STM32F0xx/stm32_isr.c ****   OSAL_IRQ_PROLOGUE();
 109:lib/chibios/os/hal/ports/STM32/STM32F0xx/stm32_isr.c **** 
 110:lib/chibios/os/hal/ports/STM32/STM32F0xx/stm32_isr.c ****   pr = EXTI->PR;
 111:lib/chibios/os/hal/ports/STM32/STM32F0xx/stm32_isr.c ****   pr &= ((1U << 4)  | (1U << 5)  | (1U << 6)  | (1U << 7)  | (1U << 8)  |
 112:lib/chibios/os/hal/ports/STM32/STM32F0xx/stm32_isr.c ****          (1U << 9)  | (1U << 10) | (1U << 11) | (1U << 12) | (1U << 13) |
 113:lib/chibios/os/hal/ports/STM32/STM32F0xx/stm32_isr.c ****          (1U << 14) | (1U << 15));
 114:lib/chibios/os/hal/ports/STM32/STM32F0xx/stm32_isr.c ****   EXTI->PR = pr;
 115:lib/chibios/os/hal/ports/STM32/STM32F0xx/stm32_isr.c **** 
 116:lib/chibios/os/hal/ports/STM32/STM32F0xx/stm32_isr.c ****   exti_serve_irq(pr, 4);
 117:lib/chibios/os/hal/ports/STM32/STM32F0xx/stm32_isr.c ****   exti_serve_irq(pr, 5);
 118:lib/chibios/os/hal/ports/STM32/STM32F0xx/stm32_isr.c ****   exti_serve_irq(pr, 6);
 119:lib/chibios/os/hal/ports/STM32/STM32F0xx/stm32_isr.c ****   exti_serve_irq(pr, 7);
 120:lib/chibios/os/hal/ports/STM32/STM32F0xx/stm32_isr.c ****   exti_serve_irq(pr, 8);
 121:lib/chibios/os/hal/ports/STM32/STM32F0xx/stm32_isr.c ****   exti_serve_irq(pr, 9);
 122:lib/chibios/os/hal/ports/STM32/STM32F0xx/stm32_isr.c ****   exti_serve_irq(pr, 10);
 123:lib/chibios/os/hal/ports/STM32/STM32F0xx/stm32_isr.c ****   exti_serve_irq(pr, 11);
 124:lib/chibios/os/hal/ports/STM32/STM32F0xx/stm32_isr.c ****   exti_serve_irq(pr, 12);
 125:lib/chibios/os/hal/ports/STM32/STM32F0xx/stm32_isr.c ****   exti_serve_irq(pr, 13);
 126:lib/chibios/os/hal/ports/STM32/STM32F0xx/stm32_isr.c ****   exti_serve_irq(pr, 14);
 127:lib/chibios/os/hal/ports/STM32/STM32F0xx/stm32_isr.c ****   exti_serve_irq(pr, 15);
 128:lib/chibios/os/hal/ports/STM32/STM32F0xx/stm32_isr.c **** 
 129:lib/chibios/os/hal/ports/STM32/STM32F0xx/stm32_isr.c ****   OSAL_IRQ_EPILOGUE();
 130:lib/chibios/os/hal/ports/STM32/STM32F0xx/stm32_isr.c **** }
 131:lib/chibios/os/hal/ports/STM32/STM32F0xx/stm32_isr.c **** #endif
 132:lib/chibios/os/hal/ports/STM32/STM32F0xx/stm32_isr.c **** 
 133:lib/chibios/os/hal/ports/STM32/STM32F0xx/stm32_isr.c **** #endif /* HAL_USE_PAL && (PAL_USE_WAIT || PAL_USE_CALLBACKS) */
 134:lib/chibios/os/hal/ports/STM32/STM32F0xx/stm32_isr.c **** 
 135:lib/chibios/os/hal/ports/STM32/STM32F0xx/stm32_isr.c **** /*===========================================================================*/
 136:lib/chibios/os/hal/ports/STM32/STM32F0xx/stm32_isr.c **** /* Driver exported functions.                                                */
 137:lib/chibios/os/hal/ports/STM32/STM32F0xx/stm32_isr.c **** /*===========================================================================*/
 138:lib/chibios/os/hal/ports/STM32/STM32F0xx/stm32_isr.c **** 
 139:lib/chibios/os/hal/ports/STM32/STM32F0xx/stm32_isr.c **** /**
 140:lib/chibios/os/hal/ports/STM32/STM32F0xx/stm32_isr.c ****  * @brief   Enables IRQ sources.
 141:lib/chibios/os/hal/ports/STM32/STM32F0xx/stm32_isr.c ****  *
 142:lib/chibios/os/hal/ports/STM32/STM32F0xx/stm32_isr.c ****  * @notapi
 143:lib/chibios/os/hal/ports/STM32/STM32F0xx/stm32_isr.c ****  */
 144:lib/chibios/os/hal/ports/STM32/STM32F0xx/stm32_isr.c **** void irqInit(void) {
  27              		.loc 1 144 20 view -0
  28              		.cfi_startproc
  29              		@ args = 0, pretend = 0, frame = 0
  30              		@ frame_needed = 0, uses_anonymous_args = 0
 145:lib/chibios/os/hal/ports/STM32/STM32F0xx/stm32_isr.c **** 
 146:lib/chibios/os/hal/ports/STM32/STM32F0xx/stm32_isr.c **** #if HAL_USE_PAL
 147:lib/chibios/os/hal/ports/STM32/STM32F0xx/stm32_isr.c ****   nvicEnableVector(EXTI0_1_IRQn, STM32_IRQ_EXTI0_1_PRIORITY);
  31              		.loc 1 147 3 view .LVU1
 144:lib/chibios/os/hal/ports/STM32/STM32F0xx/stm32_isr.c **** 
  32              		.loc 1 144 20 is_stmt 0 view .LVU2
  33 0000 10B5     		push	{r4, lr}
  34              		.cfi_def_cfa_offset 8
  35              		.cfi_offset 4, -8
  36              		.cfi_offset 14, -4
  37              		.loc 1 147 3 view .LVU3
  38 0002 0321     		movs	r1, #3
  39 0004 0520     		movs	r0, #5
  40 0006 FFF7FEFF 		bl	nvicEnableVector
  41              	.LVL0:
 148:lib/chibios/os/hal/ports/STM32/STM32F0xx/stm32_isr.c ****   nvicEnableVector(EXTI2_3_IRQn, STM32_IRQ_EXTI2_3_PRIORITY);
  42              		.loc 1 148 3 is_stmt 1 view .LVU4
  43 000a 0321     		movs	r1, #3
  44 000c 0620     		movs	r0, #6
  45 000e FFF7FEFF 		bl	nvicEnableVector
  46              	.LVL1:
 149:lib/chibios/os/hal/ports/STM32/STM32F0xx/stm32_isr.c ****   nvicEnableVector(EXTI4_15_IRQn, STM32_IRQ_EXTI4_15_PRIORITY);
  47              		.loc 1 149 3 view .LVU5
  48 0012 0321     		movs	r1, #3
  49 0014 0720     		movs	r0, #7
  50 0016 FFF7FEFF 		bl	nvicEnableVector
  51              	.LVL2:
 150:lib/chibios/os/hal/ports/STM32/STM32F0xx/stm32_isr.c **** #endif
 151:lib/chibios/os/hal/ports/STM32/STM32F0xx/stm32_isr.c **** }
  52              		.loc 1 151 1 is_stmt 0 view .LVU6
  53              		@ sp needed
  54 001a 10BD     		pop	{r4, pc}
  55              		.cfi_endproc
  56              	.LFE186:
  58              		.section	.text.irqDeinit,"ax",%progbits
  59              		.align	1
  60              		.global	irqDeinit
  61              		.syntax unified
  62              		.code	16
  63              		.thumb_func
  64              		.fpu softvfp
  66              	irqDeinit:
  67              	.LFB187:
 152:lib/chibios/os/hal/ports/STM32/STM32F0xx/stm32_isr.c **** 
 153:lib/chibios/os/hal/ports/STM32/STM32F0xx/stm32_isr.c **** /**
 154:lib/chibios/os/hal/ports/STM32/STM32F0xx/stm32_isr.c ****  * @brief   Disables IRQ sources.
 155:lib/chibios/os/hal/ports/STM32/STM32F0xx/stm32_isr.c ****  *
 156:lib/chibios/os/hal/ports/STM32/STM32F0xx/stm32_isr.c ****  * @notapi
 157:lib/chibios/os/hal/ports/STM32/STM32F0xx/stm32_isr.c ****  */
 158:lib/chibios/os/hal/ports/STM32/STM32F0xx/stm32_isr.c **** void irqDeinit(void) {
  68              		.loc 1 158 22 is_stmt 1 view -0
  69              		.cfi_startproc
  70              		@ args = 0, pretend = 0, frame = 0
  71              		@ frame_needed = 0, uses_anonymous_args = 0
 159:lib/chibios/os/hal/ports/STM32/STM32F0xx/stm32_isr.c **** 
 160:lib/chibios/os/hal/ports/STM32/STM32F0xx/stm32_isr.c **** #if HAL_USE_PAL
 161:lib/chibios/os/hal/ports/STM32/STM32F0xx/stm32_isr.c ****   nvicDisableVector(EXTI0_1_IRQn);
  72              		.loc 1 161 3 view .LVU8
 158:lib/chibios/os/hal/ports/STM32/STM32F0xx/stm32_isr.c **** 
  73              		.loc 1 158 22 is_stmt 0 view .LVU9
  74 0000 10B5     		push	{r4, lr}
  75              		.cfi_def_cfa_offset 8
  76              		.cfi_offset 4, -8
  77              		.cfi_offset 14, -4
  78              		.loc 1 161 3 view .LVU10
  79 0002 0520     		movs	r0, #5
  80 0004 FFF7FEFF 		bl	nvicDisableVector
  81              	.LVL3:
 162:lib/chibios/os/hal/ports/STM32/STM32F0xx/stm32_isr.c ****   nvicDisableVector(EXTI2_3_IRQn);
  82              		.loc 1 162 3 is_stmt 1 view .LVU11
  83 0008 0620     		movs	r0, #6
  84 000a FFF7FEFF 		bl	nvicDisableVector
  85              	.LVL4:
 163:lib/chibios/os/hal/ports/STM32/STM32F0xx/stm32_isr.c ****   nvicDisableVector(EXTI4_15_IRQn);
  86              		.loc 1 163 3 view .LVU12
  87 000e 0720     		movs	r0, #7
  88 0010 FFF7FEFF 		bl	nvicDisableVector
  89              	.LVL5:
 164:lib/chibios/os/hal/ports/STM32/STM32F0xx/stm32_isr.c **** #endif
 165:lib/chibios/os/hal/ports/STM32/STM32F0xx/stm32_isr.c **** }
  90              		.loc 1 165 1 is_stmt 0 view .LVU13
  91              		@ sp needed
  92 0014 10BD     		pop	{r4, pc}
  93              		.cfi_endproc
  94              	.LFE187:
  96              		.text
  97              	.Letext0:
  98              		.file 2 "c:\\msys64\\home\\kyleo\\qmk_utils\\gcc-arm-none-eabi\\lib\\gcc\\arm-none-eabi\\8.3.1\\in
  99              		.file 3 "c:\\msys64\\home\\kyleo\\qmk_utils\\gcc-arm-none-eabi\\arm-none-eabi\\include\\machine\\_
 100              		.file 4 "c:\\msys64\\home\\kyleo\\qmk_utils\\gcc-arm-none-eabi\\arm-none-eabi\\include\\sys\\_stdi
 101              		.file 5 "c:\\msys64\\home\\kyleo\\qmk_utils\\gcc-arm-none-eabi\\arm-none-eabi\\include\\stdint.h"
 102              		.file 6 "./lib/chibios/os/common/ports/ARMCMx/compilers/GCC/chtypes.h"
 103              		.file 7 "./lib/chibios/os/rt/include/chsystypes.h"
 104              		.file 8 "./lib/chibios/os/rt/include/chschd.h"
 105              		.file 9 "./lib/chibios/os/rt/include/chtime.h"
 106              		.file 10 "./lib/chibios/os/common/ext/ST/STM32F0xx/system_stm32f0xx.h"
 107              		.file 11 "./lib/chibios/os/common/ext/ST/STM32F0xx/stm32f072xb.h"
 108              		.file 12 "./lib/chibios/os/common/ports/ARMCMx/chcore.h"
 109              		.file 13 "./lib/chibios/os/common/ports/ARMCMx/chcore_v6m.h"
 110              		.file 14 "./lib/chibios/os/hal/ports/STM32/LLD/TIMv1/stm32_tim.h"
 111              		.file 15 "./lib/chibios/os/rt/include/chsem.h"
 112              		.file 16 "./lib/chibios/os/rt/include/chmtx.h"
 113              		.file 17 "./lib/chibios/os/rt/include/chsys.h"
 114              		.file 18 "./lib/chibios/os/rt/include/chregistry.h"
 115              		.file 19 "./lib/chibios/os/oslib/include/chmemcore.h"
 116              		.file 20 "./lib/chibios/os/hal/ports/STM32/LLD/DMAv1/stm32_dma.h"
 117              		.file 21 "./lib/chibios/os/hal/ports/STM32/LLD/GPIOv2/stm32_gpio.h"
 118              		.file 22 "./lib/chibios/os/hal/ports/STM32/LLD/GPIOv2/hal_pal_lld.h"
 119              		.file 23 "./lib/chibios/os/hal/include/hal_i2c.h"
 120              		.file 24 "./lib/chibios/os/hal/ports/STM32/LLD/I2Cv2/hal_i2c_lld.h"
 121              		.file 25 "./lib/chibios/os/hal/include/hal_pwm.h"
 122              		.file 26 "./lib/chibios/os/hal/ports/STM32/LLD/TIMv1/hal_pwm_lld.h"
 123              		.file 27 "./lib/chibios/os/hal/include/hal_spi.h"
 124              		.file 28 "./lib/chibios/os/hal/ports/STM32/LLD/SPIv2/hal_spi_lld.h"
 125              		.file 29 "./lib/chibios/os/hal/include/hal_usb.h"
 126              		.file 30 "./lib/chibios/os/hal/ports/STM32/LLD/USBv1/hal_usb_lld.h"
 127              		.file 31 "./lib/chibios/os/hal/ports/common/ARMCMx/nvic.h"
DEFINED SYMBOLS
                            *ABS*:00000000 stm32_isr.c
C:\Users\kyleo\AppData\Local\Temp\ccGFPTxS.s:16     .text.irqInit:00000000 $t
C:\Users\kyleo\AppData\Local\Temp\ccGFPTxS.s:24     .text.irqInit:00000000 irqInit
C:\Users\kyleo\AppData\Local\Temp\ccGFPTxS.s:59     .text.irqDeinit:00000000 $t
C:\Users\kyleo\AppData\Local\Temp\ccGFPTxS.s:66     .text.irqDeinit:00000000 irqDeinit

UNDEFINED SYMBOLS
nvicEnableVector
nvicDisableVector
