   1              		.cpu cortex-m0
   2              		.eabi_attribute 20, 1
   3              		.eabi_attribute 21, 1
   4              		.eabi_attribute 23, 3
   5              		.eabi_attribute 24, 1
   6              		.eabi_attribute 25, 1
   7              		.eabi_attribute 26, 1
   8              		.eabi_attribute 30, 4
   9              		.eabi_attribute 34, 0
  10              		.eabi_attribute 18, 2
  11              		.file	"flash_stm32.c"
  12              		.text
  13              	.Ltext0:
  14              		.cfi_sections	.debug_frame
  15              		.section	.text.FLASH_GetStatus,"ax",%progbits
  16              		.align	1
  17              		.global	FLASH_GetStatus
  18              		.arch armv6s-m
  19              		.syntax unified
  20              		.code	16
  21              		.thumb_func
  22              		.fpu softvfp
  24              	FLASH_GetStatus:
  25              	.LFB187:
  26              		.file 1 "tmk_core/common/chibios/flash_stm32.c"
   1:tmk_core/common/chibios/flash_stm32.c **** /*
   2:tmk_core/common/chibios/flash_stm32.c ****  * This software is experimental and a work in progress.
   3:tmk_core/common/chibios/flash_stm32.c ****  * Under no circumstances should these files be used in relation to any critical system(s).
   4:tmk_core/common/chibios/flash_stm32.c ****  * Use of these files is at your own risk.
   5:tmk_core/common/chibios/flash_stm32.c ****  *
   6:tmk_core/common/chibios/flash_stm32.c ****  * THE SOFTWARE IS PROVIDED "AS IS", WITHOUT WARRANTY OF ANY KIND, EXPRESS OR IMPLIED,
   7:tmk_core/common/chibios/flash_stm32.c ****  * INCLUDING BUT NOT LIMITED TO THE WARRANTIES OF MERCHANTABILITY, FITNESS FOR A PARTICULAR
   8:tmk_core/common/chibios/flash_stm32.c ****  * PURPOSE AND NONINFRINGEMENT. IN NO EVENT SHALL THE AUTHORS OR COPYRIGHT HOLDERS BE
   9:tmk_core/common/chibios/flash_stm32.c ****  * LIABLE FOR ANY CLAIM, DAMAGES OR OTHER LIABILITY, WHETHER IN AN ACTION OF CONTRACT,
  10:tmk_core/common/chibios/flash_stm32.c ****  * TORT OR OTHERWISE, ARISING FROM, OUT OF OR IN CONNECTION WITH THE SOFTWARE OR THE USE OR OTHER
  11:tmk_core/common/chibios/flash_stm32.c ****  * DEALINGS IN THE SOFTWARE.
  12:tmk_core/common/chibios/flash_stm32.c ****  *
  13:tmk_core/common/chibios/flash_stm32.c ****  * This files are free to use from https://github.com/rogerclarkmelbourne/Arduino_STM32 and
  14:tmk_core/common/chibios/flash_stm32.c ****  * https://github.com/leaflabs/libmaple
  15:tmk_core/common/chibios/flash_stm32.c ****  *
  16:tmk_core/common/chibios/flash_stm32.c ****  * Modifications for QMK and STM32F303 by Yiancar
  17:tmk_core/common/chibios/flash_stm32.c ****  */
  18:tmk_core/common/chibios/flash_stm32.c **** 
  19:tmk_core/common/chibios/flash_stm32.c **** #if defined(EEPROM_EMU_STM32F303xC)
  20:tmk_core/common/chibios/flash_stm32.c **** #    define STM32F303xC
  21:tmk_core/common/chibios/flash_stm32.c **** #    include "stm32f3xx.h"
  22:tmk_core/common/chibios/flash_stm32.c **** #elif defined(EEPROM_EMU_STM32F103xB)
  23:tmk_core/common/chibios/flash_stm32.c **** #    define STM32F103xB
  24:tmk_core/common/chibios/flash_stm32.c **** #    include "stm32f1xx.h"
  25:tmk_core/common/chibios/flash_stm32.c **** #elif defined(EEPROM_EMU_STM32F072xB)
  26:tmk_core/common/chibios/flash_stm32.c **** #    define STM32F072xB
  27:tmk_core/common/chibios/flash_stm32.c **** #    include "stm32f0xx.h"
  28:tmk_core/common/chibios/flash_stm32.c **** #else
  29:tmk_core/common/chibios/flash_stm32.c **** #    error "not implemented."
  30:tmk_core/common/chibios/flash_stm32.c **** #endif
  31:tmk_core/common/chibios/flash_stm32.c **** 
  32:tmk_core/common/chibios/flash_stm32.c **** #include "flash_stm32.h"
  33:tmk_core/common/chibios/flash_stm32.c **** 
  34:tmk_core/common/chibios/flash_stm32.c **** #if defined(EEPROM_EMU_STM32F103xB)
  35:tmk_core/common/chibios/flash_stm32.c **** #    define FLASH_SR_WRPERR FLASH_SR_WRPRTERR
  36:tmk_core/common/chibios/flash_stm32.c **** #endif
  37:tmk_core/common/chibios/flash_stm32.c **** 
  38:tmk_core/common/chibios/flash_stm32.c **** /* Delay definition */
  39:tmk_core/common/chibios/flash_stm32.c **** #define EraseTimeout ((uint32_t)0x00000FFF)
  40:tmk_core/common/chibios/flash_stm32.c **** #define ProgramTimeout ((uint32_t)0x0000001F)
  41:tmk_core/common/chibios/flash_stm32.c **** 
  42:tmk_core/common/chibios/flash_stm32.c **** #define ASSERT(exp) (void)((0))
  43:tmk_core/common/chibios/flash_stm32.c **** 
  44:tmk_core/common/chibios/flash_stm32.c **** /**
  45:tmk_core/common/chibios/flash_stm32.c ****  * @brief  Inserts a time delay.
  46:tmk_core/common/chibios/flash_stm32.c ****  * @param  None
  47:tmk_core/common/chibios/flash_stm32.c ****  * @retval None
  48:tmk_core/common/chibios/flash_stm32.c ****  */
  49:tmk_core/common/chibios/flash_stm32.c **** static void delay(void) {
  50:tmk_core/common/chibios/flash_stm32.c ****     __IO uint32_t i = 0;
  51:tmk_core/common/chibios/flash_stm32.c ****     for (i = 0xFF; i != 0; i--) {
  52:tmk_core/common/chibios/flash_stm32.c ****     }
  53:tmk_core/common/chibios/flash_stm32.c **** }
  54:tmk_core/common/chibios/flash_stm32.c **** 
  55:tmk_core/common/chibios/flash_stm32.c **** /**
  56:tmk_core/common/chibios/flash_stm32.c ****  * @brief  Returns the FLASH Status.
  57:tmk_core/common/chibios/flash_stm32.c ****  * @param  None
  58:tmk_core/common/chibios/flash_stm32.c ****  * @retval FLASH Status: The returned value can be: FLASH_BUSY, FLASH_ERROR_PG,
  59:tmk_core/common/chibios/flash_stm32.c ****  *   FLASH_ERROR_WRP or FLASH_COMPLETE
  60:tmk_core/common/chibios/flash_stm32.c ****  */
  61:tmk_core/common/chibios/flash_stm32.c **** FLASH_Status FLASH_GetStatus(void) {
  27              		.loc 1 61 36 view -0
  28              		.cfi_startproc
  29              		@ args = 0, pretend = 0, frame = 0
  30              		@ frame_needed = 0, uses_anonymous_args = 0
  31              		@ link register save eliminated.
  62:tmk_core/common/chibios/flash_stm32.c ****     if ((FLASH->SR & FLASH_SR_BSY) == FLASH_SR_BSY) return FLASH_BUSY;
  32              		.loc 1 62 5 view .LVU1
  33              		.loc 1 62 20 is_stmt 0 view .LVU2
  34 0000 0122     		movs	r2, #1
  35              		.loc 1 62 15 view .LVU3
  36 0002 094B     		ldr	r3, .L7
  37              		.loc 1 62 60 view .LVU4
  38 0004 1000     		movs	r0, r2
  39              		.loc 1 62 15 view .LVU5
  40 0006 D968     		ldr	r1, [r3, #12]
  41              		.loc 1 62 8 view .LVU6
  42 0008 1142     		tst	r1, r2
  43 000a 0CD1     		bne	.L2
  63:tmk_core/common/chibios/flash_stm32.c **** 
  64:tmk_core/common/chibios/flash_stm32.c ****     if ((FLASH->SR & FLASH_SR_PGERR) != 0) return FLASH_ERROR_PG;
  44              		.loc 1 64 5 is_stmt 1 view .LVU7
  45              		.loc 1 64 15 is_stmt 0 view .LVU8
  46 000c D968     		ldr	r1, [r3, #12]
  47              		.loc 1 64 51 view .LVU9
  48 000e 9018     		adds	r0, r2, r2
  49              		.loc 1 64 8 view .LVU10
  50 0010 4907     		lsls	r1, r1, #29
  51 0012 08D4     		bmi	.L2
  65:tmk_core/common/chibios/flash_stm32.c **** 
  66:tmk_core/common/chibios/flash_stm32.c ****     if ((FLASH->SR & FLASH_SR_WRPERR) != 0) return FLASH_ERROR_WRP;
  52              		.loc 1 66 5 is_stmt 1 view .LVU11
  53              		.loc 1 66 15 is_stmt 0 view .LVU12
  54 0014 D968     		ldr	r1, [r3, #12]
  55              		.loc 1 66 52 view .LVU13
  56 0016 8018     		adds	r0, r0, r2
  57              		.loc 1 66 8 view .LVU14
  58 0018 C906     		lsls	r1, r1, #27
  59 001a 04D4     		bmi	.L2
  60              	.LBB4:
  61              	.LBI4:
  61:tmk_core/common/chibios/flash_stm32.c ****     if ((FLASH->SR & FLASH_SR_BSY) == FLASH_SR_BSY) return FLASH_BUSY;
  62              		.loc 1 61 14 is_stmt 1 view .LVU15
  63              	.LBB5:
  67:tmk_core/common/chibios/flash_stm32.c **** 
  68:tmk_core/common/chibios/flash_stm32.c ****     if ((FLASH->SR & FLASH_OBR_OPTERR) != 0) return FLASH_ERROR_OPT;
  64              		.loc 1 68 5 view .LVU16
  65              		.loc 1 68 15 is_stmt 0 view .LVU17
  66 001c D868     		ldr	r0, [r3, #12]
  67              		.loc 1 68 20 view .LVU18
  68 001e 1040     		ands	r0, r2
  69              		.loc 1 68 53 view .LVU19
  70 0020 4342     		rsbs	r3, r0, #0
  71 0022 5841     		adcs	r0, r0, r3
  72 0024 0430     		adds	r0, r0, #4
  73              	.L2:
  74              	.LBE5:
  75              	.LBE4:
  69:tmk_core/common/chibios/flash_stm32.c **** 
  70:tmk_core/common/chibios/flash_stm32.c ****     return FLASH_COMPLETE;
  71:tmk_core/common/chibios/flash_stm32.c **** }
  76              		.loc 1 71 1 view .LVU20
  77              		@ sp needed
  78 0026 7047     		bx	lr
  79              	.L8:
  80              		.align	2
  81              	.L7:
  82 0028 00200240 		.word	1073881088
  83              		.cfi_endproc
  84              	.LFE187:
  86              		.section	.text.FLASH_WaitForLastOperation,"ax",%progbits
  87              		.align	1
  88              		.global	FLASH_WaitForLastOperation
  89              		.syntax unified
  90              		.code	16
  91              		.thumb_func
  92              		.fpu softvfp
  94              	FLASH_WaitForLastOperation:
  95              	.LVL0:
  96              	.LFB188:
  72:tmk_core/common/chibios/flash_stm32.c **** 
  73:tmk_core/common/chibios/flash_stm32.c **** /**
  74:tmk_core/common/chibios/flash_stm32.c ****  * @brief  Waits for a Flash operation to complete or a TIMEOUT to occur.
  75:tmk_core/common/chibios/flash_stm32.c ****  * @param  Timeout: FLASH progamming Timeout
  76:tmk_core/common/chibios/flash_stm32.c ****  * @retval FLASH Status: The returned value can be: FLASH_ERROR_PG,
  77:tmk_core/common/chibios/flash_stm32.c ****  *   FLASH_ERROR_WRP, FLASH_COMPLETE or FLASH_TIMEOUT.
  78:tmk_core/common/chibios/flash_stm32.c ****  */
  79:tmk_core/common/chibios/flash_stm32.c **** FLASH_Status FLASH_WaitForLastOperation(uint32_t Timeout) {
  97              		.loc 1 79 59 is_stmt 1 view -0
  98              		.cfi_startproc
  99              		@ args = 0, pretend = 0, frame = 8
 100              		@ frame_needed = 0, uses_anonymous_args = 0
  80:tmk_core/common/chibios/flash_stm32.c ****     FLASH_Status status;
 101              		.loc 1 80 5 view .LVU22
  81:tmk_core/common/chibios/flash_stm32.c **** 
  82:tmk_core/common/chibios/flash_stm32.c ****     /* Check for the Flash Status */
  83:tmk_core/common/chibios/flash_stm32.c ****     status = FLASH_GetStatus();
 102              		.loc 1 83 5 view .LVU23
  79:tmk_core/common/chibios/flash_stm32.c ****     FLASH_Status status;
 103              		.loc 1 79 59 is_stmt 0 view .LVU24
 104 0000 37B5     		push	{r0, r1, r2, r4, r5, lr}
 105              		.cfi_def_cfa_offset 24
 106              		.cfi_offset 0, -24
 107              		.cfi_offset 1, -20
 108              		.cfi_offset 2, -16
 109              		.cfi_offset 4, -12
 110              		.cfi_offset 5, -8
 111              		.cfi_offset 14, -4
  79:tmk_core/common/chibios/flash_stm32.c ****     FLASH_Status status;
 112              		.loc 1 79 59 view .LVU25
 113 0002 0400     		movs	r4, r0
 114              	.LBB8:
 115              	.LBB9:
  51:tmk_core/common/chibios/flash_stm32.c ****     }
 116              		.loc 1 51 12 view .LVU26
 117 0004 FF25     		movs	r5, #255
 118              	.LBE9:
 119              	.LBE8:
 120              		.loc 1 83 14 view .LVU27
 121 0006 FFF7FEFF 		bl	FLASH_GetStatus
 122              	.LVL1:
  84:tmk_core/common/chibios/flash_stm32.c ****     /* Wait for a Flash operation to complete or a TIMEOUT to occur */
  85:tmk_core/common/chibios/flash_stm32.c ****     while ((status == FLASH_BUSY) && (Timeout != 0x00)) {
 123              		.loc 1 85 5 is_stmt 1 view .LVU28
 124              	.L10:
 125              		.loc 1 85 11 is_stmt 0 view .LVU29
 126 000a 0128     		cmp	r0, #1
 127 000c 11D1     		bne	.L13
 128              		.loc 1 85 35 discriminator 1 view .LVU30
 129 000e 002C     		cmp	r4, #0
 130 0010 01D1     		bne	.L14
  86:tmk_core/common/chibios/flash_stm32.c ****         delay();
  87:tmk_core/common/chibios/flash_stm32.c ****         status = FLASH_GetStatus();
  88:tmk_core/common/chibios/flash_stm32.c ****         Timeout--;
  89:tmk_core/common/chibios/flash_stm32.c ****     }
  90:tmk_core/common/chibios/flash_stm32.c ****     if (Timeout == 0) status = FLASH_TIMEOUT;
 131              		.loc 1 90 30 view .LVU31
 132 0012 0530     		adds	r0, r0, #5
 133              	.LVL2:
 134              	.L15:
  91:tmk_core/common/chibios/flash_stm32.c ****     /* Return the operation status */
  92:tmk_core/common/chibios/flash_stm32.c ****     return status;
 135              		.loc 1 92 5 is_stmt 1 view .LVU32
  93:tmk_core/common/chibios/flash_stm32.c **** }
 136              		.loc 1 93 1 is_stmt 0 view .LVU33
 137              		@ sp needed
 138              	.LVL3:
 139              		.loc 1 93 1 view .LVU34
 140 0014 3EBD     		pop	{r1, r2, r3, r4, r5, pc}
 141              	.LVL4:
 142              	.L14:
  86:tmk_core/common/chibios/flash_stm32.c ****         delay();
 143              		.loc 1 86 9 is_stmt 1 view .LVU35
 144              	.LBB12:
 145              	.LBI8:
  49:tmk_core/common/chibios/flash_stm32.c ****     __IO uint32_t i = 0;
 146              		.loc 1 49 13 view .LVU36
 147              	.LBB10:
  50:tmk_core/common/chibios/flash_stm32.c ****     for (i = 0xFF; i != 0; i--) {
 148              		.loc 1 50 5 view .LVU37
  50:tmk_core/common/chibios/flash_stm32.c ****     for (i = 0xFF; i != 0; i--) {
 149              		.loc 1 50 19 is_stmt 0 view .LVU38
 150 0016 0023     		movs	r3, #0
 151 0018 0193     		str	r3, [sp, #4]
  51:tmk_core/common/chibios/flash_stm32.c ****     }
 152              		.loc 1 51 5 is_stmt 1 view .LVU39
  51:tmk_core/common/chibios/flash_stm32.c ****     }
 153              		.loc 1 51 12 is_stmt 0 view .LVU40
 154 001a 0195     		str	r5, [sp, #4]
 155              	.L11:
  51:tmk_core/common/chibios/flash_stm32.c ****     }
 156              		.loc 1 51 22 view .LVU41
 157 001c 019B     		ldr	r3, [sp, #4]
  51:tmk_core/common/chibios/flash_stm32.c ****     }
 158              		.loc 1 51 5 view .LVU42
 159 001e 002B     		cmp	r3, #0
 160 0020 03D1     		bne	.L12
 161              	.LBE10:
 162              	.LBE12:
  87:tmk_core/common/chibios/flash_stm32.c ****         Timeout--;
 163              		.loc 1 87 9 is_stmt 1 view .LVU43
  87:tmk_core/common/chibios/flash_stm32.c ****         Timeout--;
 164              		.loc 1 87 18 is_stmt 0 view .LVU44
 165 0022 FFF7FEFF 		bl	FLASH_GetStatus
 166              	.LVL5:
  88:tmk_core/common/chibios/flash_stm32.c ****     }
 167              		.loc 1 88 9 is_stmt 1 view .LVU45
  88:tmk_core/common/chibios/flash_stm32.c ****     }
 168              		.loc 1 88 16 is_stmt 0 view .LVU46
 169 0026 013C     		subs	r4, r4, #1
 170              	.LVL6:
  88:tmk_core/common/chibios/flash_stm32.c ****     }
 171              		.loc 1 88 16 view .LVU47
 172 0028 EFE7     		b	.L10
 173              	.L12:
 174              	.LBB13:
 175              	.LBB11:
  52:tmk_core/common/chibios/flash_stm32.c **** }
 176              		.loc 1 52 5 is_stmt 1 view .LVU48
  51:tmk_core/common/chibios/flash_stm32.c ****     }
 177              		.loc 1 51 29 is_stmt 0 view .LVU49
 178 002a 019B     		ldr	r3, [sp, #4]
 179 002c 013B     		subs	r3, r3, #1
 180 002e 0193     		str	r3, [sp, #4]
 181 0030 F4E7     		b	.L11
 182              	.L13:
  51:tmk_core/common/chibios/flash_stm32.c ****     }
 183              		.loc 1 51 29 view .LVU50
 184              	.LBE11:
 185              	.LBE13:
  90:tmk_core/common/chibios/flash_stm32.c ****     /* Return the operation status */
 186              		.loc 1 90 5 is_stmt 1 view .LVU51
  90:tmk_core/common/chibios/flash_stm32.c ****     /* Return the operation status */
 187              		.loc 1 90 8 is_stmt 0 view .LVU52
 188 0032 002C     		cmp	r4, #0
 189 0034 EED1     		bne	.L15
  90:tmk_core/common/chibios/flash_stm32.c ****     /* Return the operation status */
 190              		.loc 1 90 30 view .LVU53
 191 0036 0620     		movs	r0, #6
 192              	.LVL7:
  90:tmk_core/common/chibios/flash_stm32.c ****     /* Return the operation status */
 193              		.loc 1 90 30 view .LVU54
 194 0038 ECE7     		b	.L15
 195              		.cfi_endproc
 196              	.LFE188:
 198              		.section	.text.FLASH_ErasePage,"ax",%progbits
 199              		.align	1
 200              		.global	FLASH_ErasePage
 201              		.syntax unified
 202              		.code	16
 203              		.thumb_func
 204              		.fpu softvfp
 206              	FLASH_ErasePage:
 207              	.LVL8:
 208              	.LFB189:
  94:tmk_core/common/chibios/flash_stm32.c **** 
  95:tmk_core/common/chibios/flash_stm32.c **** /**
  96:tmk_core/common/chibios/flash_stm32.c ****  * @brief  Erases a specified FLASH page.
  97:tmk_core/common/chibios/flash_stm32.c ****  * @param  Page_Address: The page address to be erased.
  98:tmk_core/common/chibios/flash_stm32.c ****  * @retval FLASH Status: The returned value can be: FLASH_BUSY, FLASH_ERROR_PG,
  99:tmk_core/common/chibios/flash_stm32.c ****  *   FLASH_ERROR_WRP, FLASH_COMPLETE or FLASH_TIMEOUT.
 100:tmk_core/common/chibios/flash_stm32.c ****  */
 101:tmk_core/common/chibios/flash_stm32.c **** FLASH_Status FLASH_ErasePage(uint32_t Page_Address) {
 209              		.loc 1 101 53 is_stmt 1 view -0
 210              		.cfi_startproc
 211              		@ args = 0, pretend = 0, frame = 0
 212              		@ frame_needed = 0, uses_anonymous_args = 0
 102:tmk_core/common/chibios/flash_stm32.c ****     FLASH_Status status = FLASH_COMPLETE;
 213              		.loc 1 102 5 view .LVU56
 103:tmk_core/common/chibios/flash_stm32.c ****     /* Check the parameters */
 104:tmk_core/common/chibios/flash_stm32.c ****     ASSERT(IS_FLASH_ADDRESS(Page_Address));
 214              		.loc 1 104 5 view .LVU57
 105:tmk_core/common/chibios/flash_stm32.c ****     /* Wait for last operation to be completed */
 106:tmk_core/common/chibios/flash_stm32.c ****     status = FLASH_WaitForLastOperation(EraseTimeout);
 215              		.loc 1 106 5 view .LVU58
 101:tmk_core/common/chibios/flash_stm32.c ****     FLASH_Status status = FLASH_COMPLETE;
 216              		.loc 1 101 53 is_stmt 0 view .LVU59
 217 0000 70B5     		push	{r4, r5, r6, lr}
 218              		.cfi_def_cfa_offset 16
 219              		.cfi_offset 4, -16
 220              		.cfi_offset 5, -12
 221              		.cfi_offset 6, -8
 222              		.cfi_offset 14, -4
 101:tmk_core/common/chibios/flash_stm32.c ****     FLASH_Status status = FLASH_COMPLETE;
 223              		.loc 1 101 53 view .LVU60
 224 0002 0600     		movs	r6, r0
 225              		.loc 1 106 14 view .LVU61
 226 0004 0C48     		ldr	r0, .L23
 227              	.LVL9:
 228              		.loc 1 106 14 view .LVU62
 229 0006 FFF7FEFF 		bl	FLASH_WaitForLastOperation
 230              	.LVL10:
 107:tmk_core/common/chibios/flash_stm32.c **** 
 108:tmk_core/common/chibios/flash_stm32.c ****     if (status == FLASH_COMPLETE) {
 231              		.loc 1 108 5 is_stmt 1 view .LVU63
 232              		.loc 1 108 8 is_stmt 0 view .LVU64
 233 000a 0528     		cmp	r0, #5
 234 000c 13D1     		bne	.L18
 109:tmk_core/common/chibios/flash_stm32.c ****         /* if the previous operation is completed, proceed to erase the page */
 110:tmk_core/common/chibios/flash_stm32.c ****         FLASH->CR |= FLASH_CR_PER;
 235              		.loc 1 110 9 is_stmt 1 view .LVU65
 236              		.loc 1 110 19 is_stmt 0 view .LVU66
 237 000e 0225     		movs	r5, #2
 238 0010 0A4C     		ldr	r4, .L23+4
 111:tmk_core/common/chibios/flash_stm32.c ****         FLASH->AR = Page_Address;
 112:tmk_core/common/chibios/flash_stm32.c ****         FLASH->CR |= FLASH_CR_STRT;
 113:tmk_core/common/chibios/flash_stm32.c **** 
 114:tmk_core/common/chibios/flash_stm32.c ****         /* Wait for last operation to be completed */
 115:tmk_core/common/chibios/flash_stm32.c ****         status = FLASH_WaitForLastOperation(EraseTimeout);
 239              		.loc 1 115 18 view .LVU67
 240 0012 0948     		ldr	r0, .L23
 241              	.LVL11:
 110:tmk_core/common/chibios/flash_stm32.c ****         FLASH->AR = Page_Address;
 242              		.loc 1 110 19 view .LVU68
 243 0014 2369     		ldr	r3, [r4, #16]
 244 0016 2B43     		orrs	r3, r5
 245 0018 2361     		str	r3, [r4, #16]
 111:tmk_core/common/chibios/flash_stm32.c ****         FLASH->AR = Page_Address;
 246              		.loc 1 111 9 is_stmt 1 view .LVU69
 112:tmk_core/common/chibios/flash_stm32.c **** 
 247              		.loc 1 112 19 is_stmt 0 view .LVU70
 248 001a 4023     		movs	r3, #64
 111:tmk_core/common/chibios/flash_stm32.c ****         FLASH->AR = Page_Address;
 249              		.loc 1 111 19 view .LVU71
 250 001c 6661     		str	r6, [r4, #20]
 112:tmk_core/common/chibios/flash_stm32.c **** 
 251              		.loc 1 112 9 is_stmt 1 view .LVU72
 112:tmk_core/common/chibios/flash_stm32.c **** 
 252              		.loc 1 112 19 is_stmt 0 view .LVU73
 253 001e 2269     		ldr	r2, [r4, #16]
 254 0020 1343     		orrs	r3, r2
 255 0022 2361     		str	r3, [r4, #16]
 256              		.loc 1 115 9 is_stmt 1 view .LVU74
 257              		.loc 1 115 18 is_stmt 0 view .LVU75
 258 0024 FFF7FEFF 		bl	FLASH_WaitForLastOperation
 259              	.LVL12:
 116:tmk_core/common/chibios/flash_stm32.c ****         if (status != FLASH_TIMEOUT) {
 260              		.loc 1 116 9 is_stmt 1 view .LVU76
 261              		.loc 1 116 12 is_stmt 0 view .LVU77
 262 0028 0628     		cmp	r0, #6
 263 002a 02D0     		beq	.L19
 117:tmk_core/common/chibios/flash_stm32.c ****             /* if the erase operation is completed, disable the PER Bit */
 118:tmk_core/common/chibios/flash_stm32.c ****             FLASH->CR &= ~FLASH_CR_PER;
 264              		.loc 1 118 13 is_stmt 1 view .LVU78
 265              		.loc 1 118 23 is_stmt 0 view .LVU79
 266 002c 2369     		ldr	r3, [r4, #16]
 267 002e AB43     		bics	r3, r5
 268 0030 2361     		str	r3, [r4, #16]
 269              	.L19:
 119:tmk_core/common/chibios/flash_stm32.c ****         }
 120:tmk_core/common/chibios/flash_stm32.c ****         FLASH->SR = (FLASH_SR_EOP | FLASH_SR_PGERR | FLASH_SR_WRPERR);
 270              		.loc 1 120 9 is_stmt 1 view .LVU80
 271              		.loc 1 120 19 is_stmt 0 view .LVU81
 272 0032 3423     		movs	r3, #52
 273 0034 E360     		str	r3, [r4, #12]
 274              	.LVL13:
 275              	.L18:
 121:tmk_core/common/chibios/flash_stm32.c ****     }
 122:tmk_core/common/chibios/flash_stm32.c ****     /* Return the Erase Status */
 123:tmk_core/common/chibios/flash_stm32.c ****     return status;
 276              		.loc 1 123 5 is_stmt 1 view .LVU82
 124:tmk_core/common/chibios/flash_stm32.c **** }
 277              		.loc 1 124 1 is_stmt 0 view .LVU83
 278              		@ sp needed
 279              	.LVL14:
 280              		.loc 1 124 1 view .LVU84
 281 0036 70BD     		pop	{r4, r5, r6, pc}
 282              	.L24:
 283              		.align	2
 284              	.L23:
 285 0038 FF0F0000 		.word	4095
 286 003c 00200240 		.word	1073881088
 287              		.cfi_endproc
 288              	.LFE189:
 290              		.section	.text.FLASH_ProgramHalfWord,"ax",%progbits
 291              		.align	1
 292              		.global	FLASH_ProgramHalfWord
 293              		.syntax unified
 294              		.code	16
 295              		.thumb_func
 296              		.fpu softvfp
 298              	FLASH_ProgramHalfWord:
 299              	.LVL15:
 300              	.LFB190:
 125:tmk_core/common/chibios/flash_stm32.c **** 
 126:tmk_core/common/chibios/flash_stm32.c **** /**
 127:tmk_core/common/chibios/flash_stm32.c ****  * @brief  Programs a half word at a specified address.
 128:tmk_core/common/chibios/flash_stm32.c ****  * @param  Address: specifies the address to be programmed.
 129:tmk_core/common/chibios/flash_stm32.c ****  * @param  Data: specifies the data to be programmed.
 130:tmk_core/common/chibios/flash_stm32.c ****  * @retval FLASH Status: The returned value can be: FLASH_ERROR_PG,
 131:tmk_core/common/chibios/flash_stm32.c ****  *   FLASH_ERROR_WRP, FLASH_COMPLETE or FLASH_TIMEOUT.
 132:tmk_core/common/chibios/flash_stm32.c ****  */
 133:tmk_core/common/chibios/flash_stm32.c **** FLASH_Status FLASH_ProgramHalfWord(uint32_t Address, uint16_t Data) {
 301              		.loc 1 133 69 is_stmt 1 view -0
 302              		.cfi_startproc
 303              		@ args = 0, pretend = 0, frame = 0
 304              		@ frame_needed = 0, uses_anonymous_args = 0
 134:tmk_core/common/chibios/flash_stm32.c ****     FLASH_Status status = FLASH_BAD_ADDRESS;
 305              		.loc 1 134 5 view .LVU86
 135:tmk_core/common/chibios/flash_stm32.c **** 
 136:tmk_core/common/chibios/flash_stm32.c ****     if (IS_FLASH_ADDRESS(Address)) {
 306              		.loc 1 136 5 view .LVU87
 133:tmk_core/common/chibios/flash_stm32.c ****     FLASH_Status status = FLASH_BAD_ADDRESS;
 307              		.loc 1 133 69 is_stmt 0 view .LVU88
 308 0000 F8B5     		push	{r3, r4, r5, r6, r7, lr}
 309              		.cfi_def_cfa_offset 24
 310              		.cfi_offset 3, -24
 311              		.cfi_offset 4, -20
 312              		.cfi_offset 5, -16
 313              		.cfi_offset 6, -12
 314              		.cfi_offset 7, -8
 315              		.cfi_offset 14, -4
 316              		.loc 1 136 9 view .LVU89
 317 0002 F823     		movs	r3, #248
 318 0004 1B06     		lsls	r3, r3, #24
 319 0006 C218     		adds	r2, r0, r3
 320              		.loc 1 136 8 view .LVU90
 321 0008 0D4B     		ldr	r3, .L32
 133:tmk_core/common/chibios/flash_stm32.c ****     FLASH_Status status = FLASH_BAD_ADDRESS;
 322              		.loc 1 133 69 view .LVU91
 323 000a 0600     		movs	r6, r0
 324 000c 0F00     		movs	r7, r1
 134:tmk_core/common/chibios/flash_stm32.c ****     FLASH_Status status = FLASH_BAD_ADDRESS;
 325              		.loc 1 134 18 view .LVU92
 326 000e 0720     		movs	r0, #7
 327              	.LVL16:
 328              		.loc 1 136 8 view .LVU93
 329 0010 9A42     		cmp	r2, r3
 330 0012 14D8     		bhi	.L26
 137:tmk_core/common/chibios/flash_stm32.c ****         /* Wait for last operation to be completed */
 138:tmk_core/common/chibios/flash_stm32.c ****         status = FLASH_WaitForLastOperation(ProgramTimeout);
 331              		.loc 1 138 9 is_stmt 1 view .LVU94
 332              		.loc 1 138 18 is_stmt 0 view .LVU95
 333 0014 1830     		adds	r0, r0, #24
 334 0016 FFF7FEFF 		bl	FLASH_WaitForLastOperation
 335              	.LVL17:
 139:tmk_core/common/chibios/flash_stm32.c ****         if (status == FLASH_COMPLETE) {
 336              		.loc 1 139 9 is_stmt 1 view .LVU96
 337              		.loc 1 139 12 is_stmt 0 view .LVU97
 338 001a 0528     		cmp	r0, #5
 339 001c 0FD1     		bne	.L26
 140:tmk_core/common/chibios/flash_stm32.c ****             /* if the previous operation is completed, proceed to program the new data */
 141:tmk_core/common/chibios/flash_stm32.c ****             FLASH->CR |= FLASH_CR_PG;
 340              		.loc 1 141 13 is_stmt 1 view .LVU98
 341              		.loc 1 141 23 is_stmt 0 view .LVU99
 342 001e 0125     		movs	r5, #1
 343 0020 084C     		ldr	r4, .L32+4
 142:tmk_core/common/chibios/flash_stm32.c ****             *(__IO uint16_t*)Address = Data;
 143:tmk_core/common/chibios/flash_stm32.c ****             /* Wait for last operation to be completed */
 144:tmk_core/common/chibios/flash_stm32.c ****             status = FLASH_WaitForLastOperation(ProgramTimeout);
 344              		.loc 1 144 22 view .LVU100
 345 0022 1A30     		adds	r0, r0, #26
 346              	.LVL18:
 141:tmk_core/common/chibios/flash_stm32.c ****             *(__IO uint16_t*)Address = Data;
 347              		.loc 1 141 23 view .LVU101
 348 0024 2369     		ldr	r3, [r4, #16]
 349 0026 2B43     		orrs	r3, r5
 350 0028 2361     		str	r3, [r4, #16]
 142:tmk_core/common/chibios/flash_stm32.c ****             *(__IO uint16_t*)Address = Data;
 351              		.loc 1 142 13 is_stmt 1 view .LVU102
 142:tmk_core/common/chibios/flash_stm32.c ****             *(__IO uint16_t*)Address = Data;
 352              		.loc 1 142 38 is_stmt 0 view .LVU103
 353 002a 3780     		strh	r7, [r6]
 354              		.loc 1 144 13 is_stmt 1 view .LVU104
 355              		.loc 1 144 22 is_stmt 0 view .LVU105
 356 002c FFF7FEFF 		bl	FLASH_WaitForLastOperation
 357              	.LVL19:
 145:tmk_core/common/chibios/flash_stm32.c ****             if (status != FLASH_TIMEOUT) {
 358              		.loc 1 145 13 is_stmt 1 view .LVU106
 359              		.loc 1 145 16 is_stmt 0 view .LVU107
 360 0030 0628     		cmp	r0, #6
 361 0032 02D0     		beq	.L27
 146:tmk_core/common/chibios/flash_stm32.c ****                 /* if the program operation is completed, disable the PG Bit */
 147:tmk_core/common/chibios/flash_stm32.c ****                 FLASH->CR &= ~FLASH_CR_PG;
 362              		.loc 1 147 17 is_stmt 1 view .LVU108
 363              		.loc 1 147 27 is_stmt 0 view .LVU109
 364 0034 2369     		ldr	r3, [r4, #16]
 365 0036 AB43     		bics	r3, r5
 366 0038 2361     		str	r3, [r4, #16]
 367              	.L27:
 148:tmk_core/common/chibios/flash_stm32.c ****             }
 149:tmk_core/common/chibios/flash_stm32.c ****             FLASH->SR = (FLASH_SR_EOP | FLASH_SR_PGERR | FLASH_SR_WRPERR);
 368              		.loc 1 149 13 is_stmt 1 view .LVU110
 369              		.loc 1 149 23 is_stmt 0 view .LVU111
 370 003a 3423     		movs	r3, #52
 371 003c E360     		str	r3, [r4, #12]
 372              	.LVL20:
 373              	.L26:
 150:tmk_core/common/chibios/flash_stm32.c ****         }
 151:tmk_core/common/chibios/flash_stm32.c ****     }
 152:tmk_core/common/chibios/flash_stm32.c ****     return status;
 374              		.loc 1 152 5 is_stmt 1 view .LVU112
 153:tmk_core/common/chibios/flash_stm32.c **** }
 375              		.loc 1 153 1 is_stmt 0 view .LVU113
 376              		@ sp needed
 377              	.LVL21:
 378              		.loc 1 153 1 view .LVU114
 379 003e F8BD     		pop	{r3, r4, r5, r6, r7, pc}
 380              	.L33:
 381              		.align	2
 382              	.L32:
 383 0040 FEFF0700 		.word	524286
 384 0044 00200240 		.word	1073881088
 385              		.cfi_endproc
 386              	.LFE190:
 388              		.section	.text.FLASH_Unlock,"ax",%progbits
 389              		.align	1
 390              		.global	FLASH_Unlock
 391              		.syntax unified
 392              		.code	16
 393              		.thumb_func
 394              		.fpu softvfp
 396              	FLASH_Unlock:
 397              	.LFB191:
 154:tmk_core/common/chibios/flash_stm32.c **** 
 155:tmk_core/common/chibios/flash_stm32.c **** /**
 156:tmk_core/common/chibios/flash_stm32.c ****  * @brief  Unlocks the FLASH Program Erase Controller.
 157:tmk_core/common/chibios/flash_stm32.c ****  * @param  None
 158:tmk_core/common/chibios/flash_stm32.c ****  * @retval None
 159:tmk_core/common/chibios/flash_stm32.c ****  */
 160:tmk_core/common/chibios/flash_stm32.c **** void FLASH_Unlock(void) {
 398              		.loc 1 160 25 is_stmt 1 view -0
 399              		.cfi_startproc
 400              		@ args = 0, pretend = 0, frame = 0
 401              		@ frame_needed = 0, uses_anonymous_args = 0
 402              		@ link register save eliminated.
 161:tmk_core/common/chibios/flash_stm32.c ****     /* Authorize the FPEC Access */
 162:tmk_core/common/chibios/flash_stm32.c ****     FLASH->KEYR = FLASH_KEY1;
 403              		.loc 1 162 5 view .LVU116
 404              		.loc 1 162 17 is_stmt 0 view .LVU117
 405 0000 024B     		ldr	r3, .L35
 406 0002 034A     		ldr	r2, .L35+4
 163:tmk_core/common/chibios/flash_stm32.c ****     FLASH->KEYR = FLASH_KEY2;
 164:tmk_core/common/chibios/flash_stm32.c **** }
 407              		.loc 1 164 1 view .LVU118
 408              		@ sp needed
 162:tmk_core/common/chibios/flash_stm32.c ****     FLASH->KEYR = FLASH_KEY2;
 409              		.loc 1 162 17 view .LVU119
 410 0004 5A60     		str	r2, [r3, #4]
 163:tmk_core/common/chibios/flash_stm32.c ****     FLASH->KEYR = FLASH_KEY2;
 411              		.loc 1 163 5 is_stmt 1 view .LVU120
 163:tmk_core/common/chibios/flash_stm32.c ****     FLASH->KEYR = FLASH_KEY2;
 412              		.loc 1 163 17 is_stmt 0 view .LVU121
 413 0006 034A     		ldr	r2, .L35+8
 414 0008 5A60     		str	r2, [r3, #4]
 415              		.loc 1 164 1 view .LVU122
 416 000a 7047     		bx	lr
 417              	.L36:
 418              		.align	2
 419              	.L35:
 420 000c 00200240 		.word	1073881088
 421 0010 23016745 		.word	1164378403
 422 0014 AB89EFCD 		.word	-839939669
 423              		.cfi_endproc
 424              	.LFE191:
 426              		.section	.text.FLASH_Lock,"ax",%progbits
 427              		.align	1
 428              		.global	FLASH_Lock
 429              		.syntax unified
 430              		.code	16
 431              		.thumb_func
 432              		.fpu softvfp
 434              	FLASH_Lock:
 435              	.LFB192:
 165:tmk_core/common/chibios/flash_stm32.c **** 
 166:tmk_core/common/chibios/flash_stm32.c **** /**
 167:tmk_core/common/chibios/flash_stm32.c ****  * @brief  Locks the FLASH Program Erase Controller.
 168:tmk_core/common/chibios/flash_stm32.c ****  * @param  None
 169:tmk_core/common/chibios/flash_stm32.c ****  * @retval None
 170:tmk_core/common/chibios/flash_stm32.c ****  */
 171:tmk_core/common/chibios/flash_stm32.c **** void FLASH_Lock(void) {
 436              		.loc 1 171 23 is_stmt 1 view -0
 437              		.cfi_startproc
 438              		@ args = 0, pretend = 0, frame = 0
 439              		@ frame_needed = 0, uses_anonymous_args = 0
 440              		@ link register save eliminated.
 172:tmk_core/common/chibios/flash_stm32.c ****     /* Set the Lock Bit to lock the FPEC and the FCR */
 173:tmk_core/common/chibios/flash_stm32.c ****     FLASH->CR |= FLASH_CR_LOCK;
 441              		.loc 1 173 5 view .LVU124
 442              		.loc 1 173 15 is_stmt 0 view .LVU125
 443 0000 8023     		movs	r3, #128
 444 0002 024A     		ldr	r2, .L38
 174:tmk_core/common/chibios/flash_stm32.c **** }
 445              		.loc 1 174 1 view .LVU126
 446              		@ sp needed
 173:tmk_core/common/chibios/flash_stm32.c **** }
 447              		.loc 1 173 15 view .LVU127
 448 0004 1169     		ldr	r1, [r2, #16]
 449 0006 0B43     		orrs	r3, r1
 450 0008 1361     		str	r3, [r2, #16]
 451              		.loc 1 174 1 view .LVU128
 452 000a 7047     		bx	lr
 453              	.L39:
 454              		.align	2
 455              	.L38:
 456 000c 00200240 		.word	1073881088
 457              		.cfi_endproc
 458              	.LFE192:
 460              		.section	.text.FLASH_ClearFlag,"ax",%progbits
 461              		.align	1
 462              		.global	FLASH_ClearFlag
 463              		.syntax unified
 464              		.code	16
 465              		.thumb_func
 466              		.fpu softvfp
 468              	FLASH_ClearFlag:
 469              	.LVL22:
 470              	.LFB193:
 175:tmk_core/common/chibios/flash_stm32.c **** 
 176:tmk_core/common/chibios/flash_stm32.c **** /**
 177:tmk_core/common/chibios/flash_stm32.c ****  * @brief  Clears the FLASH's pending flags.
 178:tmk_core/common/chibios/flash_stm32.c ****  * @param  FLASH_FLAG: specifies the FLASH flags to clear.
 179:tmk_core/common/chibios/flash_stm32.c ****  *   This parameter can be any combination of the following values:
 180:tmk_core/common/chibios/flash_stm32.c ****  *     @arg FLASH_FLAG_PGERR: FLASH Programming error flag flag
 181:tmk_core/common/chibios/flash_stm32.c ****  *     @arg FLASH_FLAG_WRPERR: FLASH Write protected error flag
 182:tmk_core/common/chibios/flash_stm32.c ****  *     @arg FLASH_FLAG_EOP: FLASH End of Programming flag
 183:tmk_core/common/chibios/flash_stm32.c ****  * @retval None
 184:tmk_core/common/chibios/flash_stm32.c ****  */
 185:tmk_core/common/chibios/flash_stm32.c **** void FLASH_ClearFlag(uint32_t FLASH_FLAG) {
 471              		.loc 1 185 43 is_stmt 1 view -0
 472              		.cfi_startproc
 473              		@ args = 0, pretend = 0, frame = 0
 474              		@ frame_needed = 0, uses_anonymous_args = 0
 475              		@ link register save eliminated.
 186:tmk_core/common/chibios/flash_stm32.c ****     /* Clear the flags */
 187:tmk_core/common/chibios/flash_stm32.c ****     FLASH->SR = FLASH_FLAG;
 476              		.loc 1 187 5 view .LVU130
 477              		.loc 1 187 15 is_stmt 0 view .LVU131
 478 0000 014B     		ldr	r3, .L41
 188:tmk_core/common/chibios/flash_stm32.c **** }
 479              		.loc 1 188 1 view .LVU132
 480              		@ sp needed
 187:tmk_core/common/chibios/flash_stm32.c **** }
 481              		.loc 1 187 15 view .LVU133
 482 0002 D860     		str	r0, [r3, #12]
 483              		.loc 1 188 1 view .LVU134
 484 0004 7047     		bx	lr
 485              	.L42:
 486 0006 C046     		.align	2
 487              	.L41:
 488 0008 00200240 		.word	1073881088
 489              		.cfi_endproc
 490              	.LFE193:
 492              		.text
 493              	.Letext0:
 494              		.file 2 "c:\\msys64\\home\\kyleo\\qmk_utils\\gcc-arm-none-eabi\\arm-none-eabi\\include\\machine\\_
 495              		.file 3 "c:\\msys64\\home\\kyleo\\qmk_utils\\gcc-arm-none-eabi\\arm-none-eabi\\include\\sys\\_stdi
 496              		.file 4 "c:\\msys64\\home\\kyleo\\qmk_utils\\gcc-arm-none-eabi\\arm-none-eabi\\include\\stdint.h"
 497              		.file 5 "./lib/chibios/os/common/ext/ST/STM32F0xx/system_stm32f0xx.h"
 498              		.file 6 "./lib/chibios/os/common/ext/ST/STM32F0xx/stm32f072xb.h"
 499              		.file 7 "c:\\msys64\\home\\kyleo\\qmk_utils\\gcc-arm-none-eabi\\lib\\gcc\\arm-none-eabi\\8.3.1\\in
 500              		.file 8 "./lib/chibios/os/common/ports/ARMCMx/compilers/GCC/chtypes.h"
 501              		.file 9 "./lib/chibios/os/rt/include/chsystypes.h"
 502              		.file 10 "./lib/chibios/os/rt/include/chschd.h"
 503              		.file 11 "./lib/chibios/os/rt/include/chtime.h"
 504              		.file 12 "./lib/chibios/os/common/ports/ARMCMx/chcore.h"
 505              		.file 13 "./lib/chibios/os/common/ports/ARMCMx/chcore_v6m.h"
 506              		.file 14 "./lib/chibios/os/hal/ports/STM32/LLD/TIMv1/stm32_tim.h"
 507              		.file 15 "./lib/chibios/os/rt/include/chsem.h"
 508              		.file 16 "./lib/chibios/os/rt/include/chmtx.h"
 509              		.file 17 "./lib/chibios/os/rt/include/chsys.h"
 510              		.file 18 "./lib/chibios/os/rt/include/chregistry.h"
 511              		.file 19 "./lib/chibios/os/oslib/include/chmemcore.h"
 512              		.file 20 "./lib/chibios/os/hal/ports/STM32/LLD/DMAv1/stm32_dma.h"
 513              		.file 21 "./lib/chibios/os/hal/ports/STM32/LLD/GPIOv2/stm32_gpio.h"
 514              		.file 22 "./lib/chibios/os/hal/ports/STM32/LLD/GPIOv2/hal_pal_lld.h"
 515              		.file 23 "./lib/chibios/os/hal/include/hal_i2c.h"
 516              		.file 24 "./lib/chibios/os/hal/ports/STM32/LLD/I2Cv2/hal_i2c_lld.h"
 517              		.file 25 "./lib/chibios/os/hal/include/hal_pwm.h"
 518              		.file 26 "./lib/chibios/os/hal/ports/STM32/LLD/TIMv1/hal_pwm_lld.h"
 519              		.file 27 "./lib/chibios/os/hal/include/hal_spi.h"
 520              		.file 28 "./lib/chibios/os/hal/ports/STM32/LLD/SPIv2/hal_spi_lld.h"
 521              		.file 29 "./lib/chibios/os/hal/include/hal_usb.h"
 522              		.file 30 "./lib/chibios/os/hal/ports/STM32/LLD/USBv1/hal_usb_lld.h"
 523              		.file 31 "tmk_core/common/chibios/flash_stm32.h"
DEFINED SYMBOLS
                            *ABS*:00000000 flash_stm32.c
C:\Users\kyleo\AppData\Local\Temp\cc7snUv4.s:16     .text.FLASH_GetStatus:00000000 $t
C:\Users\kyleo\AppData\Local\Temp\cc7snUv4.s:24     .text.FLASH_GetStatus:00000000 FLASH_GetStatus
C:\Users\kyleo\AppData\Local\Temp\cc7snUv4.s:82     .text.FLASH_GetStatus:00000028 $d
C:\Users\kyleo\AppData\Local\Temp\cc7snUv4.s:87     .text.FLASH_WaitForLastOperation:00000000 $t
C:\Users\kyleo\AppData\Local\Temp\cc7snUv4.s:94     .text.FLASH_WaitForLastOperation:00000000 FLASH_WaitForLastOperation
C:\Users\kyleo\AppData\Local\Temp\cc7snUv4.s:199    .text.FLASH_ErasePage:00000000 $t
C:\Users\kyleo\AppData\Local\Temp\cc7snUv4.s:206    .text.FLASH_ErasePage:00000000 FLASH_ErasePage
C:\Users\kyleo\AppData\Local\Temp\cc7snUv4.s:285    .text.FLASH_ErasePage:00000038 $d
C:\Users\kyleo\AppData\Local\Temp\cc7snUv4.s:291    .text.FLASH_ProgramHalfWord:00000000 $t
C:\Users\kyleo\AppData\Local\Temp\cc7snUv4.s:298    .text.FLASH_ProgramHalfWord:00000000 FLASH_ProgramHalfWord
C:\Users\kyleo\AppData\Local\Temp\cc7snUv4.s:383    .text.FLASH_ProgramHalfWord:00000040 $d
C:\Users\kyleo\AppData\Local\Temp\cc7snUv4.s:389    .text.FLASH_Unlock:00000000 $t
C:\Users\kyleo\AppData\Local\Temp\cc7snUv4.s:396    .text.FLASH_Unlock:00000000 FLASH_Unlock
C:\Users\kyleo\AppData\Local\Temp\cc7snUv4.s:420    .text.FLASH_Unlock:0000000c $d
C:\Users\kyleo\AppData\Local\Temp\cc7snUv4.s:427    .text.FLASH_Lock:00000000 $t
C:\Users\kyleo\AppData\Local\Temp\cc7snUv4.s:434    .text.FLASH_Lock:00000000 FLASH_Lock
C:\Users\kyleo\AppData\Local\Temp\cc7snUv4.s:456    .text.FLASH_Lock:0000000c $d
C:\Users\kyleo\AppData\Local\Temp\cc7snUv4.s:461    .text.FLASH_ClearFlag:00000000 $t
C:\Users\kyleo\AppData\Local\Temp\cc7snUv4.s:468    .text.FLASH_ClearFlag:00000000 FLASH_ClearFlag
C:\Users\kyleo\AppData\Local\Temp\cc7snUv4.s:488    .text.FLASH_ClearFlag:00000008 $d

NO UNDEFINED SYMBOLS
