   1              		.cpu cortex-m0
   2              		.eabi_attribute 20, 1
   3              		.eabi_attribute 21, 1
   4              		.eabi_attribute 23, 3
   5              		.eabi_attribute 24, 1
   6              		.eabi_attribute 25, 1
   7              		.eabi_attribute 26, 1
   8              		.eabi_attribute 30, 4
   9              		.eabi_attribute 34, 0
  10              		.eabi_attribute 18, 2
  11              		.file	"crt1.c"
  12              		.text
  13              	.Ltext0:
  14              		.cfi_sections	.debug_frame
  15              		.section	.text.__core_init,"ax",%progbits
  16              		.align	1
  17              		.weak	__core_init
  18              		.arch armv6s-m
  19              		.syntax unified
  20              		.code	16
  21              		.thumb_func
  22              		.fpu softvfp
  24              	__core_init:
  25              	.LFB40:
  26              		.file 1 "lib/chibios/os/common/startup/ARMCMx/compilers/GCC/crt1.c"
   1:lib/chibios/os/common/startup/ARMCMx/compilers/GCC/crt1.c **** /*
   2:lib/chibios/os/common/startup/ARMCMx/compilers/GCC/crt1.c ****     ChibiOS - Copyright (C) 2006..2018 Giovanni Di Sirio
   3:lib/chibios/os/common/startup/ARMCMx/compilers/GCC/crt1.c **** 
   4:lib/chibios/os/common/startup/ARMCMx/compilers/GCC/crt1.c ****     Licensed under the Apache License, Version 2.0 (the "License");
   5:lib/chibios/os/common/startup/ARMCMx/compilers/GCC/crt1.c ****     you may not use this file except in compliance with the License.
   6:lib/chibios/os/common/startup/ARMCMx/compilers/GCC/crt1.c ****     You may obtain a copy of the License at
   7:lib/chibios/os/common/startup/ARMCMx/compilers/GCC/crt1.c **** 
   8:lib/chibios/os/common/startup/ARMCMx/compilers/GCC/crt1.c ****         http://www.apache.org/licenses/LICENSE-2.0
   9:lib/chibios/os/common/startup/ARMCMx/compilers/GCC/crt1.c **** 
  10:lib/chibios/os/common/startup/ARMCMx/compilers/GCC/crt1.c ****     Unless required by applicable law or agreed to in writing, software
  11:lib/chibios/os/common/startup/ARMCMx/compilers/GCC/crt1.c ****     distributed under the License is distributed on an "AS IS" BASIS,
  12:lib/chibios/os/common/startup/ARMCMx/compilers/GCC/crt1.c ****     WITHOUT WARRANTIES OR CONDITIONS OF ANY KIND, either express or implied.
  13:lib/chibios/os/common/startup/ARMCMx/compilers/GCC/crt1.c ****     See the License for the specific language governing permissions and
  14:lib/chibios/os/common/startup/ARMCMx/compilers/GCC/crt1.c ****     limitations under the License.
  15:lib/chibios/os/common/startup/ARMCMx/compilers/GCC/crt1.c **** */
  16:lib/chibios/os/common/startup/ARMCMx/compilers/GCC/crt1.c **** 
  17:lib/chibios/os/common/startup/ARMCMx/compilers/GCC/crt1.c **** /**
  18:lib/chibios/os/common/startup/ARMCMx/compilers/GCC/crt1.c ****  * @file    ARMCMx/compilers/GCC/crt1.c
  19:lib/chibios/os/common/startup/ARMCMx/compilers/GCC/crt1.c ****  * @brief   Startup stub functions.
  20:lib/chibios/os/common/startup/ARMCMx/compilers/GCC/crt1.c ****  *
  21:lib/chibios/os/common/startup/ARMCMx/compilers/GCC/crt1.c ****  * @addtogroup ARMCMx_GCC_STARTUP
  22:lib/chibios/os/common/startup/ARMCMx/compilers/GCC/crt1.c ****  * @{
  23:lib/chibios/os/common/startup/ARMCMx/compilers/GCC/crt1.c ****  */
  24:lib/chibios/os/common/startup/ARMCMx/compilers/GCC/crt1.c **** 
  25:lib/chibios/os/common/startup/ARMCMx/compilers/GCC/crt1.c **** #include <stdint.h>
  26:lib/chibios/os/common/startup/ARMCMx/compilers/GCC/crt1.c **** #include <stdbool.h>
  27:lib/chibios/os/common/startup/ARMCMx/compilers/GCC/crt1.c **** 
  28:lib/chibios/os/common/startup/ARMCMx/compilers/GCC/crt1.c **** #include "cmparams.h"
  29:lib/chibios/os/common/startup/ARMCMx/compilers/GCC/crt1.c **** 
  30:lib/chibios/os/common/startup/ARMCMx/compilers/GCC/crt1.c **** /*===========================================================================*/
  31:lib/chibios/os/common/startup/ARMCMx/compilers/GCC/crt1.c **** /* Module local definitions.                                                 */
  32:lib/chibios/os/common/startup/ARMCMx/compilers/GCC/crt1.c **** /*===========================================================================*/
  33:lib/chibios/os/common/startup/ARMCMx/compilers/GCC/crt1.c **** 
  34:lib/chibios/os/common/startup/ARMCMx/compilers/GCC/crt1.c **** #if !defined(CRT1_AREAS_NUMBER) || defined(__DOXYGEN__)
  35:lib/chibios/os/common/startup/ARMCMx/compilers/GCC/crt1.c **** #define CRT1_AREAS_NUMBER                   8
  36:lib/chibios/os/common/startup/ARMCMx/compilers/GCC/crt1.c **** #endif
  37:lib/chibios/os/common/startup/ARMCMx/compilers/GCC/crt1.c **** 
  38:lib/chibios/os/common/startup/ARMCMx/compilers/GCC/crt1.c **** #if (CRT1_AREAS_NUMBER < 0) || (CRT1_AREAS_NUMBER > 8)
  39:lib/chibios/os/common/startup/ARMCMx/compilers/GCC/crt1.c **** #error "CRT1_AREAS_NUMBER must be within 0 and 8"
  40:lib/chibios/os/common/startup/ARMCMx/compilers/GCC/crt1.c **** #endif
  41:lib/chibios/os/common/startup/ARMCMx/compilers/GCC/crt1.c **** 
  42:lib/chibios/os/common/startup/ARMCMx/compilers/GCC/crt1.c **** /*===========================================================================*/
  43:lib/chibios/os/common/startup/ARMCMx/compilers/GCC/crt1.c **** /* Module exported variables.                                                */
  44:lib/chibios/os/common/startup/ARMCMx/compilers/GCC/crt1.c **** /*===========================================================================*/
  45:lib/chibios/os/common/startup/ARMCMx/compilers/GCC/crt1.c **** 
  46:lib/chibios/os/common/startup/ARMCMx/compilers/GCC/crt1.c **** /*===========================================================================*/
  47:lib/chibios/os/common/startup/ARMCMx/compilers/GCC/crt1.c **** /* Module local types.                                                       */
  48:lib/chibios/os/common/startup/ARMCMx/compilers/GCC/crt1.c **** /*===========================================================================*/
  49:lib/chibios/os/common/startup/ARMCMx/compilers/GCC/crt1.c **** 
  50:lib/chibios/os/common/startup/ARMCMx/compilers/GCC/crt1.c **** /**
  51:lib/chibios/os/common/startup/ARMCMx/compilers/GCC/crt1.c ****  * @brief   Type of an area to be initialized.
  52:lib/chibios/os/common/startup/ARMCMx/compilers/GCC/crt1.c ****  */
  53:lib/chibios/os/common/startup/ARMCMx/compilers/GCC/crt1.c **** typedef struct {
  54:lib/chibios/os/common/startup/ARMCMx/compilers/GCC/crt1.c ****   uint32_t              *init_text_area;
  55:lib/chibios/os/common/startup/ARMCMx/compilers/GCC/crt1.c ****   uint32_t              *init_area;
  56:lib/chibios/os/common/startup/ARMCMx/compilers/GCC/crt1.c ****   uint32_t              *clear_area;
  57:lib/chibios/os/common/startup/ARMCMx/compilers/GCC/crt1.c ****   uint32_t              *no_init_area;
  58:lib/chibios/os/common/startup/ARMCMx/compilers/GCC/crt1.c **** } ram_init_area_t;
  59:lib/chibios/os/common/startup/ARMCMx/compilers/GCC/crt1.c **** 
  60:lib/chibios/os/common/startup/ARMCMx/compilers/GCC/crt1.c **** /*===========================================================================*/
  61:lib/chibios/os/common/startup/ARMCMx/compilers/GCC/crt1.c **** /* Module local variables.                                                   */
  62:lib/chibios/os/common/startup/ARMCMx/compilers/GCC/crt1.c **** /*===========================================================================*/
  63:lib/chibios/os/common/startup/ARMCMx/compilers/GCC/crt1.c **** 
  64:lib/chibios/os/common/startup/ARMCMx/compilers/GCC/crt1.c **** #if (CRT1_AREAS_NUMBER > 0) || defined(__DOXYGEN__)
  65:lib/chibios/os/common/startup/ARMCMx/compilers/GCC/crt1.c **** extern uint32_t __ram0_init_text__, __ram0_init__, __ram0_clear__, __ram0_noinit__;
  66:lib/chibios/os/common/startup/ARMCMx/compilers/GCC/crt1.c **** #endif
  67:lib/chibios/os/common/startup/ARMCMx/compilers/GCC/crt1.c **** #if (CRT1_AREAS_NUMBER > 1) || defined(__DOXYGEN__)
  68:lib/chibios/os/common/startup/ARMCMx/compilers/GCC/crt1.c **** extern uint32_t __ram1_init_text__, __ram1_init__, __ram1_clear__, __ram1_noinit__;
  69:lib/chibios/os/common/startup/ARMCMx/compilers/GCC/crt1.c **** #endif
  70:lib/chibios/os/common/startup/ARMCMx/compilers/GCC/crt1.c **** #if (CRT1_AREAS_NUMBER > 2) || defined(__DOXYGEN__)
  71:lib/chibios/os/common/startup/ARMCMx/compilers/GCC/crt1.c **** extern uint32_t __ram2_init_text__, __ram2_init__, __ram2_clear__, __ram2_noinit__;
  72:lib/chibios/os/common/startup/ARMCMx/compilers/GCC/crt1.c **** #endif
  73:lib/chibios/os/common/startup/ARMCMx/compilers/GCC/crt1.c **** #if (CRT1_AREAS_NUMBER > 3) || defined(__DOXYGEN__)
  74:lib/chibios/os/common/startup/ARMCMx/compilers/GCC/crt1.c **** extern uint32_t __ram3_init_text__, __ram3_init__, __ram3_clear__, __ram3_noinit__;
  75:lib/chibios/os/common/startup/ARMCMx/compilers/GCC/crt1.c **** #endif
  76:lib/chibios/os/common/startup/ARMCMx/compilers/GCC/crt1.c **** #if (CRT1_AREAS_NUMBER > 4) || defined(__DOXYGEN__)
  77:lib/chibios/os/common/startup/ARMCMx/compilers/GCC/crt1.c **** extern uint32_t __ram4_init_text__, __ram4_init__, __ram4_clear__, __ram4_noinit__;
  78:lib/chibios/os/common/startup/ARMCMx/compilers/GCC/crt1.c **** #endif
  79:lib/chibios/os/common/startup/ARMCMx/compilers/GCC/crt1.c **** #if (CRT1_AREAS_NUMBER > 5) || defined(__DOXYGEN__)
  80:lib/chibios/os/common/startup/ARMCMx/compilers/GCC/crt1.c **** extern uint32_t __ram5_init_text__, __ram5_init__, __ram5_clear__, __ram5_noinit__;
  81:lib/chibios/os/common/startup/ARMCMx/compilers/GCC/crt1.c **** #endif
  82:lib/chibios/os/common/startup/ARMCMx/compilers/GCC/crt1.c **** #if (CRT1_AREAS_NUMBER > 6) || defined(__DOXYGEN__)
  83:lib/chibios/os/common/startup/ARMCMx/compilers/GCC/crt1.c **** extern uint32_t __ram6_init_text__, __ram6_init__, __ram6_clear__, __ram6_noinit__;
  84:lib/chibios/os/common/startup/ARMCMx/compilers/GCC/crt1.c **** #endif
  85:lib/chibios/os/common/startup/ARMCMx/compilers/GCC/crt1.c **** #if (CRT1_AREAS_NUMBER > 7) || defined(__DOXYGEN__)
  86:lib/chibios/os/common/startup/ARMCMx/compilers/GCC/crt1.c **** extern uint32_t __ram7_init_text__, __ram7_init__, __ram7_clear__, __ram7_noinit__;
  87:lib/chibios/os/common/startup/ARMCMx/compilers/GCC/crt1.c **** #endif
  88:lib/chibios/os/common/startup/ARMCMx/compilers/GCC/crt1.c **** 
  89:lib/chibios/os/common/startup/ARMCMx/compilers/GCC/crt1.c **** /**
  90:lib/chibios/os/common/startup/ARMCMx/compilers/GCC/crt1.c ****  * @brief   Static table of areas to be initialized.
  91:lib/chibios/os/common/startup/ARMCMx/compilers/GCC/crt1.c ****  */
  92:lib/chibios/os/common/startup/ARMCMx/compilers/GCC/crt1.c **** #if (CRT1_AREAS_NUMBER > 0) || defined(__DOXYGEN__)
  93:lib/chibios/os/common/startup/ARMCMx/compilers/GCC/crt1.c **** static const ram_init_area_t ram_areas[CRT1_AREAS_NUMBER] = {
  94:lib/chibios/os/common/startup/ARMCMx/compilers/GCC/crt1.c ****   {&__ram0_init_text__, &__ram0_init__, &__ram0_clear__, &__ram0_noinit__},
  95:lib/chibios/os/common/startup/ARMCMx/compilers/GCC/crt1.c **** #if (CRT1_AREAS_NUMBER > 1) || defined(__DOXYGEN__)
  96:lib/chibios/os/common/startup/ARMCMx/compilers/GCC/crt1.c ****   {&__ram1_init_text__, &__ram1_init__, &__ram1_clear__, &__ram1_noinit__},
  97:lib/chibios/os/common/startup/ARMCMx/compilers/GCC/crt1.c **** #endif
  98:lib/chibios/os/common/startup/ARMCMx/compilers/GCC/crt1.c **** #if (CRT1_AREAS_NUMBER > 2) || defined(__DOXYGEN__)
  99:lib/chibios/os/common/startup/ARMCMx/compilers/GCC/crt1.c ****   {&__ram2_init_text__, &__ram2_init__, &__ram2_clear__, &__ram2_noinit__},
 100:lib/chibios/os/common/startup/ARMCMx/compilers/GCC/crt1.c **** #endif
 101:lib/chibios/os/common/startup/ARMCMx/compilers/GCC/crt1.c **** #if (CRT1_AREAS_NUMBER > 3) || defined(__DOXYGEN__)
 102:lib/chibios/os/common/startup/ARMCMx/compilers/GCC/crt1.c ****   {&__ram3_init_text__, &__ram3_init__, &__ram3_clear__, &__ram3_noinit__},
 103:lib/chibios/os/common/startup/ARMCMx/compilers/GCC/crt1.c **** #endif
 104:lib/chibios/os/common/startup/ARMCMx/compilers/GCC/crt1.c **** #if (CRT1_AREAS_NUMBER > 4) || defined(__DOXYGEN__)
 105:lib/chibios/os/common/startup/ARMCMx/compilers/GCC/crt1.c ****   {&__ram4_init_text__, &__ram4_init__, &__ram4_clear__, &__ram4_noinit__},
 106:lib/chibios/os/common/startup/ARMCMx/compilers/GCC/crt1.c **** #endif
 107:lib/chibios/os/common/startup/ARMCMx/compilers/GCC/crt1.c **** #if (CRT1_AREAS_NUMBER > 5) || defined(__DOXYGEN__)
 108:lib/chibios/os/common/startup/ARMCMx/compilers/GCC/crt1.c ****   {&__ram5_init_text__, &__ram5_init__, &__ram5_clear__, &__ram5_noinit__},
 109:lib/chibios/os/common/startup/ARMCMx/compilers/GCC/crt1.c **** #endif
 110:lib/chibios/os/common/startup/ARMCMx/compilers/GCC/crt1.c **** #if (CRT1_AREAS_NUMBER > 6) || defined(__DOXYGEN__)
 111:lib/chibios/os/common/startup/ARMCMx/compilers/GCC/crt1.c ****   {&__ram6_init_text__, &__ram6_init__, &__ram6_clear__, &__ram6_noinit__},
 112:lib/chibios/os/common/startup/ARMCMx/compilers/GCC/crt1.c **** #endif
 113:lib/chibios/os/common/startup/ARMCMx/compilers/GCC/crt1.c **** #if (CRT1_AREAS_NUMBER > 7) || defined(__DOXYGEN__)
 114:lib/chibios/os/common/startup/ARMCMx/compilers/GCC/crt1.c ****   {&__ram7_init_text__, &__ram7_init__, &__ram7_clear__, &__ram7_noinit__},
 115:lib/chibios/os/common/startup/ARMCMx/compilers/GCC/crt1.c **** #endif
 116:lib/chibios/os/common/startup/ARMCMx/compilers/GCC/crt1.c **** };
 117:lib/chibios/os/common/startup/ARMCMx/compilers/GCC/crt1.c **** #endif
 118:lib/chibios/os/common/startup/ARMCMx/compilers/GCC/crt1.c **** 
 119:lib/chibios/os/common/startup/ARMCMx/compilers/GCC/crt1.c **** /*===========================================================================*/
 120:lib/chibios/os/common/startup/ARMCMx/compilers/GCC/crt1.c **** /* Module local functions.                                                   */
 121:lib/chibios/os/common/startup/ARMCMx/compilers/GCC/crt1.c **** /*===========================================================================*/
 122:lib/chibios/os/common/startup/ARMCMx/compilers/GCC/crt1.c **** 
 123:lib/chibios/os/common/startup/ARMCMx/compilers/GCC/crt1.c **** /*===========================================================================*/
 124:lib/chibios/os/common/startup/ARMCMx/compilers/GCC/crt1.c **** /* Module exported functions.                                                */
 125:lib/chibios/os/common/startup/ARMCMx/compilers/GCC/crt1.c **** /*===========================================================================*/
 126:lib/chibios/os/common/startup/ARMCMx/compilers/GCC/crt1.c **** 
 127:lib/chibios/os/common/startup/ARMCMx/compilers/GCC/crt1.c **** /**
 128:lib/chibios/os/common/startup/ARMCMx/compilers/GCC/crt1.c ****  * @brief   Architecture-dependent core initialization.
 129:lib/chibios/os/common/startup/ARMCMx/compilers/GCC/crt1.c ****  * @details This hook is invoked immediately after the stack initialization
 130:lib/chibios/os/common/startup/ARMCMx/compilers/GCC/crt1.c ****  *          and before the DATA and BSS segments initialization.
 131:lib/chibios/os/common/startup/ARMCMx/compilers/GCC/crt1.c ****  * @note    This function is a weak symbol.
 132:lib/chibios/os/common/startup/ARMCMx/compilers/GCC/crt1.c ****  */
 133:lib/chibios/os/common/startup/ARMCMx/compilers/GCC/crt1.c **** #if !defined(__DOXYGEN__)
 134:lib/chibios/os/common/startup/ARMCMx/compilers/GCC/crt1.c **** __attribute__((weak))
 135:lib/chibios/os/common/startup/ARMCMx/compilers/GCC/crt1.c **** #endif
 136:lib/chibios/os/common/startup/ARMCMx/compilers/GCC/crt1.c **** /*lint -save -e9075 [8.4] All symbols are invoked from asm context.*/
 137:lib/chibios/os/common/startup/ARMCMx/compilers/GCC/crt1.c **** void __core_init(void) {
  27              		.loc 1 137 24 view -0
  28              		.cfi_startproc
  29              		@ args = 0, pretend = 0, frame = 0
  30              		@ frame_needed = 0, uses_anonymous_args = 0
  31              		@ link register save eliminated.
 138:lib/chibios/os/common/startup/ARMCMx/compilers/GCC/crt1.c **** 
 139:lib/chibios/os/common/startup/ARMCMx/compilers/GCC/crt1.c **** #if CORTEX_MODEL == 7
 140:lib/chibios/os/common/startup/ARMCMx/compilers/GCC/crt1.c ****   SCB_EnableICache();
 141:lib/chibios/os/common/startup/ARMCMx/compilers/GCC/crt1.c ****   SCB_EnableDCache();
 142:lib/chibios/os/common/startup/ARMCMx/compilers/GCC/crt1.c **** #endif
 143:lib/chibios/os/common/startup/ARMCMx/compilers/GCC/crt1.c **** }
  32              		.loc 1 143 1 view .LVU1
  33              		@ sp needed
  34 0000 7047     		bx	lr
  35              		.cfi_endproc
  36              	.LFE40:
  38              		.section	.text.__early_init,"ax",%progbits
  39              		.align	1
  40              		.weak	__early_init
  41              		.syntax unified
  42              		.code	16
  43              		.thumb_func
  44              		.fpu softvfp
  46              	__early_init:
  47              	.LFB46:
  48              		.cfi_startproc
  49              		@ args = 0, pretend = 0, frame = 0
  50              		@ frame_needed = 0, uses_anonymous_args = 0
  51              		@ link register save eliminated.
  52              		@ sp needed
  53 0000 7047     		bx	lr
  54              		.cfi_endproc
  55              	.LFE46:
  57              		.section	.text.__late_init,"ax",%progbits
  58              		.align	1
  59              		.weak	__late_init
  60              		.syntax unified
  61              		.code	16
  62              		.thumb_func
  63              		.fpu softvfp
  65              	__late_init:
  66              	.LFB48:
  67              		.cfi_startproc
  68              		@ args = 0, pretend = 0, frame = 0
  69              		@ frame_needed = 0, uses_anonymous_args = 0
  70              		@ link register save eliminated.
  71              		@ sp needed
  72 0000 7047     		bx	lr
  73              		.cfi_endproc
  74              	.LFE48:
  76              		.section	.text.__default_exit,"ax",%progbits
  77              		.align	1
  78              		.weak	__default_exit
  79              		.syntax unified
  80              		.code	16
  81              		.thumb_func
  82              		.fpu softvfp
  84              	__default_exit:
  85              	.LFB43:
 144:lib/chibios/os/common/startup/ARMCMx/compilers/GCC/crt1.c **** 
 145:lib/chibios/os/common/startup/ARMCMx/compilers/GCC/crt1.c **** /**
 146:lib/chibios/os/common/startup/ARMCMx/compilers/GCC/crt1.c ****  * @brief   Early initialization.
 147:lib/chibios/os/common/startup/ARMCMx/compilers/GCC/crt1.c ****  * @details This hook is invoked immediately after the stack and core
 148:lib/chibios/os/common/startup/ARMCMx/compilers/GCC/crt1.c ****  *          initialization and before the DATA and BSS segments
 149:lib/chibios/os/common/startup/ARMCMx/compilers/GCC/crt1.c ****  *          initialization.
 150:lib/chibios/os/common/startup/ARMCMx/compilers/GCC/crt1.c ****  * @note    This function is a weak symbol.
 151:lib/chibios/os/common/startup/ARMCMx/compilers/GCC/crt1.c ****  */
 152:lib/chibios/os/common/startup/ARMCMx/compilers/GCC/crt1.c **** #if !defined(__DOXYGEN__)
 153:lib/chibios/os/common/startup/ARMCMx/compilers/GCC/crt1.c **** __attribute__((weak))
 154:lib/chibios/os/common/startup/ARMCMx/compilers/GCC/crt1.c **** #endif
 155:lib/chibios/os/common/startup/ARMCMx/compilers/GCC/crt1.c **** /*lint -save -e9075 [8.4] All symbols are invoked from asm context.*/
 156:lib/chibios/os/common/startup/ARMCMx/compilers/GCC/crt1.c **** void __early_init(void) {}
 157:lib/chibios/os/common/startup/ARMCMx/compilers/GCC/crt1.c **** /*lint -restore*/
 158:lib/chibios/os/common/startup/ARMCMx/compilers/GCC/crt1.c **** 
 159:lib/chibios/os/common/startup/ARMCMx/compilers/GCC/crt1.c **** /**
 160:lib/chibios/os/common/startup/ARMCMx/compilers/GCC/crt1.c ****  * @brief   Late initialization.
 161:lib/chibios/os/common/startup/ARMCMx/compilers/GCC/crt1.c ****  * @details This hook is invoked after the DATA and BSS segments
 162:lib/chibios/os/common/startup/ARMCMx/compilers/GCC/crt1.c ****  *          initialization and before any static constructor. The
 163:lib/chibios/os/common/startup/ARMCMx/compilers/GCC/crt1.c ****  *          default behavior is to do nothing.
 164:lib/chibios/os/common/startup/ARMCMx/compilers/GCC/crt1.c ****  * @note    This function is a weak symbol.
 165:lib/chibios/os/common/startup/ARMCMx/compilers/GCC/crt1.c ****  */
 166:lib/chibios/os/common/startup/ARMCMx/compilers/GCC/crt1.c **** #if !defined(__DOXYGEN__)
 167:lib/chibios/os/common/startup/ARMCMx/compilers/GCC/crt1.c **** __attribute__((weak))
 168:lib/chibios/os/common/startup/ARMCMx/compilers/GCC/crt1.c **** #endif
 169:lib/chibios/os/common/startup/ARMCMx/compilers/GCC/crt1.c **** /*lint -save -e9075 [8.4] All symbols are invoked from asm context.*/
 170:lib/chibios/os/common/startup/ARMCMx/compilers/GCC/crt1.c **** void __late_init(void) {}
 171:lib/chibios/os/common/startup/ARMCMx/compilers/GCC/crt1.c **** /*lint -restore*/
 172:lib/chibios/os/common/startup/ARMCMx/compilers/GCC/crt1.c **** 
 173:lib/chibios/os/common/startup/ARMCMx/compilers/GCC/crt1.c **** /**
 174:lib/chibios/os/common/startup/ARMCMx/compilers/GCC/crt1.c ****  * @brief   Default @p main() function exit handler.
 175:lib/chibios/os/common/startup/ARMCMx/compilers/GCC/crt1.c ****  * @details This handler is invoked or the @p main() function exit. The
 176:lib/chibios/os/common/startup/ARMCMx/compilers/GCC/crt1.c ****  *          default behavior is to enter an infinite loop.
 177:lib/chibios/os/common/startup/ARMCMx/compilers/GCC/crt1.c ****  * @note    This function is a weak symbol.
 178:lib/chibios/os/common/startup/ARMCMx/compilers/GCC/crt1.c ****  */
 179:lib/chibios/os/common/startup/ARMCMx/compilers/GCC/crt1.c **** #if !defined(__DOXYGEN__)
 180:lib/chibios/os/common/startup/ARMCMx/compilers/GCC/crt1.c **** __attribute__((noreturn, weak))
 181:lib/chibios/os/common/startup/ARMCMx/compilers/GCC/crt1.c **** #endif
 182:lib/chibios/os/common/startup/ARMCMx/compilers/GCC/crt1.c **** /*lint -save -e9075 [8.4] All symbols are invoked from asm context.*/
 183:lib/chibios/os/common/startup/ARMCMx/compilers/GCC/crt1.c **** void __default_exit(void) {
  86              		.loc 1 183 27 view -0
  87              		.cfi_startproc
  88              		@ Volatile: function does not return.
  89              		@ args = 0, pretend = 0, frame = 0
  90              		@ frame_needed = 0, uses_anonymous_args = 0
  91              		@ link register save eliminated.
  92              	.L5:
 184:lib/chibios/os/common/startup/ARMCMx/compilers/GCC/crt1.c **** /*lint -restore*/
 185:lib/chibios/os/common/startup/ARMCMx/compilers/GCC/crt1.c **** 
 186:lib/chibios/os/common/startup/ARMCMx/compilers/GCC/crt1.c ****   while (true) {
  93              		.loc 1 186 3 discriminator 1 view .LVU3
 187:lib/chibios/os/common/startup/ARMCMx/compilers/GCC/crt1.c ****   }
  94              		.loc 1 187 3 discriminator 1 view .LVU4
  95 0000 FEE7     		b	.L5
  96              		.cfi_endproc
  97              	.LFE43:
  99              		.section	.text.__init_ram_areas,"ax",%progbits
 100              		.align	1
 101              		.global	__init_ram_areas
 102              		.syntax unified
 103              		.code	16
 104              		.thumb_func
 105              		.fpu softvfp
 107              	__init_ram_areas:
 108              	.LFB44:
 188:lib/chibios/os/common/startup/ARMCMx/compilers/GCC/crt1.c **** }
 189:lib/chibios/os/common/startup/ARMCMx/compilers/GCC/crt1.c **** 
 190:lib/chibios/os/common/startup/ARMCMx/compilers/GCC/crt1.c **** /**
 191:lib/chibios/os/common/startup/ARMCMx/compilers/GCC/crt1.c ****  * @brief   Performs the initialization of the various RAM areas.
 192:lib/chibios/os/common/startup/ARMCMx/compilers/GCC/crt1.c ****  */
 193:lib/chibios/os/common/startup/ARMCMx/compilers/GCC/crt1.c **** void __init_ram_areas(void) {
 109              		.loc 1 193 29 view -0
 110              		.cfi_startproc
 111              		@ args = 0, pretend = 0, frame = 0
 112              		@ frame_needed = 0, uses_anonymous_args = 0
 194:lib/chibios/os/common/startup/ARMCMx/compilers/GCC/crt1.c **** #if CRT1_AREAS_NUMBER > 0
 195:lib/chibios/os/common/startup/ARMCMx/compilers/GCC/crt1.c ****   const ram_init_area_t *rap = ram_areas;
 113              		.loc 1 195 3 view .LVU6
 114              	.LVL0:
 193:lib/chibios/os/common/startup/ARMCMx/compilers/GCC/crt1.c **** #if CRT1_AREAS_NUMBER > 0
 115              		.loc 1 193 29 is_stmt 0 view .LVU7
 116 0000 70B5     		push	{r4, r5, r6, lr}
 117              		.cfi_def_cfa_offset 16
 118              		.cfi_offset 4, -16
 119              		.cfi_offset 5, -12
 120              		.cfi_offset 6, -8
 121              		.cfi_offset 14, -4
 193:lib/chibios/os/common/startup/ARMCMx/compilers/GCC/crt1.c **** #if CRT1_AREAS_NUMBER > 0
 122              		.loc 1 193 29 view .LVU8
 123 0002 0821     		movs	r1, #8
 124              	.LBB2:
 196:lib/chibios/os/common/startup/ARMCMx/compilers/GCC/crt1.c **** 
 197:lib/chibios/os/common/startup/ARMCMx/compilers/GCC/crt1.c ****   do {
 198:lib/chibios/os/common/startup/ARMCMx/compilers/GCC/crt1.c ****     uint32_t *tp = rap->init_text_area;
 199:lib/chibios/os/common/startup/ARMCMx/compilers/GCC/crt1.c ****     uint32_t *p = rap->init_area;
 200:lib/chibios/os/common/startup/ARMCMx/compilers/GCC/crt1.c **** 
 201:lib/chibios/os/common/startup/ARMCMx/compilers/GCC/crt1.c ****     /* Copying initialization data.*/
 202:lib/chibios/os/common/startup/ARMCMx/compilers/GCC/crt1.c ****     while (p < rap->clear_area) {
 203:lib/chibios/os/common/startup/ARMCMx/compilers/GCC/crt1.c ****       *p = *tp;
 204:lib/chibios/os/common/startup/ARMCMx/compilers/GCC/crt1.c ****       p++;
 205:lib/chibios/os/common/startup/ARMCMx/compilers/GCC/crt1.c ****       tp++;
 206:lib/chibios/os/common/startup/ARMCMx/compilers/GCC/crt1.c ****     }
 207:lib/chibios/os/common/startup/ARMCMx/compilers/GCC/crt1.c **** 
 208:lib/chibios/os/common/startup/ARMCMx/compilers/GCC/crt1.c ****     /* Zeroing clear area.*/
 209:lib/chibios/os/common/startup/ARMCMx/compilers/GCC/crt1.c ****     while (p < rap->no_init_area) {
 210:lib/chibios/os/common/startup/ARMCMx/compilers/GCC/crt1.c ****       *p = 0;
 125              		.loc 1 210 10 view .LVU9
 126 0004 0024     		movs	r4, #0
 127              	.LBE2:
 195:lib/chibios/os/common/startup/ARMCMx/compilers/GCC/crt1.c **** 
 128              		.loc 1 195 26 view .LVU10
 129 0006 094B     		ldr	r3, .L13
 130              	.LVL1:
 131              	.L11:
 197:lib/chibios/os/common/startup/ARMCMx/compilers/GCC/crt1.c ****     uint32_t *tp = rap->init_text_area;
 132              		.loc 1 197 3 is_stmt 1 view .LVU11
 133              	.LBB3:
 198:lib/chibios/os/common/startup/ARMCMx/compilers/GCC/crt1.c ****     uint32_t *p = rap->init_area;
 134              		.loc 1 198 5 view .LVU12
 198:lib/chibios/os/common/startup/ARMCMx/compilers/GCC/crt1.c ****     uint32_t *p = rap->init_area;
 135              		.loc 1 198 15 is_stmt 0 view .LVU13
 136 0008 1868     		ldr	r0, [r3]
 137              	.LVL2:
 199:lib/chibios/os/common/startup/ARMCMx/compilers/GCC/crt1.c **** 
 138              		.loc 1 199 5 is_stmt 1 view .LVU14
 199:lib/chibios/os/common/startup/ARMCMx/compilers/GCC/crt1.c **** 
 139              		.loc 1 199 15 is_stmt 0 view .LVU15
 140 000a 5A68     		ldr	r2, [r3, #4]
 141              	.LVL3:
 202:lib/chibios/os/common/startup/ARMCMx/compilers/GCC/crt1.c ****       *p = *tp;
 142              		.loc 1 202 5 is_stmt 1 view .LVU16
 202:lib/chibios/os/common/startup/ARMCMx/compilers/GCC/crt1.c ****       *p = *tp;
 143              		.loc 1 202 19 is_stmt 0 view .LVU17
 144 000c 9D68     		ldr	r5, [r3, #8]
 145              	.L7:
 202:lib/chibios/os/common/startup/ARMCMx/compilers/GCC/crt1.c ****       *p = *tp;
 146              		.loc 1 202 11 view .LVU18
 147 000e 9542     		cmp	r5, r2
 148 0010 07D8     		bhi	.L8
 209:lib/chibios/os/common/startup/ARMCMx/compilers/GCC/crt1.c ****       *p = 0;
 149              		.loc 1 209 19 view .LVU19
 150 0012 D868     		ldr	r0, [r3, #12]
 151              	.LVL4:
 152              	.L9:
 209:lib/chibios/os/common/startup/ARMCMx/compilers/GCC/crt1.c ****       *p = 0;
 153              		.loc 1 209 11 view .LVU20
 154 0014 9042     		cmp	r0, r2
 155 0016 07D8     		bhi	.L10
 211:lib/chibios/os/common/startup/ARMCMx/compilers/GCC/crt1.c ****       p++;
 212:lib/chibios/os/common/startup/ARMCMx/compilers/GCC/crt1.c ****     }
 213:lib/chibios/os/common/startup/ARMCMx/compilers/GCC/crt1.c ****     rap++;
 156              		.loc 1 213 5 is_stmt 1 view .LVU21
 157 0018 0139     		subs	r1, r1, #1
 158              		.loc 1 213 8 is_stmt 0 view .LVU22
 159 001a 1033     		adds	r3, r3, #16
 160              	.LVL5:
 161              		.loc 1 213 8 view .LVU23
 162              	.LBE3:
 214:lib/chibios/os/common/startup/ARMCMx/compilers/GCC/crt1.c ****   }
 215:lib/chibios/os/common/startup/ARMCMx/compilers/GCC/crt1.c ****   while (rap < &ram_areas[CRT1_AREAS_NUMBER]);
 163              		.loc 1 215 3 view .LVU24
 164 001c 0029     		cmp	r1, #0
 165 001e F3D1     		bne	.L11
 216:lib/chibios/os/common/startup/ARMCMx/compilers/GCC/crt1.c **** #endif
 217:lib/chibios/os/common/startup/ARMCMx/compilers/GCC/crt1.c **** }
 166              		.loc 1 217 1 view .LVU25
 167              		@ sp needed
 168 0020 70BD     		pop	{r4, r5, r6, pc}
 169              	.LVL6:
 170              	.L8:
 171              	.LBB4:
 203:lib/chibios/os/common/startup/ARMCMx/compilers/GCC/crt1.c ****       p++;
 172              		.loc 1 203 7 is_stmt 1 view .LVU26
 203:lib/chibios/os/common/startup/ARMCMx/compilers/GCC/crt1.c ****       p++;
 173              		.loc 1 203 12 is_stmt 0 view .LVU27
 174 0022 40C8     		ldmia	r0!, {r6}
 175              	.LVL7:
 203:lib/chibios/os/common/startup/ARMCMx/compilers/GCC/crt1.c ****       p++;
 176              		.loc 1 203 10 view .LVU28
 177 0024 40C2     		stmia	r2!, {r6}
 178              	.LVL8:
 204:lib/chibios/os/common/startup/ARMCMx/compilers/GCC/crt1.c ****       tp++;
 179              		.loc 1 204 7 is_stmt 1 view .LVU29
 205:lib/chibios/os/common/startup/ARMCMx/compilers/GCC/crt1.c ****     }
 180              		.loc 1 205 7 view .LVU30
 205:lib/chibios/os/common/startup/ARMCMx/compilers/GCC/crt1.c ****     }
 181              		.loc 1 205 7 is_stmt 0 view .LVU31
 182 0026 F2E7     		b	.L7
 183              	.LVL9:
 184              	.L10:
 210:lib/chibios/os/common/startup/ARMCMx/compilers/GCC/crt1.c ****       p++;
 185              		.loc 1 210 7 is_stmt 1 view .LVU32
 210:lib/chibios/os/common/startup/ARMCMx/compilers/GCC/crt1.c ****       p++;
 186              		.loc 1 210 10 is_stmt 0 view .LVU33
 187 0028 10C2     		stmia	r2!, {r4}
 188              	.LVL10:
 211:lib/chibios/os/common/startup/ARMCMx/compilers/GCC/crt1.c ****     }
 189              		.loc 1 211 7 is_stmt 1 view .LVU34
 211:lib/chibios/os/common/startup/ARMCMx/compilers/GCC/crt1.c ****     }
 190              		.loc 1 211 7 is_stmt 0 view .LVU35
 191 002a F3E7     		b	.L9
 192              	.L14:
 193              		.align	2
 194              	.L13:
 195 002c 00000000 		.word	ram_areas
 196              	.LBE4:
 197              		.cfi_endproc
 198              	.LFE44:
 200              		.section	.rodata.ram_areas,"a"
 201              		.align	2
 204              	ram_areas:
 205 0000 00000000 		.word	__ram0_init_text__
 206 0004 00000000 		.word	__ram0_init__
 207 0008 00000000 		.word	__ram0_clear__
 208 000c 00000000 		.word	__ram0_noinit__
 209 0010 00000000 		.word	__ram1_init_text__
 210 0014 00000000 		.word	__ram1_init__
 211 0018 00000000 		.word	__ram1_clear__
 212 001c 00000000 		.word	__ram1_noinit__
 213 0020 00000000 		.word	__ram2_init_text__
 214 0024 00000000 		.word	__ram2_init__
 215 0028 00000000 		.word	__ram2_clear__
 216 002c 00000000 		.word	__ram2_noinit__
 217 0030 00000000 		.word	__ram3_init_text__
 218 0034 00000000 		.word	__ram3_init__
 219 0038 00000000 		.word	__ram3_clear__
 220 003c 00000000 		.word	__ram3_noinit__
 221 0040 00000000 		.word	__ram4_init_text__
 222 0044 00000000 		.word	__ram4_init__
 223 0048 00000000 		.word	__ram4_clear__
 224 004c 00000000 		.word	__ram4_noinit__
 225 0050 00000000 		.word	__ram5_init_text__
 226 0054 00000000 		.word	__ram5_init__
 227 0058 00000000 		.word	__ram5_clear__
 228 005c 00000000 		.word	__ram5_noinit__
 229 0060 00000000 		.word	__ram6_init_text__
 230 0064 00000000 		.word	__ram6_init__
 231 0068 00000000 		.word	__ram6_clear__
 232 006c 00000000 		.word	__ram6_noinit__
 233 0070 00000000 		.word	__ram7_init_text__
 234 0074 00000000 		.word	__ram7_init__
 235 0078 00000000 		.word	__ram7_clear__
 236 007c 00000000 		.word	__ram7_noinit__
 237              		.text
 238              	.Letext0:
 239              		.file 2 "c:\\msys64\\home\\kyleo\\qmk_utils\\gcc-arm-none-eabi\\arm-none-eabi\\include\\machine\\_
 240              		.file 3 "c:\\msys64\\home\\kyleo\\qmk_utils\\gcc-arm-none-eabi\\arm-none-eabi\\include\\sys\\_stdi
 241              		.file 4 "./lib/chibios/os/common/ext/ST/STM32F0xx/system_stm32f0xx.h"
DEFINED SYMBOLS
                            *ABS*:00000000 crt1.c
C:\Users\kyleo\AppData\Local\Temp\ccMfFOwW.s:16     .text.__core_init:00000000 $t
C:\Users\kyleo\AppData\Local\Temp\ccMfFOwW.s:24     .text.__core_init:00000000 __core_init
C:\Users\kyleo\AppData\Local\Temp\ccMfFOwW.s:39     .text.__early_init:00000000 $t
C:\Users\kyleo\AppData\Local\Temp\ccMfFOwW.s:46     .text.__early_init:00000000 __early_init
C:\Users\kyleo\AppData\Local\Temp\ccMfFOwW.s:58     .text.__late_init:00000000 $t
C:\Users\kyleo\AppData\Local\Temp\ccMfFOwW.s:65     .text.__late_init:00000000 __late_init
C:\Users\kyleo\AppData\Local\Temp\ccMfFOwW.s:77     .text.__default_exit:00000000 $t
C:\Users\kyleo\AppData\Local\Temp\ccMfFOwW.s:84     .text.__default_exit:00000000 __default_exit
C:\Users\kyleo\AppData\Local\Temp\ccMfFOwW.s:100    .text.__init_ram_areas:00000000 $t
C:\Users\kyleo\AppData\Local\Temp\ccMfFOwW.s:107    .text.__init_ram_areas:00000000 __init_ram_areas
C:\Users\kyleo\AppData\Local\Temp\ccMfFOwW.s:195    .text.__init_ram_areas:0000002c $d
C:\Users\kyleo\AppData\Local\Temp\ccMfFOwW.s:204    .rodata.ram_areas:00000000 ram_areas
C:\Users\kyleo\AppData\Local\Temp\ccMfFOwW.s:201    .rodata.ram_areas:00000000 $d

UNDEFINED SYMBOLS
__ram0_init_text__
__ram0_init__
__ram0_clear__
__ram0_noinit__
__ram1_init_text__
__ram1_init__
__ram1_clear__
__ram1_noinit__
__ram2_init_text__
__ram2_init__
__ram2_clear__
__ram2_noinit__
__ram3_init_text__
__ram3_init__
__ram3_clear__
__ram3_noinit__
__ram4_init_text__
__ram4_init__
__ram4_clear__
__ram4_noinit__
__ram5_init_text__
__ram5_init__
__ram5_clear__
__ram5_noinit__
__ram6_init_text__
__ram6_init__
__ram6_clear__
__ram6_noinit__
__ram7_init_text__
__ram7_init__
__ram7_clear__
__ram7_noinit__
