   1              		.cpu cortex-m0
   2              		.eabi_attribute 20, 1
   3              		.eabi_attribute 21, 1
   4              		.eabi_attribute 23, 3
   5              		.eabi_attribute 24, 1
   6              		.eabi_attribute 25, 1
   7              		.eabi_attribute 26, 1
   8              		.eabi_attribute 30, 4
   9              		.eabi_attribute 34, 0
  10              		.eabi_attribute 18, 2
  11              		.file	"chprintf.c"
  12              		.text
  13              	.Ltext0:
  14              		.cfi_sections	.debug_frame
  15              		.global	__aeabi_uidivmod
  16              		.section	.text.long_to_string_with_divisor.constprop.0,"ax",%progbits
  17              		.align	1
  18              		.arch armv6s-m
  19              		.syntax unified
  20              		.code	16
  21              		.thumb_func
  22              		.fpu softvfp
  24              	long_to_string_with_divisor.constprop.0:
  25              	.LVL0:
  26              	.LFB192:
  27              		.file 1 "lib/chibios/os/hal/lib/streams/chprintf.c"
   1:lib/chibios/os/hal/lib/streams/chprintf.c **** /*
   2:lib/chibios/os/hal/lib/streams/chprintf.c ****     ChibiOS - Copyright (C) 2006..2018 Giovanni Di Sirio
   3:lib/chibios/os/hal/lib/streams/chprintf.c **** 
   4:lib/chibios/os/hal/lib/streams/chprintf.c ****     Licensed under the Apache License, Version 2.0 (the "License");
   5:lib/chibios/os/hal/lib/streams/chprintf.c ****     you may not use this file except in compliance with the License.
   6:lib/chibios/os/hal/lib/streams/chprintf.c ****     You may obtain a copy of the License at
   7:lib/chibios/os/hal/lib/streams/chprintf.c **** 
   8:lib/chibios/os/hal/lib/streams/chprintf.c ****         http://www.apache.org/licenses/LICENSE-2.0
   9:lib/chibios/os/hal/lib/streams/chprintf.c **** 
  10:lib/chibios/os/hal/lib/streams/chprintf.c ****     Unless required by applicable law or agreed to in writing, software
  11:lib/chibios/os/hal/lib/streams/chprintf.c ****     distributed under the License is distributed on an "AS IS" BASIS,
  12:lib/chibios/os/hal/lib/streams/chprintf.c ****     WITHOUT WARRANTIES OR CONDITIONS OF ANY KIND, either express or implied.
  13:lib/chibios/os/hal/lib/streams/chprintf.c ****     See the License for the specific language governing permissions and
  14:lib/chibios/os/hal/lib/streams/chprintf.c ****     limitations under the License.
  15:lib/chibios/os/hal/lib/streams/chprintf.c **** */
  16:lib/chibios/os/hal/lib/streams/chprintf.c **** 
  17:lib/chibios/os/hal/lib/streams/chprintf.c **** /*
  18:lib/chibios/os/hal/lib/streams/chprintf.c ****    Concepts and parts of this file have been contributed by Fabio Utzig,
  19:lib/chibios/os/hal/lib/streams/chprintf.c ****    chvprintf() added by Brent Roman.
  20:lib/chibios/os/hal/lib/streams/chprintf.c ****  */
  21:lib/chibios/os/hal/lib/streams/chprintf.c **** 
  22:lib/chibios/os/hal/lib/streams/chprintf.c **** /**
  23:lib/chibios/os/hal/lib/streams/chprintf.c ****  * @file    chprintf.c
  24:lib/chibios/os/hal/lib/streams/chprintf.c ****  * @brief   Mini printf-like functionality.
  25:lib/chibios/os/hal/lib/streams/chprintf.c ****  *
  26:lib/chibios/os/hal/lib/streams/chprintf.c ****  * @addtogroup HAL_CHPRINTF
  27:lib/chibios/os/hal/lib/streams/chprintf.c ****  * @details Mini printf-like functionality.
  28:lib/chibios/os/hal/lib/streams/chprintf.c ****  * @{
  29:lib/chibios/os/hal/lib/streams/chprintf.c ****  */
  30:lib/chibios/os/hal/lib/streams/chprintf.c **** 
  31:lib/chibios/os/hal/lib/streams/chprintf.c **** #include "hal.h"
  32:lib/chibios/os/hal/lib/streams/chprintf.c **** #include "chprintf.h"
  33:lib/chibios/os/hal/lib/streams/chprintf.c **** #include "memstreams.h"
  34:lib/chibios/os/hal/lib/streams/chprintf.c **** 
  35:lib/chibios/os/hal/lib/streams/chprintf.c **** #define MAX_FILLER 11
  36:lib/chibios/os/hal/lib/streams/chprintf.c **** #define FLOAT_PRECISION 9
  37:lib/chibios/os/hal/lib/streams/chprintf.c **** 
  38:lib/chibios/os/hal/lib/streams/chprintf.c **** static char *long_to_string_with_divisor(char *p,
  28              		.loc 1 38 14 view -0
  29              		.cfi_startproc
  30              		@ args = 0, pretend = 0, frame = 8
  31              		@ frame_needed = 0, uses_anonymous_args = 0
  39:lib/chibios/os/hal/lib/streams/chprintf.c ****                                          long num,
  40:lib/chibios/os/hal/lib/streams/chprintf.c ****                                          unsigned radix,
  41:lib/chibios/os/hal/lib/streams/chprintf.c ****                                          long divisor) {
  42:lib/chibios/os/hal/lib/streams/chprintf.c ****   int i;
  32              		.loc 1 42 3 view .LVU1
  43:lib/chibios/os/hal/lib/streams/chprintf.c ****   char *q;
  33              		.loc 1 43 3 view .LVU2
  44:lib/chibios/os/hal/lib/streams/chprintf.c ****   long l, ll;
  34              		.loc 1 44 3 view .LVU3
  45:lib/chibios/os/hal/lib/streams/chprintf.c **** 
  46:lib/chibios/os/hal/lib/streams/chprintf.c ****   l = num;
  35              		.loc 1 46 3 view .LVU4
  47:lib/chibios/os/hal/lib/streams/chprintf.c ****   if (divisor == 0) {
  36              		.loc 1 47 3 view .LVU5
  48:lib/chibios/os/hal/lib/streams/chprintf.c ****     ll = num;
  49:lib/chibios/os/hal/lib/streams/chprintf.c ****   } else {
  50:lib/chibios/os/hal/lib/streams/chprintf.c ****     ll = divisor;
  51:lib/chibios/os/hal/lib/streams/chprintf.c ****   }
  52:lib/chibios/os/hal/lib/streams/chprintf.c **** 
  53:lib/chibios/os/hal/lib/streams/chprintf.c ****   q = p + MAX_FILLER;
  37              		.loc 1 53 3 view .LVU6
  38              		.loc 1 53 5 is_stmt 0 view .LVU7
  39 0000 0300     		movs	r3, r0
  40 0002 0B33     		adds	r3, r3, #11
  38:lib/chibios/os/hal/lib/streams/chprintf.c ****                                          long num,
  41              		.loc 1 38 14 view .LVU8
  42 0004 F7B5     		push	{r0, r1, r2, r4, r5, r6, r7, lr}
  43              		.cfi_def_cfa_offset 32
  44              		.cfi_offset 0, -32
  45              		.cfi_offset 1, -28
  46              		.cfi_offset 2, -24
  47              		.cfi_offset 4, -20
  48              		.cfi_offset 5, -16
  49              		.cfi_offset 6, -12
  50              		.cfi_offset 7, -8
  51              		.cfi_offset 14, -4
  38:lib/chibios/os/hal/lib/streams/chprintf.c ****                                          long num,
  52              		.loc 1 38 14 view .LVU9
  53 0006 0400     		movs	r4, r0
  54 0008 1600     		movs	r6, r2
  55              		.loc 1 53 5 view .LVU10
  56 000a 1D00     		movs	r5, r3
  57 000c 0193     		str	r3, [sp, #4]
  58              	.LVL1:
  59              	.L3:
  54:lib/chibios/os/hal/lib/streams/chprintf.c ****   do {
  60              		.loc 1 54 3 is_stmt 1 view .LVU11
  55:lib/chibios/os/hal/lib/streams/chprintf.c ****     i = (int)(l % radix);
  61              		.loc 1 55 5 view .LVU12
  62              		.loc 1 55 17 is_stmt 0 view .LVU13
  63 000e 0F00     		movs	r7, r1
  64 0010 3100     		movs	r1, r6
  65              	.LVL2:
  66              		.loc 1 55 17 view .LVU14
  67 0012 3800     		movs	r0, r7
  68 0014 FFF7FEFF 		bl	__aeabi_uidivmod
  69              	.LVL3:
  56:lib/chibios/os/hal/lib/streams/chprintf.c ****     i += '0';
  70              		.loc 1 56 5 is_stmt 1 view .LVU15
  71              		.loc 1 56 7 is_stmt 0 view .LVU16
  72 0018 0B00     		movs	r3, r1
  73 001a 3033     		adds	r3, r3, #48
  74              	.LVL4:
  57:lib/chibios/os/hal/lib/streams/chprintf.c ****     if (i > '9')
  75              		.loc 1 57 5 is_stmt 1 view .LVU17
  76              		.loc 1 57 8 is_stmt 0 view .LVU18
  77 001c 392B     		cmp	r3, #57
  78 001e 00DD     		ble	.L2
  58:lib/chibios/os/hal/lib/streams/chprintf.c ****       i += 'A' - '0' - 10;
  79              		.loc 1 58 7 is_stmt 1 view .LVU19
  80              		.loc 1 58 9 is_stmt 0 view .LVU20
  81 0020 0733     		adds	r3, r3, #7
  82              	.LVL5:
  83              	.L2:
  59:lib/chibios/os/hal/lib/streams/chprintf.c ****     *--q = i;
  84              		.loc 1 59 5 is_stmt 1 view .LVU21
  85              		.loc 1 59 10 is_stmt 0 view .LVU22
  86 0022 013D     		subs	r5, r5, #1
  87              	.LVL6:
  88              		.loc 1 59 10 view .LVU23
  89 0024 2B70     		strb	r3, [r5]
  60:lib/chibios/os/hal/lib/streams/chprintf.c ****     l /= radix;
  90              		.loc 1 60 5 is_stmt 1 view .LVU24
  91              		.loc 1 60 7 is_stmt 0 view .LVU25
  92 0026 0100     		movs	r1, r0
  93              	.LVL7:
  61:lib/chibios/os/hal/lib/streams/chprintf.c ****   } while ((ll /= radix) != 0);
  94              		.loc 1 61 3 view .LVU26
  95 0028 B742     		cmp	r7, r6
  96 002a F0D2     		bcs	.L3
  62:lib/chibios/os/hal/lib/streams/chprintf.c **** 
  63:lib/chibios/os/hal/lib/streams/chprintf.c ****   i = (int)(p + MAX_FILLER - q);
  97              		.loc 1 63 3 is_stmt 1 view .LVU27
  98              	.LVL8:
  99              		.loc 1 63 5 is_stmt 0 view .LVU28
 100 002c 019B     		ldr	r3, [sp, #4]
 101 002e 581B     		subs	r0, r3, r5
 102              	.LVL9:
 103              		.loc 1 63 5 view .LVU29
 104 0030 0023     		movs	r3, #0
 105              	.LVL10:
 106              	.L4:
  64:lib/chibios/os/hal/lib/streams/chprintf.c ****   do
 107              		.loc 1 64 3 is_stmt 1 view .LVU30
  65:lib/chibios/os/hal/lib/streams/chprintf.c ****     *p++ = *q++;
 108              		.loc 1 65 5 view .LVU31
 109              		.loc 1 65 12 is_stmt 0 view .LVU32
 110 0032 EA5C     		ldrb	r2, [r5, r3]
 111              		.loc 1 65 10 view .LVU33
 112 0034 E254     		strb	r2, [r4, r3]
 113              	.LVL11:
 114              		.loc 1 65 10 view .LVU34
 115 0036 0133     		adds	r3, r3, #1
 116              	.LVL12:
  66:lib/chibios/os/hal/lib/streams/chprintf.c ****   while (--i);
 117              		.loc 1 66 3 view .LVU35
 118 0038 9842     		cmp	r0, r3
 119 003a FAD1     		bne	.L4
  67:lib/chibios/os/hal/lib/streams/chprintf.c **** 
  68:lib/chibios/os/hal/lib/streams/chprintf.c ****   return p;
 120              		.loc 1 68 3 is_stmt 1 view .LVU36
 121              		.loc 1 68 10 is_stmt 0 view .LVU37
 122 003c 2018     		adds	r0, r4, r0
 123              	.LVL13:
  69:lib/chibios/os/hal/lib/streams/chprintf.c **** }
 124              		.loc 1 69 1 view .LVU38
 125              		@ sp needed
 126              	.LVL14:
 127              	.LVL15:
 128              	.LVL16:
 129              		.loc 1 69 1 view .LVU39
 130 003e FEBD     		pop	{r1, r2, r3, r4, r5, r6, r7, pc}
 131              		.cfi_endproc
 132              	.LFE192:
 134              		.section	.text.chvprintf,"ax",%progbits
 135              		.align	1
 136              		.global	chvprintf
 137              		.syntax unified
 138              		.code	16
 139              		.thumb_func
 140              		.fpu softvfp
 142              	chvprintf:
 143              	.LVL17:
 144              	.LFB188:
  70:lib/chibios/os/hal/lib/streams/chprintf.c **** 
  71:lib/chibios/os/hal/lib/streams/chprintf.c **** static char *ch_ltoa(char *p, long num, unsigned radix) {
  72:lib/chibios/os/hal/lib/streams/chprintf.c **** 
  73:lib/chibios/os/hal/lib/streams/chprintf.c ****   return long_to_string_with_divisor(p, num, radix, 0);
  74:lib/chibios/os/hal/lib/streams/chprintf.c **** }
  75:lib/chibios/os/hal/lib/streams/chprintf.c **** 
  76:lib/chibios/os/hal/lib/streams/chprintf.c **** #if CHPRINTF_USE_FLOAT
  77:lib/chibios/os/hal/lib/streams/chprintf.c **** static const long pow10[FLOAT_PRECISION] = {
  78:lib/chibios/os/hal/lib/streams/chprintf.c ****     10, 100, 1000, 10000, 100000, 1000000, 10000000, 100000000, 1000000000
  79:lib/chibios/os/hal/lib/streams/chprintf.c **** };
  80:lib/chibios/os/hal/lib/streams/chprintf.c **** 
  81:lib/chibios/os/hal/lib/streams/chprintf.c **** static char *ftoa(char *p, double num, unsigned long precision) {
  82:lib/chibios/os/hal/lib/streams/chprintf.c ****   long l;
  83:lib/chibios/os/hal/lib/streams/chprintf.c **** 
  84:lib/chibios/os/hal/lib/streams/chprintf.c ****   if ((precision == 0) || (precision > FLOAT_PRECISION))
  85:lib/chibios/os/hal/lib/streams/chprintf.c ****     precision = FLOAT_PRECISION;
  86:lib/chibios/os/hal/lib/streams/chprintf.c ****   precision = pow10[precision - 1];
  87:lib/chibios/os/hal/lib/streams/chprintf.c **** 
  88:lib/chibios/os/hal/lib/streams/chprintf.c ****   l = (long)num;
  89:lib/chibios/os/hal/lib/streams/chprintf.c ****   p = long_to_string_with_divisor(p, l, 10, 0);
  90:lib/chibios/os/hal/lib/streams/chprintf.c ****   *p++ = '.';
  91:lib/chibios/os/hal/lib/streams/chprintf.c ****   l = (long)((num - l) * precision);
  92:lib/chibios/os/hal/lib/streams/chprintf.c ****   return long_to_string_with_divisor(p, l, 10, precision / 10);
  93:lib/chibios/os/hal/lib/streams/chprintf.c **** }
  94:lib/chibios/os/hal/lib/streams/chprintf.c **** #endif
  95:lib/chibios/os/hal/lib/streams/chprintf.c **** 
  96:lib/chibios/os/hal/lib/streams/chprintf.c **** /**
  97:lib/chibios/os/hal/lib/streams/chprintf.c ****  * @brief   System formatted output function.
  98:lib/chibios/os/hal/lib/streams/chprintf.c ****  * @details This function implements a minimal @p vprintf()-like functionality
  99:lib/chibios/os/hal/lib/streams/chprintf.c ****  *          with output on a @p BaseSequentialStream.
 100:lib/chibios/os/hal/lib/streams/chprintf.c ****  *          The general parameters format is: %[-][width|*][.precision|*][l|L]p.
 101:lib/chibios/os/hal/lib/streams/chprintf.c ****  *          The following parameter types (p) are supported:
 102:lib/chibios/os/hal/lib/streams/chprintf.c ****  *          - <b>x</b> hexadecimal integer.
 103:lib/chibios/os/hal/lib/streams/chprintf.c ****  *          - <b>X</b> hexadecimal long.
 104:lib/chibios/os/hal/lib/streams/chprintf.c ****  *          - <b>o</b> octal integer.
 105:lib/chibios/os/hal/lib/streams/chprintf.c ****  *          - <b>O</b> octal long.
 106:lib/chibios/os/hal/lib/streams/chprintf.c ****  *          - <b>d</b> decimal signed integer.
 107:lib/chibios/os/hal/lib/streams/chprintf.c ****  *          - <b>D</b> decimal signed long.
 108:lib/chibios/os/hal/lib/streams/chprintf.c ****  *          - <b>u</b> decimal unsigned integer.
 109:lib/chibios/os/hal/lib/streams/chprintf.c ****  *          - <b>U</b> decimal unsigned long.
 110:lib/chibios/os/hal/lib/streams/chprintf.c ****  *          - <b>c</b> character.
 111:lib/chibios/os/hal/lib/streams/chprintf.c ****  *          - <b>s</b> string.
 112:lib/chibios/os/hal/lib/streams/chprintf.c ****  *          .
 113:lib/chibios/os/hal/lib/streams/chprintf.c ****  *
 114:lib/chibios/os/hal/lib/streams/chprintf.c ****  * @param[in] chp       pointer to a @p BaseSequentialStream implementing object
 115:lib/chibios/os/hal/lib/streams/chprintf.c ****  * @param[in] fmt       formatting string
 116:lib/chibios/os/hal/lib/streams/chprintf.c ****  * @param[in] ap        list of parameters
 117:lib/chibios/os/hal/lib/streams/chprintf.c ****  * @return              The number of bytes that would have been
 118:lib/chibios/os/hal/lib/streams/chprintf.c ****  *                      written to @p chp if no stream error occurs
 119:lib/chibios/os/hal/lib/streams/chprintf.c ****  *
 120:lib/chibios/os/hal/lib/streams/chprintf.c ****  * @api
 121:lib/chibios/os/hal/lib/streams/chprintf.c ****  */
 122:lib/chibios/os/hal/lib/streams/chprintf.c **** int chvprintf(BaseSequentialStream *chp, const char *fmt, va_list ap) {
 145              		.loc 1 122 71 is_stmt 1 view -0
 146              		.cfi_startproc
 147              		@ args = 0, pretend = 0, frame = 40
 148              		@ frame_needed = 0, uses_anonymous_args = 0
 149              		.loc 1 122 71 is_stmt 0 view .LVU41
 150 0000 F0B5     		push	{r4, r5, r6, r7, lr}
 151              		.cfi_def_cfa_offset 20
 152              		.cfi_offset 4, -20
 153              		.cfi_offset 5, -16
 154              		.cfi_offset 6, -12
 155              		.cfi_offset 7, -8
 156              		.cfi_offset 14, -4
 157 0002 1600     		movs	r6, r2
 158              	.LVL18:
 123:lib/chibios/os/hal/lib/streams/chprintf.c ****   char *p, *s, c, filler;
 159              		.loc 1 123 3 is_stmt 1 view .LVU42
 124:lib/chibios/os/hal/lib/streams/chprintf.c ****   int i, precision, width;
 160              		.loc 1 124 3 view .LVU43
 125:lib/chibios/os/hal/lib/streams/chprintf.c ****   int n = 0;
 161              		.loc 1 125 3 view .LVU44
 162              		.loc 1 125 7 is_stmt 0 view .LVU45
 163 0004 0022     		movs	r2, #0
 164              	.LVL19:
 122:lib/chibios/os/hal/lib/streams/chprintf.c ****   char *p, *s, c, filler;
 165              		.loc 1 122 71 view .LVU46
 166 0006 0700     		movs	r7, r0
 167 0008 0B00     		movs	r3, r1
 168 000a 8BB0     		sub	sp, sp, #44
 169              		.cfi_def_cfa_offset 64
 170              		.loc 1 125 7 view .LVU47
 171 000c 0192     		str	r2, [sp, #4]
 172              	.LVL20:
 173              	.L8:
 126:lib/chibios/os/hal/lib/streams/chprintf.c ****   bool is_long, left_align;
 174              		.loc 1 126 3 is_stmt 1 view .LVU48
 127:lib/chibios/os/hal/lib/streams/chprintf.c ****   long l;
 175              		.loc 1 127 3 view .LVU49
 128:lib/chibios/os/hal/lib/streams/chprintf.c **** #if CHPRINTF_USE_FLOAT
 129:lib/chibios/os/hal/lib/streams/chprintf.c ****   float f;
 130:lib/chibios/os/hal/lib/streams/chprintf.c ****   char tmpbuf[2*MAX_FILLER + 1];
 131:lib/chibios/os/hal/lib/streams/chprintf.c **** #else
 132:lib/chibios/os/hal/lib/streams/chprintf.c ****   char tmpbuf[MAX_FILLER + 1];
 176              		.loc 1 132 3 view .LVU50
 133:lib/chibios/os/hal/lib/streams/chprintf.c **** #endif
 134:lib/chibios/os/hal/lib/streams/chprintf.c **** 
 135:lib/chibios/os/hal/lib/streams/chprintf.c ****   while (true) {
 177              		.loc 1 135 3 view .LVU51
 136:lib/chibios/os/hal/lib/streams/chprintf.c ****     c = *fmt++;
 178              		.loc 1 136 5 view .LVU52
 179              		.loc 1 136 7 is_stmt 0 view .LVU53
 180 000e 1978     		ldrb	r1, [r3]
 181              		.loc 1 136 13 view .LVU54
 182 0010 5A1C     		adds	r2, r3, #1
 183 0012 0092     		str	r2, [sp]
 184              	.LVL21:
 137:lib/chibios/os/hal/lib/streams/chprintf.c ****     if (c == 0)
 185              		.loc 1 137 5 is_stmt 1 view .LVU55
 186              		.loc 1 137 8 is_stmt 0 view .LVU56
 187 0014 0029     		cmp	r1, #0
 188 0016 00D1     		bne	.LCB178
 189 0018 33E1     		b	.L116	@long jump
 190              	.LCB178:
 138:lib/chibios/os/hal/lib/streams/chprintf.c ****       return n;
 139:lib/chibios/os/hal/lib/streams/chprintf.c ****     if (c != '%') {
 191              		.loc 1 139 5 is_stmt 1 view .LVU57
 192              		.loc 1 139 8 is_stmt 0 view .LVU58
 193 001a 2529     		cmp	r1, #37
 194 001c 07D0     		beq	.L10
 140:lib/chibios/os/hal/lib/streams/chprintf.c ****       streamPut(chp, (uint8_t)c);
 195              		.loc 1 140 7 is_stmt 1 view .LVU59
 196 001e 3B68     		ldr	r3, [r7]
 197 0020 3800     		movs	r0, r7
 198 0022 DB68     		ldr	r3, [r3, #12]
 199 0024 9847     		blx	r3
 200              	.LVL22:
 141:lib/chibios/os/hal/lib/streams/chprintf.c ****       n++;
 201              		.loc 1 141 7 view .LVU60
 202              		.loc 1 141 8 is_stmt 0 view .LVU61
 203 0026 019B     		ldr	r3, [sp, #4]
 204 0028 0133     		adds	r3, r3, #1
 205 002a 0193     		str	r3, [sp, #4]
 206              	.LVL23:
 142:lib/chibios/os/hal/lib/streams/chprintf.c ****       continue;
 207              		.loc 1 142 7 is_stmt 1 view .LVU62
 208 002c 07E1     		b	.L11
 209              	.LVL24:
 210              	.L10:
 143:lib/chibios/os/hal/lib/streams/chprintf.c ****     }
 144:lib/chibios/os/hal/lib/streams/chprintf.c ****     p = tmpbuf;
 211              		.loc 1 144 5 view .LVU63
 145:lib/chibios/os/hal/lib/streams/chprintf.c ****     s = tmpbuf;
 212              		.loc 1 145 5 view .LVU64
 146:lib/chibios/os/hal/lib/streams/chprintf.c ****     left_align = FALSE;
 213              		.loc 1 146 5 view .LVU65
 147:lib/chibios/os/hal/lib/streams/chprintf.c ****     if (*fmt == '-') {
 214              		.loc 1 147 5 view .LVU66
 146:lib/chibios/os/hal/lib/streams/chprintf.c ****     left_align = FALSE;
 215              		.loc 1 146 16 is_stmt 0 view .LVU67
 216 002e 0021     		movs	r1, #0
 217              	.LVL25:
 218              		.loc 1 147 8 view .LVU68
 219 0030 5A78     		ldrb	r2, [r3, #1]
 220              	.LVL26:
 146:lib/chibios/os/hal/lib/streams/chprintf.c ****     left_align = FALSE;
 221              		.loc 1 146 16 view .LVU69
 222 0032 0591     		str	r1, [sp, #20]
 223              		.loc 1 147 8 view .LVU70
 224 0034 2D2A     		cmp	r2, #45
 225 0036 03D1     		bne	.L12
 148:lib/chibios/os/hal/lib/streams/chprintf.c ****       fmt++;
 226              		.loc 1 148 7 is_stmt 1 view .LVU71
 227              		.loc 1 148 10 is_stmt 0 view .LVU72
 228 0038 0233     		adds	r3, r3, #2
 229              	.LVL27:
 230              		.loc 1 148 10 view .LVU73
 231 003a 0093     		str	r3, [sp]
 232              	.LVL28:
 149:lib/chibios/os/hal/lib/streams/chprintf.c ****       left_align = TRUE;
 233              		.loc 1 149 7 is_stmt 1 view .LVU74
 234              		.loc 1 149 18 is_stmt 0 view .LVU75
 235 003c 0123     		movs	r3, #1
 236              	.LVL29:
 237              		.loc 1 149 18 view .LVU76
 238 003e 0593     		str	r3, [sp, #20]
 239              	.LVL30:
 240              	.L12:
 150:lib/chibios/os/hal/lib/streams/chprintf.c ****     }
 151:lib/chibios/os/hal/lib/streams/chprintf.c ****     filler = ' ';
 241              		.loc 1 151 5 is_stmt 1 view .LVU77
 152:lib/chibios/os/hal/lib/streams/chprintf.c ****     if (*fmt == '0') {
 242              		.loc 1 152 5 view .LVU78
 243              		.loc 1 152 9 is_stmt 0 view .LVU79
 244 0040 009B     		ldr	r3, [sp]
 245 0042 1B78     		ldrb	r3, [r3]
 246 0044 0293     		str	r3, [sp, #8]
 247              		.loc 1 152 8 view .LVU80
 248 0046 302B     		cmp	r3, #48
 249 0048 18D1     		bne	.L57
 250 004a 009B     		ldr	r3, [sp]
 251 004c 0133     		adds	r3, r3, #1
 252 004e 0093     		str	r3, [sp]
 253              	.LVL31:
 254              	.L13:
 153:lib/chibios/os/hal/lib/streams/chprintf.c ****       fmt++;
 154:lib/chibios/os/hal/lib/streams/chprintf.c ****       filler = '0';
 155:lib/chibios/os/hal/lib/streams/chprintf.c ****     }
 156:lib/chibios/os/hal/lib/streams/chprintf.c ****     width = 0;
 255              		.loc 1 156 5 is_stmt 1 view .LVU81
 256              		.loc 1 156 11 is_stmt 0 view .LVU82
 257 0050 0022     		movs	r2, #0
 258 0052 009B     		ldr	r3, [sp]
 259 0054 0492     		str	r2, [sp, #16]
 260              	.LVL32:
 261              	.L16:
 157:lib/chibios/os/hal/lib/streams/chprintf.c ****     while (TRUE) {
 262              		.loc 1 157 5 is_stmt 1 view .LVU83
 158:lib/chibios/os/hal/lib/streams/chprintf.c ****       c = *fmt++;
 263              		.loc 1 158 7 view .LVU84
 264 0056 591C     		adds	r1, r3, #1
 265              		.loc 1 158 9 is_stmt 0 view .LVU85
 266 0058 1B78     		ldrb	r3, [r3]
 267              	.LVL33:
 268              		.loc 1 158 9 view .LVU86
 269 005a 0091     		str	r1, [sp]
 270              	.LVL34:
 159:lib/chibios/os/hal/lib/streams/chprintf.c ****       if (c >= '0' && c <= '9')
 271              		.loc 1 159 7 is_stmt 1 view .LVU87
 272              		.loc 1 159 20 is_stmt 0 view .LVU88
 273 005c 1A00     		movs	r2, r3
 274 005e 303A     		subs	r2, r2, #48
 275 0060 D2B2     		uxtb	r2, r2
 276              		.loc 1 159 10 view .LVU89
 277 0062 092A     		cmp	r2, #9
 278 0064 03D9     		bls	.L14
 160:lib/chibios/os/hal/lib/streams/chprintf.c ****         c -= '0';
 161:lib/chibios/os/hal/lib/streams/chprintf.c ****       else if (c == '*')
 279              		.loc 1 161 12 is_stmt 1 view .LVU90
 280              		.loc 1 161 15 is_stmt 0 view .LVU91
 281 0066 2A2B     		cmp	r3, #42
 282 0068 0BD1     		bne	.L15
 162:lib/chibios/os/hal/lib/streams/chprintf.c ****         c = va_arg(ap, int);
 283              		.loc 1 162 9 is_stmt 1 view .LVU92
 284              		.loc 1 162 11 is_stmt 0 view .LVU93
 285 006a 04CE     		ldmia	r6!, {r2}
 286              	.LVL35:
 287              		.loc 1 162 11 view .LVU94
 288 006c D2B2     		uxtb	r2, r2
 289              	.LVL36:
 290              	.L14:
 163:lib/chibios/os/hal/lib/streams/chprintf.c ****       else
 164:lib/chibios/os/hal/lib/streams/chprintf.c ****         break;
 165:lib/chibios/os/hal/lib/streams/chprintf.c ****       width = width * 10 + c;
 291              		.loc 1 165 7 is_stmt 1 view .LVU95
 292              		.loc 1 165 21 is_stmt 0 view .LVU96
 293 006e 0A20     		movs	r0, #10
 294 0070 049B     		ldr	r3, [sp, #16]
 295 0072 4343     		muls	r3, r0
 296              		.loc 1 165 13 view .LVU97
 297 0074 D318     		adds	r3, r2, r3
 298 0076 0493     		str	r3, [sp, #16]
 299              	.LVL37:
 158:lib/chibios/os/hal/lib/streams/chprintf.c ****       if (c >= '0' && c <= '9')
 300              		.loc 1 158 9 view .LVU98
 301 0078 0B00     		movs	r3, r1
 302              	.LVL38:
 158:lib/chibios/os/hal/lib/streams/chprintf.c ****       if (c >= '0' && c <= '9')
 303              		.loc 1 158 9 view .LVU99
 304 007a ECE7     		b	.L16
 305              	.LVL39:
 306              	.L57:
 151:lib/chibios/os/hal/lib/streams/chprintf.c ****     if (*fmt == '0') {
 307              		.loc 1 151 12 view .LVU100
 308 007c 2023     		movs	r3, #32
 309 007e 0293     		str	r3, [sp, #8]
 310 0080 E6E7     		b	.L13
 311              	.LVL40:
 312              	.L15:
 166:lib/chibios/os/hal/lib/streams/chprintf.c ****     }
 167:lib/chibios/os/hal/lib/streams/chprintf.c ****     precision = 0;
 313              		.loc 1 167 5 is_stmt 1 view .LVU101
 168:lib/chibios/os/hal/lib/streams/chprintf.c ****     if (c == '.') {
 314              		.loc 1 168 5 view .LVU102
 167:lib/chibios/os/hal/lib/streams/chprintf.c ****     if (c == '.') {
 315              		.loc 1 167 15 is_stmt 0 view .LVU103
 316 0082 0022     		movs	r2, #0
 317              		.loc 1 168 8 view .LVU104
 318 0084 2E2B     		cmp	r3, #46
 319 0086 10D1     		bne	.L17
 320              	.LVL41:
 321              	.L19:
 169:lib/chibios/os/hal/lib/streams/chprintf.c ****       while (TRUE) {
 322              		.loc 1 169 7 is_stmt 1 view .LVU105
 170:lib/chibios/os/hal/lib/streams/chprintf.c ****         c = *fmt++;
 323              		.loc 1 170 9 view .LVU106
 324              		.loc 1 170 11 is_stmt 0 view .LVU107
 325 0088 0B78     		ldrb	r3, [r1]
 326 008a 481C     		adds	r0, r1, #1
 171:lib/chibios/os/hal/lib/streams/chprintf.c ****         if (c >= '0' && c <= '9')
 327              		.loc 1 171 22 view .LVU108
 328 008c 1900     		movs	r1, r3
 329              	.LVL42:
 330              		.loc 1 171 22 view .LVU109
 331 008e 3039     		subs	r1, r1, #48
 332 0090 C9B2     		uxtb	r1, r1
 333 0092 0090     		str	r0, [sp]
 334              	.LVL43:
 335              		.loc 1 171 9 is_stmt 1 view .LVU110
 336              		.loc 1 171 12 is_stmt 0 view .LVU111
 337 0094 0929     		cmp	r1, #9
 338 0096 03D9     		bls	.L18
 172:lib/chibios/os/hal/lib/streams/chprintf.c ****           c -= '0';
 173:lib/chibios/os/hal/lib/streams/chprintf.c ****         else if (c == '*')
 339              		.loc 1 173 14 is_stmt 1 view .LVU112
 340              		.loc 1 173 17 is_stmt 0 view .LVU113
 341 0098 2A2B     		cmp	r3, #42
 342 009a 06D1     		bne	.L17
 174:lib/chibios/os/hal/lib/streams/chprintf.c ****           c = va_arg(ap, int);
 343              		.loc 1 174 11 is_stmt 1 view .LVU114
 344              		.loc 1 174 13 is_stmt 0 view .LVU115
 345 009c 02CE     		ldmia	r6!, {r1}
 346              	.LVL44:
 347              		.loc 1 174 13 view .LVU116
 348 009e C9B2     		uxtb	r1, r1
 349              	.LVL45:
 350              	.L18:
 175:lib/chibios/os/hal/lib/streams/chprintf.c ****         else
 176:lib/chibios/os/hal/lib/streams/chprintf.c ****           break;
 177:lib/chibios/os/hal/lib/streams/chprintf.c ****         precision *= 10;
 351              		.loc 1 177 9 is_stmt 1 view .LVU117
 352              		.loc 1 177 19 is_stmt 0 view .LVU118
 353 00a0 0A23     		movs	r3, #10
 354 00a2 5A43     		muls	r2, r3
 355              	.LVL46:
 178:lib/chibios/os/hal/lib/streams/chprintf.c ****         precision += c;
 356              		.loc 1 178 9 is_stmt 1 view .LVU119
 357              		.loc 1 178 19 is_stmt 0 view .LVU120
 358 00a4 8A18     		adds	r2, r1, r2
 359              	.LVL47:
 170:lib/chibios/os/hal/lib/streams/chprintf.c ****         if (c >= '0' && c <= '9')
 360              		.loc 1 170 11 view .LVU121
 361 00a6 0100     		movs	r1, r0
 362              	.LVL48:
 170:lib/chibios/os/hal/lib/streams/chprintf.c ****         if (c >= '0' && c <= '9')
 363              		.loc 1 170 11 view .LVU122
 364 00a8 EEE7     		b	.L19
 365              	.LVL49:
 366              	.L17:
 179:lib/chibios/os/hal/lib/streams/chprintf.c ****       }
 180:lib/chibios/os/hal/lib/streams/chprintf.c ****     }
 181:lib/chibios/os/hal/lib/streams/chprintf.c ****     /* Long modifier.*/
 182:lib/chibios/os/hal/lib/streams/chprintf.c ****     if (c == 'l' || c == 'L') {
 367              		.loc 1 182 5 is_stmt 1 view .LVU123
 368              		.loc 1 182 18 is_stmt 0 view .LVU124
 369 00aa 1900     		movs	r1, r3
 370 00ac 2020     		movs	r0, #32
 371 00ae 8143     		bics	r1, r0
 372 00b0 4C29     		cmp	r1, #76
 373 00b2 16D1     		bne	.L20
 183:lib/chibios/os/hal/lib/streams/chprintf.c ****       is_long = TRUE;
 374              		.loc 1 183 7 is_stmt 1 view .LVU125
 375              	.LVL50:
 184:lib/chibios/os/hal/lib/streams/chprintf.c ****       if (*fmt)
 376              		.loc 1 184 7 view .LVU126
 377              		.loc 1 184 11 is_stmt 0 view .LVU127
 378 00b4 0099     		ldr	r1, [sp]
 379 00b6 0978     		ldrb	r1, [r1]
 380              		.loc 1 184 10 view .LVU128
 381 00b8 0029     		cmp	r1, #0
 382 00ba 03D0     		beq	.L21
 383 00bc 009B     		ldr	r3, [sp]
 384              	.LVL51:
 385              		.loc 1 184 10 view .LVU129
 386 00be 0133     		adds	r3, r3, #1
 387 00c0 0093     		str	r3, [sp]
 388              	.LVL52:
 389              		.loc 1 184 10 view .LVU130
 390 00c2 0B00     		movs	r3, r1
 391              	.LVL53:
 392              	.L21:
 185:lib/chibios/os/hal/lib/streams/chprintf.c ****         c = *fmt++;
 186:lib/chibios/os/hal/lib/streams/chprintf.c ****     }
 187:lib/chibios/os/hal/lib/streams/chprintf.c ****     else
 188:lib/chibios/os/hal/lib/streams/chprintf.c ****       is_long = (c >= 'A') && (c <= 'Z');
 189:lib/chibios/os/hal/lib/streams/chprintf.c **** 
 190:lib/chibios/os/hal/lib/streams/chprintf.c ****     /* Command decoding.*/
 191:lib/chibios/os/hal/lib/streams/chprintf.c ****     switch (c) {
 393              		.loc 1 191 5 is_stmt 1 view .LVU131
 394 00c4 632B     		cmp	r3, #99
 395 00c6 00D1     		bne	.LCB428
 396 00c8 83E0     		b	.L22	@long jump
 397              	.LCB428:
 398 00ca 00D9     		bls	.LCB430
 399 00cc C9E0     		b	.L51	@long jump
 400              	.LCB430:
 401 00ce 4F2B     		cmp	r3, #79
 402 00d0 00D1     		bne	.LCB432
 403 00d2 9AE0     		b	.L71	@long jump
 404              	.LCB432:
 405 00d4 00D9     		bls	.LCB434
 406 00d6 BDE0     		b	.L52	@long jump
 407              	.LCB434:
 408 00d8 442B     		cmp	r3, #68
 409 00da 2BD0     		beq	.L53
 410 00dc 492B     		cmp	r3, #73
 411 00de 0ED1     		bne	.L27
 412 00e0 28E0     		b	.L53
 413              	.LVL54:
 414              	.L20:
 188:lib/chibios/os/hal/lib/streams/chprintf.c **** 
 415              		.loc 1 188 7 view .LVU132
 188:lib/chibios/os/hal/lib/streams/chprintf.c **** 
 416              		.loc 1 188 28 is_stmt 0 view .LVU133
 417 00e2 1800     		movs	r0, r3
 418 00e4 4138     		subs	r0, r0, #65
 419 00e6 C0B2     		uxtb	r0, r0
 420              	.LVL55:
 421              		.loc 1 191 5 is_stmt 1 view .LVU134
 422 00e8 632B     		cmp	r3, #99
 423 00ea 72D0     		beq	.L22
 424 00ec 18D8     		bhi	.L23
 425 00ee 4F2B     		cmp	r3, #79
 426 00f0 00D1     		bne	.LCB459
 427 00f2 84E0     		b	.L62	@long jump
 428              	.LCB459:
 429 00f4 07D8     		bhi	.L25
 430 00f6 442B     		cmp	r3, #68
 431 00f8 19D0     		beq	.L26
 432 00fa 492B     		cmp	r3, #73
 433 00fc 17D0     		beq	.L26
 434              	.LVL56:
 435              	.L27:
 192:lib/chibios/os/hal/lib/streams/chprintf.c ****     case 'c':
 193:lib/chibios/os/hal/lib/streams/chprintf.c ****       filler = ' ';
 194:lib/chibios/os/hal/lib/streams/chprintf.c ****       *p++ = va_arg(ap, int);
 195:lib/chibios/os/hal/lib/streams/chprintf.c ****       break;
 196:lib/chibios/os/hal/lib/streams/chprintf.c ****     case 's':
 197:lib/chibios/os/hal/lib/streams/chprintf.c ****       filler = ' ';
 198:lib/chibios/os/hal/lib/streams/chprintf.c ****       if ((s = va_arg(ap, char *)) == 0)
 199:lib/chibios/os/hal/lib/streams/chprintf.c ****         s = "(null)";
 200:lib/chibios/os/hal/lib/streams/chprintf.c ****       if (precision == 0)
 201:lib/chibios/os/hal/lib/streams/chprintf.c ****         precision = 32767;
 202:lib/chibios/os/hal/lib/streams/chprintf.c ****       for (p = s; *p && (--precision >= 0); p++)
 203:lib/chibios/os/hal/lib/streams/chprintf.c ****         ;
 204:lib/chibios/os/hal/lib/streams/chprintf.c ****       break;
 205:lib/chibios/os/hal/lib/streams/chprintf.c ****     case 'D':
 206:lib/chibios/os/hal/lib/streams/chprintf.c ****     case 'd':
 207:lib/chibios/os/hal/lib/streams/chprintf.c ****     case 'I':
 208:lib/chibios/os/hal/lib/streams/chprintf.c ****     case 'i':
 209:lib/chibios/os/hal/lib/streams/chprintf.c ****       if (is_long)
 210:lib/chibios/os/hal/lib/streams/chprintf.c ****         l = va_arg(ap, long);
 211:lib/chibios/os/hal/lib/streams/chprintf.c ****       else
 212:lib/chibios/os/hal/lib/streams/chprintf.c ****         l = va_arg(ap, int);
 213:lib/chibios/os/hal/lib/streams/chprintf.c ****       if (l < 0) {
 214:lib/chibios/os/hal/lib/streams/chprintf.c ****         *p++ = '-';
 215:lib/chibios/os/hal/lib/streams/chprintf.c ****         l = -l;
 216:lib/chibios/os/hal/lib/streams/chprintf.c ****       }
 217:lib/chibios/os/hal/lib/streams/chprintf.c ****       p = ch_ltoa(p, l, 10);
 218:lib/chibios/os/hal/lib/streams/chprintf.c ****       break;
 219:lib/chibios/os/hal/lib/streams/chprintf.c **** #if CHPRINTF_USE_FLOAT
 220:lib/chibios/os/hal/lib/streams/chprintf.c ****     case 'f':
 221:lib/chibios/os/hal/lib/streams/chprintf.c ****       f = (float) va_arg(ap, double);
 222:lib/chibios/os/hal/lib/streams/chprintf.c ****       if (f < 0) {
 223:lib/chibios/os/hal/lib/streams/chprintf.c ****         *p++ = '-';
 224:lib/chibios/os/hal/lib/streams/chprintf.c ****         f = -f;
 225:lib/chibios/os/hal/lib/streams/chprintf.c ****       }
 226:lib/chibios/os/hal/lib/streams/chprintf.c ****       p = ftoa(p, f, precision);
 227:lib/chibios/os/hal/lib/streams/chprintf.c ****       break;
 228:lib/chibios/os/hal/lib/streams/chprintf.c **** #endif
 229:lib/chibios/os/hal/lib/streams/chprintf.c ****     case 'X':
 230:lib/chibios/os/hal/lib/streams/chprintf.c ****     case 'x':
 231:lib/chibios/os/hal/lib/streams/chprintf.c ****       c = 16;
 232:lib/chibios/os/hal/lib/streams/chprintf.c ****       goto unsigned_common;
 233:lib/chibios/os/hal/lib/streams/chprintf.c ****     case 'U':
 234:lib/chibios/os/hal/lib/streams/chprintf.c ****     case 'u':
 235:lib/chibios/os/hal/lib/streams/chprintf.c ****       c = 10;
 236:lib/chibios/os/hal/lib/streams/chprintf.c ****       goto unsigned_common;
 237:lib/chibios/os/hal/lib/streams/chprintf.c ****     case 'O':
 238:lib/chibios/os/hal/lib/streams/chprintf.c ****     case 'o':
 239:lib/chibios/os/hal/lib/streams/chprintf.c ****       c = 8;
 240:lib/chibios/os/hal/lib/streams/chprintf.c **** unsigned_common:
 241:lib/chibios/os/hal/lib/streams/chprintf.c ****       if (is_long)
 242:lib/chibios/os/hal/lib/streams/chprintf.c ****         l = va_arg(ap, unsigned long);
 243:lib/chibios/os/hal/lib/streams/chprintf.c ****       else
 244:lib/chibios/os/hal/lib/streams/chprintf.c ****         l = va_arg(ap, unsigned int);
 245:lib/chibios/os/hal/lib/streams/chprintf.c ****       p = ch_ltoa(p, l, c);
 246:lib/chibios/os/hal/lib/streams/chprintf.c ****       break;
 247:lib/chibios/os/hal/lib/streams/chprintf.c ****     default:
 248:lib/chibios/os/hal/lib/streams/chprintf.c ****       *p++ = c;
 436              		.loc 1 248 7 view .LVU135
 437              		.loc 1 248 12 is_stmt 0 view .LVU136
 438 00fe 07AC     		add	r4, sp, #28
 439              	.LVL57:
 440              		.loc 1 248 12 view .LVU137
 441 0100 2370     		strb	r3, [r4]
 249:lib/chibios/os/hal/lib/streams/chprintf.c ****       break;
 442              		.loc 1 249 7 is_stmt 1 view .LVU138
 443 0102 3500     		movs	r5, r6
 444 0104 6BE0     		b	.L121
 445              	.LVL58:
 446              	.L25:
 191:lib/chibios/os/hal/lib/streams/chprintf.c ****     case 'c':
 447              		.loc 1 191 5 is_stmt 0 view .LVU139
 448 0106 552B     		cmp	r3, #85
 449 0108 7BD0     		beq	.L63
 231:lib/chibios/os/hal/lib/streams/chprintf.c ****       goto unsigned_common;
 450              		.loc 1 231 9 view .LVU140
 451 010a 1022     		movs	r2, #16
 191:lib/chibios/os/hal/lib/streams/chprintf.c ****     case 'c':
 452              		.loc 1 191 5 view .LVU141
 453 010c 582B     		cmp	r3, #88
 454 010e F6D1     		bne	.L27
 455              	.L24:
 456              	.LVL59:
 241:lib/chibios/os/hal/lib/streams/chprintf.c ****         l = va_arg(ap, unsigned long);
 457              		.loc 1 241 7 is_stmt 1 view .LVU142
 458 0110 3500     		movs	r5, r6
 459 0112 02CD     		ldmia	r5!, {r1}
 241:lib/chibios/os/hal/lib/streams/chprintf.c ****         l = va_arg(ap, unsigned long);
 460              		.loc 1 241 10 is_stmt 0 view .LVU143
 461 0114 1928     		cmp	r0, #25
 462 0116 01D8     		bhi	.L39
 463              	.LVL60:
 464              	.L50:
 242:lib/chibios/os/hal/lib/streams/chprintf.c ****       else
 465              		.loc 1 242 9 is_stmt 1 view .LVU144
 242:lib/chibios/os/hal/lib/streams/chprintf.c ****       else
 466              		.loc 1 242 13 is_stmt 0 view .LVU145
 467 0118 3500     		movs	r5, r6
 468              	.LVL61:
 242:lib/chibios/os/hal/lib/streams/chprintf.c ****       else
 469              		.loc 1 242 11 view .LVU146
 470 011a 02CD     		ldmia	r5!, {r1}
 471              	.LVL62:
 472              	.L39:
 245:lib/chibios/os/hal/lib/streams/chprintf.c ****       break;
 473              		.loc 1 245 7 is_stmt 1 view .LVU147
 474              	.LBB6:
 475              	.LBI6:
  71:lib/chibios/os/hal/lib/streams/chprintf.c **** 
 476              		.loc 1 71 14 view .LVU148
 477              	.LBB7:
  73:lib/chibios/os/hal/lib/streams/chprintf.c **** }
 478              		.loc 1 73 3 view .LVU149
  73:lib/chibios/os/hal/lib/streams/chprintf.c **** }
 479              		.loc 1 73 10 is_stmt 0 view .LVU150
 480 011c 07A8     		add	r0, sp, #28
 481              	.LVL63:
  73:lib/chibios/os/hal/lib/streams/chprintf.c **** }
 482              		.loc 1 73 10 view .LVU151
 483 011e 14E0     		b	.L120
 484              	.LVL64:
 485              	.L23:
  73:lib/chibios/os/hal/lib/streams/chprintf.c **** }
 486              		.loc 1 73 10 view .LVU152
 487              	.LBE7:
 488              	.LBE6:
 191:lib/chibios/os/hal/lib/streams/chprintf.c ****     case 'c':
 489              		.loc 1 191 5 view .LVU153
 490 0120 6F2B     		cmp	r3, #111
 491 0122 6CD0     		beq	.L62
 492 0124 45D8     		bhi	.L28
 493 0126 642B     		cmp	r3, #100
 494 0128 01D0     		beq	.L26
 495 012a 692B     		cmp	r3, #105
 496 012c E7D1     		bne	.L27
 497              	.L26:
 209:lib/chibios/os/hal/lib/streams/chprintf.c ****         l = va_arg(ap, long);
 498              		.loc 1 209 7 is_stmt 1 view .LVU154
 499 012e 351D     		adds	r5, r6, #4
 209:lib/chibios/os/hal/lib/streams/chprintf.c ****         l = va_arg(ap, long);
 500              		.loc 1 209 10 is_stmt 0 view .LVU155
 501 0130 1928     		cmp	r0, #25
 502 0132 62D8     		bhi	.L36
 503              	.LVL65:
 504              	.L53:
 210:lib/chibios/os/hal/lib/streams/chprintf.c ****       else
 505              		.loc 1 210 9 is_stmt 1 view .LVU156
 210:lib/chibios/os/hal/lib/streams/chprintf.c ****       else
 506              		.loc 1 210 11 is_stmt 0 view .LVU157
 507 0134 3500     		movs	r5, r6
 508              	.LVL66:
 210:lib/chibios/os/hal/lib/streams/chprintf.c ****       else
 509              		.loc 1 210 11 view .LVU158
 510 0136 02CD     		ldmia	r5!, {r1}
 511              	.LVL67:
 512              	.L37:
 213:lib/chibios/os/hal/lib/streams/chprintf.c ****         *p++ = '-';
 513              		.loc 1 213 7 is_stmt 1 view .LVU159
 514 0138 07A8     		add	r0, sp, #28
 515              	.LVL68:
 213:lib/chibios/os/hal/lib/streams/chprintf.c ****         *p++ = '-';
 516              		.loc 1 213 10 is_stmt 0 view .LVU160
 517 013a 0029     		cmp	r1, #0
 518 013c 04DA     		bge	.L38
 214:lib/chibios/os/hal/lib/streams/chprintf.c ****         l = -l;
 519              		.loc 1 214 9 is_stmt 1 view .LVU161
 520              	.LVL69:
 214:lib/chibios/os/hal/lib/streams/chprintf.c ****         l = -l;
 521              		.loc 1 214 14 is_stmt 0 view .LVU162
 522 013e 2D23     		movs	r3, #45
 523              	.LVL70:
 214:lib/chibios/os/hal/lib/streams/chprintf.c ****         l = -l;
 524              		.loc 1 214 14 view .LVU163
 525 0140 0370     		strb	r3, [r0]
 215:lib/chibios/os/hal/lib/streams/chprintf.c ****       }
 526              		.loc 1 215 9 is_stmt 1 view .LVU164
 214:lib/chibios/os/hal/lib/streams/chprintf.c ****         l = -l;
 527              		.loc 1 214 11 is_stmt 0 view .LVU165
 528 0142 06AB     		add	r3, sp, #24
 215:lib/chibios/os/hal/lib/streams/chprintf.c ****       }
 529              		.loc 1 215 11 view .LVU166
 530 0144 4942     		rsbs	r1, r1, #0
 531              	.LVL71:
 214:lib/chibios/os/hal/lib/streams/chprintf.c ****         l = -l;
 532              		.loc 1 214 11 view .LVU167
 533 0146 581D     		adds	r0, r3, #5
 534              	.LVL72:
 535              	.L38:
 217:lib/chibios/os/hal/lib/streams/chprintf.c ****       break;
 536              		.loc 1 217 7 is_stmt 1 view .LVU168
 537              	.LBB9:
 538              	.LBI9:
  71:lib/chibios/os/hal/lib/streams/chprintf.c **** 
 539              		.loc 1 71 14 view .LVU169
 540              	.LBB10:
  73:lib/chibios/os/hal/lib/streams/chprintf.c **** }
 541              		.loc 1 73 3 view .LVU170
  73:lib/chibios/os/hal/lib/streams/chprintf.c **** }
 542              		.loc 1 73 10 is_stmt 0 view .LVU171
 543 0148 0A22     		movs	r2, #10
 544              	.LVL73:
 545              	.L120:
  73:lib/chibios/os/hal/lib/streams/chprintf.c **** }
 546              		.loc 1 73 10 view .LVU172
 547              	.LBE10:
 548              	.LBE9:
 549              	.LBB11:
 550              	.LBB8:
 551 014a FFF7FEFF 		bl	long_to_string_with_divisor.constprop.0
 552              	.LVL74:
  73:lib/chibios/os/hal/lib/streams/chprintf.c **** }
 553              		.loc 1 73 10 view .LVU173
 554              	.LBE8:
 555              	.LBE11:
 246:lib/chibios/os/hal/lib/streams/chprintf.c ****     default:
 556              		.loc 1 246 7 is_stmt 1 view .LVU174
 145:lib/chibios/os/hal/lib/streams/chprintf.c ****     left_align = FALSE;
 557              		.loc 1 145 7 is_stmt 0 view .LVU175
 558 014e 07AC     		add	r4, sp, #28
 559              	.LVL75:
 560              	.L30:
 250:lib/chibios/os/hal/lib/streams/chprintf.c ****     }
 251:lib/chibios/os/hal/lib/streams/chprintf.c ****     i = (int)(p - s);
 561              		.loc 1 251 5 is_stmt 1 view .LVU176
 562              		.loc 1 251 7 is_stmt 0 view .LVU177
 563 0150 031B     		subs	r3, r0, r4
 564 0152 0393     		str	r3, [sp, #12]
 565              	.LVL76:
 252:lib/chibios/os/hal/lib/streams/chprintf.c ****     if ((width -= i) < 0)
 566              		.loc 1 252 5 is_stmt 1 view .LVU178
 567              		.loc 1 252 16 is_stmt 0 view .LVU179
 568 0154 039A     		ldr	r2, [sp, #12]
 569 0156 049B     		ldr	r3, [sp, #16]
 570              	.LVL77:
 571              		.loc 1 252 16 view .LVU180
 572 0158 9B1A     		subs	r3, r3, r2
 573              	.LVL78:
 574              		.loc 1 252 16 view .LVU181
 575 015a DA43     		mvns	r2, r3
 576              	.LVL79:
 577              		.loc 1 252 16 view .LVU182
 578 015c D217     		asrs	r2, r2, #31
 579 015e 1A40     		ands	r2, r3
 580 0160 0492     		str	r2, [sp, #16]
 581              	.LVL80:
 253:lib/chibios/os/hal/lib/streams/chprintf.c ****       width = 0;
 254:lib/chibios/os/hal/lib/streams/chprintf.c ****     if (left_align == FALSE)
 582              		.loc 1 254 5 is_stmt 1 view .LVU183
 583 0162 1600     		movs	r6, r2
 584              		.loc 1 254 8 is_stmt 0 view .LVU184
 585 0164 059A     		ldr	r2, [sp, #20]
 586              	.LVL81:
 587              		.loc 1 254 8 view .LVU185
 588 0166 002A     		cmp	r2, #0
 589 0168 20D1     		bne	.L41
 255:lib/chibios/os/hal/lib/streams/chprintf.c ****       width = -width;
 590              		.loc 1 255 7 is_stmt 1 view .LVU186
 591              		.loc 1 255 13 is_stmt 0 view .LVU187
 592 016a 7642     		rsbs	r6, r6, #0
 593              	.LVL82:
 256:lib/chibios/os/hal/lib/streams/chprintf.c ****     if (width < 0) {
 594              		.loc 1 256 5 is_stmt 1 view .LVU188
 595              		.loc 1 256 8 is_stmt 0 view .LVU189
 596 016c 002B     		cmp	r3, #0
 597 016e 1DDD     		ble	.L41
 257:lib/chibios/os/hal/lib/streams/chprintf.c ****       if (*s == '-' && filler == '0') {
 598              		.loc 1 257 7 is_stmt 1 view .LVU190
 599              		.loc 1 257 10 is_stmt 0 view .LVU191
 600 0170 2178     		ldrb	r1, [r4]
 601 0172 2D29     		cmp	r1, #45
 602 0174 0DD1     		bne	.L43
 603              		.loc 1 257 21 discriminator 1 view .LVU192
 604 0176 029B     		ldr	r3, [sp, #8]
 605 0178 302B     		cmp	r3, #48
 606 017a 0AD1     		bne	.L43
 607 017c 039B     		ldr	r3, [sp, #12]
 258:lib/chibios/os/hal/lib/streams/chprintf.c ****         streamPut(chp, (uint8_t)*s++);
 608              		.loc 1 258 9 view .LVU193
 609 017e 3800     		movs	r0, r7
 610              	.LVL83:
 611              		.loc 1 258 9 view .LVU194
 612 0180 013B     		subs	r3, r3, #1
 613 0182 0393     		str	r3, [sp, #12]
 614              	.LVL84:
 615              		.loc 1 258 9 view .LVU195
 616 0184 019B     		ldr	r3, [sp, #4]
 617              	.LVL85:
 618              		.loc 1 258 9 view .LVU196
 619 0186 0134     		adds	r4, r4, #1
 620              	.LVL86:
 621              		.loc 1 258 9 view .LVU197
 622 0188 0133     		adds	r3, r3, #1
 623 018a 0193     		str	r3, [sp, #4]
 624              	.LVL87:
 625              		.loc 1 258 9 is_stmt 1 view .LVU198
 626              		.loc 1 258 9 is_stmt 0 view .LVU199
 627 018c 3B68     		ldr	r3, [r7]
 628 018e DB68     		ldr	r3, [r3, #12]
 629 0190 9847     		blx	r3
 630              	.LVL88:
 259:lib/chibios/os/hal/lib/streams/chprintf.c ****         n++;
 631              		.loc 1 259 9 is_stmt 1 view .LVU200
 260:lib/chibios/os/hal/lib/streams/chprintf.c ****         i--;
 632              		.loc 1 260 9 view .LVU201
 633              	.L43:
 261:lib/chibios/os/hal/lib/streams/chprintf.c ****       }
 262:lib/chibios/os/hal/lib/streams/chprintf.c ****       do {
 634              		.loc 1 262 7 discriminator 1 view .LVU202
 263:lib/chibios/os/hal/lib/streams/chprintf.c ****         streamPut(chp, (uint8_t)filler);
 635              		.loc 1 263 9 discriminator 1 view .LVU203
 636 0192 3B68     		ldr	r3, [r7]
 637 0194 0299     		ldr	r1, [sp, #8]
 638 0196 DB68     		ldr	r3, [r3, #12]
 639 0198 3800     		movs	r0, r7
 264:lib/chibios/os/hal/lib/streams/chprintf.c ****         n++;
 265:lib/chibios/os/hal/lib/streams/chprintf.c ****       } while (++width != 0);
 640              		.loc 1 265 7 is_stmt 0 discriminator 1 view .LVU204
 641 019a 0136     		adds	r6, r6, #1
 642              	.LVL89:
 263:lib/chibios/os/hal/lib/streams/chprintf.c ****         streamPut(chp, (uint8_t)filler);
 643              		.loc 1 263 9 discriminator 1 view .LVU205
 644 019c 9847     		blx	r3
 645              	.LVL90:
 264:lib/chibios/os/hal/lib/streams/chprintf.c ****         n++;
 646              		.loc 1 264 9 is_stmt 1 discriminator 1 view .LVU206
 647              		.loc 1 265 7 is_stmt 0 discriminator 1 view .LVU207
 648 019e 002E     		cmp	r6, #0
 649 01a0 F7D1     		bne	.L43
 650              		.loc 1 265 7 discriminator 1 view .LVU208
 651 01a2 019A     		ldr	r2, [sp, #4]
 652 01a4 049B     		ldr	r3, [sp, #16]
 653 01a6 9446     		mov	ip, r2
 654 01a8 6344     		add	r3, r3, ip
 655 01aa 0193     		str	r3, [sp, #4]
 656              	.L41:
 657              		.loc 1 265 7 discriminator 1 view .LVU209
 658 01ac 039B     		ldr	r3, [sp, #12]
 659 01ae 0493     		str	r3, [sp, #16]
 660 01b0 33E0     		b	.L44
 661              	.LVL91:
 662              	.L28:
 191:lib/chibios/os/hal/lib/streams/chprintf.c ****     case 'c':
 663              		.loc 1 191 5 view .LVU210
 664 01b2 752B     		cmp	r3, #117
 665 01b4 25D0     		beq	.L63
 666 01b6 782B     		cmp	r3, #120
 667 01b8 25D0     		beq	.L64
 668              	.LVL92:
 669              	.L119:
 191:lib/chibios/os/hal/lib/streams/chprintf.c ****     case 'c':
 670              		.loc 1 191 5 view .LVU211
 671 01ba 732B     		cmp	r3, #115
 672 01bc 9FD1     		bne	.L27
 197:lib/chibios/os/hal/lib/streams/chprintf.c ****       if ((s = va_arg(ap, char *)) == 0)
 673              		.loc 1 197 7 is_stmt 1 view .LVU212
 674              	.LVL93:
 198:lib/chibios/os/hal/lib/streams/chprintf.c ****         s = "(null)";
 675              		.loc 1 198 7 view .LVU213
 198:lib/chibios/os/hal/lib/streams/chprintf.c ****         s = "(null)";
 676              		.loc 1 198 14 is_stmt 0 view .LVU214
 677 01be 3500     		movs	r5, r6
 678              	.LVL94:
 198:lib/chibios/os/hal/lib/streams/chprintf.c ****         s = "(null)";
 679              		.loc 1 198 14 view .LVU215
 680 01c0 10CD     		ldmia	r5!, {r4}
 681              	.LVL95:
 198:lib/chibios/os/hal/lib/streams/chprintf.c ****         s = "(null)";
 682              		.loc 1 198 10 view .LVU216
 683 01c2 002C     		cmp	r4, #0
 684 01c4 00D1     		bne	.L31
 199:lib/chibios/os/hal/lib/streams/chprintf.c ****       if (precision == 0)
 685              		.loc 1 199 11 view .LVU217
 686 01c6 304C     		ldr	r4, .L122
 687              	.L31:
 688              	.LVL96:
 200:lib/chibios/os/hal/lib/streams/chprintf.c ****         precision = 32767;
 689              		.loc 1 200 7 is_stmt 1 view .LVU218
 200:lib/chibios/os/hal/lib/streams/chprintf.c ****         precision = 32767;
 690              		.loc 1 200 10 is_stmt 0 view .LVU219
 691 01c8 002A     		cmp	r2, #0
 692 01ca 14D0     		beq	.L32
 693              	.L33:
 694 01cc A218     		adds	r2, r4, r2
 201:lib/chibios/os/hal/lib/streams/chprintf.c ****       for (p = s; *p && (--precision >= 0); p++)
 695              		.loc 1 201 19 discriminator 1 view .LVU220
 696 01ce 2000     		movs	r0, r4
 697 01d0 09E0     		b	.L34
 698              	.LVL97:
 699              	.L22:
 193:lib/chibios/os/hal/lib/streams/chprintf.c ****       *p++ = va_arg(ap, int);
 700              		.loc 1 193 7 is_stmt 1 view .LVU221
 194:lib/chibios/os/hal/lib/streams/chprintf.c ****       break;
 701              		.loc 1 194 7 view .LVU222
 194:lib/chibios/os/hal/lib/streams/chprintf.c ****       break;
 702              		.loc 1 194 14 is_stmt 0 view .LVU223
 703 01d2 3500     		movs	r5, r6
 704              	.LVL98:
 194:lib/chibios/os/hal/lib/streams/chprintf.c ****       break;
 705              		.loc 1 194 12 view .LVU224
 706 01d4 08CD     		ldmia	r5!, {r3}
 707              	.LVL99:
 194:lib/chibios/os/hal/lib/streams/chprintf.c ****       break;
 708              		.loc 1 194 12 view .LVU225
 709 01d6 07AC     		add	r4, sp, #28
 710              	.LVL100:
 194:lib/chibios/os/hal/lib/streams/chprintf.c ****       break;
 711              		.loc 1 194 12 view .LVU226
 712 01d8 2370     		strb	r3, [r4]
 195:lib/chibios/os/hal/lib/streams/chprintf.c ****     case 's':
 713              		.loc 1 195 7 is_stmt 1 view .LVU227
 193:lib/chibios/os/hal/lib/streams/chprintf.c ****       *p++ = va_arg(ap, int);
 714              		.loc 1 193 14 is_stmt 0 view .LVU228
 715 01da 2023     		movs	r3, #32
 716 01dc 0293     		str	r3, [sp, #8]
 717              	.LVL101:
 718              	.L121:
 248:lib/chibios/os/hal/lib/streams/chprintf.c ****       break;
 719              		.loc 1 248 9 view .LVU229
 720 01de 06AB     		add	r3, sp, #24
 721 01e0 581D     		adds	r0, r3, #5
 249:lib/chibios/os/hal/lib/streams/chprintf.c ****     }
 722              		.loc 1 249 7 view .LVU230
 723 01e2 B5E7     		b	.L30
 724              	.LVL102:
 725              	.L35:
 203:lib/chibios/os/hal/lib/streams/chprintf.c ****       break;
 726              		.loc 1 203 9 is_stmt 1 discriminator 4 view .LVU231
 202:lib/chibios/os/hal/lib/streams/chprintf.c ****         ;
 727              		.loc 1 202 46 is_stmt 0 discriminator 4 view .LVU232
 728 01e4 0130     		adds	r0, r0, #1
 729              	.LVL103:
 730              	.L34:
 202:lib/chibios/os/hal/lib/streams/chprintf.c ****         ;
 731              		.loc 1 202 7 discriminator 1 view .LVU233
 732 01e6 0378     		ldrb	r3, [r0]
 733 01e8 002B     		cmp	r3, #0
 734 01ea 01D0     		beq	.L65
 202:lib/chibios/os/hal/lib/streams/chprintf.c ****         ;
 735              		.loc 1 202 22 discriminator 3 view .LVU234
 736 01ec 9042     		cmp	r0, r2
 737 01ee F9D1     		bne	.L35
 738              	.L65:
 197:lib/chibios/os/hal/lib/streams/chprintf.c ****       if ((s = va_arg(ap, char *)) == 0)
 739              		.loc 1 197 14 view .LVU235
 740 01f0 2023     		movs	r3, #32
 741 01f2 0293     		str	r3, [sp, #8]
 742 01f4 ACE7     		b	.L30
 743              	.LVL104:
 744              	.L32:
 201:lib/chibios/os/hal/lib/streams/chprintf.c ****       for (p = s; *p && (--precision >= 0); p++)
 745              		.loc 1 201 19 view .LVU236
 746 01f6 254A     		ldr	r2, .L122+4
 747 01f8 E8E7     		b	.L33
 748              	.LVL105:
 749              	.L36:
 212:lib/chibios/os/hal/lib/streams/chprintf.c ****       if (l < 0) {
 750              		.loc 1 212 9 is_stmt 1 view .LVU237
 212:lib/chibios/os/hal/lib/streams/chprintf.c ****       if (l < 0) {
 751              		.loc 1 212 11 is_stmt 0 view .LVU238
 752 01fa 3168     		ldr	r1, [r6]
 753 01fc 9CE7     		b	.L37
 754              	.LVL106:
 755              	.L62:
 239:lib/chibios/os/hal/lib/streams/chprintf.c **** unsigned_common:
 756              		.loc 1 239 9 view .LVU239
 757 01fe 0822     		movs	r2, #8
 758 0200 86E7     		b	.L24
 759              	.L63:
 235:lib/chibios/os/hal/lib/streams/chprintf.c ****       goto unsigned_common;
 760              		.loc 1 235 9 view .LVU240
 761 0202 0A22     		movs	r2, #10
 762 0204 84E7     		b	.L24
 763              	.L64:
 231:lib/chibios/os/hal/lib/streams/chprintf.c ****       goto unsigned_common;
 764              		.loc 1 231 9 view .LVU241
 765 0206 1022     		movs	r2, #16
 766 0208 82E7     		b	.L24
 767              	.LVL107:
 768              	.L71:
 239:lib/chibios/os/hal/lib/streams/chprintf.c **** unsigned_common:
 769              		.loc 1 239 9 view .LVU242
 770 020a 0822     		movs	r2, #8
 771 020c 84E7     		b	.L50
 772              	.LVL108:
 773              	.L45:
 266:lib/chibios/os/hal/lib/streams/chprintf.c ****     }
 267:lib/chibios/os/hal/lib/streams/chprintf.c ****     while (--i >= 0) {
 268:lib/chibios/os/hal/lib/streams/chprintf.c ****       streamPut(chp, (uint8_t)*s++);
 774              		.loc 1 268 7 is_stmt 1 view .LVU243
 775              		.loc 1 268 7 is_stmt 0 view .LVU244
 776 020e 3B68     		ldr	r3, [r7]
 777 0210 2178     		ldrb	r1, [r4]
 778 0212 DB68     		ldr	r3, [r3, #12]
 779 0214 3800     		movs	r0, r7
 780 0216 9847     		blx	r3
 781              	.LVL109:
 269:lib/chibios/os/hal/lib/streams/chprintf.c ****       n++;
 782              		.loc 1 269 7 is_stmt 1 view .LVU245
 783 0218 0134     		adds	r4, r4, #1
 784              	.LVL110:
 785              	.L44:
 267:lib/chibios/os/hal/lib/streams/chprintf.c ****       streamPut(chp, (uint8_t)*s++);
 786              		.loc 1 267 11 is_stmt 0 view .LVU246
 787 021a 049B     		ldr	r3, [sp, #16]
 788 021c 013B     		subs	r3, r3, #1
 789 021e 0493     		str	r3, [sp, #16]
 790 0220 F5D5     		bpl	.L45
 791              	.LVL111:
 267:lib/chibios/os/hal/lib/streams/chprintf.c ****       streamPut(chp, (uint8_t)*s++);
 792              		.loc 1 267 11 view .LVU247
 793 0222 039B     		ldr	r3, [sp, #12]
 794 0224 DC43     		mvns	r4, r3
 795              	.LVL112:
 267:lib/chibios/os/hal/lib/streams/chprintf.c ****       streamPut(chp, (uint8_t)*s++);
 796              		.loc 1 267 11 view .LVU248
 797 0226 E417     		asrs	r4, r4, #31
 798 0228 1C40     		ands	r4, r3
 799 022a 019B     		ldr	r3, [sp, #4]
 800 022c E318     		adds	r3, r4, r3
 801 022e 3400     		movs	r4, r6
 802 0230 0193     		str	r3, [sp, #4]
 803              	.LVL113:
 804              	.L47:
 270:lib/chibios/os/hal/lib/streams/chprintf.c ****     }
 271:lib/chibios/os/hal/lib/streams/chprintf.c **** 
 272:lib/chibios/os/hal/lib/streams/chprintf.c ****     while (width) {
 805              		.loc 1 272 11 view .LVU249
 806 0232 002C     		cmp	r4, #0
 807 0234 05D1     		bne	.L48
 808              		.loc 1 272 11 view .LVU250
 809 0236 019B     		ldr	r3, [sp, #4]
 810 0238 F318     		adds	r3, r6, r3
 811 023a 2E00     		movs	r6, r5
 812 023c 0193     		str	r3, [sp, #4]
 813              	.LVL114:
 814              	.L11:
 815              		.loc 1 272 11 view .LVU251
 816 023e 009B     		ldr	r3, [sp]
 817 0240 E5E6     		b	.L8
 818              	.LVL115:
 819              	.L48:
 273:lib/chibios/os/hal/lib/streams/chprintf.c ****       streamPut(chp, (uint8_t)filler);
 820              		.loc 1 273 7 is_stmt 1 view .LVU252
 821 0242 3B68     		ldr	r3, [r7]
 822 0244 0299     		ldr	r1, [sp, #8]
 823 0246 DB68     		ldr	r3, [r3, #12]
 824 0248 3800     		movs	r0, r7
 825 024a 9847     		blx	r3
 826              	.LVL116:
 274:lib/chibios/os/hal/lib/streams/chprintf.c ****       n++;
 827              		.loc 1 274 7 view .LVU253
 275:lib/chibios/os/hal/lib/streams/chprintf.c ****       width--;
 828              		.loc 1 275 7 view .LVU254
 829              		.loc 1 275 12 is_stmt 0 view .LVU255
 830 024c 013C     		subs	r4, r4, #1
 831              	.LVL117:
 832              		.loc 1 275 12 view .LVU256
 833 024e F0E7     		b	.L47
 834              	.LVL118:
 835              	.L72:
 235:lib/chibios/os/hal/lib/streams/chprintf.c ****       goto unsigned_common;
 836              		.loc 1 235 9 view .LVU257
 837 0250 0A22     		movs	r2, #10
 838 0252 61E7     		b	.L50
 839              	.L52:
 191:lib/chibios/os/hal/lib/streams/chprintf.c ****     case 'c':
 840              		.loc 1 191 5 view .LVU258
 841 0254 552B     		cmp	r3, #85
 842 0256 FBD0     		beq	.L72
 231:lib/chibios/os/hal/lib/streams/chprintf.c ****       goto unsigned_common;
 843              		.loc 1 231 9 view .LVU259
 844 0258 1022     		movs	r2, #16
 191:lib/chibios/os/hal/lib/streams/chprintf.c ****     case 'c':
 845              		.loc 1 191 5 view .LVU260
 846 025a 582B     		cmp	r3, #88
 847 025c 00D1     		bne	.LCB1019
 848 025e 5BE7     		b	.L50	@long jump
 849              	.LCB1019:
 850 0260 4DE7     		b	.L27
 851              	.L51:
 852 0262 6F2B     		cmp	r3, #111
 853 0264 D1D0     		beq	.L71
 854 0266 06D8     		bhi	.L55
 855 0268 642B     		cmp	r3, #100
 856 026a 00D1     		bne	.LCB1029
 857 026c 62E7     		b	.L53	@long jump
 858              	.LCB1029:
 859 026e 692B     		cmp	r3, #105
 860 0270 00D0     		beq	.LCB1031
 861 0272 44E7     		b	.L27	@long jump
 862              	.LCB1031:
 863 0274 5EE7     		b	.L53
 864              	.L55:
 865 0276 752B     		cmp	r3, #117
 866 0278 EAD0     		beq	.L72
 867 027a 782B     		cmp	r3, #120
 868 027c 9DD1     		bne	.L119
 231:lib/chibios/os/hal/lib/streams/chprintf.c ****       goto unsigned_common;
 869              		.loc 1 231 9 view .LVU261
 870 027e 1022     		movs	r2, #16
 871              	.LVL119:
 241:lib/chibios/os/hal/lib/streams/chprintf.c ****         l = va_arg(ap, unsigned long);
 872              		.loc 1 241 7 is_stmt 1 view .LVU262
 873 0280 4AE7     		b	.L50
 874              	.LVL120:
 875              	.L116:
 276:lib/chibios/os/hal/lib/streams/chprintf.c ****     }
 277:lib/chibios/os/hal/lib/streams/chprintf.c ****   }
 278:lib/chibios/os/hal/lib/streams/chprintf.c **** }
 876              		.loc 1 278 1 is_stmt 0 view .LVU263
 877 0282 0198     		ldr	r0, [sp, #4]
 878 0284 0BB0     		add	sp, sp, #44
 879              		@ sp needed
 880              	.LVL121:
 881              	.LVL122:
 882              		.loc 1 278 1 view .LVU264
 883 0286 F0BD     		pop	{r4, r5, r6, r7, pc}
 884              	.L123:
 885              		.align	2
 886              	.L122:
 887 0288 00000000 		.word	.LC0
 888 028c FF7F0000 		.word	32767
 889              		.cfi_endproc
 890              	.LFE188:
 892              		.section	.text.chprintf,"ax",%progbits
 893              		.align	1
 894              		.global	chprintf
 895              		.syntax unified
 896              		.code	16
 897              		.thumb_func
 898              		.fpu softvfp
 900              	chprintf:
 901              	.LVL123:
 902              	.LFB189:
 279:lib/chibios/os/hal/lib/streams/chprintf.c **** 
 280:lib/chibios/os/hal/lib/streams/chprintf.c **** /**
 281:lib/chibios/os/hal/lib/streams/chprintf.c ****  * @brief   System formatted output function.
 282:lib/chibios/os/hal/lib/streams/chprintf.c ****  * @details This function implements a minimal @p printf() like functionality
 283:lib/chibios/os/hal/lib/streams/chprintf.c ****  *          with output on a @p BaseSequentialStream.
 284:lib/chibios/os/hal/lib/streams/chprintf.c ****  *          The general parameters format is: %[-][width|*][.precision|*][l|L]p.
 285:lib/chibios/os/hal/lib/streams/chprintf.c ****  *          The following parameter types (p) are supported:
 286:lib/chibios/os/hal/lib/streams/chprintf.c ****  *          - <b>x</b> hexadecimal integer.
 287:lib/chibios/os/hal/lib/streams/chprintf.c ****  *          - <b>X</b> hexadecimal long.
 288:lib/chibios/os/hal/lib/streams/chprintf.c ****  *          - <b>o</b> octal integer.
 289:lib/chibios/os/hal/lib/streams/chprintf.c ****  *          - <b>O</b> octal long.
 290:lib/chibios/os/hal/lib/streams/chprintf.c ****  *          - <b>d</b> decimal signed integer.
 291:lib/chibios/os/hal/lib/streams/chprintf.c ****  *          - <b>D</b> decimal signed long.
 292:lib/chibios/os/hal/lib/streams/chprintf.c ****  *          - <b>u</b> decimal unsigned integer.
 293:lib/chibios/os/hal/lib/streams/chprintf.c ****  *          - <b>U</b> decimal unsigned long.
 294:lib/chibios/os/hal/lib/streams/chprintf.c ****  *          - <b>c</b> character.
 295:lib/chibios/os/hal/lib/streams/chprintf.c ****  *          - <b>s</b> string.
 296:lib/chibios/os/hal/lib/streams/chprintf.c ****  *          .
 297:lib/chibios/os/hal/lib/streams/chprintf.c ****  *
 298:lib/chibios/os/hal/lib/streams/chprintf.c ****  * @param[in] chp       pointer to a @p BaseSequentialStream implementing object
 299:lib/chibios/os/hal/lib/streams/chprintf.c ****  * @param[in] fmt       formatting string
 300:lib/chibios/os/hal/lib/streams/chprintf.c ****  * @return              The number of bytes that would have been
 301:lib/chibios/os/hal/lib/streams/chprintf.c ****  *                      written to @p chp if no stream error occurs
 302:lib/chibios/os/hal/lib/streams/chprintf.c ****  *
 303:lib/chibios/os/hal/lib/streams/chprintf.c ****  * @api
 304:lib/chibios/os/hal/lib/streams/chprintf.c ****  */
 305:lib/chibios/os/hal/lib/streams/chprintf.c **** int chprintf(BaseSequentialStream *chp, const char *fmt, ...) {
 903              		.loc 1 305 63 is_stmt 1 view -0
 904              		.cfi_startproc
 905              		@ args = 4, pretend = 12, frame = 8
 906              		@ frame_needed = 0, uses_anonymous_args = 1
 306:lib/chibios/os/hal/lib/streams/chprintf.c ****   va_list ap;
 907              		.loc 1 306 3 view .LVU266
 307:lib/chibios/os/hal/lib/streams/chprintf.c ****   int formatted_bytes;
 908              		.loc 1 307 3 view .LVU267
 308:lib/chibios/os/hal/lib/streams/chprintf.c **** 
 309:lib/chibios/os/hal/lib/streams/chprintf.c ****   va_start(ap, fmt);
 909              		.loc 1 309 3 view .LVU268
 305:lib/chibios/os/hal/lib/streams/chprintf.c ****   va_list ap;
 910              		.loc 1 305 63 is_stmt 0 view .LVU269
 911 0000 0EB4     		push	{r1, r2, r3}
 912              		.cfi_def_cfa_offset 12
 913 0002 03B5     		push	{r0, r1, lr}
 914              		.cfi_def_cfa_offset 24
 915              		.cfi_offset 0, -24
 916              		.cfi_offset 1, -20
 917              		.cfi_offset 14, -16
 305:lib/chibios/os/hal/lib/streams/chprintf.c ****   va_list ap;
 918              		.loc 1 305 63 view .LVU270
 919 0004 03AA     		add	r2, sp, #12
 920 0006 02CA     		ldmia	r2!, {r1}
 921              		.loc 1 309 3 view .LVU271
 922 0008 0192     		str	r2, [sp, #4]
 310:lib/chibios/os/hal/lib/streams/chprintf.c ****   formatted_bytes = chvprintf(chp, fmt, ap);
 923              		.loc 1 310 3 is_stmt 1 view .LVU272
 924              		.loc 1 310 21 is_stmt 0 view .LVU273
 925 000a FFF7FEFF 		bl	chvprintf
 926              	.LVL124:
 311:lib/chibios/os/hal/lib/streams/chprintf.c ****   va_end(ap);
 927              		.loc 1 311 3 is_stmt 1 view .LVU274
 312:lib/chibios/os/hal/lib/streams/chprintf.c **** 
 313:lib/chibios/os/hal/lib/streams/chprintf.c ****   return formatted_bytes;
 928              		.loc 1 313 3 view .LVU275
 314:lib/chibios/os/hal/lib/streams/chprintf.c **** }
 929              		.loc 1 314 1 is_stmt 0 view .LVU276
 930 000e 02B0     		add	sp, sp, #8
 931              		@ sp needed
 932 0010 08BC     		pop	{r3}
 933 0012 03B0     		add	sp, sp, #12
 934 0014 1847     		bx	r3
 935              		.cfi_endproc
 936              	.LFE189:
 938              		.section	.text.chvsnprintf,"ax",%progbits
 939              		.align	1
 940              		.global	chvsnprintf
 941              		.syntax unified
 942              		.code	16
 943              		.thumb_func
 944              		.fpu softvfp
 946              	chvsnprintf:
 947              	.LVL125:
 948              	.LFB191:
 315:lib/chibios/os/hal/lib/streams/chprintf.c **** 
 316:lib/chibios/os/hal/lib/streams/chprintf.c **** /**
 317:lib/chibios/os/hal/lib/streams/chprintf.c ****  * @brief   System formatted output function.
 318:lib/chibios/os/hal/lib/streams/chprintf.c ****  * @details This function implements a minimal @p snprintf()-like functionality.
 319:lib/chibios/os/hal/lib/streams/chprintf.c ****  *          The general parameters format is: %[-][width|*][.precision|*][l|L]p.
 320:lib/chibios/os/hal/lib/streams/chprintf.c ****  *          The following parameter types (p) are supported:
 321:lib/chibios/os/hal/lib/streams/chprintf.c ****  *          - <b>x</b> hexadecimal integer.
 322:lib/chibios/os/hal/lib/streams/chprintf.c ****  *          - <b>X</b> hexadecimal long.
 323:lib/chibios/os/hal/lib/streams/chprintf.c ****  *          - <b>o</b> octal integer.
 324:lib/chibios/os/hal/lib/streams/chprintf.c ****  *          - <b>O</b> octal long.
 325:lib/chibios/os/hal/lib/streams/chprintf.c ****  *          - <b>d</b> decimal signed integer.
 326:lib/chibios/os/hal/lib/streams/chprintf.c ****  *          - <b>D</b> decimal signed long.
 327:lib/chibios/os/hal/lib/streams/chprintf.c ****  *          - <b>u</b> decimal unsigned integer.
 328:lib/chibios/os/hal/lib/streams/chprintf.c ****  *          - <b>U</b> decimal unsigned long.
 329:lib/chibios/os/hal/lib/streams/chprintf.c ****  *          - <b>c</b> character.
 330:lib/chibios/os/hal/lib/streams/chprintf.c ****  *          - <b>s</b> string.
 331:lib/chibios/os/hal/lib/streams/chprintf.c ****  *          .
 332:lib/chibios/os/hal/lib/streams/chprintf.c ****  * @post    @p str is NUL-terminated, unless @p size is 0.
 333:lib/chibios/os/hal/lib/streams/chprintf.c ****  *
 334:lib/chibios/os/hal/lib/streams/chprintf.c ****  * @param[in] str       pointer to a buffer
 335:lib/chibios/os/hal/lib/streams/chprintf.c ****  * @param[in] size      maximum size of the buffer
 336:lib/chibios/os/hal/lib/streams/chprintf.c ****  * @param[in] fmt       formatting string
 337:lib/chibios/os/hal/lib/streams/chprintf.c ****  * @return              The number of characters (excluding the
 338:lib/chibios/os/hal/lib/streams/chprintf.c ****  *                      terminating NUL byte) that would have been
 339:lib/chibios/os/hal/lib/streams/chprintf.c ****  *                      stored in @p str if there was room.
 340:lib/chibios/os/hal/lib/streams/chprintf.c ****  *
 341:lib/chibios/os/hal/lib/streams/chprintf.c ****  * @api
 342:lib/chibios/os/hal/lib/streams/chprintf.c ****  */
 343:lib/chibios/os/hal/lib/streams/chprintf.c **** int chsnprintf(char *str, size_t size, const char *fmt, ...) {
 344:lib/chibios/os/hal/lib/streams/chprintf.c ****   va_list ap;
 345:lib/chibios/os/hal/lib/streams/chprintf.c ****   int retval;
 346:lib/chibios/os/hal/lib/streams/chprintf.c **** 
 347:lib/chibios/os/hal/lib/streams/chprintf.c ****   /* Performing the print operation.*/
 348:lib/chibios/os/hal/lib/streams/chprintf.c ****   va_start(ap, fmt);
 349:lib/chibios/os/hal/lib/streams/chprintf.c ****   retval = chvsnprintf(str, size, fmt, ap);
 350:lib/chibios/os/hal/lib/streams/chprintf.c ****   va_end(ap);
 351:lib/chibios/os/hal/lib/streams/chprintf.c **** 
 352:lib/chibios/os/hal/lib/streams/chprintf.c ****   /* Return number of bytes that would have been written.*/
 353:lib/chibios/os/hal/lib/streams/chprintf.c ****   return retval;
 354:lib/chibios/os/hal/lib/streams/chprintf.c **** }
 355:lib/chibios/os/hal/lib/streams/chprintf.c **** 
 356:lib/chibios/os/hal/lib/streams/chprintf.c **** /**
 357:lib/chibios/os/hal/lib/streams/chprintf.c ****  * @brief   System formatted output function.
 358:lib/chibios/os/hal/lib/streams/chprintf.c ****  * @details This function implements a minimal @p vsnprintf()-like functionality.
 359:lib/chibios/os/hal/lib/streams/chprintf.c ****  *          The general parameters format is: %[-][width|*][.precision|*][l|L]p.
 360:lib/chibios/os/hal/lib/streams/chprintf.c ****  *          The following parameter types (p) are supported:
 361:lib/chibios/os/hal/lib/streams/chprintf.c ****  *          - <b>x</b> hexadecimal integer.
 362:lib/chibios/os/hal/lib/streams/chprintf.c ****  *          - <b>X</b> hexadecimal long.
 363:lib/chibios/os/hal/lib/streams/chprintf.c ****  *          - <b>o</b> octal integer.
 364:lib/chibios/os/hal/lib/streams/chprintf.c ****  *          - <b>O</b> octal long.
 365:lib/chibios/os/hal/lib/streams/chprintf.c ****  *          - <b>d</b> decimal signed integer.
 366:lib/chibios/os/hal/lib/streams/chprintf.c ****  *          - <b>D</b> decimal signed long.
 367:lib/chibios/os/hal/lib/streams/chprintf.c ****  *          - <b>u</b> decimal unsigned integer.
 368:lib/chibios/os/hal/lib/streams/chprintf.c ****  *          - <b>U</b> decimal unsigned long.
 369:lib/chibios/os/hal/lib/streams/chprintf.c ****  *          - <b>c</b> character.
 370:lib/chibios/os/hal/lib/streams/chprintf.c ****  *          - <b>s</b> string.
 371:lib/chibios/os/hal/lib/streams/chprintf.c ****  *          .
 372:lib/chibios/os/hal/lib/streams/chprintf.c ****  * @post    @p str is NUL-terminated, unless @p size is 0.
 373:lib/chibios/os/hal/lib/streams/chprintf.c ****  *
 374:lib/chibios/os/hal/lib/streams/chprintf.c ****  * @param[in] str       pointer to a buffer
 375:lib/chibios/os/hal/lib/streams/chprintf.c ****  * @param[in] size      maximum size of the buffer
 376:lib/chibios/os/hal/lib/streams/chprintf.c ****  * @param[in] fmt       formatting string
 377:lib/chibios/os/hal/lib/streams/chprintf.c ****  * @param[in] ap        list of parameters
 378:lib/chibios/os/hal/lib/streams/chprintf.c ****  * @return              The number of characters (excluding the
 379:lib/chibios/os/hal/lib/streams/chprintf.c ****  *                      terminating NUL byte) that would have been
 380:lib/chibios/os/hal/lib/streams/chprintf.c ****  *                      stored in @p str if there was room.
 381:lib/chibios/os/hal/lib/streams/chprintf.c ****  *
 382:lib/chibios/os/hal/lib/streams/chprintf.c ****  * @api
 383:lib/chibios/os/hal/lib/streams/chprintf.c ****  */
 384:lib/chibios/os/hal/lib/streams/chprintf.c **** int chvsnprintf(char *str, size_t size, const char *fmt, va_list ap) {
 949              		.loc 1 384 70 is_stmt 1 view -0
 950              		.cfi_startproc
 951              		@ args = 0, pretend = 0, frame = 24
 952              		@ frame_needed = 0, uses_anonymous_args = 0
 385:lib/chibios/os/hal/lib/streams/chprintf.c ****   MemoryStream ms;
 953              		.loc 1 385 3 view .LVU278
 386:lib/chibios/os/hal/lib/streams/chprintf.c ****   BaseSequentialStream *chp;
 954              		.loc 1 386 3 view .LVU279
 387:lib/chibios/os/hal/lib/streams/chprintf.c ****   size_t size_wo_nul;
 955              		.loc 1 387 3 view .LVU280
 388:lib/chibios/os/hal/lib/streams/chprintf.c ****   int retval;
 956              		.loc 1 388 3 view .LVU281
 389:lib/chibios/os/hal/lib/streams/chprintf.c **** 
 390:lib/chibios/os/hal/lib/streams/chprintf.c ****   if (size > 0)
 957              		.loc 1 390 3 view .LVU282
 384:lib/chibios/os/hal/lib/streams/chprintf.c ****   MemoryStream ms;
 958              		.loc 1 384 70 is_stmt 0 view .LVU283
 959 0000 F0B5     		push	{r4, r5, r6, r7, lr}
 960              		.cfi_def_cfa_offset 20
 961              		.cfi_offset 4, -20
 962              		.cfi_offset 5, -16
 963              		.cfi_offset 6, -12
 964              		.cfi_offset 7, -8
 965              		.cfi_offset 14, -4
 966 0002 1600     		movs	r6, r2
 391:lib/chibios/os/hal/lib/streams/chprintf.c ****     size_wo_nul = size - 1;
 392:lib/chibios/os/hal/lib/streams/chprintf.c ****   else
 393:lib/chibios/os/hal/lib/streams/chprintf.c ****     size_wo_nul = 0;
 967              		.loc 1 393 17 view .LVU284
 968 0004 0022     		movs	r2, #0
 969              	.LVL126:
 384:lib/chibios/os/hal/lib/streams/chprintf.c ****   MemoryStream ms;
 970              		.loc 1 384 70 view .LVU285
 971 0006 87B0     		sub	sp, sp, #28
 972              		.cfi_def_cfa_offset 48
 384:lib/chibios/os/hal/lib/streams/chprintf.c ****   MemoryStream ms;
 973              		.loc 1 384 70 view .LVU286
 974 0008 0500     		movs	r5, r0
 975 000a 0C00     		movs	r4, r1
 976 000c 1F00     		movs	r7, r3
 390:lib/chibios/os/hal/lib/streams/chprintf.c ****     size_wo_nul = size - 1;
 977              		.loc 1 390 6 view .LVU287
 978 000e 9142     		cmp	r1, r2
 979 0010 00D0     		beq	.L126
 391:lib/chibios/os/hal/lib/streams/chprintf.c ****     size_wo_nul = size - 1;
 980              		.loc 1 391 5 is_stmt 1 view .LVU288
 391:lib/chibios/os/hal/lib/streams/chprintf.c ****     size_wo_nul = size - 1;
 981              		.loc 1 391 17 is_stmt 0 view .LVU289
 982 0012 4A1E     		subs	r2, r1, #1
 983              	.LVL127:
 984              	.L126:
 394:lib/chibios/os/hal/lib/streams/chprintf.c **** 
 395:lib/chibios/os/hal/lib/streams/chprintf.c ****   /* Memory stream object to be used as a string writer, reserving one
 396:lib/chibios/os/hal/lib/streams/chprintf.c ****      byte for the final zero.*/
 397:lib/chibios/os/hal/lib/streams/chprintf.c ****   msObjectInit(&ms, (uint8_t *)str, size_wo_nul, 0);
 985              		.loc 1 397 3 is_stmt 1 view .LVU290
 986 0014 0023     		movs	r3, #0
 987              	.LVL128:
 988              		.loc 1 397 3 is_stmt 0 view .LVU291
 989 0016 2900     		movs	r1, r5
 990              	.LVL129:
 991              		.loc 1 397 3 view .LVU292
 992 0018 01A8     		add	r0, sp, #4
 993              	.LVL130:
 994              		.loc 1 397 3 view .LVU293
 995 001a FFF7FEFF 		bl	msObjectInit
 996              	.LVL131:
 398:lib/chibios/os/hal/lib/streams/chprintf.c **** 
 399:lib/chibios/os/hal/lib/streams/chprintf.c ****   /* Performing the print operation using the common code.*/
 400:lib/chibios/os/hal/lib/streams/chprintf.c ****   chp = (BaseSequentialStream *)(void *)&ms;
 997              		.loc 1 400 3 is_stmt 1 view .LVU294
 401:lib/chibios/os/hal/lib/streams/chprintf.c ****   retval = chvprintf(chp, fmt, ap);
 998              		.loc 1 401 3 view .LVU295
 999              		.loc 1 401 12 is_stmt 0 view .LVU296
 1000 001e 3A00     		movs	r2, r7
 1001 0020 3100     		movs	r1, r6
 1002 0022 01A8     		add	r0, sp, #4
 1003              	.LVL132:
 1004              		.loc 1 401 12 view .LVU297
 1005 0024 FFF7FEFF 		bl	chvprintf
 1006              	.LVL133:
 402:lib/chibios/os/hal/lib/streams/chprintf.c **** 
 403:lib/chibios/os/hal/lib/streams/chprintf.c ****   /* Terminate with a zero, unless size==0.*/
 404:lib/chibios/os/hal/lib/streams/chprintf.c ****   if (ms.eos < size) {
 1007              		.loc 1 404 3 is_stmt 1 view .LVU298
 1008              		.loc 1 404 9 is_stmt 0 view .LVU299
 1009 0028 049B     		ldr	r3, [sp, #16]
 1010              		.loc 1 404 6 view .LVU300
 1011 002a A342     		cmp	r3, r4
 1012 002c 01D2     		bcs	.L125
 405:lib/chibios/os/hal/lib/streams/chprintf.c ****     str[ms.eos] = 0;
 1013              		.loc 1 405 5 is_stmt 1 view .LVU301
 1014              		.loc 1 405 17 is_stmt 0 view .LVU302
 1015 002e 0022     		movs	r2, #0
 1016 0030 EA54     		strb	r2, [r5, r3]
 406:lib/chibios/os/hal/lib/streams/chprintf.c ****   }
 407:lib/chibios/os/hal/lib/streams/chprintf.c **** 
 408:lib/chibios/os/hal/lib/streams/chprintf.c ****   /* Return number of bytes that would have been written.*/
 409:lib/chibios/os/hal/lib/streams/chprintf.c ****   return retval;
 1017              		.loc 1 409 3 is_stmt 1 view .LVU303
 1018              	.L125:
 410:lib/chibios/os/hal/lib/streams/chprintf.c **** }
 1019              		.loc 1 410 1 is_stmt 0 view .LVU304
 1020 0032 07B0     		add	sp, sp, #28
 1021              		@ sp needed
 1022              	.LVL134:
 1023              	.LVL135:
 1024              	.LVL136:
 1025              	.LVL137:
 1026              		.loc 1 410 1 view .LVU305
 1027 0034 F0BD     		pop	{r4, r5, r6, r7, pc}
 1028              		.cfi_endproc
 1029              	.LFE191:
 1031              		.section	.text.chsnprintf,"ax",%progbits
 1032              		.align	1
 1033              		.global	chsnprintf
 1034              		.syntax unified
 1035              		.code	16
 1036              		.thumb_func
 1037              		.fpu softvfp
 1039              	chsnprintf:
 1040              	.LVL138:
 1041              	.LFB190:
 343:lib/chibios/os/hal/lib/streams/chprintf.c ****   va_list ap;
 1042              		.loc 1 343 62 is_stmt 1 view -0
 1043              		.cfi_startproc
 1044              		@ args = 4, pretend = 8, frame = 8
 1045              		@ frame_needed = 0, uses_anonymous_args = 1
 344:lib/chibios/os/hal/lib/streams/chprintf.c ****   int retval;
 1046              		.loc 1 344 3 view .LVU307
 345:lib/chibios/os/hal/lib/streams/chprintf.c **** 
 1047              		.loc 1 345 3 view .LVU308
 348:lib/chibios/os/hal/lib/streams/chprintf.c ****   retval = chvsnprintf(str, size, fmt, ap);
 1048              		.loc 1 348 3 view .LVU309
 343:lib/chibios/os/hal/lib/streams/chprintf.c ****   va_list ap;
 1049              		.loc 1 343 62 is_stmt 0 view .LVU310
 1050 0000 0CB4     		push	{r2, r3}
 1051              		.cfi_def_cfa_offset 8
 1052 0002 07B5     		push	{r0, r1, r2, lr}
 1053              		.cfi_def_cfa_offset 24
 1054              		.cfi_offset 0, -24
 1055              		.cfi_offset 1, -20
 1056              		.cfi_offset 2, -16
 1057              		.cfi_offset 14, -12
 343:lib/chibios/os/hal/lib/streams/chprintf.c ****   va_list ap;
 1058              		.loc 1 343 62 view .LVU311
 1059 0004 04AB     		add	r3, sp, #16
 1060 0006 04CB     		ldmia	r3!, {r2}
 348:lib/chibios/os/hal/lib/streams/chprintf.c ****   retval = chvsnprintf(str, size, fmt, ap);
 1061              		.loc 1 348 3 view .LVU312
 1062 0008 0193     		str	r3, [sp, #4]
 349:lib/chibios/os/hal/lib/streams/chprintf.c ****   va_end(ap);
 1063              		.loc 1 349 3 is_stmt 1 view .LVU313
 349:lib/chibios/os/hal/lib/streams/chprintf.c ****   va_end(ap);
 1064              		.loc 1 349 12 is_stmt 0 view .LVU314
 1065 000a FFF7FEFF 		bl	chvsnprintf
 1066              	.LVL139:
 350:lib/chibios/os/hal/lib/streams/chprintf.c **** 
 1067              		.loc 1 350 3 is_stmt 1 view .LVU315
 353:lib/chibios/os/hal/lib/streams/chprintf.c **** }
 1068              		.loc 1 353 3 view .LVU316
 354:lib/chibios/os/hal/lib/streams/chprintf.c **** 
 1069              		.loc 1 354 1 is_stmt 0 view .LVU317
 1070 000e 03B0     		add	sp, sp, #12
 1071              		@ sp needed
 1072 0010 08BC     		pop	{r3}
 1073 0012 02B0     		add	sp, sp, #8
 1074 0014 1847     		bx	r3
 1075              		.cfi_endproc
 1076              	.LFE190:
 1078              		.section	.rodata.chvprintf.str1.1,"aMS",%progbits,1
 1079              	.LC0:
 1080 0000 286E756C 		.ascii	"(null)\000"
 1080      6C2900
 1081              		.text
 1082              	.Letext0:
 1083              		.file 2 "c:\\msys64\\home\\kyleo\\qmk_utils\\gcc-arm-none-eabi\\lib\\gcc\\arm-none-eabi\\8.3.1\\in
 1084              		.file 3 "c:\\msys64\\home\\kyleo\\qmk_utils\\gcc-arm-none-eabi\\arm-none-eabi\\include\\machine\\_
 1085              		.file 4 "c:\\msys64\\home\\kyleo\\qmk_utils\\gcc-arm-none-eabi\\arm-none-eabi\\include\\sys\\_stdi
 1086              		.file 5 "c:\\msys64\\home\\kyleo\\qmk_utils\\gcc-arm-none-eabi\\arm-none-eabi\\include\\stdint.h"
 1087              		.file 6 "./lib/chibios/os/common/ports/ARMCMx/compilers/GCC/chtypes.h"
 1088              		.file 7 "./lib/chibios/os/rt/include/chsystypes.h"
 1089              		.file 8 "./lib/chibios/os/rt/include/chschd.h"
 1090              		.file 9 "./lib/chibios/os/rt/include/chtime.h"
 1091              		.file 10 "./lib/chibios/os/common/ext/ST/STM32F0xx/system_stm32f0xx.h"
 1092              		.file 11 "./lib/chibios/os/common/ext/ST/STM32F0xx/stm32f072xb.h"
 1093              		.file 12 "./lib/chibios/os/common/ports/ARMCMx/chcore.h"
 1094              		.file 13 "./lib/chibios/os/common/ports/ARMCMx/chcore_v6m.h"
 1095              		.file 14 "./lib/chibios/os/hal/ports/STM32/LLD/TIMv1/stm32_tim.h"
 1096              		.file 15 "./lib/chibios/os/rt/include/chsem.h"
 1097              		.file 16 "./lib/chibios/os/rt/include/chmtx.h"
 1098              		.file 17 "./lib/chibios/os/rt/include/chsys.h"
 1099              		.file 18 "./lib/chibios/os/rt/include/chregistry.h"
 1100              		.file 19 "./lib/chibios/os/oslib/include/chmemcore.h"
 1101              		.file 20 "./lib/chibios/os/hal/ports/STM32/LLD/DMAv1/stm32_dma.h"
 1102              		.file 21 "./lib/chibios/os/hal/include/hal_streams.h"
 1103              		.file 22 "./lib/chibios/os/hal/ports/STM32/LLD/GPIOv2/stm32_gpio.h"
 1104              		.file 23 "./lib/chibios/os/hal/ports/STM32/LLD/GPIOv2/hal_pal_lld.h"
 1105              		.file 24 "./lib/chibios/os/hal/include/hal_i2c.h"
 1106              		.file 25 "./lib/chibios/os/hal/ports/STM32/LLD/I2Cv2/hal_i2c_lld.h"
 1107              		.file 26 "./lib/chibios/os/hal/include/hal_pwm.h"
 1108              		.file 27 "./lib/chibios/os/hal/ports/STM32/LLD/TIMv1/hal_pwm_lld.h"
 1109              		.file 28 "./lib/chibios/os/hal/include/hal_spi.h"
 1110              		.file 29 "./lib/chibios/os/hal/ports/STM32/LLD/SPIv2/hal_spi_lld.h"
 1111              		.file 30 "./lib/chibios/os/hal/include/hal_usb.h"
 1112              		.file 31 "./lib/chibios/os/hal/ports/STM32/LLD/USBv1/hal_usb_lld.h"
 1113              		.file 32 "c:\\msys64\\home\\kyleo\\qmk_utils\\gcc-arm-none-eabi\\lib\\gcc\\arm-none-eabi\\8.3.1\\i
 1114              		.file 33 "lib/chibios/os/hal/lib/streams/memstreams.h"
 1115              		.file 34 "<built-in>"
DEFINED SYMBOLS
                            *ABS*:00000000 chprintf.c
C:\Users\kyleo\AppData\Local\Temp\cc8DbRgX.s:17     .text.long_to_string_with_divisor.constprop.0:00000000 $t
C:\Users\kyleo\AppData\Local\Temp\cc8DbRgX.s:24     .text.long_to_string_with_divisor.constprop.0:00000000 long_to_string_with_divisor.constprop.0
C:\Users\kyleo\AppData\Local\Temp\cc8DbRgX.s:135    .text.chvprintf:00000000 $t
C:\Users\kyleo\AppData\Local\Temp\cc8DbRgX.s:142    .text.chvprintf:00000000 chvprintf
C:\Users\kyleo\AppData\Local\Temp\cc8DbRgX.s:887    .text.chvprintf:00000288 $d
C:\Users\kyleo\AppData\Local\Temp\cc8DbRgX.s:893    .text.chprintf:00000000 $t
C:\Users\kyleo\AppData\Local\Temp\cc8DbRgX.s:900    .text.chprintf:00000000 chprintf
C:\Users\kyleo\AppData\Local\Temp\cc8DbRgX.s:939    .text.chvsnprintf:00000000 $t
C:\Users\kyleo\AppData\Local\Temp\cc8DbRgX.s:946    .text.chvsnprintf:00000000 chvsnprintf
C:\Users\kyleo\AppData\Local\Temp\cc8DbRgX.s:1032   .text.chsnprintf:00000000 $t
C:\Users\kyleo\AppData\Local\Temp\cc8DbRgX.s:1039   .text.chsnprintf:00000000 chsnprintf

UNDEFINED SYMBOLS
__aeabi_uidivmod
msObjectInit
