   1              		.cpu cortex-m0
   2              		.eabi_attribute 20, 1
   3              		.eabi_attribute 21, 1
   4              		.eabi_attribute 23, 3
   5              		.eabi_attribute 24, 1
   6              		.eabi_attribute 25, 1
   7              		.eabi_attribute 26, 1
   8              		.eabi_attribute 30, 4
   9              		.eabi_attribute 34, 0
  10              		.eabi_attribute 18, 2
  11              		.file	"memstreams.c"
  12              		.text
  13              	.Ltext0:
  14              		.cfi_sections	.debug_frame
  15              		.section	.text._put,"ax",%progbits
  16              		.align	1
  17              		.arch armv6s-m
  18              		.syntax unified
  19              		.code	16
  20              		.thumb_func
  21              		.fpu softvfp
  23              	_put:
  24              	.LVL0:
  25              	.LFB188:
  26              		.file 1 "lib/chibios/os/hal/lib/streams/memstreams.c"
   1:lib/chibios/os/hal/lib/streams/memstreams.c **** /*
   2:lib/chibios/os/hal/lib/streams/memstreams.c ****     ChibiOS - Copyright (C) 2006..2018 Giovanni Di Sirio
   3:lib/chibios/os/hal/lib/streams/memstreams.c **** 
   4:lib/chibios/os/hal/lib/streams/memstreams.c ****     Licensed under the Apache License, Version 2.0 (the "License");
   5:lib/chibios/os/hal/lib/streams/memstreams.c ****     you may not use this file except in compliance with the License.
   6:lib/chibios/os/hal/lib/streams/memstreams.c ****     You may obtain a copy of the License at
   7:lib/chibios/os/hal/lib/streams/memstreams.c **** 
   8:lib/chibios/os/hal/lib/streams/memstreams.c ****         http://www.apache.org/licenses/LICENSE-2.0
   9:lib/chibios/os/hal/lib/streams/memstreams.c **** 
  10:lib/chibios/os/hal/lib/streams/memstreams.c ****     Unless required by applicable law or agreed to in writing, software
  11:lib/chibios/os/hal/lib/streams/memstreams.c ****     distributed under the License is distributed on an "AS IS" BASIS,
  12:lib/chibios/os/hal/lib/streams/memstreams.c ****     WITHOUT WARRANTIES OR CONDITIONS OF ANY KIND, either express or implied.
  13:lib/chibios/os/hal/lib/streams/memstreams.c ****     See the License for the specific language governing permissions and
  14:lib/chibios/os/hal/lib/streams/memstreams.c ****     limitations under the License.
  15:lib/chibios/os/hal/lib/streams/memstreams.c **** */
  16:lib/chibios/os/hal/lib/streams/memstreams.c **** 
  17:lib/chibios/os/hal/lib/streams/memstreams.c **** /**
  18:lib/chibios/os/hal/lib/streams/memstreams.c ****  * @file    memstreams.c
  19:lib/chibios/os/hal/lib/streams/memstreams.c ****  * @brief   Memory streams code.
  20:lib/chibios/os/hal/lib/streams/memstreams.c ****  *
  21:lib/chibios/os/hal/lib/streams/memstreams.c ****  * @addtogroup HAL_MEMORY_STREAMS
  22:lib/chibios/os/hal/lib/streams/memstreams.c ****  * @details Memory buffers handled as streams.
  23:lib/chibios/os/hal/lib/streams/memstreams.c ****  * @{
  24:lib/chibios/os/hal/lib/streams/memstreams.c ****  */
  25:lib/chibios/os/hal/lib/streams/memstreams.c **** 
  26:lib/chibios/os/hal/lib/streams/memstreams.c **** #include <string.h>
  27:lib/chibios/os/hal/lib/streams/memstreams.c **** 
  28:lib/chibios/os/hal/lib/streams/memstreams.c **** #include "hal.h"
  29:lib/chibios/os/hal/lib/streams/memstreams.c **** #include "memstreams.h"
  30:lib/chibios/os/hal/lib/streams/memstreams.c **** 
  31:lib/chibios/os/hal/lib/streams/memstreams.c **** /*===========================================================================*/
  32:lib/chibios/os/hal/lib/streams/memstreams.c **** /* Driver local definitions.                                                 */
  33:lib/chibios/os/hal/lib/streams/memstreams.c **** /*===========================================================================*/
  34:lib/chibios/os/hal/lib/streams/memstreams.c **** 
  35:lib/chibios/os/hal/lib/streams/memstreams.c **** /*===========================================================================*/
  36:lib/chibios/os/hal/lib/streams/memstreams.c **** /* Driver exported variables.                                                */
  37:lib/chibios/os/hal/lib/streams/memstreams.c **** /*===========================================================================*/
  38:lib/chibios/os/hal/lib/streams/memstreams.c **** 
  39:lib/chibios/os/hal/lib/streams/memstreams.c **** /*===========================================================================*/
  40:lib/chibios/os/hal/lib/streams/memstreams.c **** /* Driver local variables.                                                   */
  41:lib/chibios/os/hal/lib/streams/memstreams.c **** /*===========================================================================*/
  42:lib/chibios/os/hal/lib/streams/memstreams.c **** 
  43:lib/chibios/os/hal/lib/streams/memstreams.c **** /*===========================================================================*/
  44:lib/chibios/os/hal/lib/streams/memstreams.c **** /* Driver local functions.                                                   */
  45:lib/chibios/os/hal/lib/streams/memstreams.c **** /*===========================================================================*/
  46:lib/chibios/os/hal/lib/streams/memstreams.c **** 
  47:lib/chibios/os/hal/lib/streams/memstreams.c **** static size_t _writes(void *ip, const uint8_t *bp, size_t n) {
  48:lib/chibios/os/hal/lib/streams/memstreams.c ****   MemoryStream *msp = ip;
  49:lib/chibios/os/hal/lib/streams/memstreams.c **** 
  50:lib/chibios/os/hal/lib/streams/memstreams.c ****   if (msp->size - msp->eos < n)
  51:lib/chibios/os/hal/lib/streams/memstreams.c ****     n = msp->size - msp->eos;
  52:lib/chibios/os/hal/lib/streams/memstreams.c ****   memcpy(msp->buffer + msp->eos, bp, n);
  53:lib/chibios/os/hal/lib/streams/memstreams.c ****   msp->eos += n;
  54:lib/chibios/os/hal/lib/streams/memstreams.c ****   return n;
  55:lib/chibios/os/hal/lib/streams/memstreams.c **** }
  56:lib/chibios/os/hal/lib/streams/memstreams.c **** 
  57:lib/chibios/os/hal/lib/streams/memstreams.c **** static size_t _reads(void *ip, uint8_t *bp, size_t n) {
  58:lib/chibios/os/hal/lib/streams/memstreams.c ****   MemoryStream *msp = ip;
  59:lib/chibios/os/hal/lib/streams/memstreams.c **** 
  60:lib/chibios/os/hal/lib/streams/memstreams.c ****   if (msp->eos - msp->offset < n)
  61:lib/chibios/os/hal/lib/streams/memstreams.c ****     n = msp->eos - msp->offset;
  62:lib/chibios/os/hal/lib/streams/memstreams.c ****   memcpy(bp, msp->buffer + msp->offset, n);
  63:lib/chibios/os/hal/lib/streams/memstreams.c ****   msp->offset += n;
  64:lib/chibios/os/hal/lib/streams/memstreams.c ****   return n;
  65:lib/chibios/os/hal/lib/streams/memstreams.c **** }
  66:lib/chibios/os/hal/lib/streams/memstreams.c **** 
  67:lib/chibios/os/hal/lib/streams/memstreams.c **** static msg_t _put(void *ip, uint8_t b) {
  27              		.loc 1 67 40 view -0
  28              		.cfi_startproc
  29              		@ args = 0, pretend = 0, frame = 0
  30              		@ frame_needed = 0, uses_anonymous_args = 0
  31              		@ link register save eliminated.
  68:lib/chibios/os/hal/lib/streams/memstreams.c ****   MemoryStream *msp = ip;
  32              		.loc 1 68 3 view .LVU1
  69:lib/chibios/os/hal/lib/streams/memstreams.c **** 
  70:lib/chibios/os/hal/lib/streams/memstreams.c ****   if (msp->size - msp->eos <= 0)
  33              		.loc 1 70 3 view .LVU2
  34              		.loc 1 70 22 is_stmt 0 view .LVU3
  35 0000 C368     		ldr	r3, [r0, #12]
  36              		.loc 1 70 6 view .LVU4
  37 0002 8268     		ldr	r2, [r0, #8]
  38 0004 9A42     		cmp	r2, r3
  39 0006 06D0     		beq	.L3
  71:lib/chibios/os/hal/lib/streams/memstreams.c ****     return MSG_RESET;
  72:lib/chibios/os/hal/lib/streams/memstreams.c ****   *(msp->buffer + msp->eos) = b;
  40              		.loc 1 72 3 is_stmt 1 view .LVU5
  41              		.loc 1 72 29 is_stmt 0 view .LVU6
  42 0008 4268     		ldr	r2, [r0, #4]
  43 000a D154     		strb	r1, [r2, r3]
  73:lib/chibios/os/hal/lib/streams/memstreams.c ****   msp->eos += 1;
  44              		.loc 1 73 3 is_stmt 1 view .LVU7
  45              		.loc 1 73 12 is_stmt 0 view .LVU8
  46 000c C368     		ldr	r3, [r0, #12]
  47 000e 0133     		adds	r3, r3, #1
  48 0010 C360     		str	r3, [r0, #12]
  74:lib/chibios/os/hal/lib/streams/memstreams.c ****   return MSG_OK;
  49              		.loc 1 74 3 is_stmt 1 view .LVU9
  50              		.loc 1 74 10 is_stmt 0 view .LVU10
  51 0012 0020     		movs	r0, #0
  52              	.LVL1:
  53              	.L1:
  75:lib/chibios/os/hal/lib/streams/memstreams.c **** }
  54              		.loc 1 75 1 view .LVU11
  55              		@ sp needed
  56 0014 7047     		bx	lr
  57              	.LVL2:
  58              	.L3:
  71:lib/chibios/os/hal/lib/streams/memstreams.c ****   *(msp->buffer + msp->eos) = b;
  59              		.loc 1 71 12 view .LVU12
  60 0016 0220     		movs	r0, #2
  61              	.LVL3:
  71:lib/chibios/os/hal/lib/streams/memstreams.c ****   *(msp->buffer + msp->eos) = b;
  62              		.loc 1 71 12 view .LVU13
  63 0018 4042     		rsbs	r0, r0, #0
  64 001a FBE7     		b	.L1
  65              		.cfi_endproc
  66              	.LFE188:
  68              		.section	.text._get,"ax",%progbits
  69              		.align	1
  70              		.syntax unified
  71              		.code	16
  72              		.thumb_func
  73              		.fpu softvfp
  75              	_get:
  76              	.LVL4:
  77              	.LFB189:
  76:lib/chibios/os/hal/lib/streams/memstreams.c **** 
  77:lib/chibios/os/hal/lib/streams/memstreams.c **** static msg_t _get(void *ip) {
  78              		.loc 1 77 29 is_stmt 1 view -0
  79              		.cfi_startproc
  80              		@ args = 0, pretend = 0, frame = 0
  81              		@ frame_needed = 0, uses_anonymous_args = 0
  82              		@ link register save eliminated.
  78:lib/chibios/os/hal/lib/streams/memstreams.c ****   uint8_t b;
  83              		.loc 1 78 3 view .LVU15
  79:lib/chibios/os/hal/lib/streams/memstreams.c ****   MemoryStream *msp = ip;
  84              		.loc 1 79 3 view .LVU16
  80:lib/chibios/os/hal/lib/streams/memstreams.c **** 
  81:lib/chibios/os/hal/lib/streams/memstreams.c ****   if (msp->eos - msp->offset <= 0)
  85              		.loc 1 81 3 view .LVU17
  86              		.loc 1 81 21 is_stmt 0 view .LVU18
  87 0000 0369     		ldr	r3, [r0, #16]
  88              		.loc 1 81 6 view .LVU19
  89 0002 C268     		ldr	r2, [r0, #12]
  90 0004 9A42     		cmp	r2, r3
  91 0006 05D0     		beq	.L6
  82:lib/chibios/os/hal/lib/streams/memstreams.c ****     return MSG_RESET;
  83:lib/chibios/os/hal/lib/streams/memstreams.c ****   b = *(msp->buffer + msp->offset);
  92              		.loc 1 83 3 is_stmt 1 view .LVU20
  93              		.loc 1 83 5 is_stmt 0 view .LVU21
  94 0008 4268     		ldr	r2, [r0, #4]
  95 000a D25C     		ldrb	r2, [r2, r3]
  96              	.LVL5:
  84:lib/chibios/os/hal/lib/streams/memstreams.c ****   msp->offset += 1;
  97              		.loc 1 84 3 is_stmt 1 view .LVU22
  98              		.loc 1 84 15 is_stmt 0 view .LVU23
  99 000c 0133     		adds	r3, r3, #1
 100 000e 0361     		str	r3, [r0, #16]
  85:lib/chibios/os/hal/lib/streams/memstreams.c ****   return b;
 101              		.loc 1 85 3 is_stmt 1 view .LVU24
 102              		.loc 1 85 10 is_stmt 0 view .LVU25
 103 0010 1000     		movs	r0, r2
 104              	.LVL6:
 105              	.L4:
  86:lib/chibios/os/hal/lib/streams/memstreams.c **** }
 106              		.loc 1 86 1 view .LVU26
 107              		@ sp needed
 108 0012 7047     		bx	lr
 109              	.LVL7:
 110              	.L6:
  82:lib/chibios/os/hal/lib/streams/memstreams.c ****   b = *(msp->buffer + msp->offset);
 111              		.loc 1 82 12 view .LVU27
 112 0014 0220     		movs	r0, #2
 113              	.LVL8:
  82:lib/chibios/os/hal/lib/streams/memstreams.c ****   b = *(msp->buffer + msp->offset);
 114              		.loc 1 82 12 view .LVU28
 115 0016 4042     		rsbs	r0, r0, #0
 116 0018 FBE7     		b	.L4
 117              		.cfi_endproc
 118              	.LFE189:
 120              		.section	.text._reads,"ax",%progbits
 121              		.align	1
 122              		.syntax unified
 123              		.code	16
 124              		.thumb_func
 125              		.fpu softvfp
 127              	_reads:
 128              	.LVL9:
 129              	.LFB187:
  57:lib/chibios/os/hal/lib/streams/memstreams.c ****   MemoryStream *msp = ip;
 130              		.loc 1 57 55 is_stmt 1 view -0
 131              		.cfi_startproc
 132              		@ args = 0, pretend = 0, frame = 0
 133              		@ frame_needed = 0, uses_anonymous_args = 0
  58:lib/chibios/os/hal/lib/streams/memstreams.c **** 
 134              		.loc 1 58 3 view .LVU30
  57:lib/chibios/os/hal/lib/streams/memstreams.c ****   MemoryStream *msp = ip;
 135              		.loc 1 57 55 is_stmt 0 view .LVU31
 136 0000 70B5     		push	{r4, r5, r6, lr}
 137              		.cfi_def_cfa_offset 16
 138              		.cfi_offset 4, -16
 139              		.cfi_offset 5, -12
 140              		.cfi_offset 6, -8
 141              		.cfi_offset 14, -4
  57:lib/chibios/os/hal/lib/streams/memstreams.c ****   MemoryStream *msp = ip;
 142              		.loc 1 57 55 view .LVU32
 143 0002 0500     		movs	r5, r0
 144              	.LVL10:
  60:lib/chibios/os/hal/lib/streams/memstreams.c ****     n = msp->eos - msp->offset;
 145              		.loc 1 60 3 is_stmt 1 view .LVU33
  57:lib/chibios/os/hal/lib/streams/memstreams.c ****   MemoryStream *msp = ip;
 146              		.loc 1 57 55 is_stmt 0 view .LVU34
 147 0004 0800     		movs	r0, r1
 148              	.LVL11:
  60:lib/chibios/os/hal/lib/streams/memstreams.c ****     n = msp->eos - msp->offset;
 149              		.loc 1 60 16 view .LVU35
 150 0006 EB68     		ldr	r3, [r5, #12]
  60:lib/chibios/os/hal/lib/streams/memstreams.c ****     n = msp->eos - msp->offset;
 151              		.loc 1 60 21 view .LVU36
 152 0008 2969     		ldr	r1, [r5, #16]
 153              	.LVL12:
  60:lib/chibios/os/hal/lib/streams/memstreams.c ****     n = msp->eos - msp->offset;
 154              		.loc 1 60 16 view .LVU37
 155 000a 5C1A     		subs	r4, r3, r1
 156 000c 9442     		cmp	r4, r2
 157 000e 00D9     		bls	.L8
 158 0010 1400     		movs	r4, r2
 159              	.L8:
 160              	.LVL13:
  62:lib/chibios/os/hal/lib/streams/memstreams.c ****   msp->offset += n;
 161              		.loc 1 62 3 is_stmt 1 view .LVU38
  62:lib/chibios/os/hal/lib/streams/memstreams.c ****   msp->offset += n;
 162              		.loc 1 62 26 is_stmt 0 view .LVU39
 163 0012 6B68     		ldr	r3, [r5, #4]
  62:lib/chibios/os/hal/lib/streams/memstreams.c ****   msp->offset += n;
 164              		.loc 1 62 3 view .LVU40
 165 0014 2200     		movs	r2, r4
  62:lib/chibios/os/hal/lib/streams/memstreams.c ****   msp->offset += n;
 166              		.loc 1 62 26 view .LVU41
 167 0016 5918     		adds	r1, r3, r1
  62:lib/chibios/os/hal/lib/streams/memstreams.c ****   msp->offset += n;
 168              		.loc 1 62 3 view .LVU42
 169 0018 FFF7FEFF 		bl	memcpy
 170              	.LVL14:
  63:lib/chibios/os/hal/lib/streams/memstreams.c ****   return n;
 171              		.loc 1 63 3 is_stmt 1 view .LVU43
  63:lib/chibios/os/hal/lib/streams/memstreams.c ****   return n;
 172              		.loc 1 63 15 is_stmt 0 view .LVU44
 173 001c 2B69     		ldr	r3, [r5, #16]
  65:lib/chibios/os/hal/lib/streams/memstreams.c **** 
 174              		.loc 1 65 1 view .LVU45
 175 001e 2000     		movs	r0, r4
  63:lib/chibios/os/hal/lib/streams/memstreams.c ****   return n;
 176              		.loc 1 63 15 view .LVU46
 177 0020 1B19     		adds	r3, r3, r4
 178 0022 2B61     		str	r3, [r5, #16]
  64:lib/chibios/os/hal/lib/streams/memstreams.c **** }
 179              		.loc 1 64 3 is_stmt 1 view .LVU47
  65:lib/chibios/os/hal/lib/streams/memstreams.c **** 
 180              		.loc 1 65 1 is_stmt 0 view .LVU48
 181              		@ sp needed
 182              	.LVL15:
 183              	.LVL16:
  65:lib/chibios/os/hal/lib/streams/memstreams.c **** 
 184              		.loc 1 65 1 view .LVU49
 185 0024 70BD     		pop	{r4, r5, r6, pc}
 186              		.cfi_endproc
 187              	.LFE187:
 189              		.section	.text._writes,"ax",%progbits
 190              		.align	1
 191              		.syntax unified
 192              		.code	16
 193              		.thumb_func
 194              		.fpu softvfp
 196              	_writes:
 197              	.LVL17:
 198              	.LFB186:
  47:lib/chibios/os/hal/lib/streams/memstreams.c ****   MemoryStream *msp = ip;
 199              		.loc 1 47 62 is_stmt 1 view -0
 200              		.cfi_startproc
 201              		@ args = 0, pretend = 0, frame = 0
 202              		@ frame_needed = 0, uses_anonymous_args = 0
  48:lib/chibios/os/hal/lib/streams/memstreams.c **** 
 203              		.loc 1 48 3 view .LVU51
  50:lib/chibios/os/hal/lib/streams/memstreams.c ****     n = msp->size - msp->eos;
 204              		.loc 1 50 3 view .LVU52
  47:lib/chibios/os/hal/lib/streams/memstreams.c ****   MemoryStream *msp = ip;
 205              		.loc 1 47 62 is_stmt 0 view .LVU53
 206 0000 70B5     		push	{r4, r5, r6, lr}
 207              		.cfi_def_cfa_offset 16
 208              		.cfi_offset 4, -16
 209              		.cfi_offset 5, -12
 210              		.cfi_offset 6, -8
 211              		.cfi_offset 14, -4
  47:lib/chibios/os/hal/lib/streams/memstreams.c ****   MemoryStream *msp = ip;
 212              		.loc 1 47 62 view .LVU54
 213 0002 0500     		movs	r5, r0
  50:lib/chibios/os/hal/lib/streams/memstreams.c ****     n = msp->size - msp->eos;
 214              		.loc 1 50 22 view .LVU55
 215 0004 C068     		ldr	r0, [r0, #12]
 216              	.LVL18:
  50:lib/chibios/os/hal/lib/streams/memstreams.c ****     n = msp->size - msp->eos;
 217              		.loc 1 50 17 view .LVU56
 218 0006 AB68     		ldr	r3, [r5, #8]
 219 0008 1C1A     		subs	r4, r3, r0
 220 000a 9442     		cmp	r4, r2
 221 000c 00D9     		bls	.L10
 222 000e 1400     		movs	r4, r2
 223              	.L10:
 224              	.LVL19:
  52:lib/chibios/os/hal/lib/streams/memstreams.c ****   msp->eos += n;
 225              		.loc 1 52 3 is_stmt 1 view .LVU57
  52:lib/chibios/os/hal/lib/streams/memstreams.c ****   msp->eos += n;
 226              		.loc 1 52 22 is_stmt 0 view .LVU58
 227 0010 6B68     		ldr	r3, [r5, #4]
  52:lib/chibios/os/hal/lib/streams/memstreams.c ****   msp->eos += n;
 228              		.loc 1 52 3 view .LVU59
 229 0012 2200     		movs	r2, r4
  52:lib/chibios/os/hal/lib/streams/memstreams.c ****   msp->eos += n;
 230              		.loc 1 52 22 view .LVU60
 231 0014 1818     		adds	r0, r3, r0
  52:lib/chibios/os/hal/lib/streams/memstreams.c ****   msp->eos += n;
 232              		.loc 1 52 3 view .LVU61
 233 0016 FFF7FEFF 		bl	memcpy
 234              	.LVL20:
  53:lib/chibios/os/hal/lib/streams/memstreams.c ****   return n;
 235              		.loc 1 53 3 is_stmt 1 view .LVU62
  53:lib/chibios/os/hal/lib/streams/memstreams.c ****   return n;
 236              		.loc 1 53 12 is_stmt 0 view .LVU63
 237 001a EB68     		ldr	r3, [r5, #12]
  55:lib/chibios/os/hal/lib/streams/memstreams.c **** 
 238              		.loc 1 55 1 view .LVU64
 239 001c 2000     		movs	r0, r4
  53:lib/chibios/os/hal/lib/streams/memstreams.c ****   return n;
 240              		.loc 1 53 12 view .LVU65
 241 001e 1B19     		adds	r3, r3, r4
 242 0020 EB60     		str	r3, [r5, #12]
  54:lib/chibios/os/hal/lib/streams/memstreams.c **** }
 243              		.loc 1 54 3 is_stmt 1 view .LVU66
  55:lib/chibios/os/hal/lib/streams/memstreams.c **** 
 244              		.loc 1 55 1 is_stmt 0 view .LVU67
 245              		@ sp needed
 246              	.LVL21:
 247              	.LVL22:
  55:lib/chibios/os/hal/lib/streams/memstreams.c **** 
 248              		.loc 1 55 1 view .LVU68
 249 0022 70BD     		pop	{r4, r5, r6, pc}
 250              		.cfi_endproc
 251              	.LFE186:
 253              		.section	.text.msObjectInit,"ax",%progbits
 254              		.align	1
 255              		.global	msObjectInit
 256              		.syntax unified
 257              		.code	16
 258              		.thumb_func
 259              		.fpu softvfp
 261              	msObjectInit:
 262              	.LVL23:
 263              	.LFB190:
  87:lib/chibios/os/hal/lib/streams/memstreams.c **** 
  88:lib/chibios/os/hal/lib/streams/memstreams.c **** static const struct MemStreamVMT vmt = {(size_t)0, _writes, _reads, _put, _get};
  89:lib/chibios/os/hal/lib/streams/memstreams.c **** 
  90:lib/chibios/os/hal/lib/streams/memstreams.c **** /*===========================================================================*/
  91:lib/chibios/os/hal/lib/streams/memstreams.c **** /* Driver exported functions.                                                */
  92:lib/chibios/os/hal/lib/streams/memstreams.c **** /*===========================================================================*/
  93:lib/chibios/os/hal/lib/streams/memstreams.c **** 
  94:lib/chibios/os/hal/lib/streams/memstreams.c **** /**
  95:lib/chibios/os/hal/lib/streams/memstreams.c ****  * @brief   Memory stream object initialization.
  96:lib/chibios/os/hal/lib/streams/memstreams.c ****  *
  97:lib/chibios/os/hal/lib/streams/memstreams.c ****  * @param[out] msp      pointer to the @p MemoryStream object to be initialized
  98:lib/chibios/os/hal/lib/streams/memstreams.c ****  * @param[in] buffer    pointer to the memory buffer for the memory stream
  99:lib/chibios/os/hal/lib/streams/memstreams.c ****  * @param[in] size      total size of the memory stream buffer
 100:lib/chibios/os/hal/lib/streams/memstreams.c ****  * @param[in] eos       initial End Of Stream offset. Normally you need to
 101:lib/chibios/os/hal/lib/streams/memstreams.c ****  *                      put this to zero for RAM buffers or equal to @p size
 102:lib/chibios/os/hal/lib/streams/memstreams.c ****  *                      for ROM streams.
 103:lib/chibios/os/hal/lib/streams/memstreams.c ****  */
 104:lib/chibios/os/hal/lib/streams/memstreams.c **** void msObjectInit(MemoryStream *msp, uint8_t *buffer,
 105:lib/chibios/os/hal/lib/streams/memstreams.c ****                   size_t size, size_t eos) {
 264              		.loc 1 105 44 is_stmt 1 view -0
 265              		.cfi_startproc
 266              		@ args = 0, pretend = 0, frame = 0
 267              		@ frame_needed = 0, uses_anonymous_args = 0
 106:lib/chibios/os/hal/lib/streams/memstreams.c **** 
 107:lib/chibios/os/hal/lib/streams/memstreams.c ****   msp->vmt    = &vmt;
 268              		.loc 1 107 3 view .LVU70
 108:lib/chibios/os/hal/lib/streams/memstreams.c ****   msp->buffer = buffer;
 109:lib/chibios/os/hal/lib/streams/memstreams.c ****   msp->size   = size;
 110:lib/chibios/os/hal/lib/streams/memstreams.c ****   msp->eos    = eos;
 269              		.loc 1 110 15 is_stmt 0 view .LVU71
 270 0000 C360     		str	r3, [r0, #12]
 111:lib/chibios/os/hal/lib/streams/memstreams.c ****   msp->offset = 0;
 271              		.loc 1 111 15 view .LVU72
 272 0002 0023     		movs	r3, #0
 273              	.LVL24:
 105:lib/chibios/os/hal/lib/streams/memstreams.c **** 
 274              		.loc 1 105 44 view .LVU73
 275 0004 10B5     		push	{r4, lr}
 276              		.cfi_def_cfa_offset 8
 277              		.cfi_offset 4, -8
 278              		.cfi_offset 14, -4
 107:lib/chibios/os/hal/lib/streams/memstreams.c ****   msp->buffer = buffer;
 279              		.loc 1 107 15 view .LVU74
 280 0006 034C     		ldr	r4, .L12
 108:lib/chibios/os/hal/lib/streams/memstreams.c ****   msp->size   = size;
 281              		.loc 1 108 15 view .LVU75
 282 0008 4160     		str	r1, [r0, #4]
 107:lib/chibios/os/hal/lib/streams/memstreams.c ****   msp->buffer = buffer;
 283              		.loc 1 107 15 view .LVU76
 284 000a 0460     		str	r4, [r0]
 108:lib/chibios/os/hal/lib/streams/memstreams.c ****   msp->size   = size;
 285              		.loc 1 108 3 is_stmt 1 view .LVU77
 109:lib/chibios/os/hal/lib/streams/memstreams.c ****   msp->eos    = eos;
 286              		.loc 1 109 3 view .LVU78
 109:lib/chibios/os/hal/lib/streams/memstreams.c ****   msp->eos    = eos;
 287              		.loc 1 109 15 is_stmt 0 view .LVU79
 288 000c 8260     		str	r2, [r0, #8]
 110:lib/chibios/os/hal/lib/streams/memstreams.c ****   msp->offset = 0;
 289              		.loc 1 110 3 is_stmt 1 view .LVU80
 290              		.loc 1 111 3 view .LVU81
 291              		.loc 1 111 15 is_stmt 0 view .LVU82
 292 000e 0361     		str	r3, [r0, #16]
 112:lib/chibios/os/hal/lib/streams/memstreams.c **** }
 293              		.loc 1 112 1 view .LVU83
 294              		@ sp needed
 295 0010 10BD     		pop	{r4, pc}
 296              	.L13:
 297 0012 C046     		.align	2
 298              	.L12:
 299 0014 00000000 		.word	.LANCHOR0
 300              		.cfi_endproc
 301              	.LFE190:
 303              		.section	.rodata.vmt,"a"
 304              		.align	2
 305              		.set	.LANCHOR0,. + 0
 308              	vmt:
 309 0000 00000000 		.word	0
 310 0004 00000000 		.word	_writes
 311 0008 00000000 		.word	_reads
 312 000c 00000000 		.word	_put
 313 0010 00000000 		.word	_get
 314              		.text
 315              	.Letext0:
 316              		.file 2 "c:\\msys64\\home\\kyleo\\qmk_utils\\gcc-arm-none-eabi\\lib\\gcc\\arm-none-eabi\\8.3.1\\in
 317              		.file 3 "c:\\msys64\\home\\kyleo\\qmk_utils\\gcc-arm-none-eabi\\arm-none-eabi\\include\\machine\\_
 318              		.file 4 "c:\\msys64\\home\\kyleo\\qmk_utils\\gcc-arm-none-eabi\\arm-none-eabi\\include\\sys\\_type
 319              		.file 5 "c:\\msys64\\home\\kyleo\\qmk_utils\\gcc-arm-none-eabi\\arm-none-eabi\\include\\sys\\reent
 320              		.file 6 "c:\\msys64\\home\\kyleo\\qmk_utils\\gcc-arm-none-eabi\\arm-none-eabi\\include\\sys\\lock.
 321              		.file 7 "c:\\msys64\\home\\kyleo\\qmk_utils\\gcc-arm-none-eabi\\arm-none-eabi\\include\\sys\\_stdi
 322              		.file 8 "c:\\msys64\\home\\kyleo\\qmk_utils\\gcc-arm-none-eabi\\arm-none-eabi\\include\\stdint.h"
 323              		.file 9 "./lib/chibios/os/common/ports/ARMCMx/compilers/GCC/chtypes.h"
 324              		.file 10 "./lib/chibios/os/rt/include/chsystypes.h"
 325              		.file 11 "./lib/chibios/os/rt/include/chschd.h"
 326              		.file 12 "./lib/chibios/os/rt/include/chtime.h"
 327              		.file 13 "./lib/chibios/os/common/ext/ST/STM32F0xx/system_stm32f0xx.h"
 328              		.file 14 "./lib/chibios/os/common/ext/ST/STM32F0xx/stm32f072xb.h"
 329              		.file 15 "./lib/chibios/os/common/ports/ARMCMx/chcore.h"
 330              		.file 16 "./lib/chibios/os/common/ports/ARMCMx/chcore_v6m.h"
 331              		.file 17 "./lib/chibios/os/hal/ports/STM32/LLD/TIMv1/stm32_tim.h"
 332              		.file 18 "./lib/chibios/os/rt/include/chsem.h"
 333              		.file 19 "./lib/chibios/os/rt/include/chmtx.h"
 334              		.file 20 "./lib/chibios/os/rt/include/chsys.h"
 335              		.file 21 "./lib/chibios/os/rt/include/chregistry.h"
 336              		.file 22 "./lib/chibios/os/oslib/include/chmemcore.h"
 337              		.file 23 "./lib/chibios/os/hal/ports/STM32/LLD/DMAv1/stm32_dma.h"
 338              		.file 24 "./lib/chibios/os/hal/ports/STM32/LLD/GPIOv2/stm32_gpio.h"
 339              		.file 25 "./lib/chibios/os/hal/ports/STM32/LLD/GPIOv2/hal_pal_lld.h"
 340              		.file 26 "./lib/chibios/os/hal/include/hal_i2c.h"
 341              		.file 27 "./lib/chibios/os/hal/ports/STM32/LLD/I2Cv2/hal_i2c_lld.h"
 342              		.file 28 "./lib/chibios/os/hal/include/hal_pwm.h"
 343              		.file 29 "./lib/chibios/os/hal/ports/STM32/LLD/TIMv1/hal_pwm_lld.h"
 344              		.file 30 "./lib/chibios/os/hal/include/hal_spi.h"
 345              		.file 31 "./lib/chibios/os/hal/ports/STM32/LLD/SPIv2/hal_spi_lld.h"
 346              		.file 32 "./lib/chibios/os/hal/include/hal_usb.h"
 347              		.file 33 "./lib/chibios/os/hal/ports/STM32/LLD/USBv1/hal_usb_lld.h"
 348              		.file 34 "lib/chibios/os/hal/lib/streams/memstreams.h"
 349              		.file 35 "<built-in>"
DEFINED SYMBOLS
                            *ABS*:00000000 memstreams.c
C:\Users\kyleo\AppData\Local\Temp\cc3ggLBi.s:16     .text._put:00000000 $t
C:\Users\kyleo\AppData\Local\Temp\cc3ggLBi.s:23     .text._put:00000000 _put
C:\Users\kyleo\AppData\Local\Temp\cc3ggLBi.s:69     .text._get:00000000 $t
C:\Users\kyleo\AppData\Local\Temp\cc3ggLBi.s:75     .text._get:00000000 _get
C:\Users\kyleo\AppData\Local\Temp\cc3ggLBi.s:121    .text._reads:00000000 $t
C:\Users\kyleo\AppData\Local\Temp\cc3ggLBi.s:127    .text._reads:00000000 _reads
C:\Users\kyleo\AppData\Local\Temp\cc3ggLBi.s:190    .text._writes:00000000 $t
C:\Users\kyleo\AppData\Local\Temp\cc3ggLBi.s:196    .text._writes:00000000 _writes
C:\Users\kyleo\AppData\Local\Temp\cc3ggLBi.s:254    .text.msObjectInit:00000000 $t
C:\Users\kyleo\AppData\Local\Temp\cc3ggLBi.s:261    .text.msObjectInit:00000000 msObjectInit
C:\Users\kyleo\AppData\Local\Temp\cc3ggLBi.s:299    .text.msObjectInit:00000014 $d
C:\Users\kyleo\AppData\Local\Temp\cc3ggLBi.s:304    .rodata.vmt:00000000 $d
C:\Users\kyleo\AppData\Local\Temp\cc3ggLBi.s:308    .rodata.vmt:00000000 vmt

UNDEFINED SYMBOLS
memcpy
