   1              		.cpu cortex-m0
   2              		.eabi_attribute 20, 1
   3              		.eabi_attribute 21, 1
   4              		.eabi_attribute 23, 3
   5              		.eabi_attribute 24, 1
   6              		.eabi_attribute 25, 1
   7              		.eabi_attribute 26, 1
   8              		.eabi_attribute 30, 4
   9              		.eabi_attribute 34, 0
  10              		.eabi_attribute 18, 2
  11              		.file	"nullstreams.c"
  12              		.text
  13              	.Ltext0:
  14              		.cfi_sections	.debug_frame
  15              		.section	.text.writes,"ax",%progbits
  16              		.align	1
  17              		.arch armv6s-m
  18              		.syntax unified
  19              		.code	16
  20              		.thumb_func
  21              		.fpu softvfp
  23              	writes:
  24              	.LVL0:
  25              	.LFB186:
  26              		.file 1 "lib/chibios/os/hal/lib/streams/nullstreams.c"
   1:lib/chibios/os/hal/lib/streams/nullstreams.c **** /*
   2:lib/chibios/os/hal/lib/streams/nullstreams.c ****     ChibiOS - Copyright (C) 2006..2018 Giovanni Di Sirio
   3:lib/chibios/os/hal/lib/streams/nullstreams.c **** 
   4:lib/chibios/os/hal/lib/streams/nullstreams.c ****     Licensed under the Apache License, Version 2.0 (the "License");
   5:lib/chibios/os/hal/lib/streams/nullstreams.c ****     you may not use this file except in compliance with the License.
   6:lib/chibios/os/hal/lib/streams/nullstreams.c ****     You may obtain a copy of the License at
   7:lib/chibios/os/hal/lib/streams/nullstreams.c **** 
   8:lib/chibios/os/hal/lib/streams/nullstreams.c ****         http://www.apache.org/licenses/LICENSE-2.0
   9:lib/chibios/os/hal/lib/streams/nullstreams.c **** 
  10:lib/chibios/os/hal/lib/streams/nullstreams.c ****     Unless required by applicable law or agreed to in writing, software
  11:lib/chibios/os/hal/lib/streams/nullstreams.c ****     distributed under the License is distributed on an "AS IS" BASIS,
  12:lib/chibios/os/hal/lib/streams/nullstreams.c ****     WITHOUT WARRANTIES OR CONDITIONS OF ANY KIND, either express or implied.
  13:lib/chibios/os/hal/lib/streams/nullstreams.c ****     See the License for the specific language governing permissions and
  14:lib/chibios/os/hal/lib/streams/nullstreams.c ****     limitations under the License.
  15:lib/chibios/os/hal/lib/streams/nullstreams.c **** */
  16:lib/chibios/os/hal/lib/streams/nullstreams.c **** 
  17:lib/chibios/os/hal/lib/streams/nullstreams.c **** /**
  18:lib/chibios/os/hal/lib/streams/nullstreams.c ****  * @file    nullstreams.c
  19:lib/chibios/os/hal/lib/streams/nullstreams.c ****  * @brief   Null streams code.
  20:lib/chibios/os/hal/lib/streams/nullstreams.c ****  *
  21:lib/chibios/os/hal/lib/streams/nullstreams.c ****  * @addtogroup HAL_NULL_STREAMS
  22:lib/chibios/os/hal/lib/streams/nullstreams.c ****  * @details A null streams.
  23:lib/chibios/os/hal/lib/streams/nullstreams.c ****  * @{
  24:lib/chibios/os/hal/lib/streams/nullstreams.c ****  */
  25:lib/chibios/os/hal/lib/streams/nullstreams.c **** 
  26:lib/chibios/os/hal/lib/streams/nullstreams.c **** #include "hal.h"
  27:lib/chibios/os/hal/lib/streams/nullstreams.c **** #include "nullstreams.h"
  28:lib/chibios/os/hal/lib/streams/nullstreams.c **** 
  29:lib/chibios/os/hal/lib/streams/nullstreams.c **** /*===========================================================================*/
  30:lib/chibios/os/hal/lib/streams/nullstreams.c **** /* Driver local definitions.                                                 */
  31:lib/chibios/os/hal/lib/streams/nullstreams.c **** /*===========================================================================*/
  32:lib/chibios/os/hal/lib/streams/nullstreams.c **** 
  33:lib/chibios/os/hal/lib/streams/nullstreams.c **** /*===========================================================================*/
  34:lib/chibios/os/hal/lib/streams/nullstreams.c **** /* Driver exported variables.                                                */
  35:lib/chibios/os/hal/lib/streams/nullstreams.c **** /*===========================================================================*/
  36:lib/chibios/os/hal/lib/streams/nullstreams.c **** 
  37:lib/chibios/os/hal/lib/streams/nullstreams.c **** /*===========================================================================*/
  38:lib/chibios/os/hal/lib/streams/nullstreams.c **** /* Driver local variables.                                                   */
  39:lib/chibios/os/hal/lib/streams/nullstreams.c **** /*===========================================================================*/
  40:lib/chibios/os/hal/lib/streams/nullstreams.c **** 
  41:lib/chibios/os/hal/lib/streams/nullstreams.c **** /*===========================================================================*/
  42:lib/chibios/os/hal/lib/streams/nullstreams.c **** /* Driver local functions.                                                   */
  43:lib/chibios/os/hal/lib/streams/nullstreams.c **** /*===========================================================================*/
  44:lib/chibios/os/hal/lib/streams/nullstreams.c **** 
  45:lib/chibios/os/hal/lib/streams/nullstreams.c **** static size_t writes(void *ip, const uint8_t *bp, size_t n) {
  27              		.loc 1 45 61 view -0
  28              		.cfi_startproc
  29              		@ args = 0, pretend = 0, frame = 0
  30              		@ frame_needed = 0, uses_anonymous_args = 0
  31              		@ link register save eliminated.
  46:lib/chibios/os/hal/lib/streams/nullstreams.c **** 
  47:lib/chibios/os/hal/lib/streams/nullstreams.c ****   (void)ip;
  32              		.loc 1 47 3 view .LVU1
  48:lib/chibios/os/hal/lib/streams/nullstreams.c ****   (void)bp;
  33              		.loc 1 48 3 view .LVU2
  49:lib/chibios/os/hal/lib/streams/nullstreams.c **** 
  50:lib/chibios/os/hal/lib/streams/nullstreams.c ****   return n;
  34              		.loc 1 50 3 view .LVU3
  51:lib/chibios/os/hal/lib/streams/nullstreams.c **** }
  35              		.loc 1 51 1 is_stmt 0 view .LVU4
  36 0000 1000     		movs	r0, r2
  37              	.LVL1:
  38              		.loc 1 51 1 view .LVU5
  39              		@ sp needed
  40 0002 7047     		bx	lr
  41              		.cfi_endproc
  42              	.LFE186:
  44              		.section	.text.reads,"ax",%progbits
  45              		.align	1
  46              		.syntax unified
  47              		.code	16
  48              		.thumb_func
  49              		.fpu softvfp
  51              	reads:
  52              	.LVL2:
  53              	.LFB187:
  52:lib/chibios/os/hal/lib/streams/nullstreams.c **** 
  53:lib/chibios/os/hal/lib/streams/nullstreams.c **** static size_t reads(void *ip, uint8_t *bp, size_t n) {
  54              		.loc 1 53 54 is_stmt 1 view -0
  55              		.cfi_startproc
  56              		@ args = 0, pretend = 0, frame = 0
  57              		@ frame_needed = 0, uses_anonymous_args = 0
  58              		@ link register save eliminated.
  54:lib/chibios/os/hal/lib/streams/nullstreams.c **** 
  55:lib/chibios/os/hal/lib/streams/nullstreams.c ****   (void)ip;
  59              		.loc 1 55 3 view .LVU7
  56:lib/chibios/os/hal/lib/streams/nullstreams.c ****   (void)bp;
  60              		.loc 1 56 3 view .LVU8
  57:lib/chibios/os/hal/lib/streams/nullstreams.c ****   (void)n;
  61              		.loc 1 57 3 view .LVU9
  58:lib/chibios/os/hal/lib/streams/nullstreams.c **** 
  59:lib/chibios/os/hal/lib/streams/nullstreams.c ****   return 0;
  62              		.loc 1 59 3 view .LVU10
  60:lib/chibios/os/hal/lib/streams/nullstreams.c **** }
  63              		.loc 1 60 1 is_stmt 0 view .LVU11
  64 0000 0020     		movs	r0, #0
  65              	.LVL3:
  66              		.loc 1 60 1 view .LVU12
  67              		@ sp needed
  68 0002 7047     		bx	lr
  69              		.cfi_endproc
  70              	.LFE187:
  72              		.section	.text.put,"ax",%progbits
  73              		.align	1
  74              		.syntax unified
  75              		.code	16
  76              		.thumb_func
  77              		.fpu softvfp
  79              	put:
  80              	.LVL4:
  81              	.LFB188:
  61:lib/chibios/os/hal/lib/streams/nullstreams.c **** 
  62:lib/chibios/os/hal/lib/streams/nullstreams.c **** static msg_t put(void *ip, uint8_t b) {
  82              		.loc 1 62 39 is_stmt 1 view -0
  83              		.cfi_startproc
  84              		@ args = 0, pretend = 0, frame = 0
  85              		@ frame_needed = 0, uses_anonymous_args = 0
  86              		@ link register save eliminated.
  63:lib/chibios/os/hal/lib/streams/nullstreams.c **** 
  64:lib/chibios/os/hal/lib/streams/nullstreams.c ****   (void)ip;
  87              		.loc 1 64 3 view .LVU14
  65:lib/chibios/os/hal/lib/streams/nullstreams.c ****   (void)b;
  88              		.loc 1 65 3 view .LVU15
  66:lib/chibios/os/hal/lib/streams/nullstreams.c **** 
  67:lib/chibios/os/hal/lib/streams/nullstreams.c ****   return MSG_OK;
  89              		.loc 1 67 3 view .LVU16
  68:lib/chibios/os/hal/lib/streams/nullstreams.c **** }
  90              		.loc 1 68 1 is_stmt 0 view .LVU17
  91 0000 0020     		movs	r0, #0
  92              	.LVL5:
  93              		.loc 1 68 1 view .LVU18
  94              		@ sp needed
  95 0002 7047     		bx	lr
  96              		.cfi_endproc
  97              	.LFE188:
  99              		.section	.text.get,"ax",%progbits
 100              		.align	1
 101              		.syntax unified
 102              		.code	16
 103              		.thumb_func
 104              		.fpu softvfp
 106              	get:
 107              	.LVL6:
 108              	.LFB189:
  69:lib/chibios/os/hal/lib/streams/nullstreams.c **** 
  70:lib/chibios/os/hal/lib/streams/nullstreams.c **** static msg_t get(void *ip) {
 109              		.loc 1 70 28 is_stmt 1 view -0
 110              		.cfi_startproc
 111              		@ args = 0, pretend = 0, frame = 0
 112              		@ frame_needed = 0, uses_anonymous_args = 0
 113              		@ link register save eliminated.
  71:lib/chibios/os/hal/lib/streams/nullstreams.c **** 
  72:lib/chibios/os/hal/lib/streams/nullstreams.c ****   (void)ip;
 114              		.loc 1 72 3 view .LVU20
  73:lib/chibios/os/hal/lib/streams/nullstreams.c **** 
  74:lib/chibios/os/hal/lib/streams/nullstreams.c ****   return 4;
 115              		.loc 1 74 3 view .LVU21
  75:lib/chibios/os/hal/lib/streams/nullstreams.c **** }
 116              		.loc 1 75 1 is_stmt 0 view .LVU22
 117 0000 0420     		movs	r0, #4
 118              	.LVL7:
 119              		.loc 1 75 1 view .LVU23
 120              		@ sp needed
 121 0002 7047     		bx	lr
 122              		.cfi_endproc
 123              	.LFE189:
 125              		.section	.text.nullObjectInit,"ax",%progbits
 126              		.align	1
 127              		.global	nullObjectInit
 128              		.syntax unified
 129              		.code	16
 130              		.thumb_func
 131              		.fpu softvfp
 133              	nullObjectInit:
 134              	.LVL8:
 135              	.LFB190:
  76:lib/chibios/os/hal/lib/streams/nullstreams.c **** 
  77:lib/chibios/os/hal/lib/streams/nullstreams.c **** static const struct NullStreamVMT vmt = {(size_t)0, writes, reads, put, get};
  78:lib/chibios/os/hal/lib/streams/nullstreams.c **** 
  79:lib/chibios/os/hal/lib/streams/nullstreams.c **** /*===========================================================================*/
  80:lib/chibios/os/hal/lib/streams/nullstreams.c **** /* Driver exported functions.                                                */
  81:lib/chibios/os/hal/lib/streams/nullstreams.c **** /*===========================================================================*/
  82:lib/chibios/os/hal/lib/streams/nullstreams.c **** 
  83:lib/chibios/os/hal/lib/streams/nullstreams.c **** /**
  84:lib/chibios/os/hal/lib/streams/nullstreams.c ****  * @brief   Null stream object initialization.
  85:lib/chibios/os/hal/lib/streams/nullstreams.c ****  *
  86:lib/chibios/os/hal/lib/streams/nullstreams.c ****  * @param[out] nsp      pointer to the @p NullStream object to be initialized
  87:lib/chibios/os/hal/lib/streams/nullstreams.c ****  */
  88:lib/chibios/os/hal/lib/streams/nullstreams.c **** void nullObjectInit(NullStream *nsp) {
 136              		.loc 1 88 38 is_stmt 1 view -0
 137              		.cfi_startproc
 138              		@ args = 0, pretend = 0, frame = 0
 139              		@ frame_needed = 0, uses_anonymous_args = 0
 140              		@ link register save eliminated.
  89:lib/chibios/os/hal/lib/streams/nullstreams.c **** 
  90:lib/chibios/os/hal/lib/streams/nullstreams.c ****   nsp->vmt = &vmt;
 141              		.loc 1 90 3 view .LVU25
 142              		.loc 1 90 12 is_stmt 0 view .LVU26
 143 0000 014B     		ldr	r3, .L6
  91:lib/chibios/os/hal/lib/streams/nullstreams.c **** }
 144              		.loc 1 91 1 view .LVU27
 145              		@ sp needed
  90:lib/chibios/os/hal/lib/streams/nullstreams.c **** }
 146              		.loc 1 90 12 view .LVU28
 147 0002 0360     		str	r3, [r0]
 148              		.loc 1 91 1 view .LVU29
 149 0004 7047     		bx	lr
 150              	.L7:
 151 0006 C046     		.align	2
 152              	.L6:
 153 0008 00000000 		.word	.LANCHOR0
 154              		.cfi_endproc
 155              	.LFE190:
 157              		.section	.rodata.vmt,"a"
 158              		.align	2
 159              		.set	.LANCHOR0,. + 0
 162              	vmt:
 163 0000 00000000 		.word	0
 164 0004 00000000 		.word	writes
 165 0008 00000000 		.word	reads
 166 000c 00000000 		.word	put
 167 0010 00000000 		.word	get
 168              		.text
 169              	.Letext0:
 170              		.file 2 "c:\\msys64\\home\\kyleo\\qmk_utils\\gcc-arm-none-eabi\\lib\\gcc\\arm-none-eabi\\8.3.1\\in
 171              		.file 3 "c:\\msys64\\home\\kyleo\\qmk_utils\\gcc-arm-none-eabi\\arm-none-eabi\\include\\machine\\_
 172              		.file 4 "c:\\msys64\\home\\kyleo\\qmk_utils\\gcc-arm-none-eabi\\arm-none-eabi\\include\\sys\\_stdi
 173              		.file 5 "c:\\msys64\\home\\kyleo\\qmk_utils\\gcc-arm-none-eabi\\arm-none-eabi\\include\\stdint.h"
 174              		.file 6 "./lib/chibios/os/common/ports/ARMCMx/compilers/GCC/chtypes.h"
 175              		.file 7 "./lib/chibios/os/rt/include/chsystypes.h"
 176              		.file 8 "./lib/chibios/os/rt/include/chschd.h"
 177              		.file 9 "./lib/chibios/os/rt/include/chtime.h"
 178              		.file 10 "./lib/chibios/os/common/ext/ST/STM32F0xx/system_stm32f0xx.h"
 179              		.file 11 "./lib/chibios/os/common/ext/ST/STM32F0xx/stm32f072xb.h"
 180              		.file 12 "./lib/chibios/os/common/ports/ARMCMx/chcore.h"
 181              		.file 13 "./lib/chibios/os/common/ports/ARMCMx/chcore_v6m.h"
 182              		.file 14 "./lib/chibios/os/hal/ports/STM32/LLD/TIMv1/stm32_tim.h"
 183              		.file 15 "./lib/chibios/os/rt/include/chsem.h"
 184              		.file 16 "./lib/chibios/os/rt/include/chmtx.h"
 185              		.file 17 "./lib/chibios/os/rt/include/chsys.h"
 186              		.file 18 "./lib/chibios/os/rt/include/chregistry.h"
 187              		.file 19 "./lib/chibios/os/oslib/include/chmemcore.h"
 188              		.file 20 "./lib/chibios/os/hal/ports/STM32/LLD/DMAv1/stm32_dma.h"
 189              		.file 21 "./lib/chibios/os/hal/ports/STM32/LLD/GPIOv2/stm32_gpio.h"
 190              		.file 22 "./lib/chibios/os/hal/ports/STM32/LLD/GPIOv2/hal_pal_lld.h"
 191              		.file 23 "./lib/chibios/os/hal/include/hal_i2c.h"
 192              		.file 24 "./lib/chibios/os/hal/ports/STM32/LLD/I2Cv2/hal_i2c_lld.h"
 193              		.file 25 "./lib/chibios/os/hal/include/hal_pwm.h"
 194              		.file 26 "./lib/chibios/os/hal/ports/STM32/LLD/TIMv1/hal_pwm_lld.h"
 195              		.file 27 "./lib/chibios/os/hal/include/hal_spi.h"
 196              		.file 28 "./lib/chibios/os/hal/ports/STM32/LLD/SPIv2/hal_spi_lld.h"
 197              		.file 29 "./lib/chibios/os/hal/include/hal_usb.h"
 198              		.file 30 "./lib/chibios/os/hal/ports/STM32/LLD/USBv1/hal_usb_lld.h"
 199              		.file 31 "lib/chibios/os/hal/lib/streams/nullstreams.h"
DEFINED SYMBOLS
                            *ABS*:00000000 nullstreams.c
C:\Users\kyleo\AppData\Local\Temp\ccfTzz6H.s:16     .text.writes:00000000 $t
C:\Users\kyleo\AppData\Local\Temp\ccfTzz6H.s:23     .text.writes:00000000 writes
C:\Users\kyleo\AppData\Local\Temp\ccfTzz6H.s:45     .text.reads:00000000 $t
C:\Users\kyleo\AppData\Local\Temp\ccfTzz6H.s:51     .text.reads:00000000 reads
C:\Users\kyleo\AppData\Local\Temp\ccfTzz6H.s:73     .text.put:00000000 $t
C:\Users\kyleo\AppData\Local\Temp\ccfTzz6H.s:79     .text.put:00000000 put
C:\Users\kyleo\AppData\Local\Temp\ccfTzz6H.s:100    .text.get:00000000 $t
C:\Users\kyleo\AppData\Local\Temp\ccfTzz6H.s:106    .text.get:00000000 get
C:\Users\kyleo\AppData\Local\Temp\ccfTzz6H.s:126    .text.nullObjectInit:00000000 $t
C:\Users\kyleo\AppData\Local\Temp\ccfTzz6H.s:133    .text.nullObjectInit:00000000 nullObjectInit
C:\Users\kyleo\AppData\Local\Temp\ccfTzz6H.s:153    .text.nullObjectInit:00000008 $d
C:\Users\kyleo\AppData\Local\Temp\ccfTzz6H.s:158    .rodata.vmt:00000000 $d
C:\Users\kyleo\AppData\Local\Temp\ccfTzz6H.s:162    .rodata.vmt:00000000 vmt

NO UNDEFINED SYMBOLS
