   1              		.cpu cortex-m0
   2              		.eabi_attribute 20, 1
   3              		.eabi_attribute 21, 1
   4              		.eabi_attribute 23, 3
   5              		.eabi_attribute 24, 1
   6              		.eabi_attribute 25, 1
   7              		.eabi_attribute 26, 1
   8              		.eabi_attribute 30, 4
   9              		.eabi_attribute 34, 0
  10              		.eabi_attribute 18, 2
  11              		.file	"hal_st.c"
  12              		.text
  13              	.Ltext0:
  14              		.cfi_sections	.debug_frame
  15              		.section	.text.stInit,"ax",%progbits
  16              		.align	1
  17              		.global	stInit
  18              		.arch armv6s-m
  19              		.syntax unified
  20              		.code	16
  21              		.thumb_func
  22              		.fpu softvfp
  24              	stInit:
  25              	.LFB186:
  26              		.file 1 "lib/chibios/os/hal/src/hal_st.c"
   1:lib/chibios/os/hal/src/hal_st.c **** /*
   2:lib/chibios/os/hal/src/hal_st.c ****     ChibiOS - Copyright (C) 2006..2018 Giovanni Di Sirio
   3:lib/chibios/os/hal/src/hal_st.c **** 
   4:lib/chibios/os/hal/src/hal_st.c ****     Licensed under the Apache License, Version 2.0 (the "License");
   5:lib/chibios/os/hal/src/hal_st.c ****     you may not use this file except in compliance with the License.
   6:lib/chibios/os/hal/src/hal_st.c ****     You may obtain a copy of the License at
   7:lib/chibios/os/hal/src/hal_st.c **** 
   8:lib/chibios/os/hal/src/hal_st.c ****         http://www.apache.org/licenses/LICENSE-2.0
   9:lib/chibios/os/hal/src/hal_st.c **** 
  10:lib/chibios/os/hal/src/hal_st.c ****     Unless required by applicable law or agreed to in writing, software
  11:lib/chibios/os/hal/src/hal_st.c ****     distributed under the License is distributed on an "AS IS" BASIS,
  12:lib/chibios/os/hal/src/hal_st.c ****     WITHOUT WARRANTIES OR CONDITIONS OF ANY KIND, either express or implied.
  13:lib/chibios/os/hal/src/hal_st.c ****     See the License for the specific language governing permissions and
  14:lib/chibios/os/hal/src/hal_st.c ****     limitations under the License.
  15:lib/chibios/os/hal/src/hal_st.c **** */
  16:lib/chibios/os/hal/src/hal_st.c **** 
  17:lib/chibios/os/hal/src/hal_st.c **** /**
  18:lib/chibios/os/hal/src/hal_st.c ****  * @file    hal_st.c
  19:lib/chibios/os/hal/src/hal_st.c ****  * @brief   ST Driver code.
  20:lib/chibios/os/hal/src/hal_st.c ****  *
  21:lib/chibios/os/hal/src/hal_st.c ****  * @addtogroup ST
  22:lib/chibios/os/hal/src/hal_st.c ****  * @{
  23:lib/chibios/os/hal/src/hal_st.c ****  */
  24:lib/chibios/os/hal/src/hal_st.c **** 
  25:lib/chibios/os/hal/src/hal_st.c **** #include "hal.h"
  26:lib/chibios/os/hal/src/hal_st.c **** 
  27:lib/chibios/os/hal/src/hal_st.c **** #if (OSAL_ST_MODE != OSAL_ST_MODE_NONE) || defined(__DOXYGEN__)
  28:lib/chibios/os/hal/src/hal_st.c **** 
  29:lib/chibios/os/hal/src/hal_st.c **** /*===========================================================================*/
  30:lib/chibios/os/hal/src/hal_st.c **** /* Driver local definitions.                                                 */
  31:lib/chibios/os/hal/src/hal_st.c **** /*===========================================================================*/
  32:lib/chibios/os/hal/src/hal_st.c **** 
  33:lib/chibios/os/hal/src/hal_st.c **** /*===========================================================================*/
  34:lib/chibios/os/hal/src/hal_st.c **** /* Driver exported variables.                                                */
  35:lib/chibios/os/hal/src/hal_st.c **** /*===========================================================================*/
  36:lib/chibios/os/hal/src/hal_st.c **** 
  37:lib/chibios/os/hal/src/hal_st.c **** /*===========================================================================*/
  38:lib/chibios/os/hal/src/hal_st.c **** /* Driver local types.                                                       */
  39:lib/chibios/os/hal/src/hal_st.c **** /*===========================================================================*/
  40:lib/chibios/os/hal/src/hal_st.c **** 
  41:lib/chibios/os/hal/src/hal_st.c **** /*===========================================================================*/
  42:lib/chibios/os/hal/src/hal_st.c **** /* Driver local variables.                                                   */
  43:lib/chibios/os/hal/src/hal_st.c **** /*===========================================================================*/
  44:lib/chibios/os/hal/src/hal_st.c **** 
  45:lib/chibios/os/hal/src/hal_st.c **** /*===========================================================================*/
  46:lib/chibios/os/hal/src/hal_st.c **** /* Driver local functions.                                                   */
  47:lib/chibios/os/hal/src/hal_st.c **** /*===========================================================================*/
  48:lib/chibios/os/hal/src/hal_st.c **** 
  49:lib/chibios/os/hal/src/hal_st.c **** /*===========================================================================*/
  50:lib/chibios/os/hal/src/hal_st.c **** /* Driver exported functions.                                                */
  51:lib/chibios/os/hal/src/hal_st.c **** /*===========================================================================*/
  52:lib/chibios/os/hal/src/hal_st.c **** 
  53:lib/chibios/os/hal/src/hal_st.c **** /**
  54:lib/chibios/os/hal/src/hal_st.c ****  * @brief   ST Driver initialization.
  55:lib/chibios/os/hal/src/hal_st.c ****  * @note    This function is implicitly invoked by @p halInit(), there is
  56:lib/chibios/os/hal/src/hal_st.c ****  *          no need to explicitly initialize the driver.
  57:lib/chibios/os/hal/src/hal_st.c ****  *
  58:lib/chibios/os/hal/src/hal_st.c ****  * @init
  59:lib/chibios/os/hal/src/hal_st.c ****  */
  60:lib/chibios/os/hal/src/hal_st.c **** void stInit(void) {
  27              		.loc 1 60 19 view -0
  28              		.cfi_startproc
  29              		@ args = 0, pretend = 0, frame = 0
  30              		@ frame_needed = 0, uses_anonymous_args = 0
  61:lib/chibios/os/hal/src/hal_st.c **** 
  62:lib/chibios/os/hal/src/hal_st.c ****   st_lld_init();
  31              		.loc 1 62 3 view .LVU1
  60:lib/chibios/os/hal/src/hal_st.c **** 
  32              		.loc 1 60 19 is_stmt 0 view .LVU2
  33 0000 10B5     		push	{r4, lr}
  34              		.cfi_def_cfa_offset 8
  35              		.cfi_offset 4, -8
  36              		.cfi_offset 14, -4
  37              		.loc 1 62 3 view .LVU3
  38 0002 FFF7FEFF 		bl	st_lld_init
  39              	.LVL0:
  63:lib/chibios/os/hal/src/hal_st.c **** }
  40              		.loc 1 63 1 view .LVU4
  41              		@ sp needed
  42 0006 10BD     		pop	{r4, pc}
  43              		.cfi_endproc
  44              	.LFE186:
  46              		.section	.text.stStartAlarm,"ax",%progbits
  47              		.align	1
  48              		.global	stStartAlarm
  49              		.syntax unified
  50              		.code	16
  51              		.thumb_func
  52              		.fpu softvfp
  54              	stStartAlarm:
  55              	.LVL1:
  56              	.LFB187:
  64:lib/chibios/os/hal/src/hal_st.c **** 
  65:lib/chibios/os/hal/src/hal_st.c **** #if (OSAL_ST_MODE == OSAL_ST_MODE_FREERUNNING) || defined(__DOXYGEN__)
  66:lib/chibios/os/hal/src/hal_st.c **** /**
  67:lib/chibios/os/hal/src/hal_st.c ****  * @brief   Starts the alarm.
  68:lib/chibios/os/hal/src/hal_st.c ****  * @note    Makes sure that no spurious alarms are triggered after
  69:lib/chibios/os/hal/src/hal_st.c ****  *          this call.
  70:lib/chibios/os/hal/src/hal_st.c ****  * @note    This functionality is only available in free running mode, the
  71:lib/chibios/os/hal/src/hal_st.c ****  *          behavior in periodic mode is undefined.
  72:lib/chibios/os/hal/src/hal_st.c ****  *
  73:lib/chibios/os/hal/src/hal_st.c ****  * @param[in] abstime   the time to be set for the first alarm
  74:lib/chibios/os/hal/src/hal_st.c ****  *
  75:lib/chibios/os/hal/src/hal_st.c ****  * @api
  76:lib/chibios/os/hal/src/hal_st.c ****  */
  77:lib/chibios/os/hal/src/hal_st.c **** void stStartAlarm(systime_t abstime) {
  57              		.loc 1 77 38 is_stmt 1 view -0
  58              		.cfi_startproc
  59              		@ args = 0, pretend = 0, frame = 0
  60              		@ frame_needed = 0, uses_anonymous_args = 0
  61              		@ link register save eliminated.
  78:lib/chibios/os/hal/src/hal_st.c **** 
  79:lib/chibios/os/hal/src/hal_st.c ****   osalDbgAssert(stIsAlarmActive() == false, "already active");
  62              		.loc 1 79 3 view .LVU6
  63              		.loc 1 79 3 view .LVU7
  80:lib/chibios/os/hal/src/hal_st.c **** 
  81:lib/chibios/os/hal/src/hal_st.c ****   st_lld_start_alarm(abstime);
  64              		.loc 1 81 3 view .LVU8
  65              	.LBB10:
  66              	.LBI10:
  67              		.file 2 "./lib/chibios/os/hal/ports/STM32/LLD/TIMv1/hal_st_lld.h"
   1:./lib/chibios/os/hal/ports/STM32/LLD/TIMv1/hal_st_lld.h **** /*
   2:./lib/chibios/os/hal/ports/STM32/LLD/TIMv1/hal_st_lld.h ****     ChibiOS - Copyright (C) 2006..2018 Giovanni Di Sirio
   3:./lib/chibios/os/hal/ports/STM32/LLD/TIMv1/hal_st_lld.h **** 
   4:./lib/chibios/os/hal/ports/STM32/LLD/TIMv1/hal_st_lld.h ****     Licensed under the Apache License, Version 2.0 (the "License");
   5:./lib/chibios/os/hal/ports/STM32/LLD/TIMv1/hal_st_lld.h ****     you may not use this file except in compliance with the License.
   6:./lib/chibios/os/hal/ports/STM32/LLD/TIMv1/hal_st_lld.h ****     You may obtain a copy of the License at
   7:./lib/chibios/os/hal/ports/STM32/LLD/TIMv1/hal_st_lld.h **** 
   8:./lib/chibios/os/hal/ports/STM32/LLD/TIMv1/hal_st_lld.h ****         http://www.apache.org/licenses/LICENSE-2.0
   9:./lib/chibios/os/hal/ports/STM32/LLD/TIMv1/hal_st_lld.h **** 
  10:./lib/chibios/os/hal/ports/STM32/LLD/TIMv1/hal_st_lld.h ****     Unless required by applicable law or agreed to in writing, software
  11:./lib/chibios/os/hal/ports/STM32/LLD/TIMv1/hal_st_lld.h ****     distributed under the License is distributed on an "AS IS" BASIS,
  12:./lib/chibios/os/hal/ports/STM32/LLD/TIMv1/hal_st_lld.h ****     WITHOUT WARRANTIES OR CONDITIONS OF ANY KIND, either express or implied.
  13:./lib/chibios/os/hal/ports/STM32/LLD/TIMv1/hal_st_lld.h ****     See the License for the specific language governing permissions and
  14:./lib/chibios/os/hal/ports/STM32/LLD/TIMv1/hal_st_lld.h ****     limitations under the License.
  15:./lib/chibios/os/hal/ports/STM32/LLD/TIMv1/hal_st_lld.h **** */
  16:./lib/chibios/os/hal/ports/STM32/LLD/TIMv1/hal_st_lld.h **** 
  17:./lib/chibios/os/hal/ports/STM32/LLD/TIMv1/hal_st_lld.h **** /**
  18:./lib/chibios/os/hal/ports/STM32/LLD/TIMv1/hal_st_lld.h ****  * @file    TIMv1/hal_st_lld.h
  19:./lib/chibios/os/hal/ports/STM32/LLD/TIMv1/hal_st_lld.h ****  * @brief   ST Driver subsystem low level driver header.
  20:./lib/chibios/os/hal/ports/STM32/LLD/TIMv1/hal_st_lld.h ****  * @details This header is designed to be include-able without having to
  21:./lib/chibios/os/hal/ports/STM32/LLD/TIMv1/hal_st_lld.h ****  *          include other files from the HAL.
  22:./lib/chibios/os/hal/ports/STM32/LLD/TIMv1/hal_st_lld.h ****  *
  23:./lib/chibios/os/hal/ports/STM32/LLD/TIMv1/hal_st_lld.h ****  * @addtogroup ST
  24:./lib/chibios/os/hal/ports/STM32/LLD/TIMv1/hal_st_lld.h ****  * @{
  25:./lib/chibios/os/hal/ports/STM32/LLD/TIMv1/hal_st_lld.h ****  */
  26:./lib/chibios/os/hal/ports/STM32/LLD/TIMv1/hal_st_lld.h **** 
  27:./lib/chibios/os/hal/ports/STM32/LLD/TIMv1/hal_st_lld.h **** #ifndef HAL_ST_LLD_H
  28:./lib/chibios/os/hal/ports/STM32/LLD/TIMv1/hal_st_lld.h **** #define HAL_ST_LLD_H
  29:./lib/chibios/os/hal/ports/STM32/LLD/TIMv1/hal_st_lld.h **** 
  30:./lib/chibios/os/hal/ports/STM32/LLD/TIMv1/hal_st_lld.h **** #include "mcuconf.h"
  31:./lib/chibios/os/hal/ports/STM32/LLD/TIMv1/hal_st_lld.h **** #include "stm32_registry.h"
  32:./lib/chibios/os/hal/ports/STM32/LLD/TIMv1/hal_st_lld.h **** #include "stm32_tim.h"
  33:./lib/chibios/os/hal/ports/STM32/LLD/TIMv1/hal_st_lld.h **** 
  34:./lib/chibios/os/hal/ports/STM32/LLD/TIMv1/hal_st_lld.h **** /*===========================================================================*/
  35:./lib/chibios/os/hal/ports/STM32/LLD/TIMv1/hal_st_lld.h **** /* Driver constants.                                                         */
  36:./lib/chibios/os/hal/ports/STM32/LLD/TIMv1/hal_st_lld.h **** /*===========================================================================*/
  37:./lib/chibios/os/hal/ports/STM32/LLD/TIMv1/hal_st_lld.h **** 
  38:./lib/chibios/os/hal/ports/STM32/LLD/TIMv1/hal_st_lld.h **** /*===========================================================================*/
  39:./lib/chibios/os/hal/ports/STM32/LLD/TIMv1/hal_st_lld.h **** /* Driver pre-compile time settings.                                         */
  40:./lib/chibios/os/hal/ports/STM32/LLD/TIMv1/hal_st_lld.h **** /*===========================================================================*/
  41:./lib/chibios/os/hal/ports/STM32/LLD/TIMv1/hal_st_lld.h **** 
  42:./lib/chibios/os/hal/ports/STM32/LLD/TIMv1/hal_st_lld.h **** /**
  43:./lib/chibios/os/hal/ports/STM32/LLD/TIMv1/hal_st_lld.h ****  * @name    Configuration options
  44:./lib/chibios/os/hal/ports/STM32/LLD/TIMv1/hal_st_lld.h ****  * @{
  45:./lib/chibios/os/hal/ports/STM32/LLD/TIMv1/hal_st_lld.h ****  */
  46:./lib/chibios/os/hal/ports/STM32/LLD/TIMv1/hal_st_lld.h **** /**
  47:./lib/chibios/os/hal/ports/STM32/LLD/TIMv1/hal_st_lld.h ****  * @brief   SysTick timer IRQ priority.
  48:./lib/chibios/os/hal/ports/STM32/LLD/TIMv1/hal_st_lld.h ****  */
  49:./lib/chibios/os/hal/ports/STM32/LLD/TIMv1/hal_st_lld.h **** #if !defined(STM32_ST_IRQ_PRIORITY) || defined(__DOXYGEN__)
  50:./lib/chibios/os/hal/ports/STM32/LLD/TIMv1/hal_st_lld.h **** #define STM32_ST_IRQ_PRIORITY               8
  51:./lib/chibios/os/hal/ports/STM32/LLD/TIMv1/hal_st_lld.h **** #endif
  52:./lib/chibios/os/hal/ports/STM32/LLD/TIMv1/hal_st_lld.h **** 
  53:./lib/chibios/os/hal/ports/STM32/LLD/TIMv1/hal_st_lld.h **** /**
  54:./lib/chibios/os/hal/ports/STM32/LLD/TIMv1/hal_st_lld.h ****  * @brief   TIMx unit (by number) to be used for free running operations.
  55:./lib/chibios/os/hal/ports/STM32/LLD/TIMv1/hal_st_lld.h ****  * @note    You must select a 32 bits timer if a 32 bits @p systick_t type
  56:./lib/chibios/os/hal/ports/STM32/LLD/TIMv1/hal_st_lld.h ****  *          is required.
  57:./lib/chibios/os/hal/ports/STM32/LLD/TIMv1/hal_st_lld.h ****  * @note    Timers 2, 3, 4 and 5 are supported.
  58:./lib/chibios/os/hal/ports/STM32/LLD/TIMv1/hal_st_lld.h ****  */
  59:./lib/chibios/os/hal/ports/STM32/LLD/TIMv1/hal_st_lld.h **** #if !defined(STM32_ST_USE_TIMER) || defined(__DOXYGEN__)
  60:./lib/chibios/os/hal/ports/STM32/LLD/TIMv1/hal_st_lld.h **** #define STM32_ST_USE_TIMER                  2
  61:./lib/chibios/os/hal/ports/STM32/LLD/TIMv1/hal_st_lld.h **** #endif
  62:./lib/chibios/os/hal/ports/STM32/LLD/TIMv1/hal_st_lld.h **** /** @} */
  63:./lib/chibios/os/hal/ports/STM32/LLD/TIMv1/hal_st_lld.h **** 
  64:./lib/chibios/os/hal/ports/STM32/LLD/TIMv1/hal_st_lld.h **** /*===========================================================================*/
  65:./lib/chibios/os/hal/ports/STM32/LLD/TIMv1/hal_st_lld.h **** /* Derived constants and error checks.                                       */
  66:./lib/chibios/os/hal/ports/STM32/LLD/TIMv1/hal_st_lld.h **** /*===========================================================================*/
  67:./lib/chibios/os/hal/ports/STM32/LLD/TIMv1/hal_st_lld.h **** 
  68:./lib/chibios/os/hal/ports/STM32/LLD/TIMv1/hal_st_lld.h **** #if !defined(STM32_HAS_TIM2)
  69:./lib/chibios/os/hal/ports/STM32/LLD/TIMv1/hal_st_lld.h **** #define STM32_HAS_TIM2                      FALSE
  70:./lib/chibios/os/hal/ports/STM32/LLD/TIMv1/hal_st_lld.h **** #endif
  71:./lib/chibios/os/hal/ports/STM32/LLD/TIMv1/hal_st_lld.h **** 
  72:./lib/chibios/os/hal/ports/STM32/LLD/TIMv1/hal_st_lld.h **** #if !defined(STM32_HAS_TIM3)
  73:./lib/chibios/os/hal/ports/STM32/LLD/TIMv1/hal_st_lld.h **** #define STM32_HAS_TIM3                      FALSE
  74:./lib/chibios/os/hal/ports/STM32/LLD/TIMv1/hal_st_lld.h **** #endif
  75:./lib/chibios/os/hal/ports/STM32/LLD/TIMv1/hal_st_lld.h **** 
  76:./lib/chibios/os/hal/ports/STM32/LLD/TIMv1/hal_st_lld.h **** #if !defined(STM32_HAS_TIM4)
  77:./lib/chibios/os/hal/ports/STM32/LLD/TIMv1/hal_st_lld.h **** #define STM32_HAS_TIM4                      FALSE
  78:./lib/chibios/os/hal/ports/STM32/LLD/TIMv1/hal_st_lld.h **** #endif
  79:./lib/chibios/os/hal/ports/STM32/LLD/TIMv1/hal_st_lld.h **** 
  80:./lib/chibios/os/hal/ports/STM32/LLD/TIMv1/hal_st_lld.h **** #if !defined(STM32_HAS_TIM5)
  81:./lib/chibios/os/hal/ports/STM32/LLD/TIMv1/hal_st_lld.h **** #define STM32_HAS_TIM5                      FALSE
  82:./lib/chibios/os/hal/ports/STM32/LLD/TIMv1/hal_st_lld.h **** #endif
  83:./lib/chibios/os/hal/ports/STM32/LLD/TIMv1/hal_st_lld.h **** 
  84:./lib/chibios/os/hal/ports/STM32/LLD/TIMv1/hal_st_lld.h **** #if !defined(STM32_HAS_TIM21)
  85:./lib/chibios/os/hal/ports/STM32/LLD/TIMv1/hal_st_lld.h **** #define STM32_HAS_TIM21                     FALSE
  86:./lib/chibios/os/hal/ports/STM32/LLD/TIMv1/hal_st_lld.h **** #endif
  87:./lib/chibios/os/hal/ports/STM32/LLD/TIMv1/hal_st_lld.h **** 
  88:./lib/chibios/os/hal/ports/STM32/LLD/TIMv1/hal_st_lld.h **** #if !defined(STM32_HAS_TIM22)
  89:./lib/chibios/os/hal/ports/STM32/LLD/TIMv1/hal_st_lld.h **** #define STM32_HAS_TIM22                     FALSE
  90:./lib/chibios/os/hal/ports/STM32/LLD/TIMv1/hal_st_lld.h **** #endif
  91:./lib/chibios/os/hal/ports/STM32/LLD/TIMv1/hal_st_lld.h **** 
  92:./lib/chibios/os/hal/ports/STM32/LLD/TIMv1/hal_st_lld.h **** #if STM32_ST_USE_TIMER == 2
  93:./lib/chibios/os/hal/ports/STM32/LLD/TIMv1/hal_st_lld.h **** #define STM32_ST_TIM                        STM32_TIM2
  94:./lib/chibios/os/hal/ports/STM32/LLD/TIMv1/hal_st_lld.h **** 
  95:./lib/chibios/os/hal/ports/STM32/LLD/TIMv1/hal_st_lld.h **** #elif STM32_ST_USE_TIMER == 3
  96:./lib/chibios/os/hal/ports/STM32/LLD/TIMv1/hal_st_lld.h **** #define STM32_ST_TIM                        STM32_TIM3
  97:./lib/chibios/os/hal/ports/STM32/LLD/TIMv1/hal_st_lld.h **** 
  98:./lib/chibios/os/hal/ports/STM32/LLD/TIMv1/hal_st_lld.h **** #elif STM32_ST_USE_TIMER == 4
  99:./lib/chibios/os/hal/ports/STM32/LLD/TIMv1/hal_st_lld.h **** #define STM32_ST_TIM                        STM32_TIM4
 100:./lib/chibios/os/hal/ports/STM32/LLD/TIMv1/hal_st_lld.h **** 
 101:./lib/chibios/os/hal/ports/STM32/LLD/TIMv1/hal_st_lld.h **** #elif STM32_ST_USE_TIMER == 5
 102:./lib/chibios/os/hal/ports/STM32/LLD/TIMv1/hal_st_lld.h **** #define STM32_ST_TIM                        STM32_TIM5
 103:./lib/chibios/os/hal/ports/STM32/LLD/TIMv1/hal_st_lld.h **** 
 104:./lib/chibios/os/hal/ports/STM32/LLD/TIMv1/hal_st_lld.h **** #elif STM32_ST_USE_TIMER == 21
 105:./lib/chibios/os/hal/ports/STM32/LLD/TIMv1/hal_st_lld.h **** #define STM32_ST_TIM                        STM32_TIM21
 106:./lib/chibios/os/hal/ports/STM32/LLD/TIMv1/hal_st_lld.h **** 
 107:./lib/chibios/os/hal/ports/STM32/LLD/TIMv1/hal_st_lld.h **** #elif STM32_ST_USE_TIMER == 22
 108:./lib/chibios/os/hal/ports/STM32/LLD/TIMv1/hal_st_lld.h **** #define STM32_ST_TIM                        STM32_TIM22
 109:./lib/chibios/os/hal/ports/STM32/LLD/TIMv1/hal_st_lld.h **** 
 110:./lib/chibios/os/hal/ports/STM32/LLD/TIMv1/hal_st_lld.h **** #else
 111:./lib/chibios/os/hal/ports/STM32/LLD/TIMv1/hal_st_lld.h **** #error "STM32_ST_USE_TIMER specifies an unsupported timer"
 112:./lib/chibios/os/hal/ports/STM32/LLD/TIMv1/hal_st_lld.h **** #endif
 113:./lib/chibios/os/hal/ports/STM32/LLD/TIMv1/hal_st_lld.h **** 
 114:./lib/chibios/os/hal/ports/STM32/LLD/TIMv1/hal_st_lld.h **** /*===========================================================================*/
 115:./lib/chibios/os/hal/ports/STM32/LLD/TIMv1/hal_st_lld.h **** /* Driver data structures and types.                                         */
 116:./lib/chibios/os/hal/ports/STM32/LLD/TIMv1/hal_st_lld.h **** /*===========================================================================*/
 117:./lib/chibios/os/hal/ports/STM32/LLD/TIMv1/hal_st_lld.h **** 
 118:./lib/chibios/os/hal/ports/STM32/LLD/TIMv1/hal_st_lld.h **** /*===========================================================================*/
 119:./lib/chibios/os/hal/ports/STM32/LLD/TIMv1/hal_st_lld.h **** /* Driver macros.                                                            */
 120:./lib/chibios/os/hal/ports/STM32/LLD/TIMv1/hal_st_lld.h **** /*===========================================================================*/
 121:./lib/chibios/os/hal/ports/STM32/LLD/TIMv1/hal_st_lld.h **** 
 122:./lib/chibios/os/hal/ports/STM32/LLD/TIMv1/hal_st_lld.h **** /*===========================================================================*/
 123:./lib/chibios/os/hal/ports/STM32/LLD/TIMv1/hal_st_lld.h **** /* External declarations.                                                    */
 124:./lib/chibios/os/hal/ports/STM32/LLD/TIMv1/hal_st_lld.h **** /*===========================================================================*/
 125:./lib/chibios/os/hal/ports/STM32/LLD/TIMv1/hal_st_lld.h **** 
 126:./lib/chibios/os/hal/ports/STM32/LLD/TIMv1/hal_st_lld.h **** #ifdef __cplusplus
 127:./lib/chibios/os/hal/ports/STM32/LLD/TIMv1/hal_st_lld.h **** extern "C" {
 128:./lib/chibios/os/hal/ports/STM32/LLD/TIMv1/hal_st_lld.h **** #endif
 129:./lib/chibios/os/hal/ports/STM32/LLD/TIMv1/hal_st_lld.h ****   void st_lld_init(void);
 130:./lib/chibios/os/hal/ports/STM32/LLD/TIMv1/hal_st_lld.h **** #ifdef __cplusplus
 131:./lib/chibios/os/hal/ports/STM32/LLD/TIMv1/hal_st_lld.h **** }
 132:./lib/chibios/os/hal/ports/STM32/LLD/TIMv1/hal_st_lld.h **** #endif
 133:./lib/chibios/os/hal/ports/STM32/LLD/TIMv1/hal_st_lld.h **** 
 134:./lib/chibios/os/hal/ports/STM32/LLD/TIMv1/hal_st_lld.h **** /*===========================================================================*/
 135:./lib/chibios/os/hal/ports/STM32/LLD/TIMv1/hal_st_lld.h **** /* Driver inline functions.                                                  */
 136:./lib/chibios/os/hal/ports/STM32/LLD/TIMv1/hal_st_lld.h **** /*===========================================================================*/
 137:./lib/chibios/os/hal/ports/STM32/LLD/TIMv1/hal_st_lld.h **** 
 138:./lib/chibios/os/hal/ports/STM32/LLD/TIMv1/hal_st_lld.h **** /**
 139:./lib/chibios/os/hal/ports/STM32/LLD/TIMv1/hal_st_lld.h ****  * @brief   Returns the time counter value.
 140:./lib/chibios/os/hal/ports/STM32/LLD/TIMv1/hal_st_lld.h ****  *
 141:./lib/chibios/os/hal/ports/STM32/LLD/TIMv1/hal_st_lld.h ****  * @return              The counter value.
 142:./lib/chibios/os/hal/ports/STM32/LLD/TIMv1/hal_st_lld.h ****  *
 143:./lib/chibios/os/hal/ports/STM32/LLD/TIMv1/hal_st_lld.h ****  * @notapi
 144:./lib/chibios/os/hal/ports/STM32/LLD/TIMv1/hal_st_lld.h ****  */
 145:./lib/chibios/os/hal/ports/STM32/LLD/TIMv1/hal_st_lld.h **** static inline systime_t st_lld_get_counter(void) {
 146:./lib/chibios/os/hal/ports/STM32/LLD/TIMv1/hal_st_lld.h **** 
 147:./lib/chibios/os/hal/ports/STM32/LLD/TIMv1/hal_st_lld.h ****   return (systime_t)STM32_ST_TIM->CNT;
 148:./lib/chibios/os/hal/ports/STM32/LLD/TIMv1/hal_st_lld.h **** }
 149:./lib/chibios/os/hal/ports/STM32/LLD/TIMv1/hal_st_lld.h **** 
 150:./lib/chibios/os/hal/ports/STM32/LLD/TIMv1/hal_st_lld.h **** /**
 151:./lib/chibios/os/hal/ports/STM32/LLD/TIMv1/hal_st_lld.h ****  * @brief   Starts the alarm.
 152:./lib/chibios/os/hal/ports/STM32/LLD/TIMv1/hal_st_lld.h ****  * @note    Makes sure that no spurious alarms are triggered after
 153:./lib/chibios/os/hal/ports/STM32/LLD/TIMv1/hal_st_lld.h ****  *          this call.
 154:./lib/chibios/os/hal/ports/STM32/LLD/TIMv1/hal_st_lld.h ****  *
 155:./lib/chibios/os/hal/ports/STM32/LLD/TIMv1/hal_st_lld.h ****  * @param[in] time      the time to be set for the first alarm
 156:./lib/chibios/os/hal/ports/STM32/LLD/TIMv1/hal_st_lld.h ****  *
 157:./lib/chibios/os/hal/ports/STM32/LLD/TIMv1/hal_st_lld.h ****  * @notapi
 158:./lib/chibios/os/hal/ports/STM32/LLD/TIMv1/hal_st_lld.h ****  */
 159:./lib/chibios/os/hal/ports/STM32/LLD/TIMv1/hal_st_lld.h **** static inline void st_lld_start_alarm(systime_t time) {
  68              		.loc 2 159 20 view .LVU9
  69              	.LBB11:
 160:./lib/chibios/os/hal/ports/STM32/LLD/TIMv1/hal_st_lld.h **** 
 161:./lib/chibios/os/hal/ports/STM32/LLD/TIMv1/hal_st_lld.h ****   STM32_ST_TIM->CCR[0] = (uint32_t)time;
  70              		.loc 2 161 3 view .LVU10
  71              		.loc 2 161 24 is_stmt 0 view .LVU11
  72 0000 8023     		movs	r3, #128
 162:./lib/chibios/os/hal/ports/STM32/LLD/TIMv1/hal_st_lld.h ****   STM32_ST_TIM->SR     = 0;
  73              		.loc 2 162 24 view .LVU12
  74 0002 0022     		movs	r2, #0
 161:./lib/chibios/os/hal/ports/STM32/LLD/TIMv1/hal_st_lld.h ****   STM32_ST_TIM->SR     = 0;
  75              		.loc 2 161 24 view .LVU13
  76 0004 DB05     		lsls	r3, r3, #23
  77 0006 5863     		str	r0, [r3, #52]
  78              		.loc 2 162 3 is_stmt 1 view .LVU14
  79              		.loc 2 162 24 is_stmt 0 view .LVU15
  80 0008 1A61     		str	r2, [r3, #16]
 163:./lib/chibios/os/hal/ports/STM32/LLD/TIMv1/hal_st_lld.h ****   STM32_ST_TIM->DIER   = STM32_TIM_DIER_CC1IE;
  81              		.loc 2 163 3 is_stmt 1 view .LVU16
  82              		.loc 2 163 24 is_stmt 0 view .LVU17
  83 000a 0232     		adds	r2, r2, #2
  84 000c DA60     		str	r2, [r3, #12]
  85              	.LVL2:
  86              		.loc 2 163 24 view .LVU18
  87              	.LBE11:
  88              	.LBE10:
  82:lib/chibios/os/hal/src/hal_st.c **** }
  89              		.loc 1 82 1 view .LVU19
  90              		@ sp needed
  91 000e 7047     		bx	lr
  92              		.cfi_endproc
  93              	.LFE187:
  95              		.section	.text.stStopAlarm,"ax",%progbits
  96              		.align	1
  97              		.global	stStopAlarm
  98              		.syntax unified
  99              		.code	16
 100              		.thumb_func
 101              		.fpu softvfp
 103              	stStopAlarm:
 104              	.LFB188:
  83:lib/chibios/os/hal/src/hal_st.c **** 
  84:lib/chibios/os/hal/src/hal_st.c **** /**
  85:lib/chibios/os/hal/src/hal_st.c ****  * @brief   Stops the alarm interrupt.
  86:lib/chibios/os/hal/src/hal_st.c ****  * @note    This functionality is only available in free running mode, the
  87:lib/chibios/os/hal/src/hal_st.c ****  *          behavior in periodic mode is undefined.
  88:lib/chibios/os/hal/src/hal_st.c ****  *
  89:lib/chibios/os/hal/src/hal_st.c ****  * @api
  90:lib/chibios/os/hal/src/hal_st.c ****  */
  91:lib/chibios/os/hal/src/hal_st.c **** void stStopAlarm(void) {
 105              		.loc 1 91 24 is_stmt 1 view -0
 106              		.cfi_startproc
 107              		@ args = 0, pretend = 0, frame = 0
 108              		@ frame_needed = 0, uses_anonymous_args = 0
 109              		@ link register save eliminated.
  92:lib/chibios/os/hal/src/hal_st.c **** 
  93:lib/chibios/os/hal/src/hal_st.c ****   st_lld_stop_alarm();
 110              		.loc 1 93 3 view .LVU21
 111              	.LBB12:
 112              	.LBI12:
 164:./lib/chibios/os/hal/ports/STM32/LLD/TIMv1/hal_st_lld.h **** }
 165:./lib/chibios/os/hal/ports/STM32/LLD/TIMv1/hal_st_lld.h **** 
 166:./lib/chibios/os/hal/ports/STM32/LLD/TIMv1/hal_st_lld.h **** /**
 167:./lib/chibios/os/hal/ports/STM32/LLD/TIMv1/hal_st_lld.h ****  * @brief   Stops the alarm interrupt.
 168:./lib/chibios/os/hal/ports/STM32/LLD/TIMv1/hal_st_lld.h ****  *
 169:./lib/chibios/os/hal/ports/STM32/LLD/TIMv1/hal_st_lld.h ****  * @notapi
 170:./lib/chibios/os/hal/ports/STM32/LLD/TIMv1/hal_st_lld.h ****  */
 171:./lib/chibios/os/hal/ports/STM32/LLD/TIMv1/hal_st_lld.h **** static inline void st_lld_stop_alarm(void) {
 113              		.loc 2 171 20 view .LVU22
 114              	.LBB13:
 172:./lib/chibios/os/hal/ports/STM32/LLD/TIMv1/hal_st_lld.h **** 
 173:./lib/chibios/os/hal/ports/STM32/LLD/TIMv1/hal_st_lld.h ****   STM32_ST_TIM->DIER = 0;
 115              		.loc 2 173 3 view .LVU23
 116              		.loc 2 173 22 is_stmt 0 view .LVU24
 117 0000 8023     		movs	r3, #128
 118 0002 0022     		movs	r2, #0
 119 0004 DB05     		lsls	r3, r3, #23
 120 0006 DA60     		str	r2, [r3, #12]
 121              	.LBE13:
 122              	.LBE12:
  94:lib/chibios/os/hal/src/hal_st.c **** }
 123              		.loc 1 94 1 view .LVU25
 124              		@ sp needed
 125 0008 7047     		bx	lr
 126              		.cfi_endproc
 127              	.LFE188:
 129              		.section	.text.stSetAlarm,"ax",%progbits
 130              		.align	1
 131              		.global	stSetAlarm
 132              		.syntax unified
 133              		.code	16
 134              		.thumb_func
 135              		.fpu softvfp
 137              	stSetAlarm:
 138              	.LVL3:
 139              	.LFB189:
  95:lib/chibios/os/hal/src/hal_st.c **** 
  96:lib/chibios/os/hal/src/hal_st.c **** /**
  97:lib/chibios/os/hal/src/hal_st.c ****  * @brief   Sets the alarm time.
  98:lib/chibios/os/hal/src/hal_st.c ****  * @note    This functionality is only available in free running mode, the
  99:lib/chibios/os/hal/src/hal_st.c ****  *          behavior in periodic mode is undefined.
 100:lib/chibios/os/hal/src/hal_st.c ****  *
 101:lib/chibios/os/hal/src/hal_st.c ****  * @param[in] abstime   the time to be set for the next alarm
 102:lib/chibios/os/hal/src/hal_st.c ****  *
 103:lib/chibios/os/hal/src/hal_st.c ****  * @api
 104:lib/chibios/os/hal/src/hal_st.c ****  */
 105:lib/chibios/os/hal/src/hal_st.c **** void stSetAlarm(systime_t abstime) {
 140              		.loc 1 105 36 is_stmt 1 view -0
 141              		.cfi_startproc
 142              		@ args = 0, pretend = 0, frame = 0
 143              		@ frame_needed = 0, uses_anonymous_args = 0
 144              		@ link register save eliminated.
 106:lib/chibios/os/hal/src/hal_st.c **** 
 107:lib/chibios/os/hal/src/hal_st.c ****   osalDbgAssert(stIsAlarmActive() != false, "not active");
 145              		.loc 1 107 3 view .LVU27
 146              		.loc 1 107 3 view .LVU28
 108:lib/chibios/os/hal/src/hal_st.c **** 
 109:lib/chibios/os/hal/src/hal_st.c ****   st_lld_set_alarm(abstime);
 147              		.loc 1 109 3 view .LVU29
 148              	.LBB14:
 149              	.LBI14:
 174:./lib/chibios/os/hal/ports/STM32/LLD/TIMv1/hal_st_lld.h **** }
 175:./lib/chibios/os/hal/ports/STM32/LLD/TIMv1/hal_st_lld.h **** 
 176:./lib/chibios/os/hal/ports/STM32/LLD/TIMv1/hal_st_lld.h **** /**
 177:./lib/chibios/os/hal/ports/STM32/LLD/TIMv1/hal_st_lld.h ****  * @brief   Sets the alarm time.
 178:./lib/chibios/os/hal/ports/STM32/LLD/TIMv1/hal_st_lld.h ****  *
 179:./lib/chibios/os/hal/ports/STM32/LLD/TIMv1/hal_st_lld.h ****  * @param[in] time      the time to be set for the next alarm
 180:./lib/chibios/os/hal/ports/STM32/LLD/TIMv1/hal_st_lld.h ****  *
 181:./lib/chibios/os/hal/ports/STM32/LLD/TIMv1/hal_st_lld.h ****  * @notapi
 182:./lib/chibios/os/hal/ports/STM32/LLD/TIMv1/hal_st_lld.h ****  */
 183:./lib/chibios/os/hal/ports/STM32/LLD/TIMv1/hal_st_lld.h **** static inline void st_lld_set_alarm(systime_t time) {
 150              		.loc 2 183 20 view .LVU30
 151              	.LBB15:
 184:./lib/chibios/os/hal/ports/STM32/LLD/TIMv1/hal_st_lld.h **** 
 185:./lib/chibios/os/hal/ports/STM32/LLD/TIMv1/hal_st_lld.h ****   STM32_ST_TIM->CCR[0] = (uint32_t)time;
 152              		.loc 2 185 3 view .LVU31
 153              		.loc 2 185 24 is_stmt 0 view .LVU32
 154 0000 8023     		movs	r3, #128
 155 0002 DB05     		lsls	r3, r3, #23
 156 0004 5863     		str	r0, [r3, #52]
 157              	.LVL4:
 158              		.loc 2 185 24 view .LVU33
 159              	.LBE15:
 160              	.LBE14:
 110:lib/chibios/os/hal/src/hal_st.c **** }
 161              		.loc 1 110 1 view .LVU34
 162              		@ sp needed
 163 0006 7047     		bx	lr
 164              		.cfi_endproc
 165              	.LFE189:
 167              		.section	.text.stGetAlarm,"ax",%progbits
 168              		.align	1
 169              		.global	stGetAlarm
 170              		.syntax unified
 171              		.code	16
 172              		.thumb_func
 173              		.fpu softvfp
 175              	stGetAlarm:
 176              	.LFB190:
 111:lib/chibios/os/hal/src/hal_st.c **** 
 112:lib/chibios/os/hal/src/hal_st.c **** /**
 113:lib/chibios/os/hal/src/hal_st.c ****  * @brief   Returns the current alarm time.
 114:lib/chibios/os/hal/src/hal_st.c ****  * @note    This functionality is only available in free running mode, the
 115:lib/chibios/os/hal/src/hal_st.c ****  *          behavior in periodic mode is undefined.
 116:lib/chibios/os/hal/src/hal_st.c ****  *
 117:lib/chibios/os/hal/src/hal_st.c ****  * @return              The currently set alarm time.
 118:lib/chibios/os/hal/src/hal_st.c ****  *
 119:lib/chibios/os/hal/src/hal_st.c ****  * @api
 120:lib/chibios/os/hal/src/hal_st.c ****  */
 121:lib/chibios/os/hal/src/hal_st.c **** systime_t stGetAlarm(void) {
 177              		.loc 1 121 28 is_stmt 1 view -0
 178              		.cfi_startproc
 179              		@ args = 0, pretend = 0, frame = 0
 180              		@ frame_needed = 0, uses_anonymous_args = 0
 181              		@ link register save eliminated.
 122:lib/chibios/os/hal/src/hal_st.c **** 
 123:lib/chibios/os/hal/src/hal_st.c ****   osalDbgAssert(stIsAlarmActive() != false, "not active");
 182              		.loc 1 123 3 view .LVU36
 183              		.loc 1 123 3 view .LVU37
 124:lib/chibios/os/hal/src/hal_st.c **** 
 125:lib/chibios/os/hal/src/hal_st.c ****   return st_lld_get_alarm();
 184              		.loc 1 125 3 view .LVU38
 185              	.LBB16:
 186              	.LBI16:
 186:./lib/chibios/os/hal/ports/STM32/LLD/TIMv1/hal_st_lld.h **** }
 187:./lib/chibios/os/hal/ports/STM32/LLD/TIMv1/hal_st_lld.h **** 
 188:./lib/chibios/os/hal/ports/STM32/LLD/TIMv1/hal_st_lld.h **** /**
 189:./lib/chibios/os/hal/ports/STM32/LLD/TIMv1/hal_st_lld.h ****  * @brief   Returns the current alarm time.
 190:./lib/chibios/os/hal/ports/STM32/LLD/TIMv1/hal_st_lld.h ****  *
 191:./lib/chibios/os/hal/ports/STM32/LLD/TIMv1/hal_st_lld.h ****  * @return              The currently set alarm time.
 192:./lib/chibios/os/hal/ports/STM32/LLD/TIMv1/hal_st_lld.h ****  *
 193:./lib/chibios/os/hal/ports/STM32/LLD/TIMv1/hal_st_lld.h ****  * @notapi
 194:./lib/chibios/os/hal/ports/STM32/LLD/TIMv1/hal_st_lld.h ****  */
 195:./lib/chibios/os/hal/ports/STM32/LLD/TIMv1/hal_st_lld.h **** static inline systime_t st_lld_get_alarm(void) {
 187              		.loc 2 195 25 view .LVU39
 188              	.LBB17:
 196:./lib/chibios/os/hal/ports/STM32/LLD/TIMv1/hal_st_lld.h **** 
 197:./lib/chibios/os/hal/ports/STM32/LLD/TIMv1/hal_st_lld.h ****   return (systime_t)STM32_ST_TIM->CCR[0];
 189              		.loc 2 197 3 view .LVU40
 190              		.loc 2 197 10 is_stmt 0 view .LVU41
 191 0000 8023     		movs	r3, #128
 192 0002 DB05     		lsls	r3, r3, #23
 193 0004 586B     		ldr	r0, [r3, #52]
 194              	.LBE17:
 195              	.LBE16:
 126:lib/chibios/os/hal/src/hal_st.c **** }
 196              		.loc 1 126 1 view .LVU42
 197              		@ sp needed
 198 0006 7047     		bx	lr
 199              		.cfi_endproc
 200              	.LFE190:
 202              		.text
 203              	.Letext0:
 204              		.file 3 "c:\\msys64\\home\\kyleo\\qmk_utils\\gcc-arm-none-eabi\\lib\\gcc\\arm-none-eabi\\8.3.1\\in
 205              		.file 4 "c:\\msys64\\home\\kyleo\\qmk_utils\\gcc-arm-none-eabi\\arm-none-eabi\\include\\machine\\_
 206              		.file 5 "c:\\msys64\\home\\kyleo\\qmk_utils\\gcc-arm-none-eabi\\arm-none-eabi\\include\\sys\\_stdi
 207              		.file 6 "c:\\msys64\\home\\kyleo\\qmk_utils\\gcc-arm-none-eabi\\arm-none-eabi\\include\\stdint.h"
 208              		.file 7 "./lib/chibios/os/common/ports/ARMCMx/compilers/GCC/chtypes.h"
 209              		.file 8 "./lib/chibios/os/rt/include/chsystypes.h"
 210              		.file 9 "./lib/chibios/os/rt/include/chschd.h"
 211              		.file 10 "./lib/chibios/os/rt/include/chtime.h"
 212              		.file 11 "./lib/chibios/os/common/ext/ST/STM32F0xx/system_stm32f0xx.h"
 213              		.file 12 "./lib/chibios/os/common/ext/ST/STM32F0xx/stm32f072xb.h"
 214              		.file 13 "./lib/chibios/os/common/ports/ARMCMx/chcore.h"
 215              		.file 14 "./lib/chibios/os/common/ports/ARMCMx/chcore_v6m.h"
 216              		.file 15 "./lib/chibios/os/hal/ports/STM32/LLD/TIMv1/stm32_tim.h"
 217              		.file 16 "./lib/chibios/os/rt/include/chsem.h"
 218              		.file 17 "./lib/chibios/os/rt/include/chmtx.h"
 219              		.file 18 "./lib/chibios/os/rt/include/chsys.h"
 220              		.file 19 "./lib/chibios/os/rt/include/chregistry.h"
 221              		.file 20 "./lib/chibios/os/oslib/include/chmemcore.h"
 222              		.file 21 "./lib/chibios/os/hal/ports/STM32/LLD/DMAv1/stm32_dma.h"
 223              		.file 22 "./lib/chibios/os/hal/ports/STM32/LLD/GPIOv2/stm32_gpio.h"
 224              		.file 23 "./lib/chibios/os/hal/ports/STM32/LLD/GPIOv2/hal_pal_lld.h"
 225              		.file 24 "./lib/chibios/os/hal/include/hal_i2c.h"
 226              		.file 25 "./lib/chibios/os/hal/ports/STM32/LLD/I2Cv2/hal_i2c_lld.h"
 227              		.file 26 "./lib/chibios/os/hal/include/hal_pwm.h"
 228              		.file 27 "./lib/chibios/os/hal/ports/STM32/LLD/TIMv1/hal_pwm_lld.h"
 229              		.file 28 "./lib/chibios/os/hal/include/hal_spi.h"
 230              		.file 29 "./lib/chibios/os/hal/ports/STM32/LLD/SPIv2/hal_spi_lld.h"
 231              		.file 30 "./lib/chibios/os/hal/include/hal_usb.h"
 232              		.file 31 "./lib/chibios/os/hal/ports/STM32/LLD/USBv1/hal_usb_lld.h"
DEFINED SYMBOLS
                            *ABS*:00000000 hal_st.c
C:\Users\kyleo\AppData\Local\Temp\ccDpRcL2.s:16     .text.stInit:00000000 $t
C:\Users\kyleo\AppData\Local\Temp\ccDpRcL2.s:24     .text.stInit:00000000 stInit
C:\Users\kyleo\AppData\Local\Temp\ccDpRcL2.s:47     .text.stStartAlarm:00000000 $t
C:\Users\kyleo\AppData\Local\Temp\ccDpRcL2.s:54     .text.stStartAlarm:00000000 stStartAlarm
C:\Users\kyleo\AppData\Local\Temp\ccDpRcL2.s:96     .text.stStopAlarm:00000000 $t
C:\Users\kyleo\AppData\Local\Temp\ccDpRcL2.s:103    .text.stStopAlarm:00000000 stStopAlarm
C:\Users\kyleo\AppData\Local\Temp\ccDpRcL2.s:130    .text.stSetAlarm:00000000 $t
C:\Users\kyleo\AppData\Local\Temp\ccDpRcL2.s:137    .text.stSetAlarm:00000000 stSetAlarm
C:\Users\kyleo\AppData\Local\Temp\ccDpRcL2.s:168    .text.stGetAlarm:00000000 $t
C:\Users\kyleo\AppData\Local\Temp\ccDpRcL2.s:175    .text.stGetAlarm:00000000 stGetAlarm

UNDEFINED SYMBOLS
st_lld_init
