   1              		.cpu cortex-m0
   2              		.eabi_attribute 20, 1
   3              		.eabi_attribute 21, 1
   4              		.eabi_attribute 23, 3
   5              		.eabi_attribute 24, 1
   6              		.eabi_attribute 25, 1
   7              		.eabi_attribute 26, 1
   8              		.eabi_attribute 30, 4
   9              		.eabi_attribute 34, 0
  10              		.eabi_attribute 18, 2
  11              		.file	"hal_pal.c"
  12              		.text
  13              	.Ltext0:
  14              		.cfi_sections	.debug_frame
  15              		.section	.text.palReadBus,"ax",%progbits
  16              		.align	1
  17              		.global	palReadBus
  18              		.arch armv6s-m
  19              		.syntax unified
  20              		.code	16
  21              		.thumb_func
  22              		.fpu softvfp
  24              	palReadBus:
  25              	.LVL0:
  26              	.LFB186:
  27              		.file 1 "lib/chibios/os/hal/src/hal_pal.c"
   1:lib/chibios/os/hal/src/hal_pal.c **** /*
   2:lib/chibios/os/hal/src/hal_pal.c ****     ChibiOS - Copyright (C) 2006..2018 Giovanni Di Sirio
   3:lib/chibios/os/hal/src/hal_pal.c **** 
   4:lib/chibios/os/hal/src/hal_pal.c ****     Licensed under the Apache License, Version 2.0 (the "License");
   5:lib/chibios/os/hal/src/hal_pal.c ****     you may not use this file except in compliance with the License.
   6:lib/chibios/os/hal/src/hal_pal.c ****     You may obtain a copy of the License at
   7:lib/chibios/os/hal/src/hal_pal.c **** 
   8:lib/chibios/os/hal/src/hal_pal.c ****         http://www.apache.org/licenses/LICENSE-2.0
   9:lib/chibios/os/hal/src/hal_pal.c **** 
  10:lib/chibios/os/hal/src/hal_pal.c ****     Unless required by applicable law or agreed to in writing, software
  11:lib/chibios/os/hal/src/hal_pal.c ****     distributed under the License is distributed on an "AS IS" BASIS,
  12:lib/chibios/os/hal/src/hal_pal.c ****     WITHOUT WARRANTIES OR CONDITIONS OF ANY KIND, either express or implied.
  13:lib/chibios/os/hal/src/hal_pal.c ****     See the License for the specific language governing permissions and
  14:lib/chibios/os/hal/src/hal_pal.c ****     limitations under the License.
  15:lib/chibios/os/hal/src/hal_pal.c **** */
  16:lib/chibios/os/hal/src/hal_pal.c **** 
  17:lib/chibios/os/hal/src/hal_pal.c **** /**
  18:lib/chibios/os/hal/src/hal_pal.c ****  * @file    hal_pal.c
  19:lib/chibios/os/hal/src/hal_pal.c ****  * @brief   I/O Ports Abstraction Layer code.
  20:lib/chibios/os/hal/src/hal_pal.c ****  *
  21:lib/chibios/os/hal/src/hal_pal.c ****  * @addtogroup PAL
  22:lib/chibios/os/hal/src/hal_pal.c ****  * @{
  23:lib/chibios/os/hal/src/hal_pal.c ****  */
  24:lib/chibios/os/hal/src/hal_pal.c **** 
  25:lib/chibios/os/hal/src/hal_pal.c **** #include "hal.h"
  26:lib/chibios/os/hal/src/hal_pal.c **** 
  27:lib/chibios/os/hal/src/hal_pal.c **** #if (HAL_USE_PAL == TRUE) || defined(__DOXYGEN__)
  28:lib/chibios/os/hal/src/hal_pal.c **** 
  29:lib/chibios/os/hal/src/hal_pal.c **** /*===========================================================================*/
  30:lib/chibios/os/hal/src/hal_pal.c **** /* Driver local definitions.                                                 */
  31:lib/chibios/os/hal/src/hal_pal.c **** /*===========================================================================*/
  32:lib/chibios/os/hal/src/hal_pal.c **** 
  33:lib/chibios/os/hal/src/hal_pal.c **** /*===========================================================================*/
  34:lib/chibios/os/hal/src/hal_pal.c **** /* Driver exported variables.                                                */
  35:lib/chibios/os/hal/src/hal_pal.c **** /*===========================================================================*/
  36:lib/chibios/os/hal/src/hal_pal.c **** 
  37:lib/chibios/os/hal/src/hal_pal.c **** /*===========================================================================*/
  38:lib/chibios/os/hal/src/hal_pal.c **** /* Driver local variables and types.                                         */
  39:lib/chibios/os/hal/src/hal_pal.c **** /*===========================================================================*/
  40:lib/chibios/os/hal/src/hal_pal.c **** 
  41:lib/chibios/os/hal/src/hal_pal.c **** /*===========================================================================*/
  42:lib/chibios/os/hal/src/hal_pal.c **** /* Driver local functions.                                                   */
  43:lib/chibios/os/hal/src/hal_pal.c **** /*===========================================================================*/
  44:lib/chibios/os/hal/src/hal_pal.c **** 
  45:lib/chibios/os/hal/src/hal_pal.c **** /*===========================================================================*/
  46:lib/chibios/os/hal/src/hal_pal.c **** /* Driver exported functions.                                                */
  47:lib/chibios/os/hal/src/hal_pal.c **** /*===========================================================================*/
  48:lib/chibios/os/hal/src/hal_pal.c **** 
  49:lib/chibios/os/hal/src/hal_pal.c **** /**
  50:lib/chibios/os/hal/src/hal_pal.c ****  * @brief   Read from an I/O bus.
  51:lib/chibios/os/hal/src/hal_pal.c ****  * @note    The operation is not guaranteed to be atomic on all the
  52:lib/chibios/os/hal/src/hal_pal.c ****  *          architectures, for atomicity and/or portability reasons you may
  53:lib/chibios/os/hal/src/hal_pal.c ****  *          need to enclose port I/O operations between @p osalSysLock() and
  54:lib/chibios/os/hal/src/hal_pal.c ****  *          @p osalSysUnlock().
  55:lib/chibios/os/hal/src/hal_pal.c ****  * @note    The function internally uses the @p palReadGroup() macro. The use
  56:lib/chibios/os/hal/src/hal_pal.c ****  *          of this function is preferred when you value code size, readability
  57:lib/chibios/os/hal/src/hal_pal.c ****  *          and error checking over speed.
  58:lib/chibios/os/hal/src/hal_pal.c ****  * @note    The function can be called from any context.
  59:lib/chibios/os/hal/src/hal_pal.c ****  *
  60:lib/chibios/os/hal/src/hal_pal.c ****  * @param[in] bus       the I/O bus, pointer to a @p IOBus structure
  61:lib/chibios/os/hal/src/hal_pal.c ****  * @return              The bus logical states.
  62:lib/chibios/os/hal/src/hal_pal.c ****  *
  63:lib/chibios/os/hal/src/hal_pal.c ****  * @special
  64:lib/chibios/os/hal/src/hal_pal.c ****  */
  65:lib/chibios/os/hal/src/hal_pal.c **** ioportmask_t palReadBus(const IOBus *bus) {
  28              		.loc 1 65 43 view -0
  29              		.cfi_startproc
  30              		@ args = 0, pretend = 0, frame = 0
  31              		@ frame_needed = 0, uses_anonymous_args = 0
  32              		@ link register save eliminated.
  66:lib/chibios/os/hal/src/hal_pal.c **** 
  67:lib/chibios/os/hal/src/hal_pal.c ****   osalDbgCheck((bus != NULL) && (bus->offset < PAL_IOPORTS_WIDTH));
  33              		.loc 1 67 3 view .LVU1
  34              		.loc 1 67 3 view .LVU2
  68:lib/chibios/os/hal/src/hal_pal.c **** 
  69:lib/chibios/os/hal/src/hal_pal.c ****   return palReadGroup(bus->portid, bus->mask, bus->offset);
  35              		.loc 1 69 3 view .LVU3
  36              		.loc 1 69 10 is_stmt 0 view .LVU4
  37 0000 0368     		ldr	r3, [r0]
  38 0002 8268     		ldr	r2, [r0, #8]
  39 0004 1B69     		ldr	r3, [r3, #16]
  40 0006 4068     		ldr	r0, [r0, #4]
  41              	.LVL1:
  42              		.loc 1 69 10 view .LVU5
  43 0008 D340     		lsrs	r3, r3, r2
  70:lib/chibios/os/hal/src/hal_pal.c **** }
  44              		.loc 1 70 1 view .LVU6
  45              		@ sp needed
  69:lib/chibios/os/hal/src/hal_pal.c **** }
  46              		.loc 1 69 10 view .LVU7
  47 000a 1840     		ands	r0, r3
  48              		.loc 1 70 1 view .LVU8
  49 000c 7047     		bx	lr
  50              		.cfi_endproc
  51              	.LFE186:
  53              		.section	.text.palWriteBus,"ax",%progbits
  54              		.align	1
  55              		.global	palWriteBus
  56              		.syntax unified
  57              		.code	16
  58              		.thumb_func
  59              		.fpu softvfp
  61              	palWriteBus:
  62              	.LVL2:
  63              	.LFB187:
  71:lib/chibios/os/hal/src/hal_pal.c **** 
  72:lib/chibios/os/hal/src/hal_pal.c **** /**
  73:lib/chibios/os/hal/src/hal_pal.c ****  * @brief   Write to an I/O bus.
  74:lib/chibios/os/hal/src/hal_pal.c ****  * @note    The operation is not guaranteed to be atomic on all the
  75:lib/chibios/os/hal/src/hal_pal.c ****  *          architectures, for atomicity and/or portability reasons you may
  76:lib/chibios/os/hal/src/hal_pal.c ****  *          need to enclose port I/O operations between @p osalSysLock() and
  77:lib/chibios/os/hal/src/hal_pal.c ****  *          @p osalSysUnlock().
  78:lib/chibios/os/hal/src/hal_pal.c ****  * @note    The default implementation is non atomic and not necessarily
  79:lib/chibios/os/hal/src/hal_pal.c ****  *          optimal. Low level drivers may  optimize the function by using
  80:lib/chibios/os/hal/src/hal_pal.c ****  *          specific hardware or coding.
  81:lib/chibios/os/hal/src/hal_pal.c ****  * @note    The function can be called from any context.
  82:lib/chibios/os/hal/src/hal_pal.c ****  *
  83:lib/chibios/os/hal/src/hal_pal.c ****  * @param[in] bus       the I/O bus, pointer to a @p IOBus structure
  84:lib/chibios/os/hal/src/hal_pal.c ****  * @param[in] bits      the bits to be written on the I/O bus. Values exceeding
  85:lib/chibios/os/hal/src/hal_pal.c ****  *                      the bus width are masked so most significant bits are
  86:lib/chibios/os/hal/src/hal_pal.c ****  *                      lost.
  87:lib/chibios/os/hal/src/hal_pal.c ****  *
  88:lib/chibios/os/hal/src/hal_pal.c ****  * @special
  89:lib/chibios/os/hal/src/hal_pal.c ****  */
  90:lib/chibios/os/hal/src/hal_pal.c **** void palWriteBus(const IOBus *bus, ioportmask_t bits) {
  64              		.loc 1 90 55 is_stmt 1 view -0
  65              		.cfi_startproc
  66              		@ args = 0, pretend = 0, frame = 0
  67              		@ frame_needed = 0, uses_anonymous_args = 0
  91:lib/chibios/os/hal/src/hal_pal.c **** 
  92:lib/chibios/os/hal/src/hal_pal.c ****   osalDbgCheck((bus != NULL) && (bus->offset < PAL_IOPORTS_WIDTH));
  68              		.loc 1 92 3 view .LVU10
  69              		.loc 1 92 3 view .LVU11
  70              	.LBB2:
  93:lib/chibios/os/hal/src/hal_pal.c **** 
  94:lib/chibios/os/hal/src/hal_pal.c ****   palWriteGroup(bus->portid, bus->mask, bus->offset, bits);
  71              		.loc 1 94 3 view .LVU12
  72              	.LBE2:
  90:lib/chibios/os/hal/src/hal_pal.c **** 
  73              		.loc 1 90 55 is_stmt 0 view .LVU13
  74 0000 30B5     		push	{r4, r5, lr}
  75              		.cfi_def_cfa_offset 12
  76              		.cfi_offset 4, -12
  77              		.cfi_offset 5, -8
  78              		.cfi_offset 14, -4
  79              	.LBB3:
  80              		.loc 1 94 3 view .LVU14
  81 0002 4368     		ldr	r3, [r0, #4]
  82 0004 8468     		ldr	r4, [r0, #8]
  83 0006 1A00     		movs	r2, r3
  84 0008 2500     		movs	r5, r4
  85 000a 8A43     		bics	r2, r1
  86 000c 1035     		adds	r5, r5, #16
  87 000e 0B40     		ands	r3, r1
  88 0010 AA40     		lsls	r2, r2, r5
  89 0012 A340     		lsls	r3, r3, r4
  90 0014 1343     		orrs	r3, r2
  91              	.LVL3:
  92              		.loc 1 94 3 is_stmt 1 view .LVU15
  93 0016 0268     		ldr	r2, [r0]
  94              	.LBE3:
  95:lib/chibios/os/hal/src/hal_pal.c **** }
  95              		.loc 1 95 1 is_stmt 0 view .LVU16
  96              		@ sp needed
  97              	.LBB4:
  94:lib/chibios/os/hal/src/hal_pal.c **** }
  98              		.loc 1 94 3 view .LVU17
  99 0018 9361     		str	r3, [r2, #24]
 100              	.LBE4:
  94:lib/chibios/os/hal/src/hal_pal.c **** }
 101              		.loc 1 94 59 is_stmt 1 view .LVU18
 102              		.loc 1 95 1 is_stmt 0 view .LVU19
 103 001a 30BD     		pop	{r4, r5, pc}
 104              		.cfi_endproc
 105              	.LFE187:
 107              		.section	.text.palSetBusMode,"ax",%progbits
 108              		.align	1
 109              		.global	palSetBusMode
 110              		.syntax unified
 111              		.code	16
 112              		.thumb_func
 113              		.fpu softvfp
 115              	palSetBusMode:
 116              	.LVL4:
 117              	.LFB188:
  96:lib/chibios/os/hal/src/hal_pal.c **** 
  97:lib/chibios/os/hal/src/hal_pal.c **** /**
  98:lib/chibios/os/hal/src/hal_pal.c ****  * @brief   Programs a bus with the specified mode.
  99:lib/chibios/os/hal/src/hal_pal.c ****  * @note    The operation is not guaranteed to be atomic on all the
 100:lib/chibios/os/hal/src/hal_pal.c ****  *          architectures, for atomicity and/or portability reasons you may
 101:lib/chibios/os/hal/src/hal_pal.c ****  *          need to enclose port I/O operations between @p osalSysLock() and
 102:lib/chibios/os/hal/src/hal_pal.c ****  *          @p osalSysUnlock().
 103:lib/chibios/os/hal/src/hal_pal.c ****  * @note    The default implementation is non atomic and not necessarily
 104:lib/chibios/os/hal/src/hal_pal.c ****  *          optimal. Low level drivers may  optimize the function by using
 105:lib/chibios/os/hal/src/hal_pal.c ****  *          specific hardware or coding.
 106:lib/chibios/os/hal/src/hal_pal.c ****  * @note    The function can be called from any context.
 107:lib/chibios/os/hal/src/hal_pal.c ****  *
 108:lib/chibios/os/hal/src/hal_pal.c ****  * @param[in] bus       the I/O bus, pointer to a @p IOBus structure
 109:lib/chibios/os/hal/src/hal_pal.c ****  * @param[in] mode      the mode
 110:lib/chibios/os/hal/src/hal_pal.c ****  *
 111:lib/chibios/os/hal/src/hal_pal.c ****  * @special
 112:lib/chibios/os/hal/src/hal_pal.c ****  */
 113:lib/chibios/os/hal/src/hal_pal.c **** void palSetBusMode(const IOBus *bus, iomode_t mode) {
 118              		.loc 1 113 53 is_stmt 1 view -0
 119              		.cfi_startproc
 120              		@ args = 0, pretend = 0, frame = 0
 121              		@ frame_needed = 0, uses_anonymous_args = 0
 114:lib/chibios/os/hal/src/hal_pal.c **** 
 115:lib/chibios/os/hal/src/hal_pal.c ****   osalDbgCheck((bus != NULL) && (bus->offset < PAL_IOPORTS_WIDTH));
 122              		.loc 1 115 3 view .LVU21
 123              		.loc 1 115 3 view .LVU22
 116:lib/chibios/os/hal/src/hal_pal.c **** 
 117:lib/chibios/os/hal/src/hal_pal.c ****   palSetGroupMode(bus->portid, bus->mask, bus->offset, mode);
 124              		.loc 1 117 3 view .LVU23
 113:lib/chibios/os/hal/src/hal_pal.c **** 
 125              		.loc 1 113 53 is_stmt 0 view .LVU24
 126 0000 10B5     		push	{r4, lr}
 127              		.cfi_def_cfa_offset 8
 128              		.cfi_offset 4, -8
 129              		.cfi_offset 14, -4
 130              		.loc 1 117 3 view .LVU25
 131 0002 8368     		ldr	r3, [r0, #8]
 113:lib/chibios/os/hal/src/hal_pal.c **** 
 132              		.loc 1 113 53 view .LVU26
 133 0004 0A00     		movs	r2, r1
 134              		.loc 1 117 3 view .LVU27
 135 0006 4168     		ldr	r1, [r0, #4]
 136              	.LVL5:
 137              		.loc 1 117 3 view .LVU28
 138 0008 0068     		ldr	r0, [r0]
 139              	.LVL6:
 140              		.loc 1 117 3 view .LVU29
 141 000a 9940     		lsls	r1, r1, r3
 142 000c FFF7FEFF 		bl	_pal_lld_setgroupmode
 143              	.LVL7:
 118:lib/chibios/os/hal/src/hal_pal.c **** }
 144              		.loc 1 118 1 view .LVU30
 145              		@ sp needed
 146 0010 10BD     		pop	{r4, pc}
 147              		.cfi_endproc
 148              	.LFE188:
 150              		.text
 151              	.Letext0:
 152              		.file 2 "c:\\msys64\\home\\kyleo\\qmk_utils\\gcc-arm-none-eabi\\lib\\gcc\\arm-none-eabi\\8.3.1\\in
 153              		.file 3 "c:\\msys64\\home\\kyleo\\qmk_utils\\gcc-arm-none-eabi\\arm-none-eabi\\include\\machine\\_
 154              		.file 4 "c:\\msys64\\home\\kyleo\\qmk_utils\\gcc-arm-none-eabi\\arm-none-eabi\\include\\sys\\_stdi
 155              		.file 5 "c:\\msys64\\home\\kyleo\\qmk_utils\\gcc-arm-none-eabi\\arm-none-eabi\\include\\stdint.h"
 156              		.file 6 "./lib/chibios/os/common/ports/ARMCMx/compilers/GCC/chtypes.h"
 157              		.file 7 "./lib/chibios/os/rt/include/chsystypes.h"
 158              		.file 8 "./lib/chibios/os/rt/include/chschd.h"
 159              		.file 9 "./lib/chibios/os/rt/include/chtime.h"
 160              		.file 10 "./lib/chibios/os/common/ext/ST/STM32F0xx/system_stm32f0xx.h"
 161              		.file 11 "./lib/chibios/os/common/ext/ST/STM32F0xx/stm32f072xb.h"
 162              		.file 12 "./lib/chibios/os/common/ports/ARMCMx/chcore.h"
 163              		.file 13 "./lib/chibios/os/common/ports/ARMCMx/chcore_v6m.h"
 164              		.file 14 "./lib/chibios/os/hal/ports/STM32/LLD/TIMv1/stm32_tim.h"
 165              		.file 15 "./lib/chibios/os/rt/include/chsem.h"
 166              		.file 16 "./lib/chibios/os/rt/include/chmtx.h"
 167              		.file 17 "./lib/chibios/os/rt/include/chsys.h"
 168              		.file 18 "./lib/chibios/os/rt/include/chregistry.h"
 169              		.file 19 "./lib/chibios/os/oslib/include/chmemcore.h"
 170              		.file 20 "./lib/chibios/os/hal/ports/STM32/LLD/DMAv1/stm32_dma.h"
 171              		.file 21 "./lib/chibios/os/hal/ports/STM32/LLD/GPIOv2/stm32_gpio.h"
 172              		.file 22 "./lib/chibios/os/hal/ports/STM32/LLD/GPIOv2/hal_pal_lld.h"
 173              		.file 23 "./lib/chibios/os/hal/include/hal_pal.h"
 174              		.file 24 "./lib/chibios/os/hal/include/hal_i2c.h"
 175              		.file 25 "./lib/chibios/os/hal/ports/STM32/LLD/I2Cv2/hal_i2c_lld.h"
 176              		.file 26 "./lib/chibios/os/hal/include/hal_pwm.h"
 177              		.file 27 "./lib/chibios/os/hal/ports/STM32/LLD/TIMv1/hal_pwm_lld.h"
 178              		.file 28 "./lib/chibios/os/hal/include/hal_spi.h"
 179              		.file 29 "./lib/chibios/os/hal/ports/STM32/LLD/SPIv2/hal_spi_lld.h"
 180              		.file 30 "./lib/chibios/os/hal/include/hal_usb.h"
 181              		.file 31 "./lib/chibios/os/hal/ports/STM32/LLD/USBv1/hal_usb_lld.h"
DEFINED SYMBOLS
                            *ABS*:00000000 hal_pal.c
C:\Users\kyleo\AppData\Local\Temp\ccSchQR0.s:16     .text.palReadBus:00000000 $t
C:\Users\kyleo\AppData\Local\Temp\ccSchQR0.s:24     .text.palReadBus:00000000 palReadBus
C:\Users\kyleo\AppData\Local\Temp\ccSchQR0.s:54     .text.palWriteBus:00000000 $t
C:\Users\kyleo\AppData\Local\Temp\ccSchQR0.s:61     .text.palWriteBus:00000000 palWriteBus
C:\Users\kyleo\AppData\Local\Temp\ccSchQR0.s:108    .text.palSetBusMode:00000000 $t
C:\Users\kyleo\AppData\Local\Temp\ccSchQR0.s:115    .text.palSetBusMode:00000000 palSetBusMode

UNDEFINED SYMBOLS
_pal_lld_setgroupmode
