   1              		.cpu cortex-m0
   2              		.eabi_attribute 20, 1
   3              		.eabi_attribute 21, 1
   4              		.eabi_attribute 23, 3
   5              		.eabi_attribute 24, 1
   6              		.eabi_attribute 25, 1
   7              		.eabi_attribute 26, 1
   8              		.eabi_attribute 30, 4
   9              		.eabi_attribute 34, 0
  10              		.eabi_attribute 18, 2
  11              		.file	"sym_g.c"
  12              		.text
  13              	.Ltext0:
  14              		.cfi_sections	.debug_frame
  15              		.section	.text.debounce_init,"ax",%progbits
  16              		.align	1
  17              		.global	debounce_init
  18              		.arch armv6s-m
  19              		.syntax unified
  20              		.code	16
  21              		.thumb_func
  22              		.fpu softvfp
  24              	debounce_init:
  25              	.LVL0:
  26              	.LFB194:
  27              		.file 1 "quantum/debounce/sym_g.c"
   1:quantum/debounce/sym_g.c **** /*
   2:quantum/debounce/sym_g.c **** Copyright 2017 Alex Ong<the.onga@gmail.com>
   3:quantum/debounce/sym_g.c **** This program is free software: you can redistribute it and/or modify
   4:quantum/debounce/sym_g.c **** it under the terms of the GNU General Public License as published by
   5:quantum/debounce/sym_g.c **** the Free Software Foundation, either version 2 of the License, or
   6:quantum/debounce/sym_g.c **** (at your option) any later version.
   7:quantum/debounce/sym_g.c **** This program is distributed in the hope that it will be useful,
   8:quantum/debounce/sym_g.c **** but WITHOUT ANY WARRANTY; without even the implied warranty of
   9:quantum/debounce/sym_g.c **** MERCHANTABILITY or FITNESS FOR A PARTICULAR PURPOSE.  See the
  10:quantum/debounce/sym_g.c **** GNU General Public License for more details.
  11:quantum/debounce/sym_g.c **** You should have received a copy of the GNU General Public License
  12:quantum/debounce/sym_g.c **** along with this program.  If not, see <http://www.gnu.org/licenses/>.
  13:quantum/debounce/sym_g.c **** */
  14:quantum/debounce/sym_g.c **** 
  15:quantum/debounce/sym_g.c **** /*
  16:quantum/debounce/sym_g.c **** Basic global debounce algorithm. Used in 99% of keyboards at time of implementation
  17:quantum/debounce/sym_g.c **** When no state changes have occured for DEBOUNCE milliseconds, we push the state.
  18:quantum/debounce/sym_g.c **** */
  19:quantum/debounce/sym_g.c **** #include "matrix.h"
  20:quantum/debounce/sym_g.c **** #include "timer.h"
  21:quantum/debounce/sym_g.c **** #include "quantum.h"
  22:quantum/debounce/sym_g.c **** #ifndef DEBOUNCE
  23:quantum/debounce/sym_g.c **** #    define DEBOUNCE 5
  24:quantum/debounce/sym_g.c **** #endif
  25:quantum/debounce/sym_g.c **** 
  26:quantum/debounce/sym_g.c **** void        debounce_init(uint8_t num_rows) {}
  28              		.loc 1 26 45 view -0
  29              		.cfi_startproc
  30              		@ args = 0, pretend = 0, frame = 0
  31              		@ frame_needed = 0, uses_anonymous_args = 0
  32              		@ link register save eliminated.
  33              		.loc 1 26 46 view .LVU1
  34              		.loc 1 26 1 is_stmt 0 view .LVU2
  35              		@ sp needed
  36 0000 7047     		bx	lr
  37              		.cfi_endproc
  38              	.LFE194:
  40              		.section	.text.debounce,"ax",%progbits
  41              		.align	1
  42              		.global	debounce
  43              		.syntax unified
  44              		.code	16
  45              		.thumb_func
  46              		.fpu softvfp
  48              	debounce:
  49              	.LVL1:
  50              	.LFB195:
  27:quantum/debounce/sym_g.c **** static bool debouncing = false;
  28:quantum/debounce/sym_g.c **** 
  29:quantum/debounce/sym_g.c **** #if DEBOUNCE > 0
  30:quantum/debounce/sym_g.c **** static uint16_t debouncing_time;
  31:quantum/debounce/sym_g.c **** void            debounce(matrix_row_t raw[], matrix_row_t cooked[], uint8_t num_rows, bool changed)
  51              		.loc 1 31 101 is_stmt 1 view -0
  52              		.cfi_startproc
  53              		@ args = 0, pretend = 0, frame = 0
  54              		@ frame_needed = 0, uses_anonymous_args = 0
  32:quantum/debounce/sym_g.c ****     if (changed) {
  55              		.loc 1 32 5 view .LVU4
  31:quantum/debounce/sym_g.c ****     if (changed) {
  56              		.loc 1 31 101 is_stmt 0 view .LVU5
  57 0000 F8B5     		push	{r3, r4, r5, r6, r7, lr}
  58              		.cfi_def_cfa_offset 24
  59              		.cfi_offset 3, -24
  60              		.cfi_offset 4, -20
  61              		.cfi_offset 5, -16
  62              		.cfi_offset 6, -12
  63              		.cfi_offset 7, -8
  64              		.cfi_offset 14, -4
  31:quantum/debounce/sym_g.c ****     if (changed) {
  65              		.loc 1 31 101 view .LVU6
  66 0002 0500     		movs	r5, r0
  67 0004 0E00     		movs	r6, r1
  68 0006 1700     		movs	r7, r2
  69 0008 0E4C     		ldr	r4, .L12
  70              		.loc 1 32 8 view .LVU7
  71 000a 002B     		cmp	r3, #0
  72 000c 05D0     		beq	.L3
  33:quantum/debounce/sym_g.c ****         debouncing      = true;
  73              		.loc 1 33 9 is_stmt 1 view .LVU8
  74              		.loc 1 33 25 is_stmt 0 view .LVU9
  75 000e 0123     		movs	r3, #1
  76              	.LVL2:
  77              		.loc 1 33 25 view .LVU10
  78 0010 2370     		strb	r3, [r4]
  34:quantum/debounce/sym_g.c ****         debouncing_time = timer_read();
  79              		.loc 1 34 9 is_stmt 1 view .LVU11
  80              		.loc 1 34 27 is_stmt 0 view .LVU12
  81 0012 FFF7FEFF 		bl	timer_read
  82              	.LVL3:
  83              		.loc 1 34 25 view .LVU13
  84 0016 0C4B     		ldr	r3, .L12+4
  85 0018 1880     		strh	r0, [r3]
  86              	.L3:
  35:quantum/debounce/sym_g.c ****     }
  36:quantum/debounce/sym_g.c **** 
  37:quantum/debounce/sym_g.c ****     if (debouncing && timer_elapsed(debouncing_time) > DEBOUNCE) {
  87              		.loc 1 37 5 is_stmt 1 view .LVU14
  88              		.loc 1 37 8 is_stmt 0 view .LVU15
  89 001a 2378     		ldrb	r3, [r4]
  90 001c 002B     		cmp	r3, #0
  91 001e 0BD0     		beq	.L2
  92              		.loc 1 37 23 discriminator 1 view .LVU16
  93 0020 094B     		ldr	r3, .L12+4
  94 0022 1888     		ldrh	r0, [r3]
  95 0024 FFF7FEFF 		bl	timer_elapsed
  96              	.LVL4:
  97              		.loc 1 37 20 discriminator 1 view .LVU17
  98 0028 0528     		cmp	r0, #5
  99 002a 05D9     		bls	.L2
 100              		.loc 1 37 20 view .LVU18
 101 002c 0023     		movs	r3, #0
 102 002e 7F00     		lsls	r7, r7, #1
 103              	.L7:
 104              	.LBB2:
  38:quantum/debounce/sym_g.c ****         for (int i = 0; i < num_rows; i++) {
 105              		.loc 1 38 9 discriminator 1 view .LVU19
 106 0030 BB42     		cmp	r3, r7
 107 0032 02D1     		bne	.L8
 108              	.LBE2:
  39:quantum/debounce/sym_g.c ****             cooked[i] = raw[i];
  40:quantum/debounce/sym_g.c ****         }
  41:quantum/debounce/sym_g.c ****         debouncing = false;
 109              		.loc 1 41 9 is_stmt 1 view .LVU20
 110              		.loc 1 41 20 is_stmt 0 view .LVU21
 111 0034 0023     		movs	r3, #0
 112 0036 2370     		strb	r3, [r4]
 113              	.L2:
  42:quantum/debounce/sym_g.c ****     }
  43:quantum/debounce/sym_g.c **** }
 114              		.loc 1 43 1 view .LVU22
 115              		@ sp needed
 116              	.LVL5:
 117              	.LVL6:
 118              		.loc 1 43 1 view .LVU23
 119 0038 F8BD     		pop	{r3, r4, r5, r6, r7, pc}
 120              	.LVL7:
 121              	.L8:
 122              	.LBB3:
  39:quantum/debounce/sym_g.c ****             cooked[i] = raw[i];
 123              		.loc 1 39 13 is_stmt 1 discriminator 3 view .LVU24
  39:quantum/debounce/sym_g.c ****             cooked[i] = raw[i];
 124              		.loc 1 39 28 is_stmt 0 discriminator 3 view .LVU25
 125 003a EA5A     		ldrh	r2, [r5, r3]
  39:quantum/debounce/sym_g.c ****             cooked[i] = raw[i];
 126              		.loc 1 39 23 discriminator 3 view .LVU26
 127 003c F252     		strh	r2, [r6, r3]
 128 003e 0233     		adds	r3, r3, #2
 129 0040 F6E7     		b	.L7
 130              	.L13:
 131 0042 C046     		.align	2
 132              	.L12:
 133 0044 00000000 		.word	.LANCHOR0
 134 0048 00000000 		.word	.LANCHOR1
 135              	.LBE3:
 136              		.cfi_endproc
 137              	.LFE195:
 139              		.section	.text.debounce_active,"ax",%progbits
 140              		.align	1
 141              		.global	debounce_active
 142              		.syntax unified
 143              		.code	16
 144              		.thumb_func
 145              		.fpu softvfp
 147              	debounce_active:
 148              	.LFB196:
  44:quantum/debounce/sym_g.c **** #else  // no debouncing.
  45:quantum/debounce/sym_g.c **** void debounce(matrix_row_t raw[], matrix_row_t cooked[], uint8_t num_rows, bool changed) {
  46:quantum/debounce/sym_g.c ****     for (int i = 0; i < num_rows; i++) {
  47:quantum/debounce/sym_g.c ****         cooked[i] = raw[i];
  48:quantum/debounce/sym_g.c ****     }
  49:quantum/debounce/sym_g.c **** }
  50:quantum/debounce/sym_g.c **** #endif
  51:quantum/debounce/sym_g.c **** 
  52:quantum/debounce/sym_g.c **** bool debounce_active(void) { return debouncing; }
 149              		.loc 1 52 28 is_stmt 1 view -0
 150              		.cfi_startproc
 151              		@ args = 0, pretend = 0, frame = 0
 152              		@ frame_needed = 0, uses_anonymous_args = 0
 153              		@ link register save eliminated.
 154              		.loc 1 52 30 view .LVU28
 155              		.loc 1 52 37 is_stmt 0 view .LVU29
 156 0000 014B     		ldr	r3, .L15
 157              		.loc 1 52 1 view .LVU30
 158              		@ sp needed
 159              		.loc 1 52 37 view .LVU31
 160 0002 1878     		ldrb	r0, [r3]
 161              		.loc 1 52 1 view .LVU32
 162 0004 7047     		bx	lr
 163              	.L16:
 164 0006 C046     		.align	2
 165              	.L15:
 166 0008 00000000 		.word	.LANCHOR0
 167              		.cfi_endproc
 168              	.LFE196:
 170              		.section	.bss.debouncing,"aw",%nobits
 171              		.set	.LANCHOR0,. + 0
 174              	debouncing:
 175 0000 00       		.space	1
 176              		.section	.bss.debouncing_time,"aw",%nobits
 177              		.align	1
 178              		.set	.LANCHOR1,. + 0
 181              	debouncing_time:
 182 0000 0000     		.space	2
 183              		.text
 184              	.Letext0:
 185              		.file 2 "c:\\msys64\\home\\kyleo\\qmk_utils\\gcc-arm-none-eabi\\arm-none-eabi\\include\\machine\\_
 186              		.file 3 "c:\\msys64\\home\\kyleo\\qmk_utils\\gcc-arm-none-eabi\\arm-none-eabi\\include\\sys\\_stdi
 187              		.file 4 "c:\\msys64\\home\\kyleo\\qmk_utils\\gcc-arm-none-eabi\\arm-none-eabi\\include\\stdint.h"
 188              		.file 5 "tmk_core/common/matrix.h"
 189              		.file 6 "c:\\msys64\\home\\kyleo\\qmk_utils\\gcc-arm-none-eabi\\lib\\gcc\\arm-none-eabi\\8.3.1\\in
 190              		.file 7 "./lib/chibios/os/common/ports/ARMCMx/compilers/GCC/chtypes.h"
 191              		.file 8 "./lib/chibios/os/rt/include/chsystypes.h"
 192              		.file 9 "./lib/chibios/os/rt/include/chschd.h"
 193              		.file 10 "./lib/chibios/os/rt/include/chtime.h"
 194              		.file 11 "tmk_core/common/timer.h"
 195              		.file 12 "./lib/chibios/os/common/ext/ST/STM32F0xx/system_stm32f0xx.h"
 196              		.file 13 "./lib/chibios/os/common/ext/ST/STM32F0xx/stm32f072xb.h"
 197              		.file 14 "./lib/chibios/os/common/ports/ARMCMx/chcore.h"
 198              		.file 15 "./lib/chibios/os/common/ports/ARMCMx/chcore_v6m.h"
 199              		.file 16 "./lib/chibios/os/hal/ports/STM32/LLD/TIMv1/stm32_tim.h"
 200              		.file 17 "./lib/chibios/os/rt/include/chsem.h"
 201              		.file 18 "./lib/chibios/os/rt/include/chmtx.h"
 202              		.file 19 "./lib/chibios/os/rt/include/chsys.h"
 203              		.file 20 "./lib/chibios/os/rt/include/chregistry.h"
 204              		.file 21 "./lib/chibios/os/oslib/include/chmemcore.h"
 205              		.file 22 "./lib/chibios/os/hal/ports/STM32/LLD/DMAv1/stm32_dma.h"
 206              		.file 23 "./lib/chibios/os/hal/ports/STM32/LLD/GPIOv2/stm32_gpio.h"
 207              		.file 24 "./lib/chibios/os/hal/ports/STM32/LLD/GPIOv2/hal_pal_lld.h"
 208              		.file 25 "./lib/chibios/os/hal/include/hal_i2c.h"
 209              		.file 26 "./lib/chibios/os/hal/ports/STM32/LLD/I2Cv2/hal_i2c_lld.h"
 210              		.file 27 "./lib/chibios/os/hal/include/hal_pwm.h"
 211              		.file 28 "./lib/chibios/os/hal/ports/STM32/LLD/TIMv1/hal_pwm_lld.h"
 212              		.file 29 "./lib/chibios/os/hal/include/hal_spi.h"
 213              		.file 30 "./lib/chibios/os/hal/ports/STM32/LLD/SPIv2/hal_spi_lld.h"
 214              		.file 31 "./lib/chibios/os/hal/include/hal_usb.h"
 215              		.file 32 "./lib/chibios/os/hal/ports/STM32/LLD/USBv1/hal_usb_lld.h"
 216              		.file 33 "tmk_core/common/action.h"
 217              		.file 34 "tmk_core/common/report.h"
 218              		.file 35 "tmk_core/common/host.h"
 219              		.file 36 "tmk_core/common/debug.h"
 220              		.file 37 "quantum/keycode_config.h"
 221              		.file 38 "quantum/keymap.h"
 222              		.file 39 "./quantum/color.h"
 223              		.file 40 "quantum/rgblight.h"
 224              		.file 41 "tmk_core/common/action_layer.h"
 225              		.file 42 "tmk_core/common/action_util.h"
 226              		.file 43 "c:\\msys64\\home\\kyleo\\qmk_utils\\gcc-arm-none-eabi\\arm-none-eabi\\include\\sys\\_typ
 227              		.file 44 "c:\\msys64\\home\\kyleo\\qmk_utils\\gcc-arm-none-eabi\\arm-none-eabi\\include\\sys\\reen
 228              		.file 45 "c:\\msys64\\home\\kyleo\\qmk_utils\\gcc-arm-none-eabi\\arm-none-eabi\\include\\sys\\lock
 229              		.file 46 "c:\\msys64\\home\\kyleo\\qmk_utils\\gcc-arm-none-eabi\\arm-none-eabi\\include\\stdlib.h"
 230              		.file 47 "quantum/quantum.h"
DEFINED SYMBOLS
                            *ABS*:00000000 sym_g.c
C:\Users\kyleo\AppData\Local\Temp\ccOPCv3T.s:16     .text.debounce_init:00000000 $t
C:\Users\kyleo\AppData\Local\Temp\ccOPCv3T.s:24     .text.debounce_init:00000000 debounce_init
C:\Users\kyleo\AppData\Local\Temp\ccOPCv3T.s:41     .text.debounce:00000000 $t
C:\Users\kyleo\AppData\Local\Temp\ccOPCv3T.s:48     .text.debounce:00000000 debounce
C:\Users\kyleo\AppData\Local\Temp\ccOPCv3T.s:133    .text.debounce:00000044 $d
C:\Users\kyleo\AppData\Local\Temp\ccOPCv3T.s:140    .text.debounce_active:00000000 $t
C:\Users\kyleo\AppData\Local\Temp\ccOPCv3T.s:147    .text.debounce_active:00000000 debounce_active
C:\Users\kyleo\AppData\Local\Temp\ccOPCv3T.s:166    .text.debounce_active:00000008 $d
C:\Users\kyleo\AppData\Local\Temp\ccOPCv3T.s:174    .bss.debouncing:00000000 debouncing
C:\Users\kyleo\AppData\Local\Temp\ccOPCv3T.s:175    .bss.debouncing:00000000 $d
C:\Users\kyleo\AppData\Local\Temp\ccOPCv3T.s:177    .bss.debouncing_time:00000000 $d
C:\Users\kyleo\AppData\Local\Temp\ccOPCv3T.s:181    .bss.debouncing_time:00000000 debouncing_time

UNDEFINED SYMBOLS
timer_read
timer_elapsed
