   1              		.cpu cortex-m0
   2              		.eabi_attribute 20, 1
   3              		.eabi_attribute 21, 1
   4              		.eabi_attribute 23, 3
   5              		.eabi_attribute 24, 1
   6              		.eabi_attribute 25, 1
   7              		.eabi_attribute 26, 1
   8              		.eabi_attribute 30, 4
   9              		.eabi_attribute 34, 0
  10              		.eabi_attribute 18, 2
  11              		.file	"eeprom_stm32.c"
  12              		.text
  13              	.Ltext0:
  14              		.cfi_sections	.debug_frame
  15              		.section	.text.EEPROM_Init,"ax",%progbits
  16              		.align	1
  17              		.global	EEPROM_Init
  18              		.arch armv6s-m
  19              		.syntax unified
  20              		.code	16
  21              		.thumb_func
  22              		.fpu softvfp
  24              	EEPROM_Init:
  25              	.LFB189:
  26              		.file 1 "tmk_core/common/chibios/eeprom_stm32.c"
   1:tmk_core/common/chibios/eeprom_stm32.c **** /*
   2:tmk_core/common/chibios/eeprom_stm32.c ****  * This software is experimental and a work in progress.
   3:tmk_core/common/chibios/eeprom_stm32.c ****  * Under no circumstances should these files be used in relation to any critical system(s).
   4:tmk_core/common/chibios/eeprom_stm32.c ****  * Use of these files is at your own risk.
   5:tmk_core/common/chibios/eeprom_stm32.c ****  *
   6:tmk_core/common/chibios/eeprom_stm32.c ****  * THE SOFTWARE IS PROVIDED "AS IS", WITHOUT WARRANTY OF ANY KIND, EXPRESS OR IMPLIED,
   7:tmk_core/common/chibios/eeprom_stm32.c ****  * INCLUDING BUT NOT LIMITED TO THE WARRANTIES OF MERCHANTABILITY, FITNESS FOR A PARTICULAR
   8:tmk_core/common/chibios/eeprom_stm32.c ****  * PURPOSE AND NONINFRINGEMENT. IN NO EVENT SHALL THE AUTHORS OR COPYRIGHT HOLDERS BE
   9:tmk_core/common/chibios/eeprom_stm32.c ****  * LIABLE FOR ANY CLAIM, DAMAGES OR OTHER LIABILITY, WHETHER IN AN ACTION OF CONTRACT,
  10:tmk_core/common/chibios/eeprom_stm32.c ****  * TORT OR OTHERWISE, ARISING FROM, OUT OF OR IN CONNECTION WITH THE SOFTWARE OR THE USE OR OTHER
  11:tmk_core/common/chibios/eeprom_stm32.c ****  * DEALINGS IN THE SOFTWARE.
  12:tmk_core/common/chibios/eeprom_stm32.c ****  *
  13:tmk_core/common/chibios/eeprom_stm32.c ****  * This files are free to use from http://engsta.com/stm32-flash-memory-eeprom-emulator/ by
  14:tmk_core/common/chibios/eeprom_stm32.c ****  * Artur F.
  15:tmk_core/common/chibios/eeprom_stm32.c ****  *
  16:tmk_core/common/chibios/eeprom_stm32.c ****  * Modifications for QMK and STM32F303 by Yiancar
  17:tmk_core/common/chibios/eeprom_stm32.c ****  */
  18:tmk_core/common/chibios/eeprom_stm32.c **** 
  19:tmk_core/common/chibios/eeprom_stm32.c **** #include <stdio.h>
  20:tmk_core/common/chibios/eeprom_stm32.c **** #include <string.h>
  21:tmk_core/common/chibios/eeprom_stm32.c **** #include "eeprom_stm32.h"
  22:tmk_core/common/chibios/eeprom_stm32.c **** /*****************************************************************************
  23:tmk_core/common/chibios/eeprom_stm32.c ****  * Allows to use the internal flash to store non volatile data. To initialize
  24:tmk_core/common/chibios/eeprom_stm32.c ****  * the functionality use the EEPROM_Init() function. Be sure that by reprogramming
  25:tmk_core/common/chibios/eeprom_stm32.c ****  * of the controller just affected pages will be deleted. In other case the non
  26:tmk_core/common/chibios/eeprom_stm32.c ****  * volatile data will be lost.
  27:tmk_core/common/chibios/eeprom_stm32.c ****  ******************************************************************************/
  28:tmk_core/common/chibios/eeprom_stm32.c **** 
  29:tmk_core/common/chibios/eeprom_stm32.c **** /* Private macro -------------------------------------------------------------*/
  30:tmk_core/common/chibios/eeprom_stm32.c **** /* Private variables ---------------------------------------------------------*/
  31:tmk_core/common/chibios/eeprom_stm32.c **** /* Functions -----------------------------------------------------------------*/
  32:tmk_core/common/chibios/eeprom_stm32.c **** 
  33:tmk_core/common/chibios/eeprom_stm32.c **** uint8_t DataBuf[FEE_PAGE_SIZE];
  34:tmk_core/common/chibios/eeprom_stm32.c **** /*****************************************************************************
  35:tmk_core/common/chibios/eeprom_stm32.c ****  *  Delete Flash Space used for user Data, deletes the whole space between
  36:tmk_core/common/chibios/eeprom_stm32.c ****  *  RW_PAGE_BASE_ADDRESS and the last uC Flash Page
  37:tmk_core/common/chibios/eeprom_stm32.c ****  ******************************************************************************/
  38:tmk_core/common/chibios/eeprom_stm32.c **** uint16_t EEPROM_Init(void) {
  27              		.loc 1 38 28 view -0
  28              		.cfi_startproc
  29              		@ args = 0, pretend = 0, frame = 0
  30              		@ frame_needed = 0, uses_anonymous_args = 0
  39:tmk_core/common/chibios/eeprom_stm32.c ****     // unlock flash
  40:tmk_core/common/chibios/eeprom_stm32.c ****     FLASH_Unlock();
  31              		.loc 1 40 5 view .LVU1
  38:tmk_core/common/chibios/eeprom_stm32.c ****     // unlock flash
  32              		.loc 1 38 28 is_stmt 0 view .LVU2
  33 0000 10B5     		push	{r4, lr}
  34              		.cfi_def_cfa_offset 8
  35              		.cfi_offset 4, -8
  36              		.cfi_offset 14, -4
  37              		.loc 1 40 5 view .LVU3
  38 0002 FFF7FEFF 		bl	FLASH_Unlock
  39              	.LVL0:
  41:tmk_core/common/chibios/eeprom_stm32.c **** 
  42:tmk_core/common/chibios/eeprom_stm32.c ****     // Clear Flags
  43:tmk_core/common/chibios/eeprom_stm32.c ****     // FLASH_ClearFlag(FLASH_SR_EOP|FLASH_SR_PGERR|FLASH_SR_WRPERR);
  44:tmk_core/common/chibios/eeprom_stm32.c **** 
  45:tmk_core/common/chibios/eeprom_stm32.c ****     return FEE_DENSITY_BYTES;
  40              		.loc 1 45 5 is_stmt 1 view .LVU4
  46:tmk_core/common/chibios/eeprom_stm32.c **** }
  41              		.loc 1 46 1 is_stmt 0 view .LVU5
  42              		@ sp needed
  43 0006 0148     		ldr	r0, .L2
  44 0008 10BD     		pop	{r4, pc}
  45              	.L3:
  46 000a C046     		.align	2
  47              	.L2:
  48 000c FF0F0000 		.word	4095
  49              		.cfi_endproc
  50              	.LFE189:
  52              		.section	.text.EEPROM_Erase,"ax",%progbits
  53              		.align	1
  54              		.global	EEPROM_Erase
  55              		.syntax unified
  56              		.code	16
  57              		.thumb_func
  58              		.fpu softvfp
  60              	EEPROM_Erase:
  61              	.LFB190:
  47:tmk_core/common/chibios/eeprom_stm32.c **** /*****************************************************************************
  48:tmk_core/common/chibios/eeprom_stm32.c ****  *  Erase the whole reserved Flash Space used for user Data
  49:tmk_core/common/chibios/eeprom_stm32.c ****  ******************************************************************************/
  50:tmk_core/common/chibios/eeprom_stm32.c **** void EEPROM_Erase(void) {
  62              		.loc 1 50 25 is_stmt 1 view -0
  63              		.cfi_startproc
  64              		@ args = 0, pretend = 0, frame = 0
  65              		@ frame_needed = 0, uses_anonymous_args = 0
  51:tmk_core/common/chibios/eeprom_stm32.c ****     int page_num = 0;
  66              		.loc 1 51 5 view .LVU7
  67              	.LVL1:
  52:tmk_core/common/chibios/eeprom_stm32.c **** 
  53:tmk_core/common/chibios/eeprom_stm32.c ****     // delete all pages from specified start page to the last page
  54:tmk_core/common/chibios/eeprom_stm32.c ****     do {
  68              		.loc 1 54 5 view .LVU8
  55:tmk_core/common/chibios/eeprom_stm32.c ****         FLASH_ErasePage(FEE_PAGE_BASE_ADDRESS + (page_num * FEE_PAGE_SIZE));
  69              		.loc 1 55 9 view .LVU9
  50:tmk_core/common/chibios/eeprom_stm32.c ****     int page_num = 0;
  70              		.loc 1 50 25 is_stmt 0 view .LVU10
  71 0000 10B5     		push	{r4, lr}
  72              		.cfi_def_cfa_offset 8
  73              		.cfi_offset 4, -8
  74              		.cfi_offset 14, -4
  75              		.loc 1 55 9 view .LVU11
  76 0002 0648     		ldr	r0, .L5
  77 0004 FFF7FEFF 		bl	FLASH_ErasePage
  78              	.LVL2:
  56:tmk_core/common/chibios/eeprom_stm32.c ****         page_num++;
  79              		.loc 1 56 9 is_stmt 1 view .LVU12
  54:tmk_core/common/chibios/eeprom_stm32.c ****         FLASH_ErasePage(FEE_PAGE_BASE_ADDRESS + (page_num * FEE_PAGE_SIZE));
  80              		.loc 1 54 5 view .LVU13
  55:tmk_core/common/chibios/eeprom_stm32.c ****         page_num++;
  81              		.loc 1 55 9 view .LVU14
  82 0008 0548     		ldr	r0, .L5+4
  83 000a FFF7FEFF 		bl	FLASH_ErasePage
  84              	.LVL3:
  85              		.loc 1 56 9 view .LVU15
  54:tmk_core/common/chibios/eeprom_stm32.c ****         FLASH_ErasePage(FEE_PAGE_BASE_ADDRESS + (page_num * FEE_PAGE_SIZE));
  86              		.loc 1 54 5 view .LVU16
  55:tmk_core/common/chibios/eeprom_stm32.c ****         page_num++;
  87              		.loc 1 55 9 view .LVU17
  88 000e 0548     		ldr	r0, .L5+8
  89 0010 FFF7FEFF 		bl	FLASH_ErasePage
  90              	.LVL4:
  91              		.loc 1 56 9 view .LVU18
  54:tmk_core/common/chibios/eeprom_stm32.c ****         FLASH_ErasePage(FEE_PAGE_BASE_ADDRESS + (page_num * FEE_PAGE_SIZE));
  92              		.loc 1 54 5 view .LVU19
  55:tmk_core/common/chibios/eeprom_stm32.c ****         page_num++;
  93              		.loc 1 55 9 view .LVU20
  94 0014 0448     		ldr	r0, .L5+12
  95 0016 FFF7FEFF 		bl	FLASH_ErasePage
  96              	.LVL5:
  97              		.loc 1 56 9 view .LVU21
  57:tmk_core/common/chibios/eeprom_stm32.c ****     } while (page_num < FEE_DENSITY_PAGES);
  58:tmk_core/common/chibios/eeprom_stm32.c **** }
  98              		.loc 1 58 1 is_stmt 0 view .LVU22
  99              		@ sp needed
 100 001a 10BD     		pop	{r4, pc}
 101              	.L6:
 102              		.align	2
 103              	.L5:
 104 001c 00E00108 		.word	134340608
 105 0020 00E80108 		.word	134342656
 106 0024 00F00108 		.word	134344704
 107 0028 00F80108 		.word	134346752
 108              		.cfi_endproc
 109              	.LFE190:
 111              		.section	.text.EEPROM_WriteDataByte,"ax",%progbits
 112              		.align	1
 113              		.global	EEPROM_WriteDataByte
 114              		.syntax unified
 115              		.code	16
 116              		.thumb_func
 117              		.fpu softvfp
 119              	EEPROM_WriteDataByte:
 120              	.LVL6:
 121              	.LFB191:
  59:tmk_core/common/chibios/eeprom_stm32.c **** /*****************************************************************************
  60:tmk_core/common/chibios/eeprom_stm32.c ****  *  Writes once data byte to flash on specified address. If a byte is already
  61:tmk_core/common/chibios/eeprom_stm32.c ****  *  written, the whole page must be copied to a buffer, the byte changed and
  62:tmk_core/common/chibios/eeprom_stm32.c ****  *  the manipulated buffer written after PageErase.
  63:tmk_core/common/chibios/eeprom_stm32.c ****  *******************************************************************************/
  64:tmk_core/common/chibios/eeprom_stm32.c **** uint16_t EEPROM_WriteDataByte(uint16_t Address, uint8_t DataByte) {
 122              		.loc 1 64 67 is_stmt 1 view -0
 123              		.cfi_startproc
 124              		@ args = 0, pretend = 0, frame = 8
 125              		@ frame_needed = 0, uses_anonymous_args = 0
  65:tmk_core/common/chibios/eeprom_stm32.c ****     FLASH_Status FlashStatus = FLASH_COMPLETE;
 126              		.loc 1 65 5 view .LVU24
  66:tmk_core/common/chibios/eeprom_stm32.c **** 
  67:tmk_core/common/chibios/eeprom_stm32.c ****     uint32_t page;
 127              		.loc 1 67 5 view .LVU25
  68:tmk_core/common/chibios/eeprom_stm32.c ****     int      i;
 128              		.loc 1 68 5 view .LVU26
  69:tmk_core/common/chibios/eeprom_stm32.c **** 
  70:tmk_core/common/chibios/eeprom_stm32.c ****     // exit if desired address is above the limit (e.G. under 2048 Bytes for 4 pages)
  71:tmk_core/common/chibios/eeprom_stm32.c ****     if (Address > FEE_DENSITY_BYTES) {
 129              		.loc 1 71 5 view .LVU27
 130              		.loc 1 71 8 is_stmt 0 view .LVU28
 131 0000 1C4B     		ldr	r3, .L19
  64:tmk_core/common/chibios/eeprom_stm32.c ****     FLASH_Status FlashStatus = FLASH_COMPLETE;
 132              		.loc 1 64 67 view .LVU29
 133 0002 F7B5     		push	{r0, r1, r2, r4, r5, r6, r7, lr}
 134              		.cfi_def_cfa_offset 32
 135              		.cfi_offset 0, -32
 136              		.cfi_offset 1, -28
 137              		.cfi_offset 2, -24
 138              		.cfi_offset 4, -20
 139              		.cfi_offset 5, -16
 140              		.cfi_offset 6, -12
 141              		.cfi_offset 7, -8
 142              		.cfi_offset 14, -4
  64:tmk_core/common/chibios/eeprom_stm32.c ****     FLASH_Status FlashStatus = FLASH_COMPLETE;
 143              		.loc 1 64 67 view .LVU30
 144 0004 0D00     		movs	r5, r1
 145              		.loc 1 71 8 view .LVU31
 146 0006 9842     		cmp	r0, r3
 147 0008 01D9     		bls	.L8
 148              	.LVL7:
 149              	.L12:
  72:tmk_core/common/chibios/eeprom_stm32.c ****         return 0;
 150              		.loc 1 72 16 view .LVU32
 151 000a 0020     		movs	r0, #0
 152              	.L9:
  73:tmk_core/common/chibios/eeprom_stm32.c ****     }
  74:tmk_core/common/chibios/eeprom_stm32.c **** 
  75:tmk_core/common/chibios/eeprom_stm32.c ****     // calculate which page is affected (Pagenum1/Pagenum2...PagenumN)
  76:tmk_core/common/chibios/eeprom_stm32.c ****     page = FEE_ADDR_OFFSET(Address) / FEE_PAGE_SIZE;
  77:tmk_core/common/chibios/eeprom_stm32.c **** 
  78:tmk_core/common/chibios/eeprom_stm32.c ****     // if current data is 0xFF, the byte is empty, just overwrite with the new one
  79:tmk_core/common/chibios/eeprom_stm32.c ****     if ((*(__IO uint16_t *)(FEE_PAGE_BASE_ADDRESS + FEE_ADDR_OFFSET(Address))) == FEE_EMPTY_WORD) {
  80:tmk_core/common/chibios/eeprom_stm32.c ****         FlashStatus = FLASH_ProgramHalfWord(FEE_PAGE_BASE_ADDRESS + FEE_ADDR_OFFSET(Address), (uint
  81:tmk_core/common/chibios/eeprom_stm32.c ****     } else {
  82:tmk_core/common/chibios/eeprom_stm32.c ****         // Copy Page to a buffer
  83:tmk_core/common/chibios/eeprom_stm32.c ****         memcpy(DataBuf, (uint8_t *)FEE_PAGE_BASE_ADDRESS + (page * FEE_PAGE_SIZE), FEE_PAGE_SIZE); 
  84:tmk_core/common/chibios/eeprom_stm32.c **** 
  85:tmk_core/common/chibios/eeprom_stm32.c ****         // check if new data is differ to current data, return if not, proceed if yes
  86:tmk_core/common/chibios/eeprom_stm32.c ****         if (DataByte == *(__IO uint8_t *)(FEE_PAGE_BASE_ADDRESS + FEE_ADDR_OFFSET(Address))) {
  87:tmk_core/common/chibios/eeprom_stm32.c ****             return 0;
  88:tmk_core/common/chibios/eeprom_stm32.c ****         }
  89:tmk_core/common/chibios/eeprom_stm32.c **** 
  90:tmk_core/common/chibios/eeprom_stm32.c ****         // manipulate desired data byte in temp data array if new byte is differ to the current
  91:tmk_core/common/chibios/eeprom_stm32.c ****         DataBuf[FEE_ADDR_OFFSET(Address) % FEE_PAGE_SIZE] = DataByte;
  92:tmk_core/common/chibios/eeprom_stm32.c **** 
  93:tmk_core/common/chibios/eeprom_stm32.c ****         // Erase Page
  94:tmk_core/common/chibios/eeprom_stm32.c ****         FlashStatus = FLASH_ErasePage(FEE_PAGE_BASE_ADDRESS + (page * FEE_PAGE_SIZE));
  95:tmk_core/common/chibios/eeprom_stm32.c **** 
  96:tmk_core/common/chibios/eeprom_stm32.c ****         // Write new data (whole page) to flash if data has been changed
  97:tmk_core/common/chibios/eeprom_stm32.c ****         for (i = 0; i < (FEE_PAGE_SIZE / 2); i++) {
  98:tmk_core/common/chibios/eeprom_stm32.c ****             if ((__IO uint16_t)(0xFF00 | DataBuf[FEE_ADDR_OFFSET(i)]) != 0xFFFF) {
  99:tmk_core/common/chibios/eeprom_stm32.c ****                 FlashStatus = FLASH_ProgramHalfWord((FEE_PAGE_BASE_ADDRESS + (page * FEE_PAGE_SIZE)
 100:tmk_core/common/chibios/eeprom_stm32.c ****             }
 101:tmk_core/common/chibios/eeprom_stm32.c ****         }
 102:tmk_core/common/chibios/eeprom_stm32.c ****     }
 103:tmk_core/common/chibios/eeprom_stm32.c ****     return FlashStatus;
 104:tmk_core/common/chibios/eeprom_stm32.c **** }
 153              		.loc 1 104 1 view .LVU33
 154              		@ sp needed
 155 000c FEBD     		pop	{r1, r2, r3, r4, r5, r6, r7, pc}
 156              	.LVL8:
 157              	.L8:
 158              	.LBB30:
 159              	.LBI30:
  64:tmk_core/common/chibios/eeprom_stm32.c ****     FLASH_Status FlashStatus = FLASH_COMPLETE;
 160              		.loc 1 64 10 is_stmt 1 view .LVU34
 161              	.LBB31:
  76:tmk_core/common/chibios/eeprom_stm32.c **** 
 162              		.loc 1 76 5 view .LVU35
  79:tmk_core/common/chibios/eeprom_stm32.c ****         FlashStatus = FLASH_ProgramHalfWord(FEE_PAGE_BASE_ADDRESS + FEE_ADDR_OFFSET(Address), (uint
 163              		.loc 1 79 51 is_stmt 0 view .LVU36
 164 000e 1A4A     		ldr	r2, .L19+4
  79:tmk_core/common/chibios/eeprom_stm32.c ****         FlashStatus = FLASH_ProgramHalfWord(FEE_PAGE_BASE_ADDRESS + FEE_ADDR_OFFSET(Address), (uint
 165              		.loc 1 79 53 view .LVU37
 166 0010 4300     		lsls	r3, r0, #1
  79:tmk_core/common/chibios/eeprom_stm32.c ****         FlashStatus = FLASH_ProgramHalfWord(FEE_PAGE_BASE_ADDRESS + FEE_ADDR_OFFSET(Address), (uint
 167              		.loc 1 79 51 view .LVU38
 168 0012 9F18     		adds	r7, r3, r2
  79:tmk_core/common/chibios/eeprom_stm32.c ****         FlashStatus = FLASH_ProgramHalfWord(FEE_PAGE_BASE_ADDRESS + FEE_ADDR_OFFSET(Address), (uint
 169              		.loc 1 79 53 view .LVU39
 170 0014 0193     		str	r3, [sp, #4]
  79:tmk_core/common/chibios/eeprom_stm32.c ****         FlashStatus = FLASH_ProgramHalfWord(FEE_PAGE_BASE_ADDRESS + FEE_ADDR_OFFSET(Address), (uint
 171              		.loc 1 79 10 view .LVU40
 172 0016 3A88     		ldrh	r2, [r7]
  79:tmk_core/common/chibios/eeprom_stm32.c ****         FlashStatus = FLASH_ProgramHalfWord(FEE_PAGE_BASE_ADDRESS + FEE_ADDR_OFFSET(Address), (uint
 173              		.loc 1 79 8 view .LVU41
 174 0018 184B     		ldr	r3, .L19+8
  76:tmk_core/common/chibios/eeprom_stm32.c **** 
 175              		.loc 1 76 37 view .LVU42
 176 001a 8412     		asrs	r4, r0, #10
 177              	.LVL9:
  79:tmk_core/common/chibios/eeprom_stm32.c ****         FlashStatus = FLASH_ProgramHalfWord(FEE_PAGE_BASE_ADDRESS + FEE_ADDR_OFFSET(Address), (uint
 178              		.loc 1 79 5 is_stmt 1 view .LVU43
  79:tmk_core/common/chibios/eeprom_stm32.c ****         FlashStatus = FLASH_ProgramHalfWord(FEE_PAGE_BASE_ADDRESS + FEE_ADDR_OFFSET(Address), (uint
 179              		.loc 1 79 8 is_stmt 0 view .LVU44
 180 001c 9A42     		cmp	r2, r3
 181 001e 05D1     		bne	.L10
  80:tmk_core/common/chibios/eeprom_stm32.c ****     } else {
 182              		.loc 1 80 9 is_stmt 1 view .LVU45
  80:tmk_core/common/chibios/eeprom_stm32.c ****     } else {
 183              		.loc 1 80 23 is_stmt 0 view .LVU46
 184 0020 89B2     		uxth	r1, r1
 185              	.LVL10:
  80:tmk_core/common/chibios/eeprom_stm32.c ****     } else {
 186              		.loc 1 80 23 view .LVU47
 187 0022 3800     		movs	r0, r7
 188              	.LVL11:
  80:tmk_core/common/chibios/eeprom_stm32.c ****     } else {
 189              		.loc 1 80 23 view .LVU48
 190 0024 FFF7FEFF 		bl	FLASH_ProgramHalfWord
 191              	.LVL12:
 192              	.L11:
 103:tmk_core/common/chibios/eeprom_stm32.c **** }
 193              		.loc 1 103 5 is_stmt 1 view .LVU49
 103:tmk_core/common/chibios/eeprom_stm32.c **** }
 194              		.loc 1 103 12 is_stmt 0 view .LVU50
 195 0028 80B2     		uxth	r0, r0
 196              	.LVL13:
 103:tmk_core/common/chibios/eeprom_stm32.c **** }
 197              		.loc 1 103 12 view .LVU51
 198 002a EFE7     		b	.L9
 199              	.LVL14:
 200              	.L10:
  83:tmk_core/common/chibios/eeprom_stm32.c **** 
 201              		.loc 1 83 9 is_stmt 1 view .LVU52
 202 002c 8022     		movs	r2, #128
 203 002e 124B     		ldr	r3, .L19+4
 204 0030 134E     		ldr	r6, .L19+12
  83:tmk_core/common/chibios/eeprom_stm32.c **** 
 205              		.loc 1 83 66 is_stmt 0 view .LVU53
 206 0032 E402     		lsls	r4, r4, #11
 207              	.LVL15:
  83:tmk_core/common/chibios/eeprom_stm32.c **** 
 208              		.loc 1 83 9 view .LVU54
 209 0034 E418     		adds	r4, r4, r3
 210 0036 1201     		lsls	r2, r2, #4
 211 0038 2100     		movs	r1, r4
 212              	.LVL16:
  83:tmk_core/common/chibios/eeprom_stm32.c **** 
 213              		.loc 1 83 9 view .LVU55
 214 003a 3000     		movs	r0, r6
 215              	.LVL17:
  83:tmk_core/common/chibios/eeprom_stm32.c **** 
 216              		.loc 1 83 9 view .LVU56
 217 003c FFF7FEFF 		bl	memcpy
 218              	.LVL18:
  86:tmk_core/common/chibios/eeprom_stm32.c ****             return 0;
 219              		.loc 1 86 9 is_stmt 1 view .LVU57
  86:tmk_core/common/chibios/eeprom_stm32.c ****             return 0;
 220              		.loc 1 86 25 is_stmt 0 view .LVU58
 221 0040 3B78     		ldrb	r3, [r7]
  86:tmk_core/common/chibios/eeprom_stm32.c ****             return 0;
 222              		.loc 1 86 12 view .LVU59
 223 0042 9D42     		cmp	r5, r3
 224 0044 E1D0     		beq	.L12
  91:tmk_core/common/chibios/eeprom_stm32.c **** 
 225              		.loc 1 91 9 is_stmt 1 view .LVU60
  91:tmk_core/common/chibios/eeprom_stm32.c **** 
 226              		.loc 1 91 42 is_stmt 0 view .LVU61
 227 0046 0F48     		ldr	r0, .L19+16
 228 0048 019B     		ldr	r3, [sp, #4]
  97:tmk_core/common/chibios/eeprom_stm32.c ****             if ((__IO uint16_t)(0xFF00 | DataBuf[FEE_ADDR_OFFSET(i)]) != 0xFFFF) {
 229              		.loc 1 97 9 view .LVU62
 230 004a 8027     		movs	r7, #128
  91:tmk_core/common/chibios/eeprom_stm32.c **** 
 231              		.loc 1 91 42 view .LVU63
 232 004c 0340     		ands	r3, r0
  94:tmk_core/common/chibios/eeprom_stm32.c **** 
 233              		.loc 1 94 23 view .LVU64
 234 004e 2000     		movs	r0, r4
  91:tmk_core/common/chibios/eeprom_stm32.c **** 
 235              		.loc 1 91 59 view .LVU65
 236 0050 F554     		strb	r5, [r6, r3]
  94:tmk_core/common/chibios/eeprom_stm32.c **** 
 237              		.loc 1 94 9 is_stmt 1 view .LVU66
  94:tmk_core/common/chibios/eeprom_stm32.c **** 
 238              		.loc 1 94 23 is_stmt 0 view .LVU67
 239 0052 FFF7FEFF 		bl	FLASH_ErasePage
 240              	.LVL19:
  97:tmk_core/common/chibios/eeprom_stm32.c ****             if ((__IO uint16_t)(0xFF00 | DataBuf[FEE_ADDR_OFFSET(i)]) != 0xFFFF) {
 241              		.loc 1 97 9 is_stmt 1 view .LVU68
  94:tmk_core/common/chibios/eeprom_stm32.c **** 
 242              		.loc 1 94 23 is_stmt 0 view .LVU69
 243 0056 0025     		movs	r5, #0
  97:tmk_core/common/chibios/eeprom_stm32.c ****             if ((__IO uint16_t)(0xFF00 | DataBuf[FEE_ADDR_OFFSET(i)]) != 0xFFFF) {
 244              		.loc 1 97 9 view .LVU70
 245 0058 3F01     		lsls	r7, r7, #4
 246              	.LVL20:
 247              	.L14:
  98:tmk_core/common/chibios/eeprom_stm32.c ****                 FlashStatus = FLASH_ProgramHalfWord((FEE_PAGE_BASE_ADDRESS + (page * FEE_PAGE_SIZE)
 248              		.loc 1 98 13 is_stmt 1 view .LVU71
  98:tmk_core/common/chibios/eeprom_stm32.c ****                 FlashStatus = FLASH_ProgramHalfWord((FEE_PAGE_BASE_ADDRESS + (page * FEE_PAGE_SIZE)
 249              		.loc 1 98 49 is_stmt 0 view .LVU72
 250 005a 735D     		ldrb	r3, [r6, r5]
  98:tmk_core/common/chibios/eeprom_stm32.c ****                 FlashStatus = FLASH_ProgramHalfWord((FEE_PAGE_BASE_ADDRESS + (page * FEE_PAGE_SIZE)
 251              		.loc 1 98 40 view .LVU73
 252 005c 0A49     		ldr	r1, .L19+20
 253 005e 1943     		orrs	r1, r3
  98:tmk_core/common/chibios/eeprom_stm32.c ****                 FlashStatus = FLASH_ProgramHalfWord((FEE_PAGE_BASE_ADDRESS + (page * FEE_PAGE_SIZE)
 254              		.loc 1 98 16 view .LVU74
 255 0060 4B1C     		adds	r3, r1, #1
 256 0062 03D0     		beq	.L13
  99:tmk_core/common/chibios/eeprom_stm32.c ****             }
 257              		.loc 1 99 17 is_stmt 1 view .LVU75
  99:tmk_core/common/chibios/eeprom_stm32.c ****             }
 258              		.loc 1 99 31 is_stmt 0 view .LVU76
 259 0064 89B2     		uxth	r1, r1
 260 0066 6019     		adds	r0, r4, r5
 261              	.LVL21:
  99:tmk_core/common/chibios/eeprom_stm32.c ****             }
 262              		.loc 1 99 31 view .LVU77
 263 0068 FFF7FEFF 		bl	FLASH_ProgramHalfWord
 264              	.LVL22:
 265              	.L13:
  99:tmk_core/common/chibios/eeprom_stm32.c ****             }
 266              		.loc 1 99 31 view .LVU78
 267 006c 0235     		adds	r5, r5, #2
  97:tmk_core/common/chibios/eeprom_stm32.c ****             if ((__IO uint16_t)(0xFF00 | DataBuf[FEE_ADDR_OFFSET(i)]) != 0xFFFF) {
 268              		.loc 1 97 9 view .LVU79
 269 006e BD42     		cmp	r5, r7
 270 0070 F3D1     		bne	.L14
 271 0072 D9E7     		b	.L11
 272              	.L20:
 273              		.align	2
 274              	.L19:
 275 0074 FF0F0000 		.word	4095
 276 0078 00E00108 		.word	134340608
 277 007c FFFF0000 		.word	65535
 278 0080 00000000 		.word	DataBuf
 279 0084 FE070000 		.word	2046
 280 0088 00FFFFFF 		.word	-256
 281              	.LBE31:
 282              	.LBE30:
 283              		.cfi_endproc
 284              	.LFE191:
 286              		.section	.text.EEPROM_ReadDataByte,"ax",%progbits
 287              		.align	1
 288              		.global	EEPROM_ReadDataByte
 289              		.syntax unified
 290              		.code	16
 291              		.thumb_func
 292              		.fpu softvfp
 294              	EEPROM_ReadDataByte:
 295              	.LVL23:
 296              	.LFB192:
 105:tmk_core/common/chibios/eeprom_stm32.c **** /*****************************************************************************
 106:tmk_core/common/chibios/eeprom_stm32.c ****  *  Read once data byte from a specified address.
 107:tmk_core/common/chibios/eeprom_stm32.c ****  *******************************************************************************/
 108:tmk_core/common/chibios/eeprom_stm32.c **** uint8_t EEPROM_ReadDataByte(uint16_t Address) {
 297              		.loc 1 108 47 is_stmt 1 view -0
 298              		.cfi_startproc
 299              		@ args = 0, pretend = 0, frame = 0
 300              		@ frame_needed = 0, uses_anonymous_args = 0
 301              		@ link register save eliminated.
 109:tmk_core/common/chibios/eeprom_stm32.c ****     uint8_t DataByte = 0xFF;
 302              		.loc 1 109 5 view .LVU81
 110:tmk_core/common/chibios/eeprom_stm32.c **** 
 111:tmk_core/common/chibios/eeprom_stm32.c ****     // Get Byte from specified address
 112:tmk_core/common/chibios/eeprom_stm32.c ****     DataByte = (*(__IO uint8_t *)(FEE_PAGE_BASE_ADDRESS + FEE_ADDR_OFFSET(Address)));
 303              		.loc 1 112 5 view .LVU82
 304              		.loc 1 112 57 is_stmt 0 view .LVU83
 305 0000 024B     		ldr	r3, .L22
 306              		.loc 1 112 59 view .LVU84
 307 0002 4000     		lsls	r0, r0, #1
 308              	.LVL24:
 309              		.loc 1 112 57 view .LVU85
 310 0004 C018     		adds	r0, r0, r3
 311              		.loc 1 112 14 view .LVU86
 312 0006 0078     		ldrb	r0, [r0]
 113:tmk_core/common/chibios/eeprom_stm32.c **** 
 114:tmk_core/common/chibios/eeprom_stm32.c ****     return DataByte;
 115:tmk_core/common/chibios/eeprom_stm32.c **** }
 313              		.loc 1 115 1 view .LVU87
 314              		@ sp needed
 112:tmk_core/common/chibios/eeprom_stm32.c **** 
 315              		.loc 1 112 14 view .LVU88
 316 0008 C0B2     		uxtb	r0, r0
 317              	.LVL25:
 114:tmk_core/common/chibios/eeprom_stm32.c **** }
 318              		.loc 1 114 5 is_stmt 1 view .LVU89
 319              		.loc 1 115 1 is_stmt 0 view .LVU90
 320 000a 7047     		bx	lr
 321              	.L23:
 322              		.align	2
 323              	.L22:
 324 000c 00E00108 		.word	134340608
 325              		.cfi_endproc
 326              	.LFE192:
 328              		.section	.text.eeprom_read_byte,"ax",%progbits
 329              		.align	1
 330              		.global	eeprom_read_byte
 331              		.syntax unified
 332              		.code	16
 333              		.thumb_func
 334              		.fpu softvfp
 336              	eeprom_read_byte:
 337              	.LVL26:
 338              	.LFB193:
 116:tmk_core/common/chibios/eeprom_stm32.c **** 
 117:tmk_core/common/chibios/eeprom_stm32.c **** /*****************************************************************************
 118:tmk_core/common/chibios/eeprom_stm32.c ****  *  Wrap library in AVR style functions.
 119:tmk_core/common/chibios/eeprom_stm32.c ****  *******************************************************************************/
 120:tmk_core/common/chibios/eeprom_stm32.c **** uint8_t eeprom_read_byte(const uint8_t *Address) {
 339              		.loc 1 120 50 is_stmt 1 view -0
 340              		.cfi_startproc
 341              		@ args = 0, pretend = 0, frame = 0
 342              		@ frame_needed = 0, uses_anonymous_args = 0
 343              		@ link register save eliminated.
 121:tmk_core/common/chibios/eeprom_stm32.c ****     const uint16_t p = (const uint32_t)Address;
 344              		.loc 1 121 5 view .LVU92
 122:tmk_core/common/chibios/eeprom_stm32.c ****     return EEPROM_ReadDataByte(p);
 345              		.loc 1 122 5 view .LVU93
 346              	.LBB32:
 347              	.LBI32:
 108:tmk_core/common/chibios/eeprom_stm32.c ****     uint8_t DataByte = 0xFF;
 348              		.loc 1 108 9 view .LVU94
 349              	.LBB33:
 109:tmk_core/common/chibios/eeprom_stm32.c **** 
 350              		.loc 1 109 5 view .LVU95
 112:tmk_core/common/chibios/eeprom_stm32.c **** 
 351              		.loc 1 112 5 view .LVU96
 112:tmk_core/common/chibios/eeprom_stm32.c **** 
 352              		.loc 1 112 57 is_stmt 0 view .LVU97
 353 0000 034B     		ldr	r3, .L25
 112:tmk_core/common/chibios/eeprom_stm32.c **** 
 354              		.loc 1 112 59 view .LVU98
 355 0002 80B2     		uxth	r0, r0
 356              	.LVL27:
 112:tmk_core/common/chibios/eeprom_stm32.c **** 
 357              		.loc 1 112 59 view .LVU99
 358 0004 4000     		lsls	r0, r0, #1
 359              	.LVL28:
 112:tmk_core/common/chibios/eeprom_stm32.c **** 
 360              		.loc 1 112 57 view .LVU100
 361 0006 C018     		adds	r0, r0, r3
 112:tmk_core/common/chibios/eeprom_stm32.c **** 
 362              		.loc 1 112 14 view .LVU101
 363 0008 0078     		ldrb	r0, [r0]
 364              	.LBE33:
 365              	.LBE32:
 123:tmk_core/common/chibios/eeprom_stm32.c **** }
 366              		.loc 1 123 1 view .LVU102
 367              		@ sp needed
 368              	.LBB35:
 369              	.LBB34:
 112:tmk_core/common/chibios/eeprom_stm32.c **** 
 370              		.loc 1 112 14 view .LVU103
 371 000a C0B2     		uxtb	r0, r0
 372              	.LVL29:
 114:tmk_core/common/chibios/eeprom_stm32.c **** }
 373              		.loc 1 114 5 is_stmt 1 view .LVU104
 114:tmk_core/common/chibios/eeprom_stm32.c **** }
 374              		.loc 1 114 5 is_stmt 0 view .LVU105
 375              	.LBE34:
 376              	.LBE35:
 377              		.loc 1 123 1 view .LVU106
 378 000c 7047     		bx	lr
 379              	.L26:
 380 000e C046     		.align	2
 381              	.L25:
 382 0010 00E00108 		.word	134340608
 383              		.cfi_endproc
 384              	.LFE193:
 386              		.section	.text.eeprom_write_byte,"ax",%progbits
 387              		.align	1
 388              		.global	eeprom_write_byte
 389              		.syntax unified
 390              		.code	16
 391              		.thumb_func
 392              		.fpu softvfp
 394              	eeprom_write_byte:
 395              	.LVL30:
 396              	.LFB194:
 124:tmk_core/common/chibios/eeprom_stm32.c **** 
 125:tmk_core/common/chibios/eeprom_stm32.c **** void eeprom_write_byte(uint8_t *Address, uint8_t Value) {
 397              		.loc 1 125 57 is_stmt 1 view -0
 398              		.cfi_startproc
 399              		@ args = 0, pretend = 0, frame = 0
 400              		@ frame_needed = 0, uses_anonymous_args = 0
 126:tmk_core/common/chibios/eeprom_stm32.c ****     uint16_t p = (uint32_t)Address;
 401              		.loc 1 126 5 view .LVU108
 127:tmk_core/common/chibios/eeprom_stm32.c ****     EEPROM_WriteDataByte(p, Value);
 402              		.loc 1 127 5 view .LVU109
 125:tmk_core/common/chibios/eeprom_stm32.c ****     uint16_t p = (uint32_t)Address;
 403              		.loc 1 125 57 is_stmt 0 view .LVU110
 404 0000 10B5     		push	{r4, lr}
 405              		.cfi_def_cfa_offset 8
 406              		.cfi_offset 4, -8
 407              		.cfi_offset 14, -4
 408              		.loc 1 127 5 view .LVU111
 409 0002 80B2     		uxth	r0, r0
 410              	.LVL31:
 411              		.loc 1 127 5 view .LVU112
 412 0004 FFF7FEFF 		bl	EEPROM_WriteDataByte
 413              	.LVL32:
 128:tmk_core/common/chibios/eeprom_stm32.c **** }
 414              		.loc 1 128 1 view .LVU113
 415              		@ sp needed
 416 0008 10BD     		pop	{r4, pc}
 417              		.cfi_endproc
 418              	.LFE194:
 420              		.section	.text.eeprom_update_byte,"ax",%progbits
 421              		.align	1
 422              		.global	eeprom_update_byte
 423              		.syntax unified
 424              		.code	16
 425              		.thumb_func
 426              		.fpu softvfp
 428              	eeprom_update_byte:
 429              	.LFB207:
 430              		.cfi_startproc
 431              		@ args = 0, pretend = 0, frame = 0
 432              		@ frame_needed = 0, uses_anonymous_args = 0
 433 0000 10B5     		push	{r4, lr}
 434              		.cfi_def_cfa_offset 8
 435              		.cfi_offset 4, -8
 436              		.cfi_offset 14, -4
 437 0002 80B2     		uxth	r0, r0
 438 0004 FFF7FEFF 		bl	EEPROM_WriteDataByte
 439              		@ sp needed
 440 0008 10BD     		pop	{r4, pc}
 441              		.cfi_endproc
 442              	.LFE207:
 444              		.section	.text.eeprom_read_word,"ax",%progbits
 445              		.align	1
 446              		.global	eeprom_read_word
 447              		.syntax unified
 448              		.code	16
 449              		.thumb_func
 450              		.fpu softvfp
 452              	eeprom_read_word:
 453              	.LVL33:
 454              	.LFB196:
 129:tmk_core/common/chibios/eeprom_stm32.c **** 
 130:tmk_core/common/chibios/eeprom_stm32.c **** void eeprom_update_byte(uint8_t *Address, uint8_t Value) {
 131:tmk_core/common/chibios/eeprom_stm32.c ****     uint16_t p = (uint32_t)Address;
 132:tmk_core/common/chibios/eeprom_stm32.c ****     EEPROM_WriteDataByte(p, Value);
 133:tmk_core/common/chibios/eeprom_stm32.c **** }
 134:tmk_core/common/chibios/eeprom_stm32.c **** 
 135:tmk_core/common/chibios/eeprom_stm32.c **** uint16_t eeprom_read_word(const uint16_t *Address) {
 455              		.loc 1 135 52 is_stmt 1 view -0
 456              		.cfi_startproc
 457              		@ args = 0, pretend = 0, frame = 0
 458              		@ frame_needed = 0, uses_anonymous_args = 0
 459              		@ link register save eliminated.
 136:tmk_core/common/chibios/eeprom_stm32.c ****     const uint16_t p = (const uint32_t)Address;
 460              		.loc 1 136 5 view .LVU115
 137:tmk_core/common/chibios/eeprom_stm32.c ****     return EEPROM_ReadDataByte(p) | (EEPROM_ReadDataByte(p + 1) << 8);
 461              		.loc 1 137 5 view .LVU116
 462              	.LBB36:
 463              	.LBI36:
 108:tmk_core/common/chibios/eeprom_stm32.c ****     uint8_t DataByte = 0xFF;
 464              		.loc 1 108 9 view .LVU117
 465              	.LBB37:
 109:tmk_core/common/chibios/eeprom_stm32.c **** 
 466              		.loc 1 109 5 view .LVU118
 112:tmk_core/common/chibios/eeprom_stm32.c **** 
 467              		.loc 1 112 5 view .LVU119
 112:tmk_core/common/chibios/eeprom_stm32.c **** 
 468              		.loc 1 112 57 is_stmt 0 view .LVU120
 469 0000 0649     		ldr	r1, .L30
 112:tmk_core/common/chibios/eeprom_stm32.c **** 
 470              		.loc 1 112 59 view .LVU121
 471 0002 83B2     		uxth	r3, r0
 472 0004 5B00     		lsls	r3, r3, #1
 112:tmk_core/common/chibios/eeprom_stm32.c **** 
 473              		.loc 1 112 57 view .LVU122
 474 0006 5B18     		adds	r3, r3, r1
 475              	.LBE37:
 476              	.LBE36:
 477              		.loc 1 137 38 view .LVU123
 478 0008 0130     		adds	r0, r0, #1
 479              	.LVL34:
 480              	.LBB39:
 481              	.LBB38:
 112:tmk_core/common/chibios/eeprom_stm32.c **** 
 482              		.loc 1 112 14 view .LVU124
 483 000a 1A78     		ldrb	r2, [r3]
 484              	.LVL35:
 114:tmk_core/common/chibios/eeprom_stm32.c **** }
 485              		.loc 1 114 5 is_stmt 1 view .LVU125
 114:tmk_core/common/chibios/eeprom_stm32.c **** }
 486              		.loc 1 114 5 is_stmt 0 view .LVU126
 487              	.LBE38:
 488              	.LBE39:
 489              	.LBB40:
 490              	.LBI40:
 108:tmk_core/common/chibios/eeprom_stm32.c ****     uint8_t DataByte = 0xFF;
 491              		.loc 1 108 9 is_stmt 1 view .LVU127
 492              	.LBB41:
 109:tmk_core/common/chibios/eeprom_stm32.c **** 
 493              		.loc 1 109 5 view .LVU128
 112:tmk_core/common/chibios/eeprom_stm32.c **** 
 494              		.loc 1 112 5 view .LVU129
 112:tmk_core/common/chibios/eeprom_stm32.c **** 
 495              		.loc 1 112 59 is_stmt 0 view .LVU130
 496 000c 83B2     		uxth	r3, r0
 497 000e 5B00     		lsls	r3, r3, #1
 112:tmk_core/common/chibios/eeprom_stm32.c **** 
 498              		.loc 1 112 57 view .LVU131
 499 0010 5B18     		adds	r3, r3, r1
 112:tmk_core/common/chibios/eeprom_stm32.c **** 
 500              		.loc 1 112 14 view .LVU132
 501 0012 1878     		ldrb	r0, [r3]
 502              	.LVL36:
 114:tmk_core/common/chibios/eeprom_stm32.c **** }
 503              		.loc 1 114 5 is_stmt 1 view .LVU133
 114:tmk_core/common/chibios/eeprom_stm32.c **** }
 504              		.loc 1 114 5 is_stmt 0 view .LVU134
 505              	.LBE41:
 506              	.LBE40:
 138:tmk_core/common/chibios/eeprom_stm32.c **** }
 507              		.loc 1 138 1 view .LVU135
 508              		@ sp needed
 137:tmk_core/common/chibios/eeprom_stm32.c **** }
 509              		.loc 1 137 65 view .LVU136
 510 0014 0002     		lsls	r0, r0, #8
 137:tmk_core/common/chibios/eeprom_stm32.c **** }
 511              		.loc 1 137 35 view .LVU137
 512 0016 1043     		orrs	r0, r2
 513              		.loc 1 138 1 view .LVU138
 514 0018 7047     		bx	lr
 515              	.L31:
 516 001a C046     		.align	2
 517              	.L30:
 518 001c 00E00108 		.word	134340608
 519              		.cfi_endproc
 520              	.LFE196:
 522              		.section	.text.eeprom_write_word,"ax",%progbits
 523              		.align	1
 524              		.global	eeprom_write_word
 525              		.syntax unified
 526              		.code	16
 527              		.thumb_func
 528              		.fpu softvfp
 530              	eeprom_write_word:
 531              	.LVL37:
 532              	.LFB197:
 139:tmk_core/common/chibios/eeprom_stm32.c **** 
 140:tmk_core/common/chibios/eeprom_stm32.c **** void eeprom_write_word(uint16_t *Address, uint16_t Value) {
 533              		.loc 1 140 59 is_stmt 1 view -0
 534              		.cfi_startproc
 535              		@ args = 0, pretend = 0, frame = 0
 536              		@ frame_needed = 0, uses_anonymous_args = 0
 141:tmk_core/common/chibios/eeprom_stm32.c ****     uint16_t p = (uint32_t)Address;
 537              		.loc 1 141 5 view .LVU140
 140:tmk_core/common/chibios/eeprom_stm32.c ****     uint16_t p = (uint32_t)Address;
 538              		.loc 1 140 59 is_stmt 0 view .LVU141
 539 0000 70B5     		push	{r4, r5, r6, lr}
 540              		.cfi_def_cfa_offset 16
 541              		.cfi_offset 4, -16
 542              		.cfi_offset 5, -12
 543              		.cfi_offset 6, -8
 544              		.cfi_offset 14, -4
 140:tmk_core/common/chibios/eeprom_stm32.c ****     uint16_t p = (uint32_t)Address;
 545              		.loc 1 140 59 view .LVU142
 546 0002 0D00     		movs	r5, r1
 547              		.loc 1 141 14 view .LVU143
 548 0004 84B2     		uxth	r4, r0
 549              	.LVL38:
 142:tmk_core/common/chibios/eeprom_stm32.c ****     EEPROM_WriteDataByte(p, (uint8_t)Value);
 550              		.loc 1 142 5 is_stmt 1 view .LVU144
 551 0006 C9B2     		uxtb	r1, r1
 552              	.LVL39:
 553              		.loc 1 142 5 is_stmt 0 view .LVU145
 554 0008 2000     		movs	r0, r4
 555              	.LVL40:
 143:tmk_core/common/chibios/eeprom_stm32.c ****     EEPROM_WriteDataByte(p + 1, (uint8_t)(Value >> 8));
 556              		.loc 1 143 5 view .LVU146
 557 000a 0134     		adds	r4, r4, #1
 558              	.LVL41:
 142:tmk_core/common/chibios/eeprom_stm32.c ****     EEPROM_WriteDataByte(p, (uint8_t)Value);
 559              		.loc 1 142 5 view .LVU147
 560 000c FFF7FEFF 		bl	EEPROM_WriteDataByte
 561              	.LVL42:
 562              		.loc 1 143 5 is_stmt 1 view .LVU148
 563 0010 290A     		lsrs	r1, r5, #8
 564 0012 A0B2     		uxth	r0, r4
 565 0014 FFF7FEFF 		bl	EEPROM_WriteDataByte
 566              	.LVL43:
 144:tmk_core/common/chibios/eeprom_stm32.c **** }
 567              		.loc 1 144 1 is_stmt 0 view .LVU149
 568              		@ sp needed
 569              	.LVL44:
 570              		.loc 1 144 1 view .LVU150
 571 0018 70BD     		pop	{r4, r5, r6, pc}
 572              		.cfi_endproc
 573              	.LFE197:
 575              		.section	.text.eeprom_update_word,"ax",%progbits
 576              		.align	1
 577              		.global	eeprom_update_word
 578              		.syntax unified
 579              		.code	16
 580              		.thumb_func
 581              		.fpu softvfp
 583              	eeprom_update_word:
 584              	.LFB209:
 585              		.cfi_startproc
 586              		@ args = 0, pretend = 0, frame = 0
 587              		@ frame_needed = 0, uses_anonymous_args = 0
 588 0000 10B5     		push	{r4, lr}
 589              		.cfi_def_cfa_offset 8
 590              		.cfi_offset 4, -8
 591              		.cfi_offset 14, -4
 592 0002 FFF7FEFF 		bl	eeprom_write_word
 593              		@ sp needed
 594 0006 10BD     		pop	{r4, pc}
 595              		.cfi_endproc
 596              	.LFE209:
 598              		.section	.text.eeprom_read_dword,"ax",%progbits
 599              		.align	1
 600              		.global	eeprom_read_dword
 601              		.syntax unified
 602              		.code	16
 603              		.thumb_func
 604              		.fpu softvfp
 606              	eeprom_read_dword:
 607              	.LVL45:
 608              	.LFB199:
 145:tmk_core/common/chibios/eeprom_stm32.c **** 
 146:tmk_core/common/chibios/eeprom_stm32.c **** void eeprom_update_word(uint16_t *Address, uint16_t Value) {
 147:tmk_core/common/chibios/eeprom_stm32.c ****     uint16_t p = (uint32_t)Address;
 148:tmk_core/common/chibios/eeprom_stm32.c ****     EEPROM_WriteDataByte(p, (uint8_t)Value);
 149:tmk_core/common/chibios/eeprom_stm32.c ****     EEPROM_WriteDataByte(p + 1, (uint8_t)(Value >> 8));
 150:tmk_core/common/chibios/eeprom_stm32.c **** }
 151:tmk_core/common/chibios/eeprom_stm32.c **** 
 152:tmk_core/common/chibios/eeprom_stm32.c **** uint32_t eeprom_read_dword(const uint32_t *Address) {
 609              		.loc 1 152 53 is_stmt 1 view -0
 610              		.cfi_startproc
 611              		@ args = 0, pretend = 0, frame = 0
 612              		@ frame_needed = 0, uses_anonymous_args = 0
 153:tmk_core/common/chibios/eeprom_stm32.c ****     const uint16_t p = (const uint32_t)Address;
 613              		.loc 1 153 5 view .LVU152
 152:tmk_core/common/chibios/eeprom_stm32.c ****     const uint16_t p = (const uint32_t)Address;
 614              		.loc 1 152 53 is_stmt 0 view .LVU153
 615 0000 10B5     		push	{r4, lr}
 616              		.cfi_def_cfa_offset 8
 617              		.cfi_offset 4, -8
 618              		.cfi_offset 14, -4
 619              		.loc 1 153 20 view .LVU154
 620 0002 83B2     		uxth	r3, r0
 621              	.LVL46:
 154:tmk_core/common/chibios/eeprom_stm32.c ****     return EEPROM_ReadDataByte(p) | (EEPROM_ReadDataByte(p + 1) << 8) | (EEPROM_ReadDataByte(p + 2)
 622              		.loc 1 154 5 is_stmt 1 view .LVU155
 623              	.LBB42:
 624              	.LBI42:
 108:tmk_core/common/chibios/eeprom_stm32.c ****     uint8_t DataByte = 0xFF;
 625              		.loc 1 108 9 view .LVU156
 626              	.LBB43:
 109:tmk_core/common/chibios/eeprom_stm32.c **** 
 627              		.loc 1 109 5 view .LVU157
 112:tmk_core/common/chibios/eeprom_stm32.c **** 
 628              		.loc 1 112 5 view .LVU158
 629              	.LBE43:
 630              	.LBE42:
 631              		.loc 1 154 38 is_stmt 0 view .LVU159
 632 0004 591C     		adds	r1, r3, #1
 633              	.LBB48:
 634              	.LBB44:
 112:tmk_core/common/chibios/eeprom_stm32.c **** 
 635              		.loc 1 112 57 view .LVU160
 636 0006 0C4C     		ldr	r4, .L35
 637              	.LBE44:
 638              	.LBE48:
 639              	.LBB49:
 640              	.LBB50:
 112:tmk_core/common/chibios/eeprom_stm32.c **** 
 641              		.loc 1 112 59 view .LVU161
 642 0008 89B2     		uxth	r1, r1
 643              	.LBE50:
 644              	.LBE49:
 645              	.LBB54:
 646              	.LBB45:
 647 000a 5800     		lsls	r0, r3, #1
 648              	.LVL47:
 112:tmk_core/common/chibios/eeprom_stm32.c **** 
 649              		.loc 1 112 59 view .LVU162
 650              	.LBE45:
 651              	.LBE54:
 652              	.LBB55:
 653              	.LBB51:
 654 000c 4900     		lsls	r1, r1, #1
 655              	.LBE51:
 656              	.LBE55:
 657              	.LBB56:
 658              	.LBB46:
 112:tmk_core/common/chibios/eeprom_stm32.c **** 
 659              		.loc 1 112 57 view .LVU163
 660 000e 0019     		adds	r0, r0, r4
 661              	.LBE46:
 662              	.LBE56:
 663              	.LBB57:
 664              	.LBB52:
 665 0010 0919     		adds	r1, r1, r4
 666              	.LBE52:
 667              	.LBE57:
 668              	.LBB58:
 669              	.LBB47:
 112:tmk_core/common/chibios/eeprom_stm32.c **** 
 670              		.loc 1 112 14 view .LVU164
 671 0012 0278     		ldrb	r2, [r0]
 672              	.LVL48:
 114:tmk_core/common/chibios/eeprom_stm32.c **** }
 673              		.loc 1 114 5 is_stmt 1 view .LVU165
 114:tmk_core/common/chibios/eeprom_stm32.c **** }
 674              		.loc 1 114 5 is_stmt 0 view .LVU166
 675              	.LBE47:
 676              	.LBE58:
 677              	.LBB59:
 678              	.LBI49:
 108:tmk_core/common/chibios/eeprom_stm32.c ****     uint8_t DataByte = 0xFF;
 679              		.loc 1 108 9 is_stmt 1 view .LVU167
 680              	.LBB53:
 109:tmk_core/common/chibios/eeprom_stm32.c **** 
 681              		.loc 1 109 5 view .LVU168
 112:tmk_core/common/chibios/eeprom_stm32.c **** 
 682              		.loc 1 112 5 view .LVU169
 112:tmk_core/common/chibios/eeprom_stm32.c **** 
 683              		.loc 1 112 14 is_stmt 0 view .LVU170
 684 0014 0878     		ldrb	r0, [r1]
 685              	.LVL49:
 114:tmk_core/common/chibios/eeprom_stm32.c **** }
 686              		.loc 1 114 5 is_stmt 1 view .LVU171
 114:tmk_core/common/chibios/eeprom_stm32.c **** }
 687              		.loc 1 114 5 is_stmt 0 view .LVU172
 688              	.LBE53:
 689              	.LBE59:
 690              	.LBB60:
 691              	.LBI60:
 108:tmk_core/common/chibios/eeprom_stm32.c ****     uint8_t DataByte = 0xFF;
 692              		.loc 1 108 9 is_stmt 1 view .LVU173
 693              	.LBB61:
 109:tmk_core/common/chibios/eeprom_stm32.c **** 
 694              		.loc 1 109 5 view .LVU174
 112:tmk_core/common/chibios/eeprom_stm32.c **** 
 695              		.loc 1 112 5 view .LVU175
 696              	.LBE61:
 697              	.LBE60:
 698              		.loc 1 154 74 is_stmt 0 view .LVU176
 699 0016 991C     		adds	r1, r3, #2
 700              	.LBB65:
 701              	.LBB62:
 112:tmk_core/common/chibios/eeprom_stm32.c **** 
 702              		.loc 1 112 59 view .LVU177
 703 0018 89B2     		uxth	r1, r1
 704 001a 4900     		lsls	r1, r1, #1
 705              	.LBE62:
 706              	.LBE65:
 707              		.loc 1 154 111 view .LVU178
 708 001c 0333     		adds	r3, r3, #3
 709              	.LVL50:
 710              	.LBB66:
 711              	.LBB63:
 112:tmk_core/common/chibios/eeprom_stm32.c **** 
 712              		.loc 1 112 57 view .LVU179
 713 001e 0919     		adds	r1, r1, r4
 714              	.LBE63:
 715              	.LBE66:
 716              	.LBB67:
 717              	.LBB68:
 112:tmk_core/common/chibios/eeprom_stm32.c **** 
 718              		.loc 1 112 59 view .LVU180
 719 0020 9BB2     		uxth	r3, r3
 720              	.LVL51:
 112:tmk_core/common/chibios/eeprom_stm32.c **** 
 721              		.loc 1 112 59 view .LVU181
 722              	.LBE68:
 723              	.LBE67:
 724              	.LBB70:
 725              	.LBB64:
 112:tmk_core/common/chibios/eeprom_stm32.c **** 
 726              		.loc 1 112 14 view .LVU182
 727 0022 0978     		ldrb	r1, [r1]
 728              	.LVL52:
 114:tmk_core/common/chibios/eeprom_stm32.c **** }
 729              		.loc 1 114 5 is_stmt 1 view .LVU183
 114:tmk_core/common/chibios/eeprom_stm32.c **** }
 730              		.loc 1 114 5 is_stmt 0 view .LVU184
 731              	.LBE64:
 732              	.LBE70:
 733              	.LBB71:
 734              	.LBI67:
 108:tmk_core/common/chibios/eeprom_stm32.c ****     uint8_t DataByte = 0xFF;
 735              		.loc 1 108 9 is_stmt 1 view .LVU185
 736              	.LBB69:
 109:tmk_core/common/chibios/eeprom_stm32.c **** 
 737              		.loc 1 109 5 view .LVU186
 112:tmk_core/common/chibios/eeprom_stm32.c **** 
 738              		.loc 1 112 5 view .LVU187
 112:tmk_core/common/chibios/eeprom_stm32.c **** 
 739              		.loc 1 112 59 is_stmt 0 view .LVU188
 740 0024 5B00     		lsls	r3, r3, #1
 112:tmk_core/common/chibios/eeprom_stm32.c **** 
 741              		.loc 1 112 57 view .LVU189
 742 0026 1B19     		adds	r3, r3, r4
 112:tmk_core/common/chibios/eeprom_stm32.c **** 
 743              		.loc 1 112 14 view .LVU190
 744 0028 1B78     		ldrb	r3, [r3]
 745              	.LVL53:
 114:tmk_core/common/chibios/eeprom_stm32.c **** }
 746              		.loc 1 114 5 is_stmt 1 view .LVU191
 114:tmk_core/common/chibios/eeprom_stm32.c **** }
 747              		.loc 1 114 5 is_stmt 0 view .LVU192
 748              	.LBE69:
 749              	.LBE71:
 750              		.loc 1 154 101 view .LVU193
 751 002a 0904     		lsls	r1, r1, #16
 752              		.loc 1 154 65 view .LVU194
 753 002c 0002     		lsls	r0, r0, #8
 754              		.loc 1 154 71 view .LVU195
 755 002e 0843     		orrs	r0, r1
 756 0030 1043     		orrs	r0, r2
 757              		.loc 1 154 138 view .LVU196
 758 0032 1B06     		lsls	r3, r3, #24
 759              		.loc 1 154 108 view .LVU197
 760 0034 1843     		orrs	r0, r3
 155:tmk_core/common/chibios/eeprom_stm32.c **** }
 761              		.loc 1 155 1 view .LVU198
 762              		@ sp needed
 763 0036 10BD     		pop	{r4, pc}
 764              	.L36:
 765              		.align	2
 766              	.L35:
 767 0038 00E00108 		.word	134340608
 768              		.cfi_endproc
 769              	.LFE199:
 771              		.section	.text.eeprom_write_dword,"ax",%progbits
 772              		.align	1
 773              		.global	eeprom_write_dword
 774              		.syntax unified
 775              		.code	16
 776              		.thumb_func
 777              		.fpu softvfp
 779              	eeprom_write_dword:
 780              	.LVL54:
 781              	.LFB200:
 156:tmk_core/common/chibios/eeprom_stm32.c **** 
 157:tmk_core/common/chibios/eeprom_stm32.c **** void eeprom_write_dword(uint32_t *Address, uint32_t Value) {
 782              		.loc 1 157 60 is_stmt 1 view -0
 783              		.cfi_startproc
 784              		@ args = 0, pretend = 0, frame = 0
 785              		@ frame_needed = 0, uses_anonymous_args = 0
 158:tmk_core/common/chibios/eeprom_stm32.c ****     uint16_t p = (const uint32_t)Address;
 786              		.loc 1 158 5 view .LVU200
 157:tmk_core/common/chibios/eeprom_stm32.c ****     uint16_t p = (const uint32_t)Address;
 787              		.loc 1 157 60 is_stmt 0 view .LVU201
 788 0000 70B5     		push	{r4, r5, r6, lr}
 789              		.cfi_def_cfa_offset 16
 790              		.cfi_offset 4, -16
 791              		.cfi_offset 5, -12
 792              		.cfi_offset 6, -8
 793              		.cfi_offset 14, -4
 157:tmk_core/common/chibios/eeprom_stm32.c ****     uint16_t p = (const uint32_t)Address;
 794              		.loc 1 157 60 view .LVU202
 795 0002 0D00     		movs	r5, r1
 796              		.loc 1 158 14 view .LVU203
 797 0004 84B2     		uxth	r4, r0
 798              	.LVL55:
 159:tmk_core/common/chibios/eeprom_stm32.c ****     EEPROM_WriteDataByte(p, (uint8_t)Value);
 799              		.loc 1 159 5 is_stmt 1 view .LVU204
 800 0006 C9B2     		uxtb	r1, r1
 801              	.LVL56:
 802              		.loc 1 159 5 is_stmt 0 view .LVU205
 803 0008 2000     		movs	r0, r4
 804              	.LVL57:
 805              		.loc 1 159 5 view .LVU206
 806 000a FFF7FEFF 		bl	EEPROM_WriteDataByte
 807              	.LVL58:
 160:tmk_core/common/chibios/eeprom_stm32.c ****     EEPROM_WriteDataByte(p + 1, (uint8_t)(Value >> 8));
 808              		.loc 1 160 5 is_stmt 1 view .LVU207
 809              		.loc 1 160 49 is_stmt 0 view .LVU208
 810 000e 290A     		lsrs	r1, r5, #8
 811              		.loc 1 160 5 view .LVU209
 812 0010 601C     		adds	r0, r4, #1
 813 0012 C9B2     		uxtb	r1, r1
 814 0014 80B2     		uxth	r0, r0
 815 0016 FFF7FEFF 		bl	EEPROM_WriteDataByte
 816              	.LVL59:
 161:tmk_core/common/chibios/eeprom_stm32.c ****     EEPROM_WriteDataByte(p + 2, (uint8_t)(Value >> 16));
 817              		.loc 1 161 5 is_stmt 1 view .LVU210
 818              		.loc 1 161 49 is_stmt 0 view .LVU211
 819 001a 290C     		lsrs	r1, r5, #16
 820              		.loc 1 161 5 view .LVU212
 821 001c A01C     		adds	r0, r4, #2
 822 001e C9B2     		uxtb	r1, r1
 162:tmk_core/common/chibios/eeprom_stm32.c ****     EEPROM_WriteDataByte(p + 3, (uint8_t)(Value >> 24));
 823              		.loc 1 162 5 view .LVU213
 824 0020 0334     		adds	r4, r4, #3
 825              	.LVL60:
 161:tmk_core/common/chibios/eeprom_stm32.c ****     EEPROM_WriteDataByte(p + 2, (uint8_t)(Value >> 16));
 826              		.loc 1 161 5 view .LVU214
 827 0022 80B2     		uxth	r0, r0
 828 0024 FFF7FEFF 		bl	EEPROM_WriteDataByte
 829              	.LVL61:
 830              		.loc 1 162 5 is_stmt 1 view .LVU215
 831 0028 290E     		lsrs	r1, r5, #24
 832 002a A0B2     		uxth	r0, r4
 833 002c FFF7FEFF 		bl	EEPROM_WriteDataByte
 834              	.LVL62:
 163:tmk_core/common/chibios/eeprom_stm32.c **** }
 835              		.loc 1 163 1 is_stmt 0 view .LVU216
 836              		@ sp needed
 837              	.LVL63:
 838              	.LVL64:
 839              		.loc 1 163 1 view .LVU217
 840 0030 70BD     		pop	{r4, r5, r6, pc}
 841              		.cfi_endproc
 842              	.LFE200:
 844              		.section	.text.eeprom_update_dword,"ax",%progbits
 845              		.align	1
 846              		.global	eeprom_update_dword
 847              		.syntax unified
 848              		.code	16
 849              		.thumb_func
 850              		.fpu softvfp
 852              	eeprom_update_dword:
 853              	.LVL65:
 854              	.LFB201:
 164:tmk_core/common/chibios/eeprom_stm32.c **** 
 165:tmk_core/common/chibios/eeprom_stm32.c **** void eeprom_update_dword(uint32_t *Address, uint32_t Value) {
 855              		.loc 1 165 61 is_stmt 1 view -0
 856              		.cfi_startproc
 857              		@ args = 0, pretend = 0, frame = 8
 858              		@ frame_needed = 0, uses_anonymous_args = 0
 166:tmk_core/common/chibios/eeprom_stm32.c ****     uint16_t p             = (const uint32_t)Address;
 859              		.loc 1 166 5 view .LVU219
 165:tmk_core/common/chibios/eeprom_stm32.c ****     uint16_t p             = (const uint32_t)Address;
 860              		.loc 1 165 61 is_stmt 0 view .LVU220
 861 0000 F7B5     		push	{r0, r1, r2, r4, r5, r6, r7, lr}
 862              		.cfi_def_cfa_offset 32
 863              		.cfi_offset 0, -32
 864              		.cfi_offset 1, -28
 865              		.cfi_offset 2, -24
 866              		.cfi_offset 4, -20
 867              		.cfi_offset 5, -16
 868              		.cfi_offset 6, -12
 869              		.cfi_offset 7, -8
 870              		.cfi_offset 14, -4
 871              	.LBB72:
 872              	.LBB73:
 112:tmk_core/common/chibios/eeprom_stm32.c **** 
 873              		.loc 1 112 57 view .LVU221
 874 0002 1A4D     		ldr	r5, .L40
 875              	.LBE73:
 876              	.LBE72:
 877              		.loc 1 166 14 view .LVU222
 878 0004 80B2     		uxth	r0, r0
 879              	.LVL66:
 167:tmk_core/common/chibios/eeprom_stm32.c ****     uint32_t existingValue = EEPROM_ReadDataByte(p) | (EEPROM_ReadDataByte(p + 1) << 8) | (EEPROM_R
 880              		.loc 1 167 5 is_stmt 1 view .LVU223
 881              	.LBB76:
 882              	.LBI72:
 108:tmk_core/common/chibios/eeprom_stm32.c ****     uint8_t DataByte = 0xFF;
 883              		.loc 1 108 9 view .LVU224
 884              	.LBB74:
 109:tmk_core/common/chibios/eeprom_stm32.c **** 
 885              		.loc 1 109 5 view .LVU225
 112:tmk_core/common/chibios/eeprom_stm32.c **** 
 886              		.loc 1 112 5 view .LVU226
 114:tmk_core/common/chibios/eeprom_stm32.c **** }
 887              		.loc 1 114 5 view .LVU227
 112:tmk_core/common/chibios/eeprom_stm32.c **** 
 888              		.loc 1 112 59 is_stmt 0 view .LVU228
 889 0006 4300     		lsls	r3, r0, #1
 112:tmk_core/common/chibios/eeprom_stm32.c **** 
 890              		.loc 1 112 57 view .LVU229
 891 0008 5B19     		adds	r3, r3, r5
 112:tmk_core/common/chibios/eeprom_stm32.c **** 
 892              		.loc 1 112 14 view .LVU230
 893 000a 1B78     		ldrb	r3, [r3]
 894              	.LBE74:
 895              	.LBE76:
 896              		.loc 1 167 56 view .LVU231
 897 000c 471C     		adds	r7, r0, #1
 898              		.loc 1 167 92 view .LVU232
 899 000e 861C     		adds	r6, r0, #2
 900              		.loc 1 167 56 view .LVU233
 901 0010 BFB2     		uxth	r7, r7
 902              	.LVL67:
 903              	.LBB77:
 904              	.LBI77:
 108:tmk_core/common/chibios/eeprom_stm32.c ****     uint8_t DataByte = 0xFF;
 905              		.loc 1 108 9 is_stmt 1 view .LVU234
 906              	.LBB78:
 109:tmk_core/common/chibios/eeprom_stm32.c **** 
 907              		.loc 1 109 5 view .LVU235
 112:tmk_core/common/chibios/eeprom_stm32.c **** 
 908              		.loc 1 112 5 view .LVU236
 909              	.LBE78:
 910              	.LBE77:
 911              		.loc 1 167 92 is_stmt 0 view .LVU237
 912 0012 B6B2     		uxth	r6, r6
 913              	.LBB81:
 914              	.LBB75:
 112:tmk_core/common/chibios/eeprom_stm32.c **** 
 915              		.loc 1 112 14 view .LVU238
 916 0014 0193     		str	r3, [sp, #4]
 917              	.LBE75:
 918              	.LBE81:
 919              	.LBB82:
 920              	.LBB83:
 112:tmk_core/common/chibios/eeprom_stm32.c **** 
 921              		.loc 1 112 59 view .LVU239
 922 0016 7200     		lsls	r2, r6, #1
 923              	.LBE83:
 924              	.LBE82:
 925              	.LBB87:
 926              	.LBB79:
 927 0018 7B00     		lsls	r3, r7, #1
 112:tmk_core/common/chibios/eeprom_stm32.c **** 
 928              		.loc 1 112 57 view .LVU240
 929 001a 5B19     		adds	r3, r3, r5
 930              	.LBE79:
 931              	.LBE87:
 932              	.LBB88:
 933              	.LBB84:
 934 001c 5219     		adds	r2, r2, r5
 935              	.LBE84:
 936              	.LBE88:
 937              	.LBB89:
 938              	.LBB80:
 112:tmk_core/common/chibios/eeprom_stm32.c **** 
 939              		.loc 1 112 14 view .LVU241
 940 001e 1B78     		ldrb	r3, [r3]
 941              	.LVL68:
 114:tmk_core/common/chibios/eeprom_stm32.c **** }
 942              		.loc 1 114 5 is_stmt 1 view .LVU242
 114:tmk_core/common/chibios/eeprom_stm32.c **** }
 943              		.loc 1 114 5 is_stmt 0 view .LVU243
 944              	.LBE80:
 945              	.LBE89:
 946              	.LBB90:
 947              	.LBI82:
 108:tmk_core/common/chibios/eeprom_stm32.c ****     uint8_t DataByte = 0xFF;
 948              		.loc 1 108 9 is_stmt 1 view .LVU244
 949              	.LBB85:
 109:tmk_core/common/chibios/eeprom_stm32.c **** 
 950              		.loc 1 109 5 view .LVU245
 112:tmk_core/common/chibios/eeprom_stm32.c **** 
 951              		.loc 1 112 5 view .LVU246
 112:tmk_core/common/chibios/eeprom_stm32.c **** 
 952              		.loc 1 112 14 is_stmt 0 view .LVU247
 953 0020 1278     		ldrb	r2, [r2]
 954              	.LBE85:
 955              	.LBE90:
 165:tmk_core/common/chibios/eeprom_stm32.c ****     uint16_t p             = (const uint32_t)Address;
 956              		.loc 1 165 61 view .LVU248
 957 0022 0C00     		movs	r4, r1
 958              	.LBB91:
 959              	.LBB86:
 112:tmk_core/common/chibios/eeprom_stm32.c **** 
 960              		.loc 1 112 14 view .LVU249
 961 0024 9446     		mov	ip, r2
 962              	.LVL69:
 114:tmk_core/common/chibios/eeprom_stm32.c **** }
 963              		.loc 1 114 5 is_stmt 1 view .LVU250
 112:tmk_core/common/chibios/eeprom_stm32.c **** 
 964              		.loc 1 112 57 is_stmt 0 view .LVU251
 965 0026 2900     		movs	r1, r5
 966              	.LVL70:
 112:tmk_core/common/chibios/eeprom_stm32.c **** 
 967              		.loc 1 112 57 view .LVU252
 968              	.LBE86:
 969              	.LBE91:
 970              		.loc 1 167 129 view .LVU253
 971 0028 C51C     		adds	r5, r0, #3
 972 002a ADB2     		uxth	r5, r5
 973              	.LVL71:
 974              	.LBB92:
 975              	.LBI92:
 108:tmk_core/common/chibios/eeprom_stm32.c ****     uint8_t DataByte = 0xFF;
 976              		.loc 1 108 9 is_stmt 1 view .LVU254
 977              	.LBB93:
 109:tmk_core/common/chibios/eeprom_stm32.c **** 
 978              		.loc 1 109 5 view .LVU255
 112:tmk_core/common/chibios/eeprom_stm32.c **** 
 979              		.loc 1 112 5 view .LVU256
 112:tmk_core/common/chibios/eeprom_stm32.c **** 
 980              		.loc 1 112 59 is_stmt 0 view .LVU257
 981 002c 6A00     		lsls	r2, r5, #1
 112:tmk_core/common/chibios/eeprom_stm32.c **** 
 982              		.loc 1 112 57 view .LVU258
 983 002e 5218     		adds	r2, r2, r1
 984              	.LBE93:
 985              	.LBE92:
 986              		.loc 1 167 119 view .LVU259
 987 0030 6146     		mov	r1, ip
 988              		.loc 1 167 83 view .LVU260
 989 0032 1B02     		lsls	r3, r3, #8
 990              		.loc 1 167 119 view .LVU261
 991 0034 0904     		lsls	r1, r1, #16
 992              		.loc 1 167 89 view .LVU262
 993 0036 0B43     		orrs	r3, r1
 994              	.LBB95:
 995              	.LBB94:
 112:tmk_core/common/chibios/eeprom_stm32.c **** 
 996              		.loc 1 112 14 view .LVU263
 997 0038 1278     		ldrb	r2, [r2]
 998              	.LVL72:
 114:tmk_core/common/chibios/eeprom_stm32.c **** }
 999              		.loc 1 114 5 is_stmt 1 view .LVU264
 114:tmk_core/common/chibios/eeprom_stm32.c **** }
 1000              		.loc 1 114 5 is_stmt 0 view .LVU265
 1001              	.LBE94:
 1002              	.LBE95:
 168:tmk_core/common/chibios/eeprom_stm32.c ****     if (Value != existingValue) {
 1003              		.loc 1 168 5 is_stmt 1 view .LVU266
 167:tmk_core/common/chibios/eeprom_stm32.c ****     if (Value != existingValue) {
 1004              		.loc 1 167 89 is_stmt 0 view .LVU267
 1005 003a 0199     		ldr	r1, [sp, #4]
 167:tmk_core/common/chibios/eeprom_stm32.c ****     if (Value != existingValue) {
 1006              		.loc 1 167 156 view .LVU268
 1007 003c 1206     		lsls	r2, r2, #24
 167:tmk_core/common/chibios/eeprom_stm32.c ****     if (Value != existingValue) {
 1008              		.loc 1 167 89 view .LVU269
 1009 003e 0B43     		orrs	r3, r1
 167:tmk_core/common/chibios/eeprom_stm32.c ****     if (Value != existingValue) {
 1010              		.loc 1 167 126 view .LVU270
 1011 0040 1343     		orrs	r3, r2
 1012              		.loc 1 168 8 view .LVU271
 1013 0042 A342     		cmp	r3, r4
 1014 0044 10D0     		beq	.L38
 169:tmk_core/common/chibios/eeprom_stm32.c ****         EEPROM_WriteDataByte(p, (uint8_t)Value);
 1015              		.loc 1 169 9 is_stmt 1 view .LVU272
 1016 0046 E1B2     		uxtb	r1, r4
 1017 0048 FFF7FEFF 		bl	EEPROM_WriteDataByte
 1018              	.LVL73:
 170:tmk_core/common/chibios/eeprom_stm32.c ****         EEPROM_WriteDataByte(p + 1, (uint8_t)(Value >> 8));
 1019              		.loc 1 170 9 view .LVU273
 1020              		.loc 1 170 53 is_stmt 0 view .LVU274
 1021 004c 210A     		lsrs	r1, r4, #8
 1022              		.loc 1 170 9 view .LVU275
 1023 004e C9B2     		uxtb	r1, r1
 1024 0050 3800     		movs	r0, r7
 1025 0052 FFF7FEFF 		bl	EEPROM_WriteDataByte
 1026              	.LVL74:
 171:tmk_core/common/chibios/eeprom_stm32.c ****         EEPROM_WriteDataByte(p + 2, (uint8_t)(Value >> 16));
 1027              		.loc 1 171 9 is_stmt 1 view .LVU276
 1028              		.loc 1 171 53 is_stmt 0 view .LVU277
 1029 0056 210C     		lsrs	r1, r4, #16
 1030              		.loc 1 171 9 view .LVU278
 1031 0058 C9B2     		uxtb	r1, r1
 1032 005a 3000     		movs	r0, r6
 1033 005c FFF7FEFF 		bl	EEPROM_WriteDataByte
 1034              	.LVL75:
 172:tmk_core/common/chibios/eeprom_stm32.c ****         EEPROM_WriteDataByte(p + 3, (uint8_t)(Value >> 24));
 1035              		.loc 1 172 9 is_stmt 1 view .LVU279
 1036 0060 210E     		lsrs	r1, r4, #24
 1037 0062 2800     		movs	r0, r5
 1038 0064 FFF7FEFF 		bl	EEPROM_WriteDataByte
 1039              	.LVL76:
 1040              	.L38:
 173:tmk_core/common/chibios/eeprom_stm32.c ****     }
 174:tmk_core/common/chibios/eeprom_stm32.c **** }
 1041              		.loc 1 174 1 is_stmt 0 view .LVU280
 1042              		@ sp needed
 1043              	.LVL77:
 1044              		.loc 1 174 1 view .LVU281
 1045 0068 F7BD     		pop	{r0, r1, r2, r4, r5, r6, r7, pc}
 1046              	.L41:
 1047 006a C046     		.align	2
 1048              	.L40:
 1049 006c 00E00108 		.word	134340608
 1050              		.cfi_endproc
 1051              	.LFE201:
 1053              		.section	.text.eeprom_read_block,"ax",%progbits
 1054              		.align	1
 1055              		.global	eeprom_read_block
 1056              		.syntax unified
 1057              		.code	16
 1058              		.thumb_func
 1059              		.fpu softvfp
 1061              	eeprom_read_block:
 1062              	.LVL78:
 1063              	.LFB202:
 175:tmk_core/common/chibios/eeprom_stm32.c **** 
 176:tmk_core/common/chibios/eeprom_stm32.c **** void eeprom_read_block(void *buf, const void *addr, size_t len) {
 1064              		.loc 1 176 65 is_stmt 1 view -0
 1065              		.cfi_startproc
 1066              		@ args = 0, pretend = 0, frame = 0
 1067              		@ frame_needed = 0, uses_anonymous_args = 0
 177:tmk_core/common/chibios/eeprom_stm32.c ****     const uint8_t *p    = (const uint8_t *)addr;
 1068              		.loc 1 177 5 view .LVU283
 178:tmk_core/common/chibios/eeprom_stm32.c ****     uint8_t *      dest = (uint8_t *)buf;
 1069              		.loc 1 178 5 view .LVU284
 179:tmk_core/common/chibios/eeprom_stm32.c ****     while (len--) {
 1070              		.loc 1 179 5 view .LVU285
 176:tmk_core/common/chibios/eeprom_stm32.c ****     const uint8_t *p    = (const uint8_t *)addr;
 1071              		.loc 1 176 65 is_stmt 0 view .LVU286
 1072 0000 70B5     		push	{r4, r5, r6, lr}
 1073              		.cfi_def_cfa_offset 16
 1074              		.cfi_offset 4, -16
 1075              		.cfi_offset 5, -12
 1076              		.cfi_offset 6, -8
 1077              		.cfi_offset 14, -4
 1078 0002 0400     		movs	r4, r0
 1079 0004 8D18     		adds	r5, r1, r2
 1080              	.LVL79:
 1081              	.L43:
 1082              		.loc 1 179 11 view .LVU287
 1083 0006 A942     		cmp	r1, r5
 1084 0008 00D1     		bne	.L44
 180:tmk_core/common/chibios/eeprom_stm32.c ****         *dest++ = eeprom_read_byte(p++);
 181:tmk_core/common/chibios/eeprom_stm32.c ****     }
 182:tmk_core/common/chibios/eeprom_stm32.c **** }
 1085              		.loc 1 182 1 view .LVU288
 1086              		@ sp needed
 1087 000a 70BD     		pop	{r4, r5, r6, pc}
 1088              	.L44:
 180:tmk_core/common/chibios/eeprom_stm32.c ****         *dest++ = eeprom_read_byte(p++);
 1089              		.loc 1 180 9 is_stmt 1 view .LVU289
 180:tmk_core/common/chibios/eeprom_stm32.c ****         *dest++ = eeprom_read_byte(p++);
 1090              		.loc 1 180 19 is_stmt 0 view .LVU290
 1091 000c 0800     		movs	r0, r1
 1092 000e 4E1C     		adds	r6, r1, #1
 1093              	.LVL80:
 180:tmk_core/common/chibios/eeprom_stm32.c ****         *dest++ = eeprom_read_byte(p++);
 1094              		.loc 1 180 19 view .LVU291
 1095 0010 FFF7FEFF 		bl	eeprom_read_byte
 1096              	.LVL81:
 180:tmk_core/common/chibios/eeprom_stm32.c ****         *dest++ = eeprom_read_byte(p++);
 1097              		.loc 1 180 19 view .LVU292
 1098 0014 3100     		movs	r1, r6
 180:tmk_core/common/chibios/eeprom_stm32.c ****         *dest++ = eeprom_read_byte(p++);
 1099              		.loc 1 180 17 view .LVU293
 1100 0016 2070     		strb	r0, [r4]
 1101 0018 0134     		adds	r4, r4, #1
 1102 001a F4E7     		b	.L43
 1103              		.cfi_endproc
 1104              	.LFE202:
 1106              		.section	.text.eeprom_write_block,"ax",%progbits
 1107              		.align	1
 1108              		.global	eeprom_write_block
 1109              		.syntax unified
 1110              		.code	16
 1111              		.thumb_func
 1112              		.fpu softvfp
 1114              	eeprom_write_block:
 1115              	.LVL82:
 1116              	.LFB203:
 183:tmk_core/common/chibios/eeprom_stm32.c **** 
 184:tmk_core/common/chibios/eeprom_stm32.c **** void eeprom_write_block(const void *buf, void *addr, size_t len) {
 1117              		.loc 1 184 66 is_stmt 1 view -0
 1118              		.cfi_startproc
 1119              		@ args = 0, pretend = 0, frame = 0
 1120              		@ frame_needed = 0, uses_anonymous_args = 0
 185:tmk_core/common/chibios/eeprom_stm32.c ****     uint8_t *      p   = (uint8_t *)addr;
 1121              		.loc 1 185 5 view .LVU295
 186:tmk_core/common/chibios/eeprom_stm32.c ****     const uint8_t *src = (const uint8_t *)buf;
 1122              		.loc 1 186 5 view .LVU296
 187:tmk_core/common/chibios/eeprom_stm32.c ****     while (len--) {
 1123              		.loc 1 187 5 view .LVU297
 184:tmk_core/common/chibios/eeprom_stm32.c ****     uint8_t *      p   = (uint8_t *)addr;
 1124              		.loc 1 184 66 is_stmt 0 view .LVU298
 1125 0000 70B5     		push	{r4, r5, r6, lr}
 1126              		.cfi_def_cfa_offset 16
 1127              		.cfi_offset 4, -16
 1128              		.cfi_offset 5, -12
 1129              		.cfi_offset 6, -8
 1130              		.cfi_offset 14, -4
 1131 0002 0C00     		movs	r4, r1
 1132 0004 0500     		movs	r5, r0
 1133 0006 8E18     		adds	r6, r1, r2
 1134              	.LVL83:
 1135              	.L46:
 1136              		.loc 1 187 11 view .LVU299
 1137 0008 B442     		cmp	r4, r6
 1138 000a 00D1     		bne	.L47
 188:tmk_core/common/chibios/eeprom_stm32.c ****         eeprom_write_byte(p++, *src++);
 189:tmk_core/common/chibios/eeprom_stm32.c ****     }
 190:tmk_core/common/chibios/eeprom_stm32.c **** }
 1139              		.loc 1 190 1 view .LVU300
 1140              		@ sp needed
 1141              	.LVL84:
 1142              		.loc 1 190 1 view .LVU301
 1143 000c 70BD     		pop	{r4, r5, r6, pc}
 1144              	.LVL85:
 1145              	.L47:
 188:tmk_core/common/chibios/eeprom_stm32.c ****         eeprom_write_byte(p++, *src++);
 1146              		.loc 1 188 9 is_stmt 1 view .LVU302
 1147              	.LBB96:
 1148              	.LBI96:
 125:tmk_core/common/chibios/eeprom_stm32.c ****     uint16_t p = (uint32_t)Address;
 1149              		.loc 1 125 6 view .LVU303
 1150              	.LBB97:
 126:tmk_core/common/chibios/eeprom_stm32.c ****     EEPROM_WriteDataByte(p, Value);
 1151              		.loc 1 126 5 view .LVU304
 127:tmk_core/common/chibios/eeprom_stm32.c **** }
 1152              		.loc 1 127 5 view .LVU305
 1153 000e 2978     		ldrb	r1, [r5]
 1154 0010 A0B2     		uxth	r0, r4
 1155 0012 FFF7FEFF 		bl	EEPROM_WriteDataByte
 1156              	.LVL86:
 127:tmk_core/common/chibios/eeprom_stm32.c **** }
 1157              		.loc 1 127 5 is_stmt 0 view .LVU306
 1158 0016 0134     		adds	r4, r4, #1
 1159              	.LVL87:
 127:tmk_core/common/chibios/eeprom_stm32.c **** }
 1160              		.loc 1 127 5 view .LVU307
 1161 0018 0135     		adds	r5, r5, #1
 1162 001a F5E7     		b	.L46
 1163              	.LBE97:
 1164              	.LBE96:
 1165              		.cfi_endproc
 1166              	.LFE203:
 1168              		.section	.text.eeprom_update_block,"ax",%progbits
 1169              		.align	1
 1170              		.global	eeprom_update_block
 1171              		.syntax unified
 1172              		.code	16
 1173              		.thumb_func
 1174              		.fpu softvfp
 1176              	eeprom_update_block:
 1177              	.LFB211:
 1178              		.cfi_startproc
 1179              		@ args = 0, pretend = 0, frame = 0
 1180              		@ frame_needed = 0, uses_anonymous_args = 0
 1181 0000 10B5     		push	{r4, lr}
 1182              		.cfi_def_cfa_offset 8
 1183              		.cfi_offset 4, -8
 1184              		.cfi_offset 14, -4
 1185 0002 FFF7FEFF 		bl	eeprom_write_block
 1186              		@ sp needed
 1187 0006 10BD     		pop	{r4, pc}
 1188              		.cfi_endproc
 1189              	.LFE211:
 1191              		.global	DataBuf
 1192              		.section	.bss.DataBuf,"aw",%nobits
 1195              	DataBuf:
 1196 0000 00000000 		.space	2048
 1196      00000000 
 1196      00000000 
 1196      00000000 
 1196      00000000 
 1197              		.text
 1198              	.Letext0:
 1199              		.file 2 "c:\\msys64\\home\\kyleo\\qmk_utils\\gcc-arm-none-eabi\\arm-none-eabi\\include\\machine\\_
 1200              		.file 3 "c:\\msys64\\home\\kyleo\\qmk_utils\\gcc-arm-none-eabi\\lib\\gcc\\arm-none-eabi\\8.3.1\\in
 1201              		.file 4 "c:\\msys64\\home\\kyleo\\qmk_utils\\gcc-arm-none-eabi\\arm-none-eabi\\include\\sys\\_type
 1202              		.file 5 "c:\\msys64\\home\\kyleo\\qmk_utils\\gcc-arm-none-eabi\\arm-none-eabi\\include\\sys\\reent
 1203              		.file 6 "c:\\msys64\\home\\kyleo\\qmk_utils\\gcc-arm-none-eabi\\arm-none-eabi\\include\\sys\\lock.
 1204              		.file 7 "c:\\msys64\\home\\kyleo\\qmk_utils\\gcc-arm-none-eabi\\arm-none-eabi\\include\\sys\\_stdi
 1205              		.file 8 "c:\\msys64\\home\\kyleo\\qmk_utils\\gcc-arm-none-eabi\\arm-none-eabi\\include\\stdint.h"
 1206              		.file 9 "./lib/chibios/os/common/ports/ARMCMx/compilers/GCC/chtypes.h"
 1207              		.file 10 "./lib/chibios/os/rt/include/chsystypes.h"
 1208              		.file 11 "./lib/chibios/os/rt/include/chschd.h"
 1209              		.file 12 "./lib/chibios/os/rt/include/chtime.h"
 1210              		.file 13 "./lib/chibios/os/common/ext/ST/STM32F0xx/system_stm32f0xx.h"
 1211              		.file 14 "./lib/chibios/os/common/ext/ST/STM32F0xx/stm32f072xb.h"
 1212              		.file 15 "./lib/chibios/os/common/ports/ARMCMx/chcore.h"
 1213              		.file 16 "./lib/chibios/os/common/ports/ARMCMx/chcore_v6m.h"
 1214              		.file 17 "./lib/chibios/os/hal/ports/STM32/LLD/TIMv1/stm32_tim.h"
 1215              		.file 18 "./lib/chibios/os/rt/include/chsem.h"
 1216              		.file 19 "./lib/chibios/os/rt/include/chmtx.h"
 1217              		.file 20 "./lib/chibios/os/rt/include/chsys.h"
 1218              		.file 21 "./lib/chibios/os/rt/include/chregistry.h"
 1219              		.file 22 "./lib/chibios/os/oslib/include/chmemcore.h"
 1220              		.file 23 "./lib/chibios/os/hal/ports/STM32/LLD/DMAv1/stm32_dma.h"
 1221              		.file 24 "./lib/chibios/os/hal/ports/STM32/LLD/GPIOv2/stm32_gpio.h"
 1222              		.file 25 "./lib/chibios/os/hal/ports/STM32/LLD/GPIOv2/hal_pal_lld.h"
 1223              		.file 26 "./lib/chibios/os/hal/include/hal_i2c.h"
 1224              		.file 27 "./lib/chibios/os/hal/ports/STM32/LLD/I2Cv2/hal_i2c_lld.h"
 1225              		.file 28 "./lib/chibios/os/hal/include/hal_pwm.h"
 1226              		.file 29 "./lib/chibios/os/hal/ports/STM32/LLD/TIMv1/hal_pwm_lld.h"
 1227              		.file 30 "./lib/chibios/os/hal/include/hal_spi.h"
 1228              		.file 31 "./lib/chibios/os/hal/ports/STM32/LLD/SPIv2/hal_spi_lld.h"
 1229              		.file 32 "./lib/chibios/os/hal/include/hal_usb.h"
 1230              		.file 33 "./lib/chibios/os/hal/ports/STM32/LLD/USBv1/hal_usb_lld.h"
 1231              		.file 34 "tmk_core/common/chibios/flash_stm32.h"
 1232              		.file 35 "<built-in>"
DEFINED SYMBOLS
                            *ABS*:00000000 eeprom_stm32.c
C:\Users\kyleo\AppData\Local\Temp\cc5lgYc8.s:16     .text.EEPROM_Init:00000000 $t
C:\Users\kyleo\AppData\Local\Temp\cc5lgYc8.s:24     .text.EEPROM_Init:00000000 EEPROM_Init
C:\Users\kyleo\AppData\Local\Temp\cc5lgYc8.s:48     .text.EEPROM_Init:0000000c $d
C:\Users\kyleo\AppData\Local\Temp\cc5lgYc8.s:53     .text.EEPROM_Erase:00000000 $t
C:\Users\kyleo\AppData\Local\Temp\cc5lgYc8.s:60     .text.EEPROM_Erase:00000000 EEPROM_Erase
C:\Users\kyleo\AppData\Local\Temp\cc5lgYc8.s:104    .text.EEPROM_Erase:0000001c $d
C:\Users\kyleo\AppData\Local\Temp\cc5lgYc8.s:112    .text.EEPROM_WriteDataByte:00000000 $t
C:\Users\kyleo\AppData\Local\Temp\cc5lgYc8.s:119    .text.EEPROM_WriteDataByte:00000000 EEPROM_WriteDataByte
C:\Users\kyleo\AppData\Local\Temp\cc5lgYc8.s:275    .text.EEPROM_WriteDataByte:00000074 $d
C:\Users\kyleo\AppData\Local\Temp\cc5lgYc8.s:1195   .bss.DataBuf:00000000 DataBuf
C:\Users\kyleo\AppData\Local\Temp\cc5lgYc8.s:287    .text.EEPROM_ReadDataByte:00000000 $t
C:\Users\kyleo\AppData\Local\Temp\cc5lgYc8.s:294    .text.EEPROM_ReadDataByte:00000000 EEPROM_ReadDataByte
C:\Users\kyleo\AppData\Local\Temp\cc5lgYc8.s:324    .text.EEPROM_ReadDataByte:0000000c $d
C:\Users\kyleo\AppData\Local\Temp\cc5lgYc8.s:329    .text.eeprom_read_byte:00000000 $t
C:\Users\kyleo\AppData\Local\Temp\cc5lgYc8.s:336    .text.eeprom_read_byte:00000000 eeprom_read_byte
C:\Users\kyleo\AppData\Local\Temp\cc5lgYc8.s:382    .text.eeprom_read_byte:00000010 $d
C:\Users\kyleo\AppData\Local\Temp\cc5lgYc8.s:387    .text.eeprom_write_byte:00000000 $t
C:\Users\kyleo\AppData\Local\Temp\cc5lgYc8.s:394    .text.eeprom_write_byte:00000000 eeprom_write_byte
C:\Users\kyleo\AppData\Local\Temp\cc5lgYc8.s:421    .text.eeprom_update_byte:00000000 $t
C:\Users\kyleo\AppData\Local\Temp\cc5lgYc8.s:428    .text.eeprom_update_byte:00000000 eeprom_update_byte
C:\Users\kyleo\AppData\Local\Temp\cc5lgYc8.s:445    .text.eeprom_read_word:00000000 $t
C:\Users\kyleo\AppData\Local\Temp\cc5lgYc8.s:452    .text.eeprom_read_word:00000000 eeprom_read_word
C:\Users\kyleo\AppData\Local\Temp\cc5lgYc8.s:518    .text.eeprom_read_word:0000001c $d
C:\Users\kyleo\AppData\Local\Temp\cc5lgYc8.s:523    .text.eeprom_write_word:00000000 $t
C:\Users\kyleo\AppData\Local\Temp\cc5lgYc8.s:530    .text.eeprom_write_word:00000000 eeprom_write_word
C:\Users\kyleo\AppData\Local\Temp\cc5lgYc8.s:576    .text.eeprom_update_word:00000000 $t
C:\Users\kyleo\AppData\Local\Temp\cc5lgYc8.s:583    .text.eeprom_update_word:00000000 eeprom_update_word
C:\Users\kyleo\AppData\Local\Temp\cc5lgYc8.s:599    .text.eeprom_read_dword:00000000 $t
C:\Users\kyleo\AppData\Local\Temp\cc5lgYc8.s:606    .text.eeprom_read_dword:00000000 eeprom_read_dword
C:\Users\kyleo\AppData\Local\Temp\cc5lgYc8.s:767    .text.eeprom_read_dword:00000038 $d
C:\Users\kyleo\AppData\Local\Temp\cc5lgYc8.s:772    .text.eeprom_write_dword:00000000 $t
C:\Users\kyleo\AppData\Local\Temp\cc5lgYc8.s:779    .text.eeprom_write_dword:00000000 eeprom_write_dword
C:\Users\kyleo\AppData\Local\Temp\cc5lgYc8.s:845    .text.eeprom_update_dword:00000000 $t
C:\Users\kyleo\AppData\Local\Temp\cc5lgYc8.s:852    .text.eeprom_update_dword:00000000 eeprom_update_dword
C:\Users\kyleo\AppData\Local\Temp\cc5lgYc8.s:1049   .text.eeprom_update_dword:0000006c $d
C:\Users\kyleo\AppData\Local\Temp\cc5lgYc8.s:1054   .text.eeprom_read_block:00000000 $t
C:\Users\kyleo\AppData\Local\Temp\cc5lgYc8.s:1061   .text.eeprom_read_block:00000000 eeprom_read_block
C:\Users\kyleo\AppData\Local\Temp\cc5lgYc8.s:1107   .text.eeprom_write_block:00000000 $t
C:\Users\kyleo\AppData\Local\Temp\cc5lgYc8.s:1114   .text.eeprom_write_block:00000000 eeprom_write_block
C:\Users\kyleo\AppData\Local\Temp\cc5lgYc8.s:1169   .text.eeprom_update_block:00000000 $t
C:\Users\kyleo\AppData\Local\Temp\cc5lgYc8.s:1176   .text.eeprom_update_block:00000000 eeprom_update_block
C:\Users\kyleo\AppData\Local\Temp\cc5lgYc8.s:1196   .bss.DataBuf:00000000 $d

UNDEFINED SYMBOLS
FLASH_Unlock
FLASH_ErasePage
FLASH_ProgramHalfWord
memcpy
